L 11/11/2025 - 14:38:05: Start of error session.
L 11/11/2025 - 14:38:05: Info (map "de_dust2") (file "addons/amxmodx/logs/error_20251111.log")
L 11/11/2025 - 14:38:05: [AMXX] Plugin ("map_manager_admin_menu.amxx") is setting itself as failed.
L 11/11/2025 - 14:38:05: [AMXX] Plugin says: Failed to open dictionary file 'mapmanager.txt', check its availability
L 11/11/2025 - 14:38:05: [AMXX] Run time error 1 (plugin "map_manager_admin_menu.amxx") - forced exit
L 11/11/2025 - 14:41:14: Start of error session.
L 11/11/2025 - 14:41:14: Info (map "de_dust2") (file "addons/amxmodx/logs/error_20251111.log")
L 11/11/2025 - 14:41:14: [AMXX] Plugin ("map_manager_admin_menu.amxx") is setting itself as failed.
L 11/11/2025 - 14:41:14: [AMXX] Plugin says: Failed to open dictionary file 'mapmanager.txt', check its availability
L 11/11/2025 - 14:41:14: [AMXX] Run time error 1 (plugin "map_manager_admin_menu.amxx") - forced exit
L 11/11/2025 - 14:45:37: Start of error session.
L 11/11/2025 - 14:45:37: Info (map "de_dust2") (file "addons/amxmodx/logs/error_20251111.log")
L 11/11/2025 - 14:45:37: [AMXX] Plugin ("map_manager_admin_menu.amxx") is setting itself as failed.
L 11/11/2025 - 14:45:37: [AMXX] Plugin says: Failed to open dictionary file 'mapmanager.txt', check its availability
L 11/11/2025 - 14:45:37: [AMXX] Run time error 1 (plugin "map_manager_admin_menu.amxx") - forced exit
L 11/11/2025 - 14:52:53: Start of error session.
L 11/11/2025 - 14:52:53: Info (map "de_dust2") (file "addons/amxmodx/logs/error_20251111.log")
L 11/11/2025 - 14:52:53: [AMXX] Plugin ("map_manager_admin_menu.amxx") is setting itself as failed.
L 11/11/2025 - 14:52:53: [AMXX] Plugin says: Failed to open dictionary file 'mapmanager.txt', check its availability
L 11/11/2025 - 14:52:53: [AMXX] Run time error 1 (plugin "map_manager_admin_menu.amxx") - forced exit
L 11/11/2025 - 14:55:11: Start of error session.
L 11/11/2025 - 14:55:11: Info (map "de_dust2") (file "addons/amxmodx/logs/error_20251111.log")
L 11/11/2025 - 14:55:11: [AMXX] Plugin ("map_manager_admin_menu.amxx") is setting itself as failed.
L 11/11/2025 - 14:55:11: [AMXX] Plugin says: Failed to open dictionary file 'mapmanager.txt', check its availability
L 11/11/2025 - 14:55:11: [AMXX] Run time error 1 (plugin "map_manager_admin_menu.amxx") - forced exit
L 11/11/2025 - 14:58:05: Start of error session.
L 11/11/2025 - 14:58:05: Info (map "de_dust2") (file "addons/amxmodx/logs/error_20251111.log")
L 11/11/2025 - 14:58:05: [AMXX] Plugin ("map_manager_admin_menu.amxx") is setting itself as failed.
L 11/11/2025 - 14:58:05: [AMXX] Plugin says: Failed to open dictionary file 'mapmanager.txt', check its availability
L 11/11/2025 - 14:58:05: [AMXX] Run time error 1 (plugin "map_manager_admin_menu.amxx") - forced exit
L 11/11/2025 - 14:59:05: Start of error session.
L 11/11/2025 - 14:59:05: Info (map "de_dust2") (file "addons/amxmodx/logs/error_20251111.log")
L 11/11/2025 - 14:59:05: [AMXX] Plugin ("map_manager_admin_menu.amxx") is setting itself as failed.
L 11/11/2025 - 14:59:05: [AMXX] Plugin says: Failed to open dictionary file 'mapmanager.txt', check its availability
L 11/11/2025 - 14:59:05: [AMXX] Run time error 1 (plugin "map_manager_admin_menu.amxx") - forced exit
