L 11/23/2025 - 19:06:27: Start of error session.
L 11/23/2025 - 19:06:27: Info (map "de_dust2") (file "addons/amxmodx/logs/error_20251123.log")
L 11/23/2025 - 19:06:27: [ENGINE] Invalid player 1 (not in-game)
L 11/23/2025 - 19:06:27: [AMXX] Run time error 10 (plugin "weapon_spawns.amxx") (native "trace_line") - debug not enabled!
L 11/23/2025 - 19:06:27: [AMXX] To enable debug mode, add "debug" after the plugin name in plugins.ini (without quotes).
L 11/23/2025 - 19:21:45: Start of error session.
L 11/23/2025 - 19:21:45: Info (map "de_dust2_2006") (file "addons/amxmodx/logs/error_20251123.log")
L 11/23/2025 - 19:21:45: [ENGINE] Invalid player 1 (not in-game)
L 11/23/2025 - 19:21:45: [AMXX] Run time error 10 (plugin "weapon_spawns.amxx") (native "trace_line") - debug not enabled!
L 11/23/2025 - 19:21:45: [AMXX] To enable debug mode, add "debug" after the plugin name in plugins.ini (without quotes).
L 11/23/2025 - 19:34:23: Start of error session.
L 11/23/2025 - 19:34:23: Info (map "de_dust2") (file "addons/amxmodx/logs/error_20251123.log")
L 11/23/2025 - 19:34:23: [ENGINE] Invalid player 1 (not in-game)
L 11/23/2025 - 19:34:23: [AMXX] Run time error 10 (plugin "weapon_spawns.amxx") (native "trace_line") - debug not enabled!
L 11/23/2025 - 19:34:23: [AMXX] To enable debug mode, add "debug" after the plugin name in plugins.ini (without quotes).
L 11/23/2025 - 19:54:13: Start of error session.
L 11/23/2025 - 19:54:13: Info (map "de_dust2") (file "addons/amxmodx/logs/error_20251123.log")
L 11/23/2025 - 19:54:13: [ENGINE] Invalid player 1 (not in-game)
L 11/23/2025 - 19:54:13: [AMXX] Run time error 10 (plugin "weapon_spawns.amxx") (native "trace_line") - debug not enabled!
L 11/23/2025 - 19:54:13: [AMXX] To enable debug mode, add "debug" after the plugin name in plugins.ini (without quotes).
L 11/23/2025 - 20:09:31: Start of error session.
L 11/23/2025 - 20:09:31: Info (map "de_dust2_2006") (file "addons/amxmodx/logs/error_20251123.log")
L 11/23/2025 - 20:09:31: [ENGINE] Invalid player 1 (not in-game)
L 11/23/2025 - 20:09:31: [AMXX] Run time error 10 (plugin "weapon_spawns.amxx") (native "trace_line") - debug not enabled!
L 11/23/2025 - 20:09:31: [AMXX] To enable debug mode, add "debug" after the plugin name in plugins.ini (without quotes).
L 11/23/2025 - 20:30:13: Start of error session.
L 11/23/2025 - 20:30:13: Info (map "de_dust2") (file "addons/amxmodx/logs/error_20251123.log")
L 11/23/2025 - 20:30:13: [ENGINE] Invalid player 1 (not in-game)
L 11/23/2025 - 20:30:13: [AMXX] Run time error 10 (plugin "weapon_spawns.amxx") (native "trace_line") - debug not enabled!
L 11/23/2025 - 20:30:13: [AMXX] To enable debug mode, add "debug" after the plugin name in plugins.ini (without quotes).
L 11/23/2025 - 20:56:03: Start of error session.
L 11/23/2025 - 20:56:03: Info (map "de_dust2") (file "addons/amxmodx/logs/error_20251123.log")
L 11/23/2025 - 20:56:03: [ENGINE] Invalid player 1 (not in-game)
L 11/23/2025 - 20:56:03: [AMXX] Run time error 10 (plugin "weapon_spawns.amxx") (native "trace_line") - debug not enabled!
L 11/23/2025 - 20:56:03: [AMXX] To enable debug mode, add "debug" after the plugin name in plugins.ini (without quotes).
L 11/23/2025 - 20:56:09: Start of error session.
L 11/23/2025 - 20:56:09: Info (map "de_calendar") (file "addons/amxmodx/logs/error_20251123.log")
L 11/23/2025 - 20:56:09: [ENGINE] Invalid player 1 (not in-game)
L 11/23/2025 - 20:56:09: [AMXX] Run time error 10 (plugin "weapon_spawns.amxx") (native "trace_line") - debug not enabled!
L 11/23/2025 - 20:56:09: [AMXX] To enable debug mode, add "debug" after the plugin name in plugins.ini (without quotes).
L 11/23/2025 - 21:02:44: Start of error session.
L 11/23/2025 - 21:02:44: Info (map "de_urgency") (file "addons/amxmodx/logs/error_20251123.log")
L 11/23/2025 - 21:02:44: [ENGINE] Invalid player 1 (not in-game)
L 11/23/2025 - 21:02:44: [AMXX] Run time error 10 (plugin "weapon_spawns.amxx") (native "trace_line") - debug not enabled!
L 11/23/2025 - 21:02:44: [AMXX] To enable debug mode, add "debug" after the plugin name in plugins.ini (without quotes).
L 11/23/2025 - 21:02:57: [ENGINE] Invalid player 1 (not in-game)
L 11/23/2025 - 21:02:57: [AMXX] Run time error 10 (plugin "weapon_spawns.amxx") (native "trace_line") - debug not enabled!
L 11/23/2025 - 21:02:57: [AMXX] To enable debug mode, add "debug" after the plugin name in plugins.ini (without quotes).
L 11/23/2025 - 21:05:02: [ENGINE] Invalid player 1 (not in-game)
L 11/23/2025 - 21:05:02: [AMXX] Run time error 10 (plugin "weapon_spawns.amxx") (native "trace_line") - debug not enabled!
L 11/23/2025 - 21:05:02: [AMXX] To enable debug mode, add "debug" after the plugin name in plugins.ini (without quotes).
L 11/23/2025 - 21:07:07: [ENGINE] Invalid player 1 (not in-game)
L 11/23/2025 - 21:07:07: [AMXX] Run time error 10 (plugin "weapon_spawns.amxx") (native "trace_line") - debug not enabled!
L 11/23/2025 - 21:07:07: [AMXX] To enable debug mode, add "debug" after the plugin name in plugins.ini (without quotes).
L 11/23/2025 - 21:09:12: [AMXX] Run time error 4 (plugin "weapon_spawns.amxx") - debug not enabled!
L 11/23/2025 - 21:09:12: [AMXX] To enable debug mode, add "debug" after the plugin name in plugins.ini (without quotes).
L 11/23/2025 - 21:10:40: Start of error session.
L 11/23/2025 - 21:10:40: Info (map "de_dust2") (file "addons/amxmodx/logs/error_20251123.log")
L 11/23/2025 - 21:10:40: [AMXX] Plugin ("map_manager_admin_menu.amxx") is setting itself as failed.
L 11/23/2025 - 21:10:40: [AMXX] Plugin says: Failed to open dictionary file 'mapmanager.txt', check its availability
L 11/23/2025 - 21:10:40: [AMXX] Run time error 1 (plugin "map_manager_admin_menu.amxx") - forced exit
L 11/23/2025 - 21:11:47: Start of error session.
L 11/23/2025 - 21:11:47: Info (map "de_dust2") (file "addons/amxmodx/logs/error_20251123.log")
L 11/23/2025 - 21:11:47: [AMXX] Plugin ("map_manager_admin_menu.amxx") is setting itself as failed.
L 11/23/2025 - 21:11:47: [AMXX] Plugin says: Failed to open dictionary file 'mapmanager.txt', check its availability
L 11/23/2025 - 21:11:47: [AMXX] Run time error 1 (plugin "map_manager_admin_menu.amxx") - forced exit
L 11/23/2025 - 21:13:16: Start of error session.
L 11/23/2025 - 21:13:16: Info (map "de_aztec2k4") (file "addons/amxmodx/logs/error_20251123.log")
L 11/23/2025 - 21:13:16: [ENGINE] Invalid player 1 (not in-game)
L 11/23/2025 - 21:13:16: [AMXX] Run time error 10 (plugin "weapon_spawns.amxx") (native "trace_line") - debug not enabled!
L 11/23/2025 - 21:13:16: [AMXX] To enable debug mode, add "debug" after the plugin name in plugins.ini (without quotes).
L 11/23/2025 - 21:14:02: [AMXX] Run time error 4 (plugin "weapon_spawns.amxx") - debug not enabled!
L 11/23/2025 - 21:14:02: [AMXX] To enable debug mode, add "debug" after the plugin name in plugins.ini (without quotes).
L 11/23/2025 - 21:14:31: Start of error session.
L 11/23/2025 - 21:14:31: Info (map "de_aztec_0") (file "addons/amxmodx/logs/error_20251123.log")
L 11/23/2025 - 21:14:31: [ENGINE] Invalid player 1 (not in-game)
L 11/23/2025 - 21:14:31: [AMXX] Run time error 10 (plugin "weapon_spawns.amxx") (native "trace_line") - debug not enabled!
L 11/23/2025 - 21:14:31: [AMXX] To enable debug mode, add "debug" after the plugin name in plugins.ini (without quotes).
L 11/23/2025 - 21:16:47: Start of error session.
L 11/23/2025 - 21:16:47: Info (map "de_calendar") (file "addons/amxmodx/logs/error_20251123.log")
L 11/23/2025 - 21:16:47: [ENGINE] Invalid player 1 (not in-game)
L 11/23/2025 - 21:16:47: [AMXX] Run time error 10 (plugin "weapon_spawns.amxx") (native "trace_line") - debug not enabled!
L 11/23/2025 - 21:16:47: [AMXX] To enable debug mode, add "debug" after the plugin name in plugins.ini (without quotes).
L 11/23/2025 - 21:16:53: [ENGINE] Invalid player 1 (not in-game)
L 11/23/2025 - 21:16:53: [AMXX] Run time error 10 (plugin "weapon_spawns.amxx") (native "trace_line") - debug not enabled!
L 11/23/2025 - 21:16:53: [AMXX] To enable debug mode, add "debug" after the plugin name in plugins.ini (without quotes).
L 11/23/2025 - 21:17:39: [ENGINE] Invalid player 1 (not in-game)
L 11/23/2025 - 21:17:39: [AMXX] Run time error 10 (plugin "weapon_spawns.amxx") (native "trace_line") - debug not enabled!
L 11/23/2025 - 21:17:39: [AMXX] To enable debug mode, add "debug" after the plugin name in plugins.ini (without quotes).
L 11/23/2025 - 21:18:36: [ENGINE] Invalid player 1 (not in-game)
L 11/23/2025 - 21:18:36: [AMXX] Run time error 10 (plugin "weapon_spawns.amxx") (native "trace_line") - debug not enabled!
L 11/23/2025 - 21:18:36: [AMXX] To enable debug mode, add "debug" after the plugin name in plugins.ini (without quotes).
L 11/23/2025 - 21:19:27: [ENGINE] Invalid player 1 (not in-game)
L 11/23/2025 - 21:19:27: [AMXX] Run time error 10 (plugin "weapon_spawns.amxx") (native "trace_line") - debug not enabled!
L 11/23/2025 - 21:19:27: [AMXX] To enable debug mode, add "debug" after the plugin name in plugins.ini (without quotes).
L 11/23/2025 - 21:20:04: [ENGINE] Invalid player 1 (not in-game)
L 11/23/2025 - 21:20:04: [AMXX] Run time error 10 (plugin "weapon_spawns.amxx") (native "trace_line") - debug not enabled!
L 11/23/2025 - 21:20:04: [AMXX] To enable debug mode, add "debug" after the plugin name in plugins.ini (without quotes).
L 11/23/2025 - 21:21:09: [ENGINE] Invalid player 1 (not in-game)
L 11/23/2025 - 21:21:09: [AMXX] Run time error 10 (plugin "weapon_spawns.amxx") (native "trace_line") - debug not enabled!
L 11/23/2025 - 21:21:09: [AMXX] To enable debug mode, add "debug" after the plugin name in plugins.ini (without quotes).
L 11/23/2025 - 21:21:31: [ENGINE] Invalid player 1 (not in-game)
L 11/23/2025 - 21:21:31: [AMXX] Run time error 10 (plugin "weapon_spawns.amxx") (native "trace_line") - debug not enabled!
L 11/23/2025 - 21:21:31: [AMXX] To enable debug mode, add "debug" after the plugin name in plugins.ini (without quotes).
L 11/23/2025 - 21:25:25: Start of error session.
L 11/23/2025 - 21:25:25: Info (map "de_dust2") (file "addons/amxmodx/logs/error_20251123.log")
L 11/23/2025 - 21:25:25: [AMXX] Plugin ("map_manager_admin_menu.amxx") is setting itself as failed.
L 11/23/2025 - 21:25:25: [AMXX] Plugin says: Failed to open dictionary file 'mapmanager.txt', check its availability
L 11/23/2025 - 21:25:25: [AMXX] Run time error 1 (plugin "map_manager_admin_menu.amxx") - forced exit
L 11/23/2025 - 21:27:03: Start of error session.
L 11/23/2025 - 21:27:03: Info (map "de_mon") (file "addons/amxmodx/logs/error_20251123.log")
L 11/23/2025 - 21:27:03: [ENGINE] Invalid player 1 (not in-game)
L 11/23/2025 - 21:27:03: [AMXX] Run time error 10 (plugin "weapon_spawns.amxx") (native "trace_line") - debug not enabled!
L 11/23/2025 - 21:27:03: [AMXX] To enable debug mode, add "debug" after the plugin name in plugins.ini (without quotes).
L 11/23/2025 - 21:28:18: [AMXX] Run time error 4 (plugin "weapon_spawns.amxx") - debug not enabled!
L 11/23/2025 - 21:28:18: [AMXX] To enable debug mode, add "debug" after the plugin name in plugins.ini (without quotes).
L 11/23/2025 - 21:36:40: Start of error session.
L 11/23/2025 - 21:36:40: Info (map "de_dust2") (file "addons/amxmodx/logs/error_20251123.log")
L 11/23/2025 - 21:36:40: [ENGINE] Invalid player 1 (not in-game)
L 11/23/2025 - 21:36:40: [AMXX] Run time error 10 (plugin "weapon_spawns.amxx") (native "trace_line") - debug not enabled!
L 11/23/2025 - 21:36:40: [AMXX] To enable debug mode, add "debug" after the plugin name in plugins.ini (without quotes).
L 11/23/2025 - 21:52:15: Start of error session.
L 11/23/2025 - 21:52:15: Info (map "de_dust2") (file "addons/amxmodx/logs/error_20251123.log")
L 11/23/2025 - 21:52:15: [ENGINE] Invalid player 1 (not in-game)
L 11/23/2025 - 21:52:15: [AMXX] Run time error 10 (plugin "weapon_spawns.amxx") (native "trace_line") - debug not enabled!
L 11/23/2025 - 21:52:15: [AMXX] To enable debug mode, add "debug" after the plugin name in plugins.ini (without quotes).
L 11/23/2025 - 22:06:17: Start of error session.
L 11/23/2025 - 22:06:17: Info (map "de_dust2") (file "addons/amxmodx/logs/error_20251123.log")
L 11/23/2025 - 22:06:17: [ENGINE] Invalid player 1 (not in-game)
L 11/23/2025 - 22:06:17: [AMXX] Run time error 10 (plugin "weapon_spawns.amxx") (native "trace_line") - debug not enabled!
L 11/23/2025 - 22:06:17: [AMXX] To enable debug mode, add "debug" after the plugin name in plugins.ini (without quotes).
L 11/23/2025 - 22:17:30: Start of error session.
L 11/23/2025 - 22:17:30: Info (map "de_mon") (file "addons/amxmodx/logs/error_20251123.log")
L 11/23/2025 - 22:17:30: [ENGINE] Invalid player 1 (not in-game)
L 11/23/2025 - 22:17:30: [AMXX] Run time error 10 (plugin "weapon_spawns.amxx") (native "trace_line") - debug not enabled!
L 11/23/2025 - 22:17:30: [AMXX] To enable debug mode, add "debug" after the plugin name in plugins.ini (without quotes).
L 11/23/2025 - 22:19:04: [AMXX] Run time error 4 (plugin "weapon_spawns.amxx") - debug not enabled!
L 11/23/2025 - 22:19:04: [AMXX] To enable debug mode, add "debug" after the plugin name in plugins.ini (without quotes).
L 11/23/2025 - 22:29:41: Start of error session.
L 11/23/2025 - 22:29:41: Info (map "de_dust2") (file "addons/amxmodx/logs/error_20251123.log")
L 11/23/2025 - 22:29:41: [AMXX] Plugin ("map_manager_admin_menu.amxx") is setting itself as failed.
L 11/23/2025 - 22:29:41: [AMXX] Plugin says: Failed to open dictionary file 'mapmanager.txt', check its availability
L 11/23/2025 - 22:29:41: [AMXX] Run time error 1 (plugin "map_manager_admin_menu.amxx") - forced exit
L 11/23/2025 - 22:29:49: Start of error session.
L 11/23/2025 - 22:29:49: Info (map "de_mon") (file "addons/amxmodx/logs/error_20251123.log")
L 11/23/2025 - 22:29:49: [ENGINE] Invalid player 1 (not in-game)
L 11/23/2025 - 22:29:49: [AMXX] Run time error 10 (plugin "weapon_spawns.amxx") (native "trace_line") - debug not enabled!
L 11/23/2025 - 22:29:49: [AMXX] To enable debug mode, add "debug" after the plugin name in plugins.ini (without quotes).
L 11/23/2025 - 22:32:05: [AMXX] Run time error 4 (plugin "weapon_spawns.amxx") - debug not enabled!
L 11/23/2025 - 22:32:05: [AMXX] To enable debug mode, add "debug" after the plugin name in plugins.ini (without quotes).
L 11/23/2025 - 22:36:38: Start of error session.
L 11/23/2025 - 22:36:38: Info (map "de_mon") (file "addons/amxmodx/logs/error_20251123.log")
L 11/23/2025 - 22:36:38: [ENGINE] Invalid player 1 (not in-game)
L 11/23/2025 - 22:36:38: [AMXX] Run time error 10 (plugin "weapon_spawns.amxx") (native "trace_line") - debug not enabled!
L 11/23/2025 - 22:36:38: [AMXX] To enable debug mode, add "debug" after the plugin name in plugins.ini (without quotes).
L 11/23/2025 - 22:39:08: Start of error session.
L 11/23/2025 - 22:39:08: Info (map "de_dust2") (file "addons/amxmodx/logs/error_20251123.log")
L 11/23/2025 - 22:39:08: [AMXX] Plugin ("map_manager_admin_menu.amxx") is setting itself as failed.
L 11/23/2025 - 22:39:08: [AMXX] Plugin says: Failed to open dictionary file 'mapmanager.txt', check its availability
L 11/23/2025 - 22:39:08: [AMXX] Run time error 1 (plugin "map_manager_admin_menu.amxx") - forced exit
L 11/23/2025 - 22:39:34: Start of error session.
L 11/23/2025 - 22:39:34: Info (map "de_mon") (file "addons/amxmodx/logs/error_20251123.log")
L 11/23/2025 - 22:39:34: [ENGINE] Invalid player 1 (not in-game)
L 11/23/2025 - 22:39:34: [AMXX] Run time error 10 (plugin "weapon_spawns.amxx") (native "trace_line") - debug not enabled!
L 11/23/2025 - 22:39:34: [AMXX] To enable debug mode, add "debug" after the plugin name in plugins.ini (without quotes).
L 11/23/2025 - 22:42:22: [AMXX] Run time error 4 (plugin "weapon_spawns.amxx") - debug not enabled!
L 11/23/2025 - 22:42:22: [AMXX] To enable debug mode, add "debug" after the plugin name in plugins.ini (without quotes).
L 11/23/2025 - 22:45:58: Start of error session.
L 11/23/2025 - 22:45:58: Info (map "de_dust2") (file "addons/amxmodx/logs/error_20251123.log")
L 11/23/2025 - 22:45:58: [AMXX] Plugin ("map_manager_admin_menu.amxx") is setting itself as failed.
L 11/23/2025 - 22:45:58: [AMXX] Plugin says: Failed to open dictionary file 'mapmanager.txt', check its availability
L 11/23/2025 - 22:45:58: [AMXX] Run time error 1 (plugin "map_manager_admin_menu.amxx") - forced exit
L 11/23/2025 - 22:46:04: Start of error session.
L 11/23/2025 - 22:46:04: Info (map "de_mon") (file "addons/amxmodx/logs/error_20251123.log")
L 11/23/2025 - 22:46:04: [ENGINE] Invalid player 1 (not in-game)
L 11/23/2025 - 22:46:04: [AMXX] Run time error 10 (plugin "weapon_spawns.amxx") (native "trace_line") - debug not enabled!
L 11/23/2025 - 22:46:04: [AMXX] To enable debug mode, add "debug" after the plugin name in plugins.ini (without quotes).
L 11/23/2025 - 22:46:31: Start of error session.
L 11/23/2025 - 22:46:31: Info (map "de_dust2") (file "addons/amxmodx/logs/error_20251123.log")
L 11/23/2025 - 22:46:31: [AMXX] Plugin ("map_manager_admin_menu.amxx") is setting itself as failed.
L 11/23/2025 - 22:46:31: [AMXX] Plugin says: Failed to open dictionary file 'mapmanager.txt', check its availability
L 11/23/2025 - 22:46:31: [AMXX] Run time error 1 (plugin "map_manager_admin_menu.amxx") - forced exit
L 11/23/2025 - 22:46:40: Start of error session.
L 11/23/2025 - 22:46:40: Info (map "de_mon") (file "addons/amxmodx/logs/error_20251123.log")
L 11/23/2025 - 22:46:40: [ENGINE] Invalid player 1 (not in-game)
L 11/23/2025 - 22:46:40: [AMXX] Run time error 10 (plugin "weapon_spawns.amxx") (native "trace_line") - debug not enabled!
L 11/23/2025 - 22:46:40: [AMXX] To enable debug mode, add "debug" after the plugin name in plugins.ini (without quotes).
L 11/23/2025 - 22:46:47: [ENGINE] Invalid player 1 (not in-game)
L 11/23/2025 - 22:46:47: [AMXX] Run time error 10 (plugin "weapon_spawns.amxx") (native "trace_line") - debug not enabled!
L 11/23/2025 - 22:46:47: [AMXX] To enable debug mode, add "debug" after the plugin name in plugins.ini (without quotes).
L 11/23/2025 - 22:47:31: [ENGINE] Invalid player 1 (not in-game)
L 11/23/2025 - 22:47:31: [AMXX] Run time error 10 (plugin "weapon_spawns.amxx") (native "trace_line") - debug not enabled!
L 11/23/2025 - 22:47:31: [AMXX] To enable debug mode, add "debug" after the plugin name in plugins.ini (without quotes).
L 11/23/2025 - 22:49:30: [ENGINE] Invalid player 1 (not in-game)
L 11/23/2025 - 22:49:30: [AMXX] Run time error 10 (plugin "weapon_spawns.amxx") (native "trace_line") - debug not enabled!
L 11/23/2025 - 22:49:30: [AMXX] To enable debug mode, add "debug" after the plugin name in plugins.ini (without quotes).
L 11/23/2025 - 22:51:11: [ENGINE] Invalid player 1 (not in-game)
L 11/23/2025 - 22:51:11: [AMXX] Run time error 10 (plugin "weapon_spawns.amxx") (native "trace_line") - debug not enabled!
L 11/23/2025 - 22:51:11: [AMXX] To enable debug mode, add "debug" after the plugin name in plugins.ini (without quotes).
L 11/23/2025 - 22:51:43: [ENGINE] Invalid player 1 (not in-game)
L 11/23/2025 - 22:51:43: [AMXX] Run time error 10 (plugin "weapon_spawns.amxx") (native "trace_line") - debug not enabled!
L 11/23/2025 - 22:51:43: [AMXX] To enable debug mode, add "debug" after the plugin name in plugins.ini (without quotes).
L 11/23/2025 - 22:52:14: [ENGINE] Invalid player 1 (not in-game)
L 11/23/2025 - 22:52:14: [AMXX] Run time error 10 (plugin "weapon_spawns.amxx") (native "trace_line") - debug not enabled!
L 11/23/2025 - 22:52:14: [AMXX] To enable debug mode, add "debug" after the plugin name in plugins.ini (without quotes).
L 11/23/2025 - 22:53:58: [ENGINE] Invalid player 1 (not in-game)
L 11/23/2025 - 22:53:58: [AMXX] Run time error 10 (plugin "weapon_spawns.amxx") (native "trace_line") - debug not enabled!
L 11/23/2025 - 22:53:58: [AMXX] To enable debug mode, add "debug" after the plugin name in plugins.ini (without quotes).
L 11/23/2025 - 22:54:50: [ENGINE] Invalid player 1 (not in-game)
L 11/23/2025 - 22:54:50: [AMXX] Run time error 10 (plugin "weapon_spawns.amxx") (native "trace_line") - debug not enabled!
L 11/23/2025 - 22:54:50: [AMXX] To enable debug mode, add "debug" after the plugin name in plugins.ini (without quotes).
L 11/23/2025 - 22:54:57: Start of error session.
L 11/23/2025 - 22:54:57: Info (map "de_dust2") (file "addons/amxmodx/logs/error_20251123.log")
L 11/23/2025 - 22:54:57: [ENGINE] Invalid player 1 (not in-game)
L 11/23/2025 - 22:54:57: [AMXX] Run time error 10 (plugin "weapon_spawns.amxx") (native "trace_line") - debug not enabled!
L 11/23/2025 - 22:54:57: [AMXX] To enable debug mode, add "debug" after the plugin name in plugins.ini (without quotes).
L 11/23/2025 - 23:02:39: Start of error session.
L 11/23/2025 - 23:02:39: Info (map "de_mon") (file "addons/amxmodx/logs/error_20251123.log")
L 11/23/2025 - 23:02:39: [ENGINE] Invalid player 1 (not in-game)
L 11/23/2025 - 23:02:39: [AMXX] Run time error 10 (plugin "weapon_spawns.amxx") (native "trace_line") - debug not enabled!
L 11/23/2025 - 23:02:39: [AMXX] To enable debug mode, add "debug" after the plugin name in plugins.ini (without quotes).
L 11/23/2025 - 23:02:46: [ENGINE] Invalid player 1 (not in-game)
L 11/23/2025 - 23:02:46: [AMXX] Run time error 10 (plugin "weapon_spawns.amxx") (native "trace_line") - debug not enabled!
L 11/23/2025 - 23:02:46: [AMXX] To enable debug mode, add "debug" after the plugin name in plugins.ini (without quotes).
L 11/23/2025 - 23:04:37: [ENGINE] Invalid player 1 (not in-game)
L 11/23/2025 - 23:04:37: [AMXX] Run time error 10 (plugin "weapon_spawns.amxx") (native "trace_line") - debug not enabled!
L 11/23/2025 - 23:04:37: [AMXX] To enable debug mode, add "debug" after the plugin name in plugins.ini (without quotes).
L 11/23/2025 - 23:05:55: [ENGINE] Invalid player 1 (not in-game)
L 11/23/2025 - 23:05:55: [AMXX] Run time error 10 (plugin "weapon_spawns.amxx") (native "trace_line") - debug not enabled!
L 11/23/2025 - 23:05:55: [AMXX] To enable debug mode, add "debug" after the plugin name in plugins.ini (without quotes).
L 11/23/2025 - 23:06:34: [ENGINE] Invalid player 1 (not in-game)
L 11/23/2025 - 23:06:34: [AMXX] Run time error 10 (plugin "weapon_spawns.amxx") (native "trace_line") - debug not enabled!
L 11/23/2025 - 23:06:34: [AMXX] To enable debug mode, add "debug" after the plugin name in plugins.ini (without quotes).
L 11/23/2025 - 23:07:12: [ENGINE] Invalid player 1 (not in-game)
L 11/23/2025 - 23:07:12: [AMXX] Run time error 10 (plugin "weapon_spawns.amxx") (native "trace_line") - debug not enabled!
L 11/23/2025 - 23:07:12: [AMXX] To enable debug mode, add "debug" after the plugin name in plugins.ini (without quotes).
L 11/23/2025 - 23:09:17: [ENGINE] Invalid player 1 (not in-game)
L 11/23/2025 - 23:09:17: [AMXX] Run time error 10 (plugin "weapon_spawns.amxx") (native "trace_line") - debug not enabled!
L 11/23/2025 - 23:09:17: [AMXX] To enable debug mode, add "debug" after the plugin name in plugins.ini (without quotes).
