L 11/23/2025 - 19:06:22: -------- Mapchange to de_dust2 --------
L 11/23/2025 - 19:06:30: [uaio_admin.amxx] [AMXX] UAIO (Admin Menu) Error: No Group For User 'NoMoneyNoFunny'! Default Group Not Found!
L 11/23/2025 - 19:06:30: [uaio_admin.amxx] [AMXX] UAIO (Admin Menu) Error: No Group For User '-|NoS|-'! Default Group Not Found!
L 11/23/2025 - 19:21:44: -------- Mapchange to de_dust2_2006 --------
L 11/23/2025 - 19:21:48: [uaio_admin.amxx] [AMXX] UAIO (Admin Menu) Error: No Group For User 'NoMoneyNoFunny'! Default Group Not Found!
L 11/23/2025 - 19:21:48: [uaio_admin.amxx] [AMXX] UAIO (Admin Menu) Error: No Group For User '-|NoS|-'! Default Group Not Found!
L 11/23/2025 - 19:26:12: [uaio_admin.amxx] [AMXX] UAIO (Admin Menu) Error: No Group For User 'Prof'! Default Group Not Found!
L 11/23/2025 - 19:30:21: [uaio_admin.amxx] [AMXX] UAIO (Admin Menu) Error: No Group For User 'Lerika'! Default Group Not Found!
L 11/23/2025 - 19:34:12: [map_manager_scheduler.amxx] map changed to default[de_dust2]
L 11/23/2025 - 19:34:22: -------- Mapchange to de_dust2 --------
L 11/23/2025 - 19:34:26: [uaio_admin.amxx] [AMXX] UAIO (Admin Menu) Error: No Group For User 'Lerika'! Default Group Not Found!
L 11/23/2025 - 19:34:27: [uaio_admin.amxx] [AMXX] UAIO (Admin Menu) Error: No Group For User '-|NoS|-'! Default Group Not Found!
L 11/23/2025 - 19:46:01: [uaio_admin.amxx] [AMXX] UAIO (Admin Menu) Error: No Group For User 'Oksiya'! Default Group Not Found!
L 11/23/2025 - 19:50:44: [uaio_admin.amxx] [AMXX] UAIO (Admin Menu) Error: No Group For User '[c4]gross'! Default Group Not Found!
L 11/23/2025 - 19:54:01: [map_manager_scheduler.amxx] map changed to default[de_dust2]
L 11/23/2025 - 19:54:11: -------- Mapchange to de_dust2 --------
L 11/23/2025 - 19:54:16: [uaio_admin.amxx] [AMXX] UAIO (Admin Menu) Error: No Group For User 'Oksiya'! Default Group Not Found!
L 11/23/2025 - 19:54:16: [uaio_admin.amxx] [AMXX] UAIO (Admin Menu) Error: No Group For User '[c4]gross'! Default Group Not Found!
L 11/23/2025 - 20:08:34: [uaio_admin.amxx] [AMXX] UAIO (Admin Menu) Error: No Group For User 'Galdalfus'! Default Group Not Found!
L 11/23/2025 - 20:09:29: -------- Mapchange to de_dust2_2006 --------
L 11/23/2025 - 20:09:34: [uaio_admin.amxx] [AMXX] UAIO (Admin Menu) Error: No Group For User 'Galdalfus'! Default Group Not Found!
L 11/23/2025 - 20:09:34: [uaio_admin.amxx] [AMXX] UAIO (Admin Menu) Error: No Group For User '[c4]gross'! Default Group Not Found!
L 11/23/2025 - 20:22:02: [uaio_admin.amxx] [AMXX] UAIO (Admin Menu) Error: No Group For User '4114'! Default Group Not Found!
L 11/23/2025 - 20:30:01: [map_manager_scheduler.amxx] map changed to default[de_dust2]
L 11/23/2025 - 20:30:12: -------- Mapchange to de_dust2 --------
L 11/23/2025 - 20:30:16: [uaio_admin.amxx] [AMXX] UAIO (Admin Menu) Error: No Group For User '4114'! Default Group Not Found!
L 11/23/2025 - 20:30:16: [uaio_admin.amxx] [AMXX] UAIO (Admin Menu) Error: No Group For User '[c4]gross'! Default Group Not Found!
L 11/23/2025 - 20:35:54: [uaio_admin.amxx] [AMXX] UAIO (Admin Menu) Error: No Group For User 'Mercuriy1983'! Default Group Not Found!
L 11/23/2025 - 20:41:58: [uaio_admin.amxx] [AMXX] UAIO (Admin Menu) Error: No Group For User 'Nikolai'! Default Group Not Found!
L 11/23/2025 - 20:43:54: [map_manager_scheduler.amxx] map changed to default[de_dust2]
L 11/23/2025 - 20:56:01: -------- Mapchange to de_dust2 --------
L 11/23/2025 - 20:56:06: [uaio_admin.amxx] [AMXX] UAIO (Admin Menu) Error: No Group For User 'Mercuriy1983'! Default Group Not Found!
L 11/23/2025 - 20:56:06: [uaio_admin.amxx] [AMXX] UAIO (Admin Menu) Error: No Group For User 'Nikolai'! Default Group Not Found!
L 11/23/2025 - 20:56:08: -------- Mapchange to de_calendar --------
L 11/23/2025 - 20:56:12: [uaio_admin.amxx] [AMXX] UAIO (Admin Menu) Error: No Group For User 'Mercuriy1983'! Default Group Not Found!
L 11/23/2025 - 20:56:13: [uaio_admin.amxx] [AMXX] UAIO (Admin Menu) Error: No Group For User 'Nikolai'! Default Group Not Found!
L 11/23/2025 - 21:01:43: [admin.amxx] Login: "Falcon<50><STEAM_0:1:97036452><>" became an admin (account "STEAM_0:1:97036452") (access "abcdefghijklmnopqrstuv") (address "84.159.156.253")
L 11/23/2025 - 21:02:42: -------- Mapchange to de_urgency --------
L 11/23/2025 - 21:02:46: [admin.amxx] Login: "Falcon<51><STEAM_0:1:97036452><>" became an admin (account "STEAM_0:1:97036452") (access "abcdefghijklmnopqrstuv") (address "84.159.156.253")
L 11/23/2025 - 21:02:47: [uaio_admin.amxx] [AMXX] UAIO (Admin Menu) Error: No Group For User 'Mercuriy1983'! Default Group Not Found!
L 11/23/2025 - 21:02:48: [uaio_admin.amxx] [AMXX] UAIO (Admin Menu) Error: No Group For User 'Nikolai'! Default Group Not Found!
L 11/23/2025 - 21:02:49: [admin.amxx] Login: "Falcon<54><STEAM_0:1:97036452><>" became an admin (account "STEAM_0:1:97036452") (access "abcdefghijklmnopqrstuv") (address "84.159.156.253")
L 11/23/2025 - 21:09:08: [uaio_admin.amxx] [AMXX] UAIO (Admin Menu) Error: No Group For User 'Metallist'! Default Group Not Found!
L 11/23/2025 - 21:10:15: -------- Mapchange to de_skipton --------
L 11/23/2025 - 21:10:39: [AMXX] Module "cstrike\addons\amxmodx\modules\refreelook_amxx.dll" (version "1.8") returned an invalid code.
L 11/23/2025 - 21:10:39: Error:
L 11/23/2025 - 21:10:39: [AMXX] Module is not a valid library (file "cstrike\addons\amxmodx\modules\refreelook_amxx.dll")
L 11/23/2025 - 21:10:40: [GEOIP] Could not find GeoIP2 databases. Disabled natives.
L 11/23/2025 - 21:10:40: -------- Mapchange to de_dust2 --------
L 11/23/2025 - 21:10:45: [uaio_admin.amxx] [AMXX] UAIO (Admin Menu) Error: No Group For User 'psix'! Default Group Not Found!
L 11/23/2025 - 21:10:46: [uaio_admin.amxx] [AMXX] UAIO (Admin Menu) Error: No Group For User 'venchik'! Default Group Not Found!
L 11/23/2025 - 21:11:14: -------- Mapchange to de_skipton --------
L 11/23/2025 - 21:11:46: [AMXX] Module "cstrike\addons\amxmodx\modules\refreelook_amxx.dll" (version "1.8") returned an invalid code.
L 11/23/2025 - 21:11:46: Error:
L 11/23/2025 - 21:11:46: [AMXX] Module is not a valid library (file "cstrike\addons\amxmodx\modules\refreelook_amxx.dll")
L 11/23/2025 - 21:11:46: [GEOIP] Could not find GeoIP2 databases. Disabled natives.
L 11/23/2025 - 21:11:47: -------- Mapchange to de_dust2 --------
L 11/23/2025 - 21:11:52: [uaio_admin.amxx] [AMXX] UAIO (Admin Menu) Error: No Group For User 'psix'! Default Group Not Found!
L 11/23/2025 - 21:11:52: [uaio_admin.amxx] [AMXX] UAIO (Admin Menu) Error: No Group For User 'venchik'! Default Group Not Found!
L 11/23/2025 - 21:13:14: -------- Mapchange to de_aztec2k4 --------
L 11/23/2025 - 21:13:18: [admin.amxx] Login: "Falcon<3><STEAM_0:1:97036452><>" became an admin (account "STEAM_0:1:97036452") (access "abcdefghijklmnopqrstuv") (address "84.159.156.253")
L 11/23/2025 - 21:13:20: [admin.amxx] Login: "Falcon<4><STEAM_0:1:97036452><>" became an admin (account "STEAM_0:1:97036452") (access "abcdefghijklmnopqrstuv") (address "84.159.156.253")
L 11/23/2025 - 21:13:23: [uaio_admin.amxx] [AMXX] UAIO (Admin Menu) Error: No Group For User 'alynner'! Default Group Not Found!
L 11/23/2025 - 21:13:23: [uaio_admin.amxx] [AMXX] UAIO (Admin Menu) Error: No Group For User 'Максим'! Default Group Not Found!
L 11/23/2025 - 21:13:24: [uaio_admin.amxx] [AMXX] UAIO (Admin Menu) Error: No Group For User 'Spriggan'! Default Group Not Found!
L 11/23/2025 - 21:13:24: [uaio_admin.amxx] [AMXX] UAIO (Admin Menu) Error: No Group For User 'Muslomm'! Default Group Not Found!
L 11/23/2025 - 21:13:24: [uaio_admin.amxx] [AMXX] UAIO (Admin Menu) Error: No Group For User '5Smre'! Default Group Not Found!
L 11/23/2025 - 21:13:25: [uaio_admin.amxx] [AMXX] UAIO (Admin Menu) Error: No Group For User 'Руся'! Default Group Not Found!
L 11/23/2025 - 21:13:25: [uaio_admin.amxx] [AMXX] UAIO (Admin Menu) Error: No Group For User 'Snip'! Default Group Not Found!
L 11/23/2025 - 21:13:26: [uaio_admin.amxx] [AMXX] UAIO (Admin Menu) Error: No Group For User 'VoloV'! Default Group Not Found!
L 11/23/2025 - 21:14:29: -------- Mapchange to de_aztec_0 --------
L 11/23/2025 - 21:14:30: [admin.amxx] Login: "Falcon<4><STEAM_0:1:97036452><>" became an admin (account "STEAM_0:1:97036452") (access "abcdefghijklmnopqrstuv") (address "84.159.156.253")
L 11/23/2025 - 21:14:32: [admin.amxx] Login: "Falcon<13><STEAM_0:1:97036452><>" became an admin (account "STEAM_0:1:97036452") (access "abcdefghijklmnopqrstuv") (address "84.159.156.253")
L 11/23/2025 - 21:14:34: [uaio_admin.amxx] [AMXX] UAIO (Admin Menu) Error: No Group For User 'alynner'! Default Group Not Found!
L 11/23/2025 - 21:14:34: [uaio_admin.amxx] [AMXX] UAIO (Admin Menu) Error: No Group For User 'Максим'! Default Group Not Found!
L 11/23/2025 - 21:16:45: -------- Mapchange to de_calendar --------
L 11/23/2025 - 21:16:46: [admin.amxx] Login: "Falcon<13><STEAM_0:1:97036452><>" became an admin (account "STEAM_0:1:97036452") (access "abcdefghijklmnopqrstuv") (address "84.159.156.253")
L 11/23/2025 - 21:16:50: [uaio_admin.amxx] [AMXX] UAIO (Admin Menu) Error: No Group For User 'Максим'! Default Group Not Found!
L 11/23/2025 - 21:16:50: [uaio_admin.amxx] [AMXX] UAIO (Admin Menu) Error: No Group For User 'Кирилл'! Default Group Not Found!
L 11/23/2025 - 21:25:24: [AMXX] Module "cstrike\addons\amxmodx\modules\refreelook_amxx.dll" (version "1.8") returned an invalid code.
L 11/23/2025 - 21:25:24: Error:
L 11/23/2025 - 21:25:24: [AMXX] Module is not a valid library (file "cstrike\addons\amxmodx\modules\refreelook_amxx.dll")
L 11/23/2025 - 21:25:24: [GEOIP] Could not find GeoIP2 databases. Disabled natives.
L 11/23/2025 - 21:25:24: -------- Mapchange to de_dust2 --------
L 11/23/2025 - 21:25:30: [uaio_admin.amxx] [AMXX] UAIO (Admin Menu) Error: No Group For User 'psix'! Default Group Not Found!
L 11/23/2025 - 21:25:30: [uaio_admin.amxx] [AMXX] UAIO (Admin Menu) Error: No Group For User 'venchik'! Default Group Not Found!
L 11/23/2025 - 21:27:01: -------- Mapchange to de_mon --------
L 11/23/2025 - 21:27:06: [uaio_admin.amxx] [AMXX] UAIO (Admin Menu) Error: No Group For User 'psix'! Default Group Not Found!
L 11/23/2025 - 21:27:06: [uaio_admin.amxx] [AMXX] UAIO (Admin Menu) Error: No Group For User 'venchik'! Default Group Not Found!
L 11/23/2025 - 21:28:27: [admin.amxx] Login: "Falcon<5><STEAM_0:1:97036452><>" became an admin (account "STEAM_0:1:97036452") (access "abcdefghijklmnopqrstuv") (address "84.159.156.253")
L 11/23/2025 - 21:28:30: [admin.amxx] Login: "Falcon<6><STEAM_0:1:97036452><>" became an admin (account "STEAM_0:1:97036452") (access "abcdefghijklmnopqrstuv") (address "84.159.156.253")
L 11/23/2025 - 21:29:16: [uaio_admin.amxx] [AMXX] UAIO (Admin Menu) Error: No Group For User 'strikee'! Default Group Not Found!
L 11/23/2025 - 21:35:29: [uaio_admin.amxx] [AMXX] UAIO (Admin Menu) Error: No Group For User 'taburet вов не торт!'! Default Group Not Found!
L 11/23/2025 - 21:36:29: [map_manager_scheduler.amxx] map changed to default[de_dust2]
L 11/23/2025 - 21:36:37: [map_manager_scheduler.amxx] map changed to default[de_dust2]
L 11/23/2025 - 21:36:37: [map_manager_scheduler.amxx] double intermission, how?
L 11/23/2025 - 21:36:39: -------- Mapchange to de_dust2 --------
L 11/23/2025 - 21:36:43: [uaio_admin.amxx] [AMXX] UAIO (Admin Menu) Error: No Group For User 'strikee'! Default Group Not Found!
L 11/23/2025 - 21:36:44: [uaio_admin.amxx] [AMXX] UAIO (Admin Menu) Error: No Group For User 'taburet вов не торт!'! Default Group Not Found!
L 11/23/2025 - 21:44:03: [uaio_admin.amxx] [AMXX] UAIO (Admin Menu) Error: No Group For User 'Ostap Blender'! Default Group Not Found!
L 11/23/2025 - 21:52:03: [map_manager_scheduler.amxx] map changed to default[de_dust2]
L 11/23/2025 - 21:52:13: -------- Mapchange to de_dust2 --------
L 11/23/2025 - 21:52:18: [uaio_admin.amxx] [AMXX] UAIO (Admin Menu) Error: No Group For User 'Ostap Blender'! Default Group Not Found!
L 11/23/2025 - 21:52:18: [uaio_admin.amxx] [AMXX] UAIO (Admin Menu) Error: No Group For User 'taburet вов не торт!'! Default Group Not Found!
L 11/23/2025 - 21:58:05: [uaio_admin.amxx] [AMXX] UAIO (Admin Menu) Error: No Group For User 'smile'! Default Group Not Found!
L 11/23/2025 - 22:06:06: [map_manager_scheduler.amxx] map changed to default[de_dust2]
L 11/23/2025 - 22:06:16: -------- Mapchange to de_dust2 --------
L 11/23/2025 - 22:06:20: [uaio_admin.amxx] [AMXX] UAIO (Admin Menu) Error: No Group For User 'smile'! Default Group Not Found!
L 11/23/2025 - 22:06:21: [uaio_admin.amxx] [AMXX] UAIO (Admin Menu) Error: No Group For User 'taburet вов не торт!'! Default Group Not Found!
L 11/23/2025 - 22:12:01: [uaio_admin.amxx] [AMXX] UAIO (Admin Menu) Error: No Group For User 'SPorT'! Default Group Not Found!
L 11/23/2025 - 22:17:29: -------- Mapchange to de_mon --------
L 11/23/2025 - 22:17:33: [uaio_admin.amxx] [AMXX] UAIO (Admin Menu) Error: No Group For User 'SPorT'! Default Group Not Found!
L 11/23/2025 - 22:17:34: [uaio_admin.amxx] [AMXX] UAIO (Admin Menu) Error: No Group For User 'taburet вов не торт!'! Default Group Not Found!
L 11/23/2025 - 22:17:58: [admin.amxx] Login: "Falcon<20><STEAM_0:1:97036452><>" became an admin (account "STEAM_0:1:97036452") (access "abcdefghijklmnopqrstuv") (address "84.159.156.253")
L 11/23/2025 - 22:20:40: [uaio_admin.amxx] [AMXX] UAIO (Admin Menu) Error: No Group For User 'Bob'! Default Group Not Found!
L 11/23/2025 - 22:29:41: [AMXX] Module "cstrike\addons\amxmodx\modules\refreelook_amxx.dll" (version "1.8") returned an invalid code.
L 11/23/2025 - 22:29:41: Error:
L 11/23/2025 - 22:29:41: [AMXX] Module is not a valid library (file "cstrike\addons\amxmodx\modules\refreelook_amxx.dll")
L 11/23/2025 - 22:29:41: [GEOIP] Could not find GeoIP2 databases. Disabled natives.
L 11/23/2025 - 22:29:41: -------- Mapchange to de_dust2 --------
L 11/23/2025 - 22:29:46: [uaio_admin.amxx] [AMXX] UAIO (Admin Menu) Error: No Group For User 'psix'! Default Group Not Found!
L 11/23/2025 - 22:29:47: [uaio_admin.amxx] [AMXX] UAIO (Admin Menu) Error: No Group For User 'venchik'! Default Group Not Found!
L 11/23/2025 - 22:29:47: -------- Mapchange to de_mon --------
L 11/23/2025 - 22:29:52: [uaio_admin.amxx] [AMXX] UAIO (Admin Menu) Error: No Group For User 'psix'! Default Group Not Found!
L 11/23/2025 - 22:29:52: [uaio_admin.amxx] [AMXX] UAIO (Admin Menu) Error: No Group For User 'venchik'! Default Group Not Found!
L 11/23/2025 - 22:29:55: [admin.amxx] Login: "Falcon<5><STEAM_0:1:97036452><>" became an admin (account "STEAM_0:1:97036452") (access "abcdefghijklmnopqrstuv") (address "84.159.156.253")
L 11/23/2025 - 22:36:36: -------- Mapchange to de_mon --------
L 11/23/2025 - 22:36:40: [admin.amxx] Login: "Falcon<6><STEAM_0:1:97036452><>" became an admin (account "STEAM_0:1:97036452") (access "abcdefghijklmnopqrstuv") (address "84.159.156.253")
L 11/23/2025 - 22:36:41: [uaio_admin.amxx] [AMXX] UAIO (Admin Menu) Error: No Group For User 'psix'! Default Group Not Found!
L 11/23/2025 - 22:36:41: [uaio_admin.amxx] [AMXX] UAIO (Admin Menu) Error: No Group For User 'venchik'! Default Group Not Found!
L 11/23/2025 - 22:39:07: [AMXX] Module "cstrike\addons\amxmodx\modules\refreelook_amxx.dll" (version "1.8") returned an invalid code.
L 11/23/2025 - 22:39:07: Error:
L 11/23/2025 - 22:39:07: [AMXX] Module is not a valid library (file "cstrike\addons\amxmodx\modules\refreelook_amxx.dll")
L 11/23/2025 - 22:39:07: [GEOIP] Could not find GeoIP2 databases. Disabled natives.
L 11/23/2025 - 22:39:07: -------- Mapchange to de_dust2 --------
L 11/23/2025 - 22:39:13: [uaio_admin.amxx] [AMXX] UAIO (Admin Menu) Error: No Group For User 'psix'! Default Group Not Found!
L 11/23/2025 - 22:39:13: [uaio_admin.amxx] [AMXX] UAIO (Admin Menu) Error: No Group For User 'venchik'! Default Group Not Found!
L 11/23/2025 - 22:39:23: [admin.amxx] Login: "Falcon<3><STEAM_0:1:97036452><>" became an admin (account "STEAM_0:1:97036452") (access "abcdefghijklmnopqrstuv") (address "84.159.156.253")
L 11/23/2025 - 22:39:33: -------- Mapchange to de_mon --------
L 11/23/2025 - 22:39:33: [admin.amxx] Login: "Falcon<3><STEAM_0:1:97036452><>" became an admin (account "STEAM_0:1:97036452") (access "abcdefghijklmnopqrstuv") (address "84.159.156.253")
L 11/23/2025 - 22:39:36: [admin.amxx] Login: "Falcon<4><STEAM_0:1:97036452><>" became an admin (account "STEAM_0:1:97036452") (access "abcdefghijklmnopqrstuv") (address "84.159.156.253")
L 11/23/2025 - 22:39:37: [uaio_admin.amxx] [AMXX] UAIO (Admin Menu) Error: No Group For User 'psix'! Default Group Not Found!
L 11/23/2025 - 22:39:37: [uaio_admin.amxx] [AMXX] UAIO (Admin Menu) Error: No Group For User 'jeefo'! Default Group Not Found!
L 11/23/2025 - 22:42:03: [admin.amxx] Login: "Falcon<7><STEAM_0:1:97036452><>" became an admin (account "STEAM_0:1:97036452") (access "abcdefghijklmnopqrstuv") (address "84.159.156.253")
L 11/23/2025 - 22:45:57: [AMXX] Module "cstrike\addons\amxmodx\modules\refreelook_amxx.dll" (version "1.8") returned an invalid code.
L 11/23/2025 - 22:45:57: Error:
L 11/23/2025 - 22:45:57: [AMXX] Module is not a valid library (file "cstrike\addons\amxmodx\modules\refreelook_amxx.dll")
L 11/23/2025 - 22:45:57: [GEOIP] Could not find GeoIP2 databases. Disabled natives.
L 11/23/2025 - 22:45:57: -------- Mapchange to de_dust2 --------
L 11/23/2025 - 22:46:02: -------- Mapchange to de_mon --------
L 11/23/2025 - 22:46:06: [admin.amxx] Login: "Falcon<1><STEAM_0:1:97036452><>" became an admin (account "STEAM_0:1:97036452") (access "abcdefghijklmnopqrstuv") (address "84.159.156.253")
L 11/23/2025 - 22:46:07: [uaio_admin.amxx] [AMXX] UAIO (Admin Menu) Error: No Group For User 'Antonio.'! Default Group Not Found!
L 11/23/2025 - 22:46:07: [uaio_admin.amxx] [AMXX] UAIO (Admin Menu) Error: No Group For User 'Водяной'! Default Group Not Found!
L 11/23/2025 - 22:46:30: [AMXX] Module "cstrike\addons\amxmodx\modules\refreelook_amxx.dll" (version "1.8") returned an invalid code.
L 11/23/2025 - 22:46:30: Error:
L 11/23/2025 - 22:46:30: [AMXX] Module is not a valid library (file "cstrike\addons\amxmodx\modules\refreelook_amxx.dll")
L 11/23/2025 - 22:46:31: [GEOIP] Could not find GeoIP2 databases. Disabled natives.
L 11/23/2025 - 22:46:31: -------- Mapchange to de_dust2 --------
L 11/23/2025 - 22:46:36: [uaio_admin.amxx] [AMXX] UAIO (Admin Menu) Error: No Group For User 'psix'! Default Group Not Found!
L 11/23/2025 - 22:46:37: [uaio_admin.amxx] [AMXX] UAIO (Admin Menu) Error: No Group For User 'kM4i'! Default Group Not Found!
L 11/23/2025 - 22:46:39: -------- Mapchange to de_mon --------
L 11/23/2025 - 22:46:41: [admin.amxx] Login: "Falcon<3><STEAM_0:1:97036452><>" became an admin (account "STEAM_0:1:97036452") (access "abcdefghijklmnopqrstuv") (address "84.159.156.253")
L 11/23/2025 - 22:46:43: [uaio_admin.amxx] [AMXX] UAIO (Admin Menu) Error: No Group For User 'psix'! Default Group Not Found!
L 11/23/2025 - 22:46:44: [uaio_admin.amxx] [AMXX] UAIO (Admin Menu) Error: No Group For User 'kM4i'! Default Group Not Found!
L 11/23/2025 - 22:54:45: [map_manager_scheduler.amxx] map changed to default[de_dust2]
L 11/23/2025 - 22:54:55: -------- Mapchange to de_dust2 --------
L 11/23/2025 - 22:55:00: [uaio_admin.amxx] [AMXX] UAIO (Admin Menu) Error: No Group For User 'psix'! Default Group Not Found!
L 11/23/2025 - 22:55:00: [uaio_admin.amxx] [AMXX] UAIO (Admin Menu) Error: No Group For User 'kM4i'! Default Group Not Found!
L 11/23/2025 - 23:02:38: -------- Mapchange to de_mon --------
L 11/23/2025 - 23:02:41: [admin.amxx] Login: "Falcon<8><STEAM_0:1:97036452><>" became an admin (account "STEAM_0:1:97036452") (access "abcdefghijklmnopqrstuv") (address "84.159.156.253")
L 11/23/2025 - 23:02:42: [uaio_admin.amxx] [AMXX] UAIO (Admin Menu) Error: No Group For User 'psix'! Default Group Not Found!
L 11/23/2025 - 23:02:43: [uaio_admin.amxx] [AMXX] UAIO (Admin Menu) Error: No Group For User 'kM4i'! Default Group Not Found!
L 11/23/2025 - 23:06:41: [admin.amxx] Login: "Falcon<11><STEAM_0:1:97036452><>" became an admin (account "STEAM_0:1:97036452") (access "abcdefghijklmnopqrstuv") (address "84.159.156.253")
