L 11/10/2025 - 22:31:02: Log file started (file "logs\L1110048.log") (game "cstrike") (version "48/1.1.2.7/Stdio/4002")
L 11/10/2025 - 22:31:02: Server cvar "sv_uploadmax" = "7.77"
L 11/10/2025 - 22:31:02: Server cvar "decalfrequency" = "3"
L 11/10/2025 - 22:31:02: Server cvar "sv_maxrate" = "250000"
L 11/10/2025 - 22:31:02: Server cvar "sv_minrate" = "25000"
L 11/10/2025 - 22:31:02: Server cvar "sv_alltalk" = "1"
L 11/10/2025 - 22:31:02: Server cvar "sv_aim" = "0"
L 11/10/2025 - 22:31:02: Server cvar "sv_maxspeed" = "320"
L 11/10/2025 - 22:31:02: Server cvar "mp_timelimit" = "15"
L 11/10/2025 - 22:31:02: Server cvar "mp_forcechasecam" = "1"
L 11/10/2025 - 22:31:02: Server cvar "mp_forcecamera" = "1"
L 11/10/2025 - 22:31:07: "[SMUT]DarkDruid<1><STEAM_0:1:8960512><>" entered the game
L 11/10/2025 - 22:31:07: "[SMUT]DarkDruid<1><STEAM_0:1:8960512><>" joined team "CT"
L 11/10/2025 - 22:31:07: "Tator<2><STEAM_0:1:13563904><>" entered the game
L 11/10/2025 - 22:31:07: "Tator<2><STEAM_0:1:13563904><>" joined team "TERRORIST"
L 11/10/2025 - 22:31:07: World triggered "Game_Commencing"
L 11/10/2025 - 22:31:07: World triggered "Game_Commencing" (CT "0") (T "0")
L 11/10/2025 - 22:31:07: World triggered "Round_End"
L 11/10/2025 - 22:31:10: "Ｃｙｂｅｒ’Fｏχ<3><STEAM_0:1:97036452><>" connected, address "79.235.170.155:27005"
L 11/10/2025 - 22:31:10: "Ｃｙｂｅｒ’Fｏχ<3><STEAM_0:1:97036452><>" STEAM USERID validated
L 11/10/2025 - 22:31:10: "Tator<2><STEAM_0:1:13563904><TERRORIST>" triggered "Spawned_With_The_Bomb"
L 11/10/2025 - 22:31:12: "Ｃｙｂｅｒ’Fｏχ<3><STEAM_0:1:97036452><>" entered the game
L 11/10/2025 - 22:31:15: "Ｃｙｂｅｒ’Fｏχ<3><STEAM_0:1:97036452><>" joined team "SPECTATOR"
L 11/10/2025 - 22:31:16: World triggered "Round_Start"
L 11/10/2025 - 22:31:42: "Tator<2><STEAM_0:1:13563904><TERRORIST>" triggered "Planted_The_Bomb"
L 11/10/2025 - 22:31:42: "[SMUT]DarkDruid<1><STEAM_0:1:8960512><CT>" say "Lst time it took me 5 secs to find & defuse it...."
L 11/10/2025 - 22:31:46: "Tator<2><STEAM_0:1:13563904><TERRORIST>" killed "[SMUT]DarkDruid<1><STEAM_0:1:8960512><CT>" with "deagle"
L 11/10/2025 - 22:31:46: Team "TERRORIST" triggered "Terrorists_Win" (CT "0") (T "1")
L 11/10/2025 - 22:31:46: World triggered "Round_End"
L 11/10/2025 - 22:31:51: "Tator<2><STEAM_0:1:13563904><TERRORIST>" triggered "Spawned_With_The_Bomb"
L 11/10/2025 - 22:31:57: World triggered "Round_Start"
L 11/10/2025 - 22:32:20: "Tator<2><STEAM_0:1:13563904><TERRORIST>" killed "[SMUT]DarkDruid<1><STEAM_0:1:8960512><CT>" with "ak47"
L 11/10/2025 - 22:32:20: Team "TERRORIST" triggered "Terrorists_Win" (CT "0") (T "2")
L 11/10/2025 - 22:32:20: World triggered "Round_End"
L 11/10/2025 - 22:32:20: "Tator<2><STEAM_0:1:13563904><TERRORIST>" say "[SMUT]DarkDruid I worry about you..."
L 11/10/2025 - 22:32:25: "Tator<2><STEAM_0:1:13563904><TERRORIST>" triggered "Spawned_With_The_Bomb"
L 11/10/2025 - 22:32:31: World triggered "Round_Start"
L 11/10/2025 - 22:32:54: "Tator<2><STEAM_0:1:13563904><TERRORIST>" triggered "Planted_The_Bomb"
L 11/10/2025 - 22:32:54: "[SMUT]DarkDruid<1><STEAM_0:1:8960512><CT>" say "Say, is it the red or the blue wire?"
L 11/10/2025 - 22:33:04: [META] ini: Begin re-reading plugins list: c:/~dl/sonstz/gameshit/cs 1.6 shit/cs1.6 server/server/cstrike/addons/metamod/plugins.ini
L 11/10/2025 - 22:33:04: [META] ini: Read plugin config for: AMX Mod X
L 11/10/2025 - 22:33:04: [META] ini: Read plugin config for: Reunion
L 11/10/2025 - 22:33:04: [META] ini: Read plugin config for: Revoice
L 11/10/2025 - 22:33:04: [META] ini: Read plugin config for: Rechecker
L 11/10/2025 - 22:33:04: [META] ini: Read plugin config for: ReSemiclip
L 11/10/2025 - 22:33:04: [META] ini: Read plugin config for: HitBox Fix
L 11/10/2025 - 22:33:04: [META] ini: Read plugin config for: YaPB
L 11/10/2025 - 22:33:04: [META] ini: Finished reading plugins list: c:/~dl/sonstz/gameshit/cs 1.6 shit/cs1.6 server/server/cstrike/addons/metamod/plugins.ini; Found 7 plugins
L 11/10/2025 - 22:33:04: [META] dll: Updating plugins...
L 11/10/2025 - 22:33:04: [META] dll: Finished updating 14 plugins; kept 7, loaded 0, unloaded 0, reloaded 0, delayed 0
L 11/10/2025 - 22:33:04: [META] dll: Rebuilding callbacks...
L 11/10/2025 - 22:33:04: [META] dll: Callbacks rebuilded.
L 11/10/2025 - 22:33:04: "[SMUT]DarkDruid<-1><><CT>" disconnected
L 11/10/2025 - 22:33:04: "Tator<-1><><TERRORIST>" disconnected
L 11/10/2025 - 22:33:04: World triggered "Round_Draw" (CT "0") (T "2")
L 11/10/2025 - 22:33:04: World triggered "Round_End"
L 11/10/2025 - 22:33:04: "Ｃｙｂｅｒ’Fｏχ<-1><><SPECTATOR>" disconnected
L 11/10/2025 - 22:33:05: Server shutdown
L 11/10/2025 - 22:33:05: Log file closed
