L 11/10/2025 - 21:53:47: Log file started (file "logs\L1110041.log") (game "cstrike") (version "48/1.1.2.7/Stdio/4002")
L 11/10/2025 - 21:53:47: [META] Recognized game 'cstrike'; using dllfile 'mp.dll'
L 11/10/2025 - 21:53:47: [META] Game DLL for 'Counter-Strike 1.6' loaded successfully
L 11/10/2025 - 21:53:47: [META] ini: Begin reading plugins list: c:/~dl/sonstz/gameshit/cs 1.6 shit/cs1.6 server/server/cstrike/addons/metamod/plugins.ini
L 11/10/2025 - 21:53:47: [META] ini: Read plugin config for: <amxmodx_mm.dll>
L 11/10/2025 - 21:53:47: [META] ini: Read plugin config for: <reunion_mm.dll>
L 11/10/2025 - 21:53:47: [META] ini: Read plugin config for: <revoice_mm.dll>
L 11/10/2025 - 21:53:47: [META] ini: Read plugin config for: <rechecker_mm.dll>
L 11/10/2025 - 21:53:47: [META] ini: Read plugin config for: <resemiclip_mm.dll>
L 11/10/2025 - 21:53:47: [META] ini: Read plugin config for: <hitbox_fix_mm.dll>
L 11/10/2025 - 21:53:47: [META] ini: Read plugin config for: <yapb.dll>
L 11/10/2025 - 21:53:47: [META] ini: Finished reading plugins list: c:/~dl/sonstz/gameshit/cs 1.6 shit/cs1.6 server/server/cstrike/addons/metamod/plugins.ini; Found 7 plugins to load
L 11/10/2025 - 21:53:47: [META] dll: Loading plugins...
L 11/10/2025 - 21:53:48: [META] dll: Loaded plugin 'ReAPI': ReAPI v5.26.0.338-dev Mar 28 2025, Asmodai & s1lent
L 11/10/2025 - 21:53:48: [META] dll: Rebuilding callbacks...
L 11/10/2025 - 21:53:48: [META] dll: Callbacks rebuilded.
L 11/10/2025 - 21:53:48: [META] dll: Loaded plugin 'ReFreeLook': ReFreeLook v1.8 Jun 21 2016, s1lent
L 11/10/2025 - 21:53:48: [META] dll: Rebuilding callbacks...
L 11/10/2025 - 21:53:48: [META] dll: Callbacks rebuilded.
L 11/10/2025 - 21:53:48: [ReFreeLook]: ReGameDLL Api major version mismatch; expected 4, real 5
L 11/10/2025 - 21:53:48: [META] dll: Loaded plugin 'AMX Mod X': AMX Mod X v1.9.0.5294 Jul 12 2021, AMX Mod X Dev Team
L 11/10/2025 - 21:53:48: [META] dll: Loaded plugin 'Reunion': Reunion v0.2.0.34 Aug 12 2025, The Legion
L 11/10/2025 - 21:53:48: [META] dll: Loaded plugin 'Revoice': Revoice v0.1.0.34 2020-03-03, The Legion
L 11/10/2025 - 21:53:48: [META] dll: Loaded plugin 'Rechecker': Rechecker v2.7 Nov  9 2020, s1lent
L 11/10/2025 - 21:53:48: [META] dll: Loaded plugin 'ReSemiclip': ReSemiclip v2.4.3 Oct 10 2023, s1lent
L 11/10/2025 - 21:53:48: [META] dll: Loaded plugin 'HitBox Fix': HitBox Fix v2.0.3 Dec 10 2024, Garey
L 11/10/2025 - 21:53:49: [META] dll: Loaded plugin 'YaPB': YaPB v4.4.957 Feb 10 2024, YaPB Project
L 11/10/2025 - 21:53:49: [META] ERROR: dll: Not loading plugin 'ReAPI'; already loaded (status=running)
L 11/10/2025 - 21:53:49: [META] ERROR: dll: Failed to load plugin 'reapi_amxx.dll'
L 11/10/2025 - 21:53:49: [META] ERROR: dll: Not loading plugin 'ReFreeLook'; already loaded (status=running)
L 11/10/2025 - 21:53:49: [META] ERROR: dll: Failed to load plugin 'refreelook_amxx.dll'
L 11/10/2025 - 21:53:49: [META] dll: Finished loading 7 plugins
L 11/10/2025 - 21:53:49: [META] dll: Rebuilding callbacks...
L 11/10/2025 - 21:53:49: [META] dll: Callbacks rebuilded.
L 11/10/2025 - 21:53:49: Log file closed
