L 11/10/2025 - 21:01:11: Log file started (file "logs\L1110033.log") (game "cstrike") (version "48/1.1.2.7/Stdio/4002")
L 11/10/2025 - 21:01:11: Loading map "de_dust2"
L 11/10/2025 - 21:01:11: Server cvars start
L 11/10/2025 - 21:01:11: Server cvar "allow_spectators" = "1.0"
L 11/10/2025 - 21:01:11: Server cvar "amx_client_languages" = "1"
L 11/10/2025 - 21:01:11: Server cvar "amx_language" = "en"
L 11/10/2025 - 21:01:11: Server cvar "amx_nextmap" = "de_chateau"
L 11/10/2025 - 21:01:11: Server cvar "amx_timeleft" = "19:40"
L 11/10/2025 - 21:01:11: Server cvar "amxmodx_version" = "1.9.0.5294"
L 11/10/2025 - 21:01:11: Server cvar "bot_allow_grenades" = "1"
L 11/10/2025 - 21:01:11: Server cvar "bot_allow_machine_guns" = "1"
L 11/10/2025 - 21:01:11: Server cvar "bot_allow_pistols" = "1"
L 11/10/2025 - 21:01:11: Server cvar "bot_allow_rifles" = "1"
L 11/10/2025 - 21:01:11: Server cvar "bot_allow_rogues" = "1"
L 11/10/2025 - 21:01:11: Server cvar "bot_allow_shield" = "1"
L 11/10/2025 - 21:01:11: Server cvar "bot_allow_shotguns" = "1"
L 11/10/2025 - 21:01:11: Server cvar "bot_allow_snipers" = "1"
L 11/10/2025 - 21:01:11: Server cvar "bot_allow_sub_machine_guns" = "1"
L 11/10/2025 - 21:01:11: Server cvar "bot_auto_vacate" = "1"
L 11/10/2025 - 21:01:11: Server cvar "bot_chatter" = "normal"
L 11/10/2025 - 21:01:11: Server cvar "bot_deathmatch" = "0"
L 11/10/2025 - 21:01:11: Server cvar "bot_debug" = "0"
L 11/10/2025 - 21:01:11: Server cvar "bot_defer_to_human" = "0"
L 11/10/2025 - 21:01:11: Server cvar "bot_difficulty" = "0"
L 11/10/2025 - 21:01:11: Server cvar "bot_join_after_player" = "1"
L 11/10/2025 - 21:01:11: Server cvar "bot_join_delay" = "0"
L 11/10/2025 - 21:01:11: Server cvar "bot_join_team" = "any"
L 11/10/2025 - 21:01:11: Server cvar "bot_nav_edit" = "0"
L 11/10/2025 - 21:01:11: Server cvar "bot_nav_zdraw" = "4"
L 11/10/2025 - 21:01:11: Server cvar "bot_prefix" = ""
L 11/10/2025 - 21:01:11: Server cvar "bot_profile_db" = "BotProfile.db"
L 11/10/2025 - 21:01:11: Server cvar "bot_quicksave" = "0"
L 11/10/2025 - 21:01:11: Server cvar "bot_quota" = "0"
L 11/10/2025 - 21:01:11: Server cvar "bot_quota_mode" = "normal"
L 11/10/2025 - 21:01:11: Server cvar "bot_show_danger" = "0"
L 11/10/2025 - 21:01:11: Server cvar "bot_show_nav" = "0"
L 11/10/2025 - 21:01:11: Server cvar "bot_stop" = "0"
L 11/10/2025 - 21:01:11: Server cvar "bot_traceview" = "0"
L 11/10/2025 - 21:01:11: Server cvar "bot_walk" = "0"
L 11/10/2025 - 21:01:11: Server cvar "bot_zombie" = "0"
L 11/10/2025 - 21:01:11: Server cvar "coop" = "0"
L 11/10/2025 - 21:01:11: Server cvar "deathmatch" = "1"
L 11/10/2025 - 21:01:11: Server cvar "decalfrequency" = "3"
L 11/10/2025 - 21:01:11: Server cvar "edgefriction" = "2"
L 11/10/2025 - 21:01:11: Server cvar "ff_damage_reduction_bullets" = "0.35"
L 11/10/2025 - 21:01:11: Server cvar "ff_damage_reduction_grenade" = "0.25"
L 11/10/2025 - 21:01:11: Server cvar "ff_damage_reduction_grenade_self" = "1.0"
L 11/10/2025 - 21:01:11: Server cvar "ff_damage_reduction_other" = "0.35"
L 11/10/2025 - 21:01:11: Server cvar "game_version" = "5.28.0.756-dev"
L 11/10/2025 - 21:01:11: Server cvar "hbf_debug" = "0"
L 11/10/2025 - 21:01:11: Server cvar "hbf_enabled" = "1"
L 11/10/2025 - 21:01:11: Server cvar "hostage_debug" = "0"
L 11/10/2025 - 21:01:11: Server cvar "hostage_stop" = "0"
L 11/10/2025 - 21:01:11: Server cvar "humans_join_team" = "any"
L 11/10/2025 - 21:01:11: Server cvar "max_queries_sec" = "3.0"
L 11/10/2025 - 21:01:11: Server cvar "max_queries_sec_global" = "30"
L 11/10/2025 - 21:01:11: Server cvar "max_queries_window" = "60"
L 11/10/2025 - 21:01:11: Server cvar "metamod_version" = "1.3.0.149"
L 11/10/2025 - 21:01:11: Server cvar "mp_afk_bomb_drop_time" = "0"
L 11/10/2025 - 21:01:11: Server cvar "mp_ammo_respawn_time" = "20"
L 11/10/2025 - 21:01:11: Server cvar "mp_autokick" = "1"
L 11/10/2025 - 21:01:11: Server cvar "mp_autokick_timeout" = "-1"
L 11/10/2025 - 21:01:11: Server cvar "mp_autoteambalance" = "1"
L 11/10/2025 - 21:01:11: Server cvar "mp_buy_anywhere" = "0"
L 11/10/2025 - 21:01:11: Server cvar "mp_buytime" = "0.25"
L 11/10/2025 - 21:01:11: Server cvar "mp_c4timer" = "45"
L 11/10/2025 - 21:01:11: Server cvar "mp_chattime" = "10"
L 11/10/2025 - 21:01:11: Server cvar "mp_consistency" = "1"
L 11/10/2025 - 21:01:11: Server cvar "mp_fadetoblack" = "0"
L 11/10/2025 - 21:01:11: Server cvar "mp_falldamage" = "1"
L 11/10/2025 - 21:01:11: Server cvar "mp_flashlight" = "0"
L 11/10/2025 - 21:01:11: Server cvar "mp_footsteps" = "1"
L 11/10/2025 - 21:01:11: Server cvar "mp_forcecamera" = "1"
L 11/10/2025 - 21:01:11: Server cvar "mp_forcechasecam" = "1"
L 11/10/2025 - 21:01:11: Server cvar "mp_forcerespawn" = "0"
L 11/10/2025 - 21:01:11: Server cvar "mp_fraglimit" = "0"
L 11/10/2025 - 21:01:11: Server cvar "mp_fragsleft" = "0"
L 11/10/2025 - 21:01:11: Server cvar "mp_freeforall" = "0"
L 11/10/2025 - 21:01:11: Server cvar "mp_freezetime" = "6"
L 11/10/2025 - 21:01:11: Server cvar "mp_friendlyfire" = "0"
L 11/10/2025 - 21:01:11: Server cvar "mp_give_player_c4" = "1"
L 11/10/2025 - 21:01:11: Server cvar "mp_hostage_hurtable" = "1"
L 11/10/2025 - 21:01:11: Server cvar "mp_hostagepenalty" = "13"
L 11/10/2025 - 21:01:11: Server cvar "mp_infinite_ammo" = "0"
L 11/10/2025 - 21:01:11: Server cvar "mp_infinite_grenades" = "0"
L 11/10/2025 - 21:01:11: Server cvar "mp_item_respawn_time" = "30"
L 11/10/2025 - 21:01:11: Server cvar "mp_item_staytime" = "300"
L 11/10/2025 - 21:01:11: Server cvar "mp_kickpercent" = "0.66"
L 11/10/2025 - 21:01:11: Server cvar "mp_limitteams" = "2"
L 11/10/2025 - 21:01:11: Server cvar "mp_logdetail" = "0"
L 11/10/2025 - 21:01:11: Server cvar "mp_logfile" = "1"
L 11/10/2025 - 21:01:11: Server cvar "mp_logmessages" = "1"
L 11/10/2025 - 21:01:11: Server cvar "mp_mapvoteratio" = "0.66"
L 11/10/2025 - 21:01:11: Server cvar "mp_maxmoney" = "16000"
L 11/10/2025 - 21:01:11: Server cvar "mp_maxrounds" = "0"
L 11/10/2025 - 21:01:11: Server cvar "mp_playerid" = "0"
L 11/10/2025 - 21:01:11: Server cvar "mp_radio_maxinround" = "60"
L 11/10/2025 - 21:01:11: Server cvar "mp_radio_timeout" = "1.5"
L 11/10/2025 - 21:01:11: Server cvar "mp_respawn_immunity_effects" = "1"
L 11/10/2025 - 21:01:11: Server cvar "mp_respawn_immunity_force_unset" = "1"
L 11/10/2025 - 21:01:11: Server cvar "mp_respawn_immunitytime" = "0"
L 11/10/2025 - 21:01:11: Server cvar "mp_round_infinite" = "0"
L 11/10/2025 - 21:01:11: Server cvar "mp_round_restart_delay" = "5"
L 11/10/2025 - 21:01:11: Server cvar "mp_roundover" = "0"
L 11/10/2025 - 21:01:11: Server cvar "mp_roundtime" = "5"
L 11/10/2025 - 21:01:11: Server cvar "mp_scoreboard_showdefkit" = "1"
L 11/10/2025 - 21:01:11: Server cvar "mp_scoreboard_showhealth" = "3"
L 11/10/2025 - 21:01:11: Server cvar "mp_scoreboard_showmoney" = "3"
L 11/10/2025 - 21:01:11: Server cvar "mp_show_scenarioicon" = "0"
L 11/10/2025 - 21:01:11: Server cvar "mp_startmoney" = "800"
L 11/10/2025 - 21:01:11: Server cvar "mp_timeleft" = "19:40"
L 11/10/2025 - 21:01:11: Server cvar "mp_timelimit" = "20"
L 11/10/2025 - 21:01:11: Server cvar "mp_tkpunish" = "0"
L 11/10/2025 - 21:01:11: Server cvar "mp_weapon_respawn_time" = "20"
L 11/10/2025 - 21:01:11: Server cvar "mp_weapons_allow_map_placed" = "1"
L 11/10/2025 - 21:01:11: Server cvar "mp_windifference" = "1"
L 11/10/2025 - 21:01:11: Server cvar "mp_winlimit" = "0"
L 11/10/2025 - 21:01:11: Server cvar "pausable" = "0"
L 11/10/2025 - 21:01:11: Server cvar "resemiclip_version" = "2.4.3"
L 11/10/2025 - 21:01:11: Server cvar "reu_version" = "0.2.0.34"
L 11/10/2025 - 21:01:11: Server cvar "revoice_version" = "0.1.0.34"
L 11/10/2025 - 21:01:11: Server cvar "sv_accelerate" = "5"
L 11/10/2025 - 21:01:11: Server cvar "sv_aim" = "0"
L 11/10/2025 - 21:01:11: Server cvar "sv_airaccelerate" = "10"
L 11/10/2025 - 21:01:11: Server cvar "sv_allow_autoaim" = "1"
L 11/10/2025 - 21:01:11: Server cvar "sv_allowupload" = "1"
L 11/10/2025 - 21:01:11: Server cvar "sv_alltalk" = "0"
L 11/10/2025 - 21:01:11: Server cvar "sv_bounce" = "1"
L 11/10/2025 - 21:01:11: Server cvar "sv_cheats" = "0"
L 11/10/2025 - 21:01:11: Server cvar "sv_clienttrace" = "1"
L 11/10/2025 - 21:01:11: Server cvar "sv_contact" = ""
L 11/10/2025 - 21:01:11: Server cvar "sv_friction" = "4"
L 11/10/2025 - 21:01:11: Server cvar "sv_gravity" = "800"
L 11/10/2025 - 21:01:11: Server cvar "sv_logblocks" = "0"
L 11/10/2025 - 21:01:11: Server cvar "sv_maxrate" = "250000"
L 11/10/2025 - 21:01:11: Server cvar "sv_maxspeed" = "900"
L 11/10/2025 - 21:01:11: Server cvar "sv_minrate" = "25000"
L 11/10/2025 - 21:01:11: Server cvar "sv_password" = ""
L 11/10/2025 - 21:01:11: Server cvar "sv_proxies" = "1"
L 11/10/2025 - 21:01:11: Server cvar "sv_restart" = "0"
L 11/10/2025 - 21:01:11: Server cvar "sv_restartround" = "0"
L 11/10/2025 - 21:01:11: Server cvar "sv_stepsize" = "18"
L 11/10/2025 - 21:01:11: Server cvar "sv_stopspeed" = "75"
L 11/10/2025 - 21:01:11: Server cvar "sv_uploadmax" = "7.77"
L 11/10/2025 - 21:01:11: Server cvar "sv_version" = "1.1.2.7/Stdio,48,4002"
L 11/10/2025 - 21:01:11: Server cvar "sv_voiceenable" = "1"
L 11/10/2025 - 21:01:11: Server cvar "sv_wateraccelerate" = "10"
L 11/10/2025 - 21:01:11: Server cvar "sv_waterfriction" = "1"
L 11/10/2025 - 21:01:11: Server cvars end
L 11/10/2025 - 21:01:12: Server cvar "amx_nextmap" = "de_aztec"
L 11/10/2025 - 21:01:12: Started map "de_dust2" (CRC "1159425449")
L 11/10/2025 - 21:01:15: "Ｃｙｂｅｒ’Fｏχ<1><STEAM_0:1:97036452><>" entered the game
L 11/10/2025 - 21:01:19: World triggered "Round_Start"
L 11/10/2025 - 21:01:50: "Ｃｙｂｅｒ’Fｏχ<1><STEAM_0:1:97036452><>" joined team "TERRORIST"
L 11/10/2025 - 21:01:50: "Ｃｙｂｅｒ’Fｏχ<1><STEAM_0:1:97036452><TERRORIST>" triggered "Spawned_With_The_Bomb"
L 11/10/2025 - 21:02:00: Kick: "Ｃｙｂｅｒ’Fｏχ<1><STEAM_0:1:97036452><>" was kicked by "Console"
L 11/10/2025 - 21:02:00: "Ｃｙｂｅｒ’Fｏχ<1><STEAM_0:1:97036452><TERRORIST>" triggered "Dropped_The_Bomb"
L 11/10/2025 - 21:02:00: "Ｃｙｂｅｒ’Fｏχ<1><STEAM_0:1:97036452><TERRORIST>" disconnected
L 11/10/2025 - 21:02:00: World triggered "Round_Draw" (CT "0") (T "0")
L 11/10/2025 - 21:02:00: World triggered "Round_End"
L 11/10/2025 - 21:02:03: "Ｃｙｂｅｒ’Fｏχ<3><STEAM_0:1:97036452><>" connected, address "79.235.170.155:27005"
L 11/10/2025 - 21:02:04: "Ｃｙｂｅｒ’Fｏχ<3><STEAM_0:1:97036452><>" STEAM USERID validated
L 11/10/2025 - 21:02:05: "Ｃｙｂｅｒ’Fｏχ<3><STEAM_0:1:97036452><>" entered the game
L 11/10/2025 - 21:02:07: "Ｃｙｂｅｒ’Fｏχ<3><STEAM_0:1:97036452><>" joined team "TERRORIST"
L 11/10/2025 - 21:02:07: "Ｃｙｂｅｒ’Fｏχ<3><STEAM_0:1:97036452><TERRORIST>" triggered "Spawned_With_The_Bomb"
L 11/10/2025 - 21:02:11: World triggered "Round_Start"
L 11/10/2025 - 21:03:41: "Ｃｙｂｅｒ’Fｏχ<3><STEAM_0:1:97036452><TERRORIST>" committed suicide with "world"
L 11/10/2025 - 21:03:41: World triggered "Round_Draw" (CT "0") (T "0")
L 11/10/2025 - 21:03:41: World triggered "Round_End"
L 11/10/2025 - 21:03:41: Server cvar "mp_limitteams" = "0"
L 11/10/2025 - 21:03:41: Server cvar "mp_limitteams" = "2"
L 11/10/2025 - 21:03:46: "Ｃｙｂｅｒ’Fｏχ<3><STEAM_0:1:97036452><TERRORIST>" triggered "Spawned_With_The_Bomb"
L 11/10/2025 - 21:03:47: "Ｃｙｂｅｒ’Fｏχ<3><STEAM_0:1:97036452><TERRORIST>" committed suicide with "world"
L 11/10/2025 - 21:03:47: World triggered "Round_Draw" (CT "0") (T "0")
L 11/10/2025 - 21:03:47: World triggered "Round_End"
L 11/10/2025 - 21:03:47: "Ｃｙｂｅｒ’Fｏχ<3><STEAM_0:1:97036452><TERRORIST>" joined team "CT"
L 11/10/2025 - 21:03:58: World triggered "Round_Start"
L 11/10/2025 - 21:03:59: Server cvar "mp_limitteams" = "0"
L 11/10/2025 - 21:03:59: "Ｃｙｂｅｒ’Fｏχ<3><STEAM_0:1:97036452><CT>" committed suicide with "world"
L 11/10/2025 - 21:03:59: World triggered "Round_Draw" (CT "0") (T "0")
L 11/10/2025 - 21:03:59: World triggered "Round_End"
L 11/10/2025 - 21:03:59: "Ｃｙｂｅｒ’Fｏχ<3><STEAM_0:1:97036452><CT>" joined team "TERRORIST"
L 11/10/2025 - 21:03:59: Server cvar "mp_limitteams" = "2"
L 11/10/2025 - 21:04:04: "Ｃｙｂｅｒ’Fｏχ<3><STEAM_0:1:97036452><TERRORIST>" triggered "Spawned_With_The_Bomb"
L 11/10/2025 - 21:04:06: "Ｃｙｂｅｒ’Fｏχ<3><STEAM_0:1:97036452><TERRORIST>" committed suicide with "world"
L 11/10/2025 - 21:04:06: World triggered "Round_Draw" (CT "0") (T "0")
L 11/10/2025 - 21:04:06: World triggered "Round_End"
L 11/10/2025 - 21:04:06: Server cvar "mp_limitteams" = "0"
L 11/10/2025 - 21:04:06: "Ｃｙｂｅｒ’Fｏχ<3><STEAM_0:1:97036452><TERRORIST>" joined team "CT"
L 11/10/2025 - 21:04:06: Server cvar "mp_limitteams" = "2"
L 11/10/2025 - 21:04:10: World triggered "Round_Start"
L 11/10/2025 - 21:04:17: World triggered "Round_Start"
L 11/10/2025 - 21:04:24: Server cvar "pausable" = "1.000000"
L 11/10/2025 - 21:04:24: Server cvar "pausable" = "0.000000"
L 11/10/2025 - 21:04:26: Server cvar "pausable" = "1.000000"
L 11/10/2025 - 21:04:26: Server cvar "pausable" = "0.000000"
L 11/10/2025 - 21:04:27: Server cvar "sv_restartround" = "1"
L 11/10/2025 - 21:04:28: World triggered "Restart_Round_(1_second)"
L 11/10/2025 - 21:04:28: Team "CT" scored "0" with "1" players
L 11/10/2025 - 21:04:28: Team "TERRORIST" scored "0" with "0" players
L 11/10/2025 - 21:04:28: Server cvar "sv_restartround" = "0"
L 11/10/2025 - 21:04:35: World triggered "Round_Start"
L 11/10/2025 - 21:04:41: Server cvar "pausable" = "0"
L 11/10/2025 - 21:04:42: Server cvar "pausable" = "1"
L 11/10/2025 - 21:04:43: Server cvar "pausable" = "0"
L 11/10/2025 - 21:04:43: Server cvar "pausable" = "1"
L 11/10/2025 - 21:04:44: Server cvar "pausable" = "0"
L 11/10/2025 - 21:04:49: Server cvar "mp_timelimit" = "5"
L 11/10/2025 - 21:04:49: Server cvar "mp_timelimit" = "10"
L 11/10/2025 - 21:04:50: Server cvar "mp_timelimit" = "15"
L 11/10/2025 - 21:04:51: Server cvar "mp_timelimit" = "20"
L 11/10/2025 - 21:04:55: Server cvar "mp_chattime" = "0"
L 11/10/2025 - 21:04:56: Server cvar "mp_chattime" = "1"
L 11/10/2025 - 21:04:56: Server cvar "mp_chattime" = "3"
L 11/10/2025 - 21:04:56: Server cvar "mp_chattime" = "0"
L 11/10/2025 - 21:04:56: Server cvar "mp_chattime" = "1"
L 11/10/2025 - 21:04:57: Server cvar "mp_chattime" = "3"
L 11/10/2025 - 21:04:57: Server cvar "mp_chattime" = "0"
L 11/10/2025 - 21:04:57: Server cvar "mp_chattime" = "1"
L 11/10/2025 - 21:04:58: Server cvar "mp_chattime" = "3"
L 11/10/2025 - 21:05:02: "Ｃｙｂｅｒ’Fｏχ<3><STEAM_0:1:97036452><CT>" say "H e a d s h o T"
L 11/10/2025 - 21:05:03: Server cvar "mp_chattime" = "0"
L 11/10/2025 - 21:05:04: Server cvar "mp_chattime" = "1"
L 11/10/2025 - 21:05:04: Server cvar "mp_chattime" = "3"
L 11/10/2025 - 21:05:05: Server cvar "mp_chattime" = "0"
L 11/10/2025 - 21:05:24: Server cvar "mp_friendlyfire" = "1"
L 11/10/2025 - 21:05:25: Server cvar "mp_friendlyfire" = "0"
L 11/10/2025 - 21:05:26: Server cvar "mp_friendlyfire" = "1"
L 11/10/2025 - 21:05:27: Server cvar "mp_limitteams" = "0"
L 11/10/2025 - 21:05:31: Server cvar "mp_autoteambalance" = "2"
L 11/10/2025 - 21:05:31: Server cvar "mp_autoteambalance" = "0"
L 11/10/2025 - 21:05:40: Server cvar "mp_freezetime" = "0"
L 11/10/2025 - 21:05:40: Server cvar "mp_freezetime" = "1"
L 11/10/2025 - 21:05:40: Server cvar "mp_freezetime" = "2"
L 11/10/2025 - 21:05:41: Server cvar "mp_freezetime" = "3"
L 11/10/2025 - 21:05:41: Server cvar "mp_freezetime" = "0"
L 11/10/2025 - 21:05:42: Server cvar "mp_buytime" = "0.2"
L 11/10/2025 - 21:05:43: Server cvar "mp_buytime" = "0.5"
L 11/10/2025 - 21:05:43: Server cvar "mp_buytime" = "1"
L 11/10/2025 - 21:05:44: Server cvar "mp_buytime" = "1."
L 11/10/2025 - 21:05:44: Server cvar "mp_buytime" = "0.2"
L 11/10/2025 - 21:05:44: Server cvar "mp_buytime" = "0.5"
L 11/10/2025 - 21:05:44: Server cvar "mp_buytime" = "1"
L 11/10/2025 - 21:05:44: Server cvar "mp_buytime" = "1."
L 11/10/2025 - 21:05:45: Server cvar "mp_buytime" = "0.2"
L 11/10/2025 - 21:05:45: Server cvar "mp_buytime" = "0.5"
L 11/10/2025 - 21:05:46: Server cvar "mp_buytime" = "1"
L 11/10/2025 - 21:05:51: Server cvar "mp_c4timer" = "30"
L 11/10/2025 - 21:05:51: Server cvar "mp_c4timer" = "35"
L 11/10/2025 - 21:05:51: Server cvar "mp_c4timer" = "40"
L 11/10/2025 - 21:05:51: Server cvar "mp_c4timer" = "45"
L 11/10/2025 - 21:05:52: Server cvar "mp_c4timer" = "30"
L 11/10/2025 - 21:07:32: "Ｃｙｂｅｒ’Fｏχ<3><STEAM_0:1:97036452><CT>" say_team "weapon: usp, ammo: 12/24, health: 100, armor: 0"
L 11/10/2025 - 21:07:43: "Ｃｙｂｅｒ’Fｏχ<3><STEAM_0:1:97036452><CT>" say "/rankstats"
L 11/10/2025 - 21:07:46: "Ｃｙｂｅｒ’Fｏχ<3><STEAM_0:1:97036452><CT>" say "/stats"
L 11/10/2025 - 21:09:35: Team "CT" triggered "Target_Saved" (CT "0") (T "0")
L 11/10/2025 - 21:09:35: World triggered "Round_End"
L 11/10/2025 - 21:09:40: World triggered "Round_Start"
L 11/10/2025 - 21:10:50: "Ｃｙｂｅｒ’Fｏχ<3><STEAM_0:1:97036452><CT>" say "StatsX"
L 11/10/2025 - 21:10:55: "Ｃｙｂｅｒ’Fｏχ<3><STEAM_0:1:97036452><CT>" say "!StatsX"
L 11/10/2025 - 21:11:06: "Ｃｙｂｅｒ’Fｏχ<3><STEAM_0:1:97036452><CT>" say "timeleft"
L 11/10/2025 - 21:11:41: "Ｃｙｂｅｒ’Fｏχ<3><STEAM_0:1:97036452><CT>" say "!cancel"
L 11/10/2025 - 21:11:54: [META] ini: Begin re-reading plugins list: c:/~dl/sonstz/gameshit/cs 1.6 shit/cs1.6 server/server/cstrike/addons/metamod/plugins.ini
L 11/10/2025 - 21:11:54: [META] ini: Read plugin config for: AMX Mod X
L 11/10/2025 - 21:11:54: [META] ini: Read plugin config for: Reunion
L 11/10/2025 - 21:11:54: [META] ini: Read plugin config for: Revoice
L 11/10/2025 - 21:11:54: [META] ini: Read plugin config for: Rechecker
L 11/10/2025 - 21:11:54: [META] ini: Read plugin config for: ReSemiclip
L 11/10/2025 - 21:11:54: [META] ini: Read plugin config for: HitBox Fix
L 11/10/2025 - 21:11:54: [META] ini: Finished reading plugins list: c:/~dl/sonstz/gameshit/cs 1.6 shit/cs1.6 server/server/cstrike/addons/metamod/plugins.ini; Found 6 plugins
L 11/10/2025 - 21:11:54: [META] dll: Updating plugins...
L 11/10/2025 - 21:11:54: [META] dll: Finished updating 10 plugins; kept 6, loaded 0, unloaded 0, reloaded 0, delayed 0
L 11/10/2025 - 21:11:54: [META] dll: Rebuilding callbacks...
L 11/10/2025 - 21:11:54: [META] dll: Callbacks rebuilded.
L 11/10/2025 - 21:11:54: "Ｃｙｂｅｒ’Fｏχ<3><STEAM_0:1:97036452><CT>" disconnected
L 11/10/2025 - 21:11:54: World triggered "Round_Draw" (CT "0") (T "0")
L 11/10/2025 - 21:11:54: World triggered "Round_End"
L 11/10/2025 - 21:11:54: Log file closed
