L 11/10/2025 - 22:33:11: Log file started (file "logs\L1110051.log") (game "cstrike") (version "48/1.1.2.7/Stdio/4002")
L 11/10/2025 - 22:33:11: Server cvar "sv_uploadmax" = "7.77"
L 11/10/2025 - 22:33:11: Server cvar "decalfrequency" = "3"
L 11/10/2025 - 22:33:11: Server cvar "sv_maxrate" = "250000"
L 11/10/2025 - 22:33:11: Server cvar "sv_minrate" = "25000"
L 11/10/2025 - 22:33:11: Server cvar "sv_alltalk" = "1"
L 11/10/2025 - 22:33:11: Server cvar "sv_aim" = "0"
L 11/10/2025 - 22:33:11: Server cvar "sv_maxspeed" = "320"
L 11/10/2025 - 22:33:11: Server cvar "mp_timelimit" = "15"
L 11/10/2025 - 22:33:11: Server cvar "mp_forcechasecam" = "1"
L 11/10/2025 - 22:33:11: Server cvar "mp_forcecamera" = "1"
L 11/10/2025 - 22:33:16: "[SMUT]DarkDruid<1><STEAM_0:1:8960512><>" entered the game
L 11/10/2025 - 22:33:16: "[SMUT]DarkDruid<1><STEAM_0:1:8960512><>" joined team "CT"
L 11/10/2025 - 22:33:16: "Tator<2><STEAM_0:1:13563904><>" entered the game
L 11/10/2025 - 22:33:16: "Tator<2><STEAM_0:1:13563904><>" joined team "TERRORIST"
L 11/10/2025 - 22:33:16: World triggered "Game_Commencing"
L 11/10/2025 - 22:33:16: World triggered "Game_Commencing" (CT "0") (T "0")
L 11/10/2025 - 22:33:16: World triggered "Round_End"
L 11/10/2025 - 22:33:19: "Ｃｙｂｅｒ’Fｏχ<3><STEAM_0:1:97036452><>" connected, address "79.235.170.155:27005"
L 11/10/2025 - 22:33:19: "Tator<2><STEAM_0:1:13563904><TERRORIST>" triggered "Spawned_With_The_Bomb"
L 11/10/2025 - 22:33:19: "Ｃｙｂｅｒ’Fｏχ<3><STEAM_0:1:97036452><>" STEAM USERID validated
L 11/10/2025 - 22:33:21: "Ｃｙｂｅｒ’Fｏχ<3><STEAM_0:1:97036452><>" entered the game
L 11/10/2025 - 22:33:23: "Ｃｙｂｅｒ’Fｏχ<3><STEAM_0:1:97036452><>" joined team "TERRORIST"
L 11/10/2025 - 22:33:23: Kick: "Tator<2><><>" was kicked by "Console"
L 11/10/2025 - 22:33:23: "Tator<2><BOT><TERRORIST>" triggered "Dropped_The_Bomb"
L 11/10/2025 - 22:33:23: "Tator<2><BOT><TERRORIST>" disconnected
L 11/10/2025 - 22:33:25: World triggered "Round_Start"
L 11/10/2025 - 22:33:30: "Ｃｙｂｅｒ’Fｏχ<3><STEAM_0:1:97036452><TERRORIST>" triggered "Got_The_Bomb"
L 11/10/2025 - 22:33:48: "Ｃｙｂｅｒ’Fｏχ<3><STEAM_0:1:97036452><TERRORIST>" killed "[SMUT]DarkDruid<1><STEAM_0:1:8960512><CT>" with "glock18"
L 11/10/2025 - 22:33:48: Team "TERRORIST" triggered "Terrorists_Win" (CT "0") (T "1")
L 11/10/2025 - 22:33:48: World triggered "Round_End"
L 11/10/2025 - 22:33:50: "[SMUT]DarkDruid<1><STEAM_0:1:8960512><CT>" say "That looked painful." (dead)
L 11/10/2025 - 22:33:53: "Ｃｙｂｅｒ’Fｏχ<3><STEAM_0:1:97036452><TERRORIST>" triggered "Spawned_With_The_Bomb"
L 11/10/2025 - 22:33:59: World triggered "Round_Start"
L 11/10/2025 - 22:34:22: "Ｃｙｂｅｒ’Fｏχ<3><STEAM_0:1:97036452><TERRORIST>" triggered "Planted_The_Bomb"
L 11/10/2025 - 22:34:22: "[SMUT]DarkDruid<1><STEAM_0:1:8960512><CT>" say "Come on Ｃｙｂｅｒ’Fｏχ, let's search the bomb!"
L 11/10/2025 - 22:34:27: "Ｃｙｂｅｒ’Fｏχ<3><STEAM_0:1:97036452><TERRORIST>" killed "[SMUT]DarkDruid<1><STEAM_0:1:8960512><CT>" with "ak47"
L 11/10/2025 - 22:34:27: Team "TERRORIST" triggered "Terrorists_Win" (CT "0") (T "2")
L 11/10/2025 - 22:34:27: World triggered "Round_End"
L 11/10/2025 - 22:34:32: "Ｃｙｂｅｒ’Fｏχ<3><STEAM_0:1:97036452><TERRORIST>" triggered "Spawned_With_The_Bomb"
L 11/10/2025 - 22:34:38: World triggered "Round_Start"
L 11/10/2025 - 22:34:41: "Ｃｙｂｅｒ’Fｏχ<3><STEAM_0:1:97036452><TERRORIST>" committed suicide with "world"
L 11/10/2025 - 22:34:41: Team "CT" triggered "CTs_Win" (CT "1") (T "2")
L 11/10/2025 - 22:34:41: World triggered "Round_End"
L 11/10/2025 - 22:34:45: Server cvar "mp_limitteams" = "0"
L 11/10/2025 - 22:34:45: Server cvar "mp_limitteams" = "2"
L 11/10/2025 - 22:34:48: "[SMUT]DarkDruid<1><STEAM_0:1:8960512><CT>" committed suicide with "mp5navy" (world)
L 11/10/2025 - 22:34:48: World triggered "Round_Draw" (CT "1") (T "2")
L 11/10/2025 - 22:34:48: World triggered "Round_End"
L 11/10/2025 - 22:34:51: "Ｃｙｂｅｒ’Fｏχ<3><STEAM_0:1:97036452><SPECTATOR>" joined team "TERRORIST"
L 11/10/2025 - 22:34:52: World triggered "Round_Start"
L 11/10/2025 - 22:34:53: "Ｃｙｂｅｒ’Fｏχ<3><STEAM_0:1:97036452><TERRORIST>" triggered "Spawned_With_The_Bomb"
L 11/10/2025 - 22:34:59: World triggered "Round_Start"
L 11/10/2025 - 22:35:16: "Ｃｙｂｅｒ’Fｏχ<3><STEAM_0:1:97036452><CT>" committed suicide with "world"
L 11/10/2025 - 22:35:16: "Ｃｙｂｅｒ’Fｏχ<3><STEAM_0:1:97036452><TERRORIST>" triggered "Dropped_The_Bomb"
L 11/10/2025 - 22:35:17: "[SMUT]DarkDruid<1><STEAM_0:1:8960512><CT>" committed suicide with "m4a1" (world)
L 11/10/2025 - 22:35:17: World triggered "Round_Draw" (CT "1") (T "2")
L 11/10/2025 - 22:35:17: World triggered "Round_End"
L 11/10/2025 - 22:35:17: "[SMUT]DarkDruid<1><STEAM_0:1:8960512><CT>" say "I'm having a bad day" (dead)
L 11/10/2025 - 22:35:24: "[SMUT]DarkDruid<1><STEAM_0:1:8960512><CT>" committed suicide with "usp" (world)
L 11/10/2025 - 22:35:24: World triggered "Round_Draw" (CT "1") (T "2")
L 11/10/2025 - 22:35:24: World triggered "Round_End"
L 11/10/2025 - 22:35:28: World triggered "Round_Start"
L 11/10/2025 - 22:35:30: "[SMUT]DarkDruid<1><STEAM_0:1:8960512><CT>" committed suicide with "usp" (world)
L 11/10/2025 - 22:35:30: World triggered "Round_Draw" (CT "1") (T "2")
L 11/10/2025 - 22:35:30: World triggered "Round_End"
L 11/10/2025 - 22:35:31: "Ｃｙｂｅｒ’Fｏχ<3><STEAM_0:1:97036452><SPECTATOR>" joined team "TERRORIST"
L 11/10/2025 - 22:35:35: World triggered "Round_Start"
L 11/10/2025 - 22:35:35: "Ｃｙｂｅｒ’Fｏχ<3><STEAM_0:1:97036452><TERRORIST>" triggered "Spawned_With_The_Bomb"
L 11/10/2025 - 22:35:37: "Ｃｙｂｅｒ’Fｏχ<3><STEAM_0:1:97036452><TERRORIST>" committed suicide with "world"
L 11/10/2025 - 22:35:37: World triggered "Game_Commencing"
L 11/10/2025 - 22:35:37: World triggered "Game_Commencing" (CT "1") (T "2")
L 11/10/2025 - 22:35:37: World triggered "Round_End"
L 11/10/2025 - 22:35:38: "[SMUT]DarkDruid<1><STEAM_0:1:8960512><CT>" committed suicide with "usp" (world)
L 11/10/2025 - 22:35:39: "Ｃｙｂｅｒ’Fｏχ<3><STEAM_0:1:97036452><TERRORIST>" joined team "SPECTATOR"
L 11/10/2025 - 22:35:40: "Dori<4><STEAM_0:1:10590720><>" entered the game
L 11/10/2025 - 22:35:40: "Dori<4><STEAM_0:1:10590720><>" joined team "TERRORIST"
L 11/10/2025 - 22:35:40: "Dori<4><STEAM_0:1:10590720><TERRORIST>" triggered "Spawned_With_The_Bomb"
L 11/10/2025 - 22:35:46: World triggered "Round_Start"
L 11/10/2025 - 22:36:03: "[SMUT]DarkDruid<1><STEAM_0:1:8960512><CT>" killed "Dori<4><STEAM_0:1:10590720><TERRORIST>" with "deagle"
L 11/10/2025 - 22:36:03: Team "CT" triggered "CTs_Win" (CT "1") (T "0")
L 11/10/2025 - 22:36:03: World triggered "Round_End"
L 11/10/2025 - 22:36:08: "Dori<4><STEAM_0:1:10590720><TERRORIST>" triggered "Spawned_With_The_Bomb"
L 11/10/2025 - 22:36:14: World triggered "Round_Start"
L 11/10/2025 - 22:36:46: "Dori<4><STEAM_0:1:10590720><TERRORIST>" triggered "Planted_The_Bomb"
L 11/10/2025 - 22:36:46: "[SMUT]DarkDruid<1><STEAM_0:1:8960512><CT>" say "...And my Heart goes boooom *grin*"
L 11/10/2025 - 22:36:50: "[SMUT]DarkDruid<1><STEAM_0:1:8960512><CT>" killed "Dori<4><STEAM_0:1:10590720><TERRORIST>" with "m4a1"
L 11/10/2025 - 22:36:55: "[SMUT]DarkDruid<1><STEAM_0:1:8960512><CT>" triggered "Begin_Bomb_Defuse_With_Kit"
L 11/10/2025 - 22:37:00: "[SMUT]DarkDruid<1><STEAM_0:1:8960512><CT>" triggered "Defused_The_Bomb"
L 11/10/2025 - 22:37:00: Team "CT" triggered "Bomb_Defused" (CT "2") (T "0")
L 11/10/2025 - 22:37:00: World triggered "Round_End"
L 11/10/2025 - 22:37:01: "Dori<4><STEAM_0:1:10590720><TERRORIST>" say "Huh? WTF?" (dead)
L 11/10/2025 - 22:37:05: "Dori<4><STEAM_0:1:10590720><TERRORIST>" triggered "Spawned_With_The_Bomb"
L 11/10/2025 - 22:37:11: World triggered "Round_Start"
L 11/10/2025 - 22:37:39: "Dori<4><STEAM_0:1:10590720><TERRORIST>" triggered "Planted_The_Bomb"
L 11/10/2025 - 22:37:39: "[SMUT]DarkDruid<1><STEAM_0:1:8960512><CT>" say "...And my Heart goes boooom *grin*"
L 11/10/2025 - 22:37:59: "Dori<4><STEAM_0:1:10590720><TERRORIST>" killed "[SMUT]DarkDruid<1><STEAM_0:1:8960512><CT>" with "ak47"
L 11/10/2025 - 22:37:59: Team "TERRORIST" triggered "Terrorists_Win" (CT "2") (T "1")
L 11/10/2025 - 22:37:59: World triggered "Round_End"
L 11/10/2025 - 22:38:04: "Dori<4><STEAM_0:1:10590720><TERRORIST>" triggered "Spawned_With_The_Bomb"
L 11/10/2025 - 22:38:09: "Natursekt-Kaviar Feinschmecker<5><STEAM_0:0:136318348><>" connected, address "87.123.240.103:28682"
L 11/10/2025 - 22:38:10: "Natursekt-Kaviar Feinschmecker<5><STEAM_0:0:136318348><>" STEAM USERID validated
L 11/10/2025 - 22:38:10: World triggered "Round_Start"
L 11/10/2025 - 22:38:12: "Natursekt-Kaviar Feinschmecker<5><STEAM_0:0:136318348><>" entered the game
L 11/10/2025 - 22:38:15: "Natursekt-Kaviar Feinschmecker<5><STEAM_0:0:136318348><>" joined team "TERRORIST"
L 11/10/2025 - 22:38:15: Kick: "Dori<4><><>" was kicked by "Console"
L 11/10/2025 - 22:38:15: "Dori<4><BOT><TERRORIST>" triggered "Dropped_The_Bomb"
L 11/10/2025 - 22:38:15: "Dori<4><BOT><TERRORIST>" disconnected
L 11/10/2025 - 22:38:15: World triggered "Game_Commencing"
L 11/10/2025 - 22:38:15: World triggered "Game_Commencing" (CT "2") (T "1")
L 11/10/2025 - 22:38:15: World triggered "Round_End"
L 11/10/2025 - 22:38:16: "[SMUT]DarkDruid<1><STEAM_0:1:8960512><CT>" committed suicide with "mp5navy" (world)
L 11/10/2025 - 22:38:18: "Natursekt-Kaviar Feinschmecker<5><STEAM_0:0:136318348><TERRORIST>" triggered "Spawned_With_The_Bomb"
L 11/10/2025 - 22:38:24: World triggered "Round_Start"
L 11/10/2025 - 22:38:52: "Natursekt-Kaviar Feinschmecker<5><STEAM_0:0:136318348><TERRORIST>" triggered "Planted_The_Bomb"
L 11/10/2025 - 22:38:52: "[SMUT]DarkDruid<1><STEAM_0:1:8960512><CT>" say "...And my Heart goes boooom *grin*"
L 11/10/2025 - 22:39:27: "Natursekt-Kaviar Feinschmecker<5><STEAM_0:0:136318348><TERRORIST>" triggered "weaponstats" (weapon "deagle") (shots "2") (hits "0") (kills "0") (headshots "0") (tks "0") (damage "0") (deaths "0")
L 11/10/2025 - 22:39:27: "Natursekt-Kaviar Feinschmecker<5><STEAM_0:0:136318348><TERRORIST>" triggered "weaponstats2" (weapon "deagle") (head "0") (chest "0") (stomach "0") (leftarm "0") (rightarm "0") (leftleg "0") (rightleg "0")
L 11/10/2025 - 22:39:27: "Natursekt-Kaviar Feinschmecker<5><STEAM_0:0:136318348><TERRORIST>" triggered "time" (time "1:15")
L 11/10/2025 - 22:39:27: "Natursekt-Kaviar Feinschmecker<5><STEAM_0:0:136318348><TERRORIST>" triggered "latency" (ping "24")
L 11/10/2025 - 22:39:27: "Natursekt-Kaviar Feinschmecker<5><STEAM_0:0:136318348><TERRORIST>" disconnected
L 11/10/2025 - 22:39:27: "Smok3<6><STEAM_0:1:12722944><>" entered the game
L 11/10/2025 - 22:39:27: "Smok3<6><STEAM_0:1:12722944><>" joined team "TERRORIST"
L 11/10/2025 - 22:39:27: World triggered "Game_Commencing"
L 11/10/2025 - 22:39:27: World triggered "Game_Commencing" (CT "0") (T "0")
L 11/10/2025 - 22:39:27: World triggered "Round_End"
L 11/10/2025 - 22:39:30: "Smok3<6><STEAM_0:1:12722944><TERRORIST>" triggered "Spawned_With_The_Bomb"
L 11/10/2025 - 22:39:36: World triggered "Round_Start"
L 11/10/2025 - 22:40:07: "Smok3<6><STEAM_0:1:12722944><TERRORIST>" triggered "Planted_The_Bomb"
L 11/10/2025 - 22:40:07: "[SMUT]DarkDruid<1><STEAM_0:1:8960512><CT>" say "Come on Smok3, let's search the bomb!"
L 11/10/2025 - 22:40:38: "Smok3<6><STEAM_0:1:12722944><TERRORIST>" killed "[SMUT]DarkDruid<1><STEAM_0:1:8960512><CT>" with "usp"
L 11/10/2025 - 22:40:38: Team "TERRORIST" triggered "Terrorists_Win" (CT "0") (T "1")
L 11/10/2025 - 22:40:38: World triggered "Round_End"
L 11/10/2025 - 22:40:39: "[SMUT]DarkDruid<1><STEAM_0:1:8960512><CT>" say "I'm sure that Guy used an Aimbot!" (dead)
L 11/10/2025 - 22:40:43: "Smok3<6><STEAM_0:1:12722944><TERRORIST>" triggered "Spawned_With_The_Bomb"
L 11/10/2025 - 22:40:49: World triggered "Round_Start"
L 11/10/2025 - 22:41:25: "Smok3<6><STEAM_0:1:12722944><TERRORIST>" triggered "Planted_The_Bomb"
L 11/10/2025 - 22:41:25: "[SMUT]DarkDruid<1><STEAM_0:1:8960512><CT>" say "..And my Heart goes boooom *grin**"
L 11/10/2025 - 22:41:35: "Smok3<6><STEAM_0:1:12722944><TERRORIST>" killed "[SMUT]DarkDruid<1><STEAM_0:1:8960512><CT>" with "ak47"
L 11/10/2025 - 22:41:35: Team "TERRORIST" triggered "Terrorists_Win" (CT "0") (T "2")
L 11/10/2025 - 22:41:35: World triggered "Round_End"
L 11/10/2025 - 22:41:40: "Smok3<6><STEAM_0:1:12722944><TERRORIST>" triggered "Spawned_With_The_Bomb"
L 11/10/2025 - 22:41:46: World triggered "Round_Start"
L 11/10/2025 - 22:42:11: "Smok3<6><STEAM_0:1:12722944><TERRORIST>" triggered "Planted_The_Bomb"
L 11/10/2025 - 22:42:11: "[SMUT]DarkDruid<1><STEAM_0:1:8960512><CT>" say "Sy, is it the red or the blue wire??"
L 11/10/2025 - 22:42:31: "Smok3<6><STEAM_0:1:12722944><TERRORIST>" killed "[SMUT]DarkDruid<1><STEAM_0:1:8960512><CT>" with "ak47"
L 11/10/2025 - 22:42:31: Team "TERRORIST" triggered "Terrorists_Win" (CT "0") (T "3")
L 11/10/2025 - 22:42:31: World triggered "Round_End"
L 11/10/2025 - 22:42:33: "[SMUT]DarkDruid<1><STEAM_0:1:8960512><CT>" say "I really should go to bed now." (dead)
L 11/10/2025 - 22:42:36: "Smok3<6><STEAM_0:1:12722944><TERRORIST>" triggered "Spawned_With_The_Bomb"
L 11/10/2025 - 22:42:42: World triggered "Round_Start"
L 11/10/2025 - 22:42:46: "Ｃｙｂｅｒ’Fｏχ<3><STEAM_0:1:97036452><SPECTATOR>" triggered "weaponstats" (weapon "grenade") (shots "1") (hits "0") (kills "0") (headshots "0") (tks "0") (damage "0") (deaths "0")
L 11/10/2025 - 22:42:46: "Ｃｙｂｅｒ’Fｏχ<3><STEAM_0:1:97036452><SPECTATOR>" triggered "weaponstats2" (weapon "grenade") (head "0") (chest "0") (stomach "0") (leftarm "0") (rightarm "0") (leftleg "0") (rightleg "0")
L 11/10/2025 - 22:42:46: "Ｃｙｂｅｒ’Fｏχ<3><STEAM_0:1:97036452><SPECTATOR>" triggered "weaponstats" (weapon "usp") (shots "1") (hits "0") (kills "0") (headshots "0") (tks "0") (damage "0") (deaths "0")
L 11/10/2025 - 22:42:46: "Ｃｙｂｅｒ’Fｏχ<3><STEAM_0:1:97036452><SPECTATOR>" triggered "weaponstats2" (weapon "usp") (head "0") (chest "0") (stomach "0") (leftarm "0") (rightarm "0") (leftleg "0") (rightleg "0")
L 11/10/2025 - 22:42:46: "Ｃｙｂｅｒ’Fｏχ<3><STEAM_0:1:97036452><SPECTATOR>" triggered "weaponstats" (weapon "glock18") (shots "7") (hits "0") (kills "0") (headshots "0") (tks "0") (damage "0") (deaths "0")
L 11/10/2025 - 22:42:46: "Ｃｙｂｅｒ’Fｏχ<3><STEAM_0:1:97036452><SPECTATOR>" triggered "weaponstats2" (weapon "glock18") (head "0") (chest "0") (stomach "0") (leftarm "0") (rightarm "0") (leftleg "0") (rightleg "0")
L 11/10/2025 - 22:42:46: "Ｃｙｂｅｒ’Fｏχ<3><STEAM_0:1:97036452><SPECTATOR>" triggered "weaponstats" (weapon "ak47") (shots "10") (hits "0") (kills "0") (headshots "0") (tks "0") (damage "0") (deaths "0")
L 11/10/2025 - 22:42:46: "Ｃｙｂｅｒ’Fｏχ<3><STEAM_0:1:97036452><SPECTATOR>" triggered "weaponstats2" (weapon "ak47") (head "0") (chest "0") (stomach "0") (leftarm "0") (rightarm "0") (leftleg "0") (rightleg "0")
L 11/10/2025 - 22:42:46: "Ｃｙｂｅｒ’Fｏχ<3><STEAM_0:1:97036452><SPECTATOR>" triggered "weaponstats" (weapon "knife") (shots "2") (hits "0") (kills "0") (headshots "0") (tks "0") (damage "0") (deaths "0")
L 11/10/2025 - 22:42:46: "Ｃｙｂｅｒ’Fｏχ<3><STEAM_0:1:97036452><SPECTATOR>" triggered "weaponstats2" (weapon "knife") (head "0") (chest "0") (stomach "0") (leftarm "0") (rightarm "0") (leftleg "0") (rightleg "0")
L 11/10/2025 - 22:42:46: "Ｃｙｂｅｒ’Fｏχ<3><STEAM_0:1:97036452><SPECTATOR>" triggered "time" (time "9:24")
L 11/10/2025 - 22:42:46: "Ｃｙｂｅｒ’Fｏχ<3><STEAM_0:1:97036452><SPECTATOR>" triggered "latency" (ping "21")
L 11/10/2025 - 22:42:46: "Ｃｙｂｅｒ’Fｏχ<3><STEAM_0:1:97036452><SPECTATOR>" disconnected
L 11/10/2025 - 22:42:48: "Ｃｙｂｅｒ’Fｏχ<7><STEAM_0:1:97036452><>" connected, address "79.235.170.155:27005"
L 11/10/2025 - 22:42:48: "Ｃｙｂｅｒ’Fｏχ<7><STEAM_0:1:97036452><>" STEAM USERID validated
L 11/10/2025 - 22:42:50: "Ｃｙｂｅｒ’Fｏχ<7><STEAM_0:1:97036452><>" entered the game
L 11/10/2025 - 22:42:53: "Ｃｙｂｅｒ’Fｏχ<7><STEAM_0:1:97036452><>" joined team "CT"
L 11/10/2025 - 22:42:53: Kick: "[SMUT]DarkDruid<1><><>" was kicked by "Console"
L 11/10/2025 - 22:42:53: "[SMUT]DarkDruid<1><BOT><CT>" disconnected
L 11/10/2025 - 22:42:53: World triggered "Game_Commencing"
L 11/10/2025 - 22:42:53: World triggered "Game_Commencing" (CT "0") (T "3")
L 11/10/2025 - 22:42:53: World triggered "Round_End"
L 11/10/2025 - 22:42:56: "Smok3<6><STEAM_0:1:12722944><TERRORIST>" triggered "Spawned_With_The_Bomb"
L 11/10/2025 - 22:43:02: World triggered "Round_Start"
L 11/10/2025 - 22:43:10: "Smok3<6><STEAM_0:1:12722944><TERRORIST>" killed "Ｃｙｂｅｒ’Fｏχ<7><STEAM_0:1:97036452><CT>" with "usp"
L 11/10/2025 - 22:43:10: Team "TERRORIST" triggered "Terrorists_Win" (CT "0") (T "1")
L 11/10/2025 - 22:43:10: World triggered "Round_End"
L 11/10/2025 - 22:43:15: "Smok3<6><STEAM_0:1:12722944><TERRORIST>" triggered "Spawned_With_The_Bomb"
L 11/10/2025 - 22:43:16: "Ｃｙｂｅｒ’Fｏχ<7><STEAM_0:1:97036452><CT>" say "H e a d s h o T"
L 11/10/2025 - 22:43:21: World triggered "Round_Start"
L 11/10/2025 - 22:43:32: "Ｃｙｂｅｒ’Fｏχ<7><STEAM_0:1:97036452><CT>" killed "Smok3<6><STEAM_0:1:12722944><TERRORIST>" with "deagle"
L 11/10/2025 - 22:43:32: Team "CT" triggered "CTs_Win" (CT "1") (T "1")
L 11/10/2025 - 22:43:32: World triggered "Round_End"
L 11/10/2025 - 22:43:34: "Ｃｙｂｅｒ’Fｏχ<7><STEAM_0:1:97036452><CT>" say "H e a d s h o T"
L 11/10/2025 - 22:43:37: "Smok3<6><STEAM_0:1:12722944><TERRORIST>" triggered "Spawned_With_The_Bomb"
L 11/10/2025 - 22:43:43: World triggered "Round_Start"
L 11/10/2025 - 22:44:01: "Smok3<6><STEAM_0:1:12722944><TERRORIST>" killed "Ｃｙｂｅｒ’Fｏχ<7><STEAM_0:1:97036452><CT>" with "glock18"
L 11/10/2025 - 22:44:01: Team "TERRORIST" triggered "Terrorists_Win" (CT "1") (T "2")
L 11/10/2025 - 22:44:01: World triggered "Round_End"
L 11/10/2025 - 22:44:03: "Ｃｙｂｅｒ’Fｏχ<7><STEAM_0:1:97036452><CT>" say "H e a d s h o T" (dead)
L 11/10/2025 - 22:44:06: "Smok3<6><STEAM_0:1:12722944><TERRORIST>" triggered "Spawned_With_The_Bomb"
L 11/10/2025 - 22:44:07: "Ｃｙｂｅｒ’Fｏχ<7><STEAM_0:1:97036452><CT>" say "/rank"
L 11/10/2025 - 22:44:12: World triggered "Round_Start"
L 11/10/2025 - 22:44:14: "Ｃｙｂｅｒ’Fｏχ<7><STEAM_0:1:97036452><CT>" say "/top3"
L 11/10/2025 - 22:44:15: "Ｃｙｂｅｒ’Fｏχ<7><STEAM_0:1:97036452><CT>" say "/top15"
L 11/10/2025 - 22:44:27: "Ｃｙｂｅｒ’Fｏχ<7><STEAM_0:1:97036452><CT>" killed "Smok3<6><STEAM_0:1:12722944><TERRORIST>" with "m4a1"
L 11/10/2025 - 22:44:27: Team "CT" triggered "CTs_Win" (CT "2") (T "2")
L 11/10/2025 - 22:44:27: World triggered "Round_End"
L 11/10/2025 - 22:44:32: "Smok3<6><STEAM_0:1:12722944><TERRORIST>" triggered "Spawned_With_The_Bomb"
L 11/10/2025 - 22:44:38: World triggered "Round_Start"
L 11/10/2025 - 22:44:48: "Ｃｙｂｅｒ’Fｏχ<7><STEAM_0:1:97036452><CT>" killed "Smok3<6><STEAM_0:1:12722944><TERRORIST>" with "m4a1"
L 11/10/2025 - 22:44:48: Team "CT" triggered "CTs_Win" (CT "3") (T "2")
L 11/10/2025 - 22:44:48: World triggered "Round_End"
L 11/10/2025 - 22:44:53: "Smok3<6><STEAM_0:1:12722944><TERRORIST>" triggered "Spawned_With_The_Bomb"
L 11/10/2025 - 22:44:59: World triggered "Round_Start"
L 11/10/2025 - 22:45:13: "Ｃｙｂｅｒ’Fｏχ<7><STEAM_0:1:97036452><CT>" killed "Smok3<6><STEAM_0:1:12722944><TERRORIST>" with "m4a1"
L 11/10/2025 - 22:45:13: Team "CT" triggered "CTs_Win" (CT "4") (T "2")
L 11/10/2025 - 22:45:13: World triggered "Round_End"
L 11/10/2025 - 22:45:18: "Smok3<6><STEAM_0:1:12722944><TERRORIST>" triggered "Spawned_With_The_Bomb"
L 11/10/2025 - 22:45:24: World triggered "Round_Start"
L 11/10/2025 - 22:45:32: "Ｃｙｂｅｒ’Fｏχ<7><STEAM_0:1:97036452><CT>" killed "Smok3<6><STEAM_0:1:12722944><TERRORIST>" with "m4a1"
L 11/10/2025 - 22:45:32: Team "CT" triggered "CTs_Win" (CT "5") (T "2")
L 11/10/2025 - 22:45:32: World triggered "Round_End"
L 11/10/2025 - 22:45:37: "Smok3<6><STEAM_0:1:12722944><TERRORIST>" triggered "Spawned_With_The_Bomb"
L 11/10/2025 - 22:45:43: World triggered "Round_Start"
L 11/10/2025 - 22:45:51: "Ｃｙｂｅｒ’Fｏχ<7><STEAM_0:1:97036452><CT>" killed "Smok3<6><STEAM_0:1:12722944><TERRORIST>" with "m4a1"
L 11/10/2025 - 22:45:51: Team "CT" triggered "CTs_Win" (CT "6") (T "2")
L 11/10/2025 - 22:45:51: World triggered "Round_End"
L 11/10/2025 - 22:45:53: "Smok3<6><STEAM_0:1:12722944><TERRORIST>" say "Will they stop camping now? Only 04:50 left!!" (dead)
L 11/10/2025 - 22:45:56: "Smok3<6><STEAM_0:1:12722944><TERRORIST>" triggered "Spawned_With_The_Bomb"
L 11/10/2025 - 22:46:02: World triggered "Round_Start"
L 11/10/2025 - 22:46:05: "Ｃｙｂｅｒ’Fｏχ<7><STEAM_0:1:97036452><CT>" killed "Smok3<6><STEAM_0:1:12722944><TERRORIST>" with "m4a1"
L 11/10/2025 - 22:46:05: Team "CT" triggered "CTs_Win" (CT "7") (T "2")
L 11/10/2025 - 22:46:05: World triggered "Round_End"
L 11/10/2025 - 22:46:10: "Smok3<6><STEAM_0:1:12722944><TERRORIST>" triggered "Spawned_With_The_Bomb"
L 11/10/2025 - 22:46:16: World triggered "Round_Start"
L 11/10/2025 - 22:46:16: "Ｃｙｂｅｒ’Fｏχ<7><STEAM_0:1:97036452><CT>" killed "Smok3<6><STEAM_0:1:12722944><TERRORIST>" with "m4a1"
L 11/10/2025 - 22:46:16: Team "CT" triggered "CTs_Win" (CT "8") (T "2")
L 11/10/2025 - 22:46:16: World triggered "Round_End"
L 11/10/2025 - 22:46:21: "Smok3<6><STEAM_0:1:12722944><TERRORIST>" triggered "Spawned_With_The_Bomb"
L 11/10/2025 - 22:46:27: World triggered "Round_Start"
L 11/10/2025 - 22:46:29: "Ｃｙｂｅｒ’Fｏχ<7><STEAM_0:1:97036452><CT>" killed "Smok3<6><STEAM_0:1:12722944><TERRORIST>" with "m4a1"
L 11/10/2025 - 22:46:29: Team "CT" triggered "CTs_Win" (CT "9") (T "2")
L 11/10/2025 - 22:46:29: World triggered "Round_End"
L 11/10/2025 - 22:46:30: "Smok3<6><STEAM_0:1:12722944><TERRORIST>" say "Are there Bots in this Game?" (dead)
L 11/10/2025 - 22:46:34: "Smok3<6><STEAM_0:1:12722944><TERRORIST>" triggered "Spawned_With_The_Bomb"
L 11/10/2025 - 22:46:40: World triggered "Round_Start"
L 11/10/2025 - 22:47:04: "Ｃｙｂｅｒ’Fｏχ<7><STEAM_0:1:97036452><CT>" killed "Smok3<6><STEAM_0:1:12722944><TERRORIST>" with "deagle"
L 11/10/2025 - 22:47:04: Team "CT" triggered "CTs_Win" (CT "10") (T "2")
L 11/10/2025 - 22:47:04: World triggered "Round_End"
L 11/10/2025 - 22:47:09: "Smok3<6><STEAM_0:1:12722944><TERRORIST>" triggered "Spawned_With_The_Bomb"
L 11/10/2025 - 22:47:11: "Ｃｙｂｅｒ’Fｏχ<7><STEAM_0:1:97036452><CT>" committed suicide with "world"
L 11/10/2025 - 22:47:11: Team "TERRORIST" triggered "Terrorists_Win" (CT "10") (T "3")
L 11/10/2025 - 22:47:11: World triggered "Round_End"
L 11/10/2025 - 22:47:13: "Ｃｙｂｅｒ’Fｏχ<7><STEAM_0:1:97036452><CT>" joined team "SPECTATOR"
L 11/10/2025 - 22:47:13: "jakejake<8><STEAM_0:1:7408896><>" entered the game
L 11/10/2025 - 22:47:13: "jakejake<8><STEAM_0:1:7408896><>" joined team "CT"
L 11/10/2025 - 22:47:15: World triggered "Round_Start"
L 11/10/2025 - 22:47:16: "Smok3<6><STEAM_0:1:12722944><TERRORIST>" triggered "Spawned_With_The_Bomb"
L 11/10/2025 - 22:47:22: World triggered "Round_Start"
L 11/10/2025 - 22:47:56: "Smok3<6><STEAM_0:1:12722944><TERRORIST>" triggered "Planted_The_Bomb"
L 11/10/2025 - 22:47:56: "jakejake<8><STEAM_0:1:7408896><CT>" say "..And my Heart goes boooom *grin**"
L 11/10/2025 - 22:48:10: "Smok3<6><STEAM_0:1:12722944><TERRORIST>" killed "jakejake<8><STEAM_0:1:7408896><CT>" with "ak47"
L 11/10/2025 - 22:48:10: Team "TERRORIST" triggered "Terrorists_Win" (CT "10") (T "4")
L 11/10/2025 - 22:48:10: World triggered "Round_End"
L 11/10/2025 - 22:48:10: "Smok3<6><STEAM_0:1:12722944><TERRORIST>" say "Yu should've run while you had the chance, jakejake.."
L 11/10/2025 - 22:48:15: "Smok3<6><STEAM_0:1:12722944><TERRORIST>" triggered "Spawned_With_The_Bomb"
L 11/10/2025 - 22:48:21: World triggered "Round_Start"
L 11/10/2025 - 22:48:55: "Smok3<6><STEAM_0:1:12722944><TERRORIST>" triggered "Planted_The_Bomb"
L 11/10/2025 - 22:48:55: "jakejake<8><STEAM_0:1:7408896><CT>" say "Lst time it took me 5 secs to find & defuse it...."
L 11/10/2025 - 22:49:14: "Smok3<6><STEAM_0:1:12722944><TERRORIST>" killed "jakejake<8><STEAM_0:1:7408896><CT>" with "ak47"
L 11/10/2025 - 22:49:14: Team "TERRORIST" triggered "Terrorists_Win" (CT "10") (T "5")
L 11/10/2025 - 22:49:14: World triggered "Round_End"
L 11/10/2025 - 22:49:14: "jakejake<8><STEAM_0:1:7408896><CT>" say "That looked painful." (dead)
L 11/10/2025 - 22:49:19: "Smok3<6><STEAM_0:1:12722944><TERRORIST>" triggered "Spawned_With_The_Bomb"
L 11/10/2025 - 22:49:25: World triggered "Round_Start"
L 11/10/2025 - 22:49:46: "jakejake<8><STEAM_0:1:7408896><CT>" killed "Smok3<6><STEAM_0:1:12722944><TERRORIST>" with "mp5navy"
L 11/10/2025 - 22:49:46: Team "CT" triggered "CTs_Win" (CT "11") (T "5")
L 11/10/2025 - 22:49:46: World triggered "Round_End"
L 11/10/2025 - 22:49:46: "jakejake<8><STEAM_0:1:7408896><CT>" say "You are nothing, Smok3. Nothing at all."
L 11/10/2025 - 22:49:51: "Smok3<6><STEAM_0:1:12722944><TERRORIST>" triggered "Spawned_With_The_Bomb"
L 11/10/2025 - 22:49:57: World triggered "Round_Start"
L 11/10/2025 - 22:50:36: "Smok3<6><STEAM_0:1:12722944><TERRORIST>" triggered "Planted_The_Bomb"
L 11/10/2025 - 22:50:36: "jakejake<8><STEAM_0:1:7408896><CT>" say "Jeeesuzzz Christ, not again!"
L 11/10/2025 - 22:51:11: "jakejake<8><STEAM_0:1:7408896><CT>" killed "Smok3<6><STEAM_0:1:12722944><TERRORIST>" with "ak47"
L 11/10/2025 - 22:51:14: "Smok3<6><STEAM_0:1:12722944><TERRORIST>" say "Who said that?" (dead)
L 11/10/2025 - 22:51:21: Team "TERRORIST" triggered "Target_Bombed" (CT "11") (T "6")
L 11/10/2025 - 22:51:21: World triggered "Round_End"
L 11/10/2025 - 22:51:26: "Smok3<6><STEAM_0:1:12722944><TERRORIST>" triggered "Spawned_With_The_Bomb"
L 11/10/2025 - 22:51:32: World triggered "Round_Start"
L 11/10/2025 - 22:51:54: "Smok3<6><STEAM_0:1:12722944><TERRORIST>" killed "jakejake<8><STEAM_0:1:7408896><CT>" with "ak47"
L 11/10/2025 - 22:51:54: Team "TERRORIST" triggered "Terrorists_Win" (CT "11") (T "7")
L 11/10/2025 - 22:51:54: World triggered "Round_End"
L 11/10/2025 - 22:51:59: "Smok3<6><STEAM_0:1:12722944><TERRORIST>" triggered "Spawned_With_The_Bomb"
L 11/10/2025 - 22:52:05: World triggered "Round_Start"
L 11/10/2025 - 22:52:41: "Smok3<6><STEAM_0:1:12722944><TERRORIST>" killed "jakejake<8><STEAM_0:1:7408896><CT>" with "m4a1"
L 11/10/2025 - 22:52:41: Team "TERRORIST" triggered "Terrorists_Win" (CT "11") (T "8")
L 11/10/2025 - 22:52:41: World triggered "Round_End"
L 11/10/2025 - 22:52:45: "jakejake<8><STEAM_0:1:7408896><CT>" say "IHO NNBot is much better than RealBot.." (dead)
L 11/10/2025 - 22:52:46: "Smok3<6><STEAM_0:1:12722944><TERRORIST>" triggered "Spawned_With_The_Bomb"
L 11/10/2025 - 22:52:52: World triggered "Round_Start"
L 11/10/2025 - 22:53:11: "jakejake<8><STEAM_0:1:7408896><CT>" killed "Smok3<6><STEAM_0:1:12722944><TERRORIST>" with "famas"
L 11/10/2025 - 22:53:11: Team "CT" triggered "CTs_Win" (CT "12") (T "8")
L 11/10/2025 - 22:53:11: World triggered "Round_End"
L 11/10/2025 - 22:53:16: "Smok3<6><STEAM_0:1:12722944><TERRORIST>" triggered "Spawned_With_The_Bomb"
L 11/10/2025 - 22:53:22: World triggered "Round_Start"
L 11/10/2025 - 22:53:51: "Smok3<6><STEAM_0:1:12722944><TERRORIST>" killed "jakejake<8><STEAM_0:1:7408896><CT>" with "ak47"
L 11/10/2025 - 22:53:51: Team "TERRORIST" triggered "Terrorists_Win" (CT "12") (T "9")
L 11/10/2025 - 22:53:51: World triggered "Round_End"
L 11/10/2025 - 22:53:56: "Smok3<6><STEAM_0:1:12722944><TERRORIST>" triggered "Spawned_With_The_Bomb"
L 11/10/2025 - 22:54:02: World triggered "Round_Start"
L 11/10/2025 - 22:54:27: "jakejake<8><STEAM_0:1:7408896><CT>" killed "Smok3<6><STEAM_0:1:12722944><TERRORIST>" with "famas"
L 11/10/2025 - 22:54:27: Team "CT" triggered "CTs_Win" (CT "13") (T "9")
L 11/10/2025 - 22:54:27: World triggered "Round_End"
L 11/10/2025 - 22:54:32: "Smok3<6><STEAM_0:1:12722944><TERRORIST>" triggered "Spawned_With_The_Bomb"
L 11/10/2025 - 22:54:38: World triggered "Round_Start"
L 11/10/2025 - 22:56:11: Server cvar "mp_timelimit" = "30.000000"
L 11/10/2025 - 22:56:26: "Smok3<6><STEAM_0:1:12722944><TERRORIST>" killed "jakejake<8><STEAM_0:1:7408896><CT>" with "ak47"
L 11/10/2025 - 22:56:26: Team "TERRORIST" triggered "Terrorists_Win" (CT "13") (T "10")
L 11/10/2025 - 22:56:26: World triggered "Round_End"
L 11/10/2025 - 22:56:31: "Smok3<6><STEAM_0:1:12722944><TERRORIST>" triggered "Spawned_With_The_Bomb"
L 11/10/2025 - 22:56:37: World triggered "Round_Start"
L 11/10/2025 - 22:56:56: "Smok3<6><STEAM_0:1:12722944><TERRORIST>" killed "jakejake<8><STEAM_0:1:7408896><CT>" with "ak47"
L 11/10/2025 - 22:56:56: Team "TERRORIST" triggered "Terrorists_Win" (CT "13") (T "11")
L 11/10/2025 - 22:56:56: World triggered "Round_End"
L 11/10/2025 - 22:56:57: "jakejake<8><STEAM_0:1:7408896><CT>" say "I'm so booored!" (dead)
L 11/10/2025 - 22:57:01: "Smok3<6><STEAM_0:1:12722944><TERRORIST>" triggered "Spawned_With_The_Bomb"
L 11/10/2025 - 22:57:07: World triggered "Round_Start"
L 11/10/2025 - 22:57:44: "Smok3<6><STEAM_0:1:12722944><TERRORIST>" killed "jakejake<8><STEAM_0:1:7408896><CT>" with "ak47"
L 11/10/2025 - 22:57:44: Team "TERRORIST" triggered "Terrorists_Win" (CT "13") (T "12")
L 11/10/2025 - 22:57:44: World triggered "Round_End"
L 11/10/2025 - 22:57:44: "Smok3<6><STEAM_0:1:12722944><TERRORIST>" say "jakejake, you're no match for me!"
L 11/10/2025 - 22:57:46: "jakejake<8><STEAM_0:1:7408896><CT>" say "N de_dust2 today, please!!" (dead)
L 11/10/2025 - 22:57:49: "Smok3<6><STEAM_0:1:12722944><TERRORIST>" triggered "Spawned_With_The_Bomb"
L 11/10/2025 - 22:57:55: World triggered "Round_Start"
L 11/10/2025 - 22:58:16: "jakejake<8><STEAM_0:1:7408896><CT>" killed "Smok3<6><STEAM_0:1:12722944><TERRORIST>" with "famas"
L 11/10/2025 - 22:58:16: Team "CT" triggered "CTs_Win" (CT "14") (T "12")
L 11/10/2025 - 22:58:16: World triggered "Round_End"
L 11/10/2025 - 22:58:17: "Smok3<6><STEAM_0:1:12722944><TERRORIST>" say "Boooooom!!! *lol*" (dead)
L 11/10/2025 - 22:58:21: "Smok3<6><STEAM_0:1:12722944><TERRORIST>" triggered "Spawned_With_The_Bomb"
L 11/10/2025 - 22:58:27: World triggered "Round_Start"
L 11/10/2025 - 22:58:42: "jakejake<8><STEAM_0:1:7408896><CT>" killed "Smok3<6><STEAM_0:1:12722944><TERRORIST>" with "grenade"
L 11/10/2025 - 22:58:42: Team "CT" triggered "CTs_Win" (CT "15") (T "12")
L 11/10/2025 - 22:58:42: World triggered "Round_End"
L 11/10/2025 - 22:58:47: "Smok3<6><STEAM_0:1:12722944><TERRORIST>" triggered "Spawned_With_The_Bomb"
L 11/10/2025 - 22:58:53: World triggered "Round_Start"
L 11/10/2025 - 22:59:24: "Smok3<6><STEAM_0:1:12722944><TERRORIST>" triggered "Planted_The_Bomb"
L 11/10/2025 - 22:59:24: "jakejake<8><STEAM_0:1:7408896><CT>" say "...And my Heart goes boooom *grin*"
L 11/10/2025 - 22:59:32: "jakejake<8><STEAM_0:1:7408896><CT>" killed "Smok3<6><STEAM_0:1:12722944><TERRORIST>" with "famas"
L 11/10/2025 - 22:59:42: "Smok3<6><STEAM_0:1:12722944><TERRORIST>" say "Sniping is all they can do." (dead)
L 11/10/2025 - 22:59:43: "jakejake<8><STEAM_0:1:7408896><CT>" triggered "Begin_Bomb_Defuse_With_Kit"
L 11/10/2025 - 22:59:48: "jakejake<8><STEAM_0:1:7408896><CT>" triggered "Defused_The_Bomb"
L 11/10/2025 - 22:59:48: Team "CT" triggered "Bomb_Defused" (CT "16") (T "12")
L 11/10/2025 - 22:59:48: World triggered "Round_End"
L 11/10/2025 - 22:59:52: "Smok3<6><STEAM_0:1:12722944><TERRORIST>" say "0:00 and jkaejake is still alive! something must be wrong...." (dead)
L 11/10/2025 - 22:59:53: "Smok3<6><STEAM_0:1:12722944><TERRORIST>" triggered "Spawned_With_The_Bomb"
L 11/10/2025 - 22:59:59: World triggered "Round_Start"
L 11/10/2025 - 23:00:27: "Smok3<6><STEAM_0:1:12722944><TERRORIST>" killed "jakejake<8><STEAM_0:1:7408896><CT>" with "galil"
L 11/10/2025 - 23:00:27: Team "TERRORIST" triggered "Terrorists_Win" (CT "16") (T "13")
L 11/10/2025 - 23:00:27: World triggered "Round_End"
L 11/10/2025 - 23:00:32: "Smok3<6><STEAM_0:1:12722944><TERRORIST>" triggered "Spawned_With_The_Bomb"
L 11/10/2025 - 23:00:38: World triggered "Round_Start"
L 11/10/2025 - 23:01:12: "Smok3<6><STEAM_0:1:12722944><TERRORIST>" triggered "Planted_The_Bomb"
L 11/10/2025 - 23:01:12: "jakejake<8><STEAM_0:1:7408896><CT>" say "...And my Heart goes boooom *grin*"
L 11/10/2025 - 23:01:18: "Smok3<6><STEAM_0:1:12722944><TERRORIST>" killed "jakejake<8><STEAM_0:1:7408896><CT>" with "galil"
L 11/10/2025 - 23:01:18: Team "TERRORIST" triggered "Terrorists_Win" (CT "16") (T "14")
L 11/10/2025 - 23:01:18: World triggered "Round_End"
L 11/10/2025 - 23:01:23: "Smok3<6><STEAM_0:1:12722944><TERRORIST>" triggered "Spawned_With_The_Bomb"
L 11/10/2025 - 23:01:29: World triggered "Round_Start"
L 11/10/2025 - 23:01:49: "jakejake<8><STEAM_0:1:7408896><CT>" killed "Smok3<6><STEAM_0:1:12722944><TERRORIST>" with "m4a1"
L 11/10/2025 - 23:01:49: Team "CT" triggered "CTs_Win" (CT "17") (T "14")
L 11/10/2025 - 23:01:50: World triggered "Round_End"
L 11/10/2025 - 23:01:53: "Smok3<6><STEAM_0:1:12722944><TERRORIST>" say "Fucking lagged!!" (dead)
L 11/10/2025 - 23:01:55: "Smok3<6><STEAM_0:1:12722944><TERRORIST>" triggered "Spawned_With_The_Bomb"
L 11/10/2025 - 23:02:01: World triggered "Round_Start"
L 11/10/2025 - 23:02:49: "Smok3<6><STEAM_0:1:12722944><TERRORIST>" triggered "Planted_The_Bomb"
L 11/10/2025 - 23:02:49: "jakejake<8><STEAM_0:1:7408896><CT>" say "Sy, is it the red or the blue wire??"
L 11/10/2025 - 23:03:09: "Smok3<6><STEAM_0:1:12722944><TERRORIST>" killed "jakejake<8><STEAM_0:1:7408896><CT>" with "sg552"
L 11/10/2025 - 23:03:09: Team "TERRORIST" triggered "Terrorists_Win" (CT "17") (T "15")
L 11/10/2025 - 23:03:09: World triggered "Round_End"
L 11/10/2025 - 23:03:14: "Smok3<6><STEAM_0:1:12722944><TERRORIST>" triggered "Spawned_With_The_Bomb"
L 11/10/2025 - 23:03:20: World triggered "Round_Start"
L 11/10/2025 - 23:03:48: "Smok3<6><STEAM_0:1:12722944><TERRORIST>" triggered "Planted_The_Bomb"
L 11/10/2025 - 23:03:48: "jakejake<8><STEAM_0:1:7408896><CT>" say "...And my Heart goes boooom *grin*"
L 11/10/2025 - 23:04:18: "jakejake<8><STEAM_0:1:7408896><CT>" killed "Smok3<6><STEAM_0:1:12722944><TERRORIST>" with "m4a1"
L 11/10/2025 - 23:04:19: "jakejake<8><STEAM_0:1:7408896><CT>" triggered "Begin_Bomb_Defuse_With_Kit"
L 11/10/2025 - 23:04:24: "jakejake<8><STEAM_0:1:7408896><CT>" triggered "Defused_The_Bomb"
L 11/10/2025 - 23:04:24: Team "CT" triggered "Bomb_Defused" (CT "18") (T "15")
L 11/10/2025 - 23:04:24: World triggered "Round_End"
L 11/10/2025 - 23:04:28: "Smok3<6><STEAM_0:1:12722944><TERRORIST>" say "Huh? WTF?" (dead)
L 11/10/2025 - 23:04:29: "Smok3<6><STEAM_0:1:12722944><TERRORIST>" triggered "Spawned_With_The_Bomb"
L 11/10/2025 - 23:04:35: World triggered "Round_Start"
L 11/10/2025 - 23:05:06: "Smok3<6><STEAM_0:1:12722944><TERRORIST>" triggered "Planted_The_Bomb"
L 11/10/2025 - 23:05:06: "jakejake<8><STEAM_0:1:7408896><CT>" say "Say, is it the red or the blue wire?"
L 11/10/2025 - 23:05:24: "Smok3<6><STEAM_0:1:12722944><TERRORIST>" killed "jakejake<8><STEAM_0:1:7408896><CT>" with "ak47"
L 11/10/2025 - 23:05:24: Team "TERRORIST" triggered "Terrorists_Win" (CT "18") (T "16")
L 11/10/2025 - 23:05:24: World triggered "Round_End"
L 11/10/2025 - 23:05:29: "Smok3<6><STEAM_0:1:12722944><TERRORIST>" triggered "Spawned_With_The_Bomb"
L 11/10/2025 - 23:05:35: World triggered "Round_Start"
L 11/10/2025 - 23:06:05: "Smok3<6><STEAM_0:1:12722944><TERRORIST>" triggered "Planted_The_Bomb"
L 11/10/2025 - 23:06:05: "jakejake<8><STEAM_0:1:7408896><CT>" say "Say, is it the red or the blue wire?"
L 11/10/2025 - 23:06:09: "Smok3<6><STEAM_0:1:12722944><TERRORIST>" killed "jakejake<8><STEAM_0:1:7408896><CT>" with "ak47"
L 11/10/2025 - 23:06:09: Team "TERRORIST" triggered "Terrorists_Win" (CT "18") (T "17")
L 11/10/2025 - 23:06:09: World triggered "Round_End"
L 11/10/2025 - 23:06:12: "jakejake<8><STEAM_0:1:7408896><CT>" say "Why does everyone keep trying to hurt me :)" (dead)
L 11/10/2025 - 23:06:14: "Smok3<6><STEAM_0:1:12722944><TERRORIST>" triggered "Spawned_With_The_Bomb"
L 11/10/2025 - 23:06:20: World triggered "Round_Start"
L 11/10/2025 - 23:06:55: "Smok3<6><STEAM_0:1:12722944><TERRORIST>" triggered "Planted_The_Bomb"
L 11/10/2025 - 23:06:55: "jakejake<8><STEAM_0:1:7408896><CT>" say "Last time it took me 5 secs to find & defuse it..."
L 11/10/2025 - 23:07:10: "Smok3<6><STEAM_0:1:12722944><TERRORIST>" killed "jakejake<8><STEAM_0:1:7408896><CT>" with "ak47"
L 11/10/2025 - 23:07:10: Team "TERRORIST" triggered "Terrorists_Win" (CT "18") (T "18")
L 11/10/2025 - 23:07:10: World triggered "Round_End"
L 11/10/2025 - 23:07:12: "jakejake<8><STEAM_0:1:7408896><CT>" say "It's time for a mapchange, isn't it?" (dead)
L 11/10/2025 - 23:07:15: "Smok3<6><STEAM_0:1:12722944><TERRORIST>" triggered "Spawned_With_The_Bomb"
L 11/10/2025 - 23:07:21: World triggered "Round_Start"
L 11/10/2025 - 23:07:48: "jakejake<8><STEAM_0:1:7408896><CT>" killed "Smok3<6><STEAM_0:1:12722944><TERRORIST>" with "mp5navy"
L 11/10/2025 - 23:07:48: Team "CT" triggered "CTs_Win" (CT "19") (T "18")
L 11/10/2025 - 23:07:48: World triggered "Round_End"
L 11/10/2025 - 23:07:53: "Smok3<6><STEAM_0:1:12722944><TERRORIST>" triggered "Spawned_With_The_Bomb"
L 11/10/2025 - 23:07:59: World triggered "Round_Start"
L 11/10/2025 - 23:08:29: "jakejake<8><STEAM_0:1:7408896><CT>" killed "Smok3<6><STEAM_0:1:12722944><TERRORIST>" with "mp5navy"
L 11/10/2025 - 23:08:29: Team "CT" triggered "CTs_Win" (CT "20") (T "18")
L 11/10/2025 - 23:08:29: World triggered "Round_End"
L 11/10/2025 - 23:08:34: "Smok3<6><STEAM_0:1:12722944><TERRORIST>" triggered "Spawned_With_The_Bomb"
L 11/10/2025 - 23:08:40: World triggered "Round_Start"
L 11/10/2025 - 23:09:03: "jakejake<8><STEAM_0:1:7408896><CT>" killed "Smok3<6><STEAM_0:1:12722944><TERRORIST>" with "ak47"
L 11/10/2025 - 23:09:03: Team "CT" triggered "CTs_Win" (CT "21") (T "18")
L 11/10/2025 - 23:09:03: World triggered "Round_End"
L 11/10/2025 - 23:09:03: "jakejake<8><STEAM_0:1:7408896><CT>" say "Ha...ha!"
L 11/10/2025 - 23:09:08: "Smok3<6><STEAM_0:1:12722944><TERRORIST>" triggered "Spawned_With_The_Bomb"
L 11/10/2025 - 23:09:14: World triggered "Round_Start"
L 11/10/2025 - 23:09:36: "jakejake<8><STEAM_0:1:7408896><CT>" killed "Smok3<6><STEAM_0:1:12722944><TERRORIST>" with "ak47"
L 11/10/2025 - 23:09:36: Team "CT" triggered "CTs_Win" (CT "22") (T "18")
L 11/10/2025 - 23:09:36: World triggered "Round_End"
L 11/10/2025 - 23:09:36: "jakejake<8><STEAM_0:1:7408896><CT>" say "that'll teach you, smok3!"
L 11/10/2025 - 23:09:41: "Smok3<6><STEAM_0:1:12722944><TERRORIST>" triggered "Spawned_With_The_Bomb"
L 11/10/2025 - 23:09:47: World triggered "Round_Start"
L 11/10/2025 - 23:10:25: "Smok3<6><STEAM_0:1:12722944><TERRORIST>" triggered "Planted_The_Bomb"
L 11/10/2025 - 23:10:25: "jakejake<8><STEAM_0:1:7408896><CT>" say "...And my Heart goes boooom *grin*"
L 11/10/2025 - 23:10:43: "Smok3<6><STEAM_0:1:12722944><TERRORIST>" killed "jakejake<8><STEAM_0:1:7408896><CT>" with "ak47"
L 11/10/2025 - 23:10:43: Team "TERRORIST" triggered "Terrorists_Win" (CT "22") (T "19")
L 11/10/2025 - 23:10:43: World triggered "Round_End"
L 11/10/2025 - 23:10:47: "jakejake<8><STEAM_0:1:7408896><CT>" say "Sniping is all they can do." (dead)
L 11/10/2025 - 23:10:48: "Smok3<6><STEAM_0:1:12722944><TERRORIST>" triggered "Spawned_With_The_Bomb"
L 11/10/2025 - 23:10:54: World triggered "Round_Start"
L 11/10/2025 - 23:11:11: Server cvar "amx_nextmap" = "de_nuke"
L 11/10/2025 - 23:11:35: "Smok3<6><STEAM_0:1:12722944><TERRORIST>" triggered "Planted_The_Bomb"
L 11/10/2025 - 23:11:35: "jakejake<8><STEAM_0:1:7408896><CT>" say "Come no Smok3, let's search the bomb!"
L 11/10/2025 - 23:11:43: "jakejake<8><STEAM_0:1:7408896><CT>" killed "Smok3<6><STEAM_0:1:12722944><TERRORIST>" with "m4a1"
L 11/10/2025 - 23:11:47: "jakejake<8><STEAM_0:1:7408896><CT>" triggered "Begin_Bomb_Defuse_With_Kit"
L 11/10/2025 - 23:11:52: "jakejake<8><STEAM_0:1:7408896><CT>" triggered "Defused_The_Bomb"
L 11/10/2025 - 23:11:52: Team "CT" triggered "Bomb_Defused" (CT "23") (T "19")
L 11/10/2025 - 23:11:52: World triggered "Round_End"
L 11/10/2025 - 23:11:57: "Smok3<6><STEAM_0:1:12722944><TERRORIST>" triggered "Spawned_With_The_Bomb"
L 11/10/2025 - 23:12:03: World triggered "Round_Start"
L 11/10/2025 - 23:12:31: "Smok3<6><STEAM_0:1:12722944><TERRORIST>" triggered "Planted_The_Bomb"
L 11/10/2025 - 23:12:31: "jakejake<8><STEAM_0:1:7408896><CT>" say "...And my Heart goes boooom *grin*"
L 11/10/2025 - 23:12:49: "Smok3<6><STEAM_0:1:12722944><TERRORIST>" killed "jakejake<8><STEAM_0:1:7408896><CT>" with "galil"
L 11/10/2025 - 23:12:49: Team "TERRORIST" triggered "Terrorists_Win" (CT "23") (T "20")
L 11/10/2025 - 23:12:49: World triggered "Round_End"
L 11/10/2025 - 23:12:54: "Smok3<6><STEAM_0:1:12722944><TERRORIST>" triggered "Spawned_With_The_Bomb"
L 11/10/2025 - 23:12:56: Team "CT" scored "23" with "1" players
L 11/10/2025 - 23:12:56: Team "TERRORIST" scored "20" with "1" players
L 11/10/2025 - 23:12:56: Server cvar "mp_chattime" = "12.000000"
L 11/10/2025 - 23:13:06: Server cvar "mp_chattime" = "10.000000"
L 11/10/2025 - 23:13:06: "Ｃｙｂｅｒ’Fｏχ<7><STEAM_0:1:97036452><SPECTATOR>" triggered "weaponstats" (weapon "grenade") (shots "1") (hits "0") (kills "0") (headshots "0") (tks "0") (damage "0") (deaths "0")
L 11/10/2025 - 23:13:06: "Ｃｙｂｅｒ’Fｏχ<7><STEAM_0:1:97036452><SPECTATOR>" triggered "weaponstats2" (weapon "grenade") (head "0") (chest "0") (stomach "0") (leftarm "0") (rightarm "0") (leftleg "0") (rightleg "0")
L 11/10/2025 - 23:13:06: "Ｃｙｂｅｒ’Fｏχ<7><STEAM_0:1:97036452><SPECTATOR>" triggered "weaponstats" (weapon "usp") (shots "1") (hits "0") (kills "0") (headshots "0") (tks "0") (damage "0") (deaths "0")
L 11/10/2025 - 23:13:06: "Ｃｙｂｅｒ’Fｏχ<7><STEAM_0:1:97036452><SPECTATOR>" triggered "weaponstats2" (weapon "usp") (head "0") (chest "0") (stomach "0") (leftarm "0") (rightarm "0") (leftleg "0") (rightleg "0")
L 11/10/2025 - 23:13:06: "Ｃｙｂｅｒ’Fｏχ<7><STEAM_0:1:97036452><SPECTATOR>" triggered "weaponstats" (weapon "m4a1") (shots "122") (hits "0") (kills "0") (headshots "0") (tks "0") (damage "0") (deaths "0")
L 11/10/2025 - 23:13:06: "Ｃｙｂｅｒ’Fｏχ<7><STEAM_0:1:97036452><SPECTATOR>" triggered "weaponstats2" (weapon "m4a1") (head "0") (chest "0") (stomach "0") (leftarm "0") (rightarm "0") (leftleg "0") (rightleg "0")
L 11/10/2025 - 23:13:06: "Ｃｙｂｅｒ’Fｏχ<7><STEAM_0:1:97036452><SPECTATOR>" triggered "weaponstats" (weapon "deagle") (shots "20") (hits "0") (kills "0") (headshots "0") (tks "0") (damage "0") (deaths "0")
L 11/10/2025 - 23:13:06: "Ｃｙｂｅｒ’Fｏχ<7><STEAM_0:1:97036452><SPECTATOR>" triggered "weaponstats2" (weapon "deagle") (head "0") (chest "0") (stomach "0") (leftarm "0") (rightarm "0") (leftleg "0") (rightleg "0")
L 11/10/2025 - 23:13:06: "Ｃｙｂｅｒ’Fｏχ<7><STEAM_0:1:97036452><SPECTATOR>" triggered "weaponstats" (weapon "knife") (shots "11") (hits "0") (kills "0") (headshots "0") (tks "0") (damage "0") (deaths "0")
L 11/10/2025 - 23:13:06: "Ｃｙｂｅｒ’Fｏχ<7><STEAM_0:1:97036452><SPECTATOR>" triggered "weaponstats2" (weapon "knife") (head "0") (chest "0") (stomach "0") (leftarm "0") (rightarm "0") (leftleg "0") (rightleg "0")
L 11/10/2025 - 23:13:06: "Ｃｙｂｅｒ’Fｏχ<7><STEAM_0:1:97036452><SPECTATOR>" triggered "time" (time "30:16")
L 11/10/2025 - 23:13:06: "Ｃｙｂｅｒ’Fｏχ<7><STEAM_0:1:97036452><SPECTATOR>" triggered "latency" (ping "25")
L 11/10/2025 - 23:13:06: [META] ini: Begin re-reading plugins list: c:/~dl/sonstz/gameshit/cs 1.6 shit/cs1.6 server/server/cstrike/addons/metamod/plugins.ini
L 11/10/2025 - 23:13:06: [META] ini: Read plugin config for: AMX Mod X
L 11/10/2025 - 23:13:06: [META] ini: Read plugin config for: Reunion
L 11/10/2025 - 23:13:06: [META] ini: Read plugin config for: Revoice
L 11/10/2025 - 23:13:06: [META] ini: Read plugin config for: Rechecker
L 11/10/2025 - 23:13:06: [META] ini: Read plugin config for: ReSemiclip
L 11/10/2025 - 23:13:06: [META] ini: Read plugin config for: HitBox Fix
L 11/10/2025 - 23:13:06: [META] ini: Read plugin config for: YaPB
L 11/10/2025 - 23:13:06: [META] ini: Finished reading plugins list: c:/~dl/sonstz/gameshit/cs 1.6 shit/cs1.6 server/server/cstrike/addons/metamod/plugins.ini; Found 7 plugins
L 11/10/2025 - 23:13:06: [META] dll: Updating plugins...
L 11/10/2025 - 23:13:06: [META] dll: Finished updating 18 plugins; kept 7, loaded 0, unloaded 0, reloaded 0, delayed 0
L 11/10/2025 - 23:13:06: [META] dll: Rebuilding callbacks...
L 11/10/2025 - 23:13:06: [META] dll: Callbacks rebuilded.
L 11/10/2025 - 23:13:06: Log file closed
