L 11/10/2025 - 23:13:06: Log file started (file "logs\L1110052.log") (game "cstrike") (version "48/1.1.2.7/Stdio/4002")
L 11/10/2025 - 23:13:06: Loading map "de_nuke"
L 11/10/2025 - 23:13:06: Server cvars start
L 11/10/2025 - 23:13:06: Server cvar "allow_spectators" = "1.0"
L 11/10/2025 - 23:13:06: Server cvar "amx_client_languages" = "1"
L 11/10/2025 - 23:13:06: Server cvar "amx_language" = "en"
L 11/10/2025 - 23:13:06: Server cvar "amx_nextmap" = "de_nuke"
L 11/10/2025 - 23:13:06: Server cvar "amx_timeleft" = "00:00"
L 11/10/2025 - 23:13:06: Server cvar "amxmodx_version" = "1.9.0.5294"
L 11/10/2025 - 23:13:06: Server cvar "coop" = "0"
L 11/10/2025 - 23:13:06: Server cvar "deathmatch" = "1"
L 11/10/2025 - 23:13:06: Server cvar "decalfrequency" = "3"
L 11/10/2025 - 23:13:06: Server cvar "edgefriction" = "2"
L 11/10/2025 - 23:13:06: Server cvar "ff_damage_reduction_bullets" = "0.35"
L 11/10/2025 - 23:13:06: Server cvar "ff_damage_reduction_grenade" = "0.25"
L 11/10/2025 - 23:13:06: Server cvar "ff_damage_reduction_grenade_self" = "1.0"
L 11/10/2025 - 23:13:06: Server cvar "ff_damage_reduction_other" = "0.35"
L 11/10/2025 - 23:13:06: Server cvar "game_version" = "5.28.0.756-dev"
L 11/10/2025 - 23:13:06: Server cvar "hbf_debug" = "0"
L 11/10/2025 - 23:13:06: Server cvar "hbf_enabled" = "1"
L 11/10/2025 - 23:13:06: Server cvar "humans_join_team" = "any"
L 11/10/2025 - 23:13:06: Server cvar "max_queries_sec" = "3.0"
L 11/10/2025 - 23:13:06: Server cvar "max_queries_sec_global" = "30"
L 11/10/2025 - 23:13:06: Server cvar "max_queries_window" = "60"
L 11/10/2025 - 23:13:06: Server cvar "metamod_version" = "1.3.0.149"
L 11/10/2025 - 23:13:06: Server cvar "mp_afk_bomb_drop_time" = "0"
L 11/10/2025 - 23:13:06: Server cvar "mp_ammo_respawn_time" = "20"
L 11/10/2025 - 23:13:06: Server cvar "mp_autokick" = "1"
L 11/10/2025 - 23:13:06: Server cvar "mp_autokick_timeout" = "-1"
L 11/10/2025 - 23:13:06: Server cvar "mp_autoteambalance" = "1"
L 11/10/2025 - 23:13:06: Server cvar "mp_buy_anywhere" = "0"
L 11/10/2025 - 23:13:06: Server cvar "mp_buytime" = "0.25"
L 11/10/2025 - 23:13:06: Server cvar "mp_c4timer" = "45"
L 11/10/2025 - 23:13:06: Server cvar "mp_chattime" = "10.000000"
L 11/10/2025 - 23:13:06: Server cvar "mp_consistency" = "1"
L 11/10/2025 - 23:13:06: Server cvar "mp_fadetoblack" = "0"
L 11/10/2025 - 23:13:06: Server cvar "mp_falldamage" = "1"
L 11/10/2025 - 23:13:06: Server cvar "mp_flashlight" = "0"
L 11/10/2025 - 23:13:06: Server cvar "mp_footsteps" = "1"
L 11/10/2025 - 23:13:06: Server cvar "mp_forcecamera" = "1"
L 11/10/2025 - 23:13:06: Server cvar "mp_forcechasecam" = "1"
L 11/10/2025 - 23:13:06: Server cvar "mp_forcerespawn" = "0"
L 11/10/2025 - 23:13:06: Server cvar "mp_fraglimit" = "0"
L 11/10/2025 - 23:13:06: Server cvar "mp_fragsleft" = "0"
L 11/10/2025 - 23:13:06: Server cvar "mp_freeforall" = "0"
L 11/10/2025 - 23:13:06: Server cvar "mp_freezetime" = "6"
L 11/10/2025 - 23:13:06: Server cvar "mp_friendlyfire" = "0"
L 11/10/2025 - 23:13:06: Server cvar "mp_give_player_c4" = "1"
L 11/10/2025 - 23:13:06: Server cvar "mp_hostage_hurtable" = "1"
L 11/10/2025 - 23:13:06: Server cvar "mp_hostagepenalty" = "13"
L 11/10/2025 - 23:13:06: Server cvar "mp_infinite_ammo" = "0"
L 11/10/2025 - 23:13:06: Server cvar "mp_infinite_grenades" = "0"
L 11/10/2025 - 23:13:06: Server cvar "mp_item_respawn_time" = "30"
L 11/10/2025 - 23:13:06: Server cvar "mp_item_staytime" = "300"
L 11/10/2025 - 23:13:06: Server cvar "mp_kickpercent" = "0.66"
L 11/10/2025 - 23:13:06: Server cvar "mp_limitteams" = "2"
L 11/10/2025 - 23:13:06: Server cvar "mp_logdetail" = "0"
L 11/10/2025 - 23:13:06: Server cvar "mp_logfile" = "1"
L 11/10/2025 - 23:13:06: Server cvar "mp_logmessages" = "1"
L 11/10/2025 - 23:13:06: Server cvar "mp_mapvoteratio" = "0.66"
L 11/10/2025 - 23:13:06: Server cvar "mp_maxmoney" = "16000"
L 11/10/2025 - 23:13:06: Server cvar "mp_maxrounds" = "0"
L 11/10/2025 - 23:13:06: Server cvar "mp_playerid" = "0"
L 11/10/2025 - 23:13:06: Server cvar "mp_radio_maxinround" = "60"
L 11/10/2025 - 23:13:06: Server cvar "mp_radio_timeout" = "1.5"
L 11/10/2025 - 23:13:06: Server cvar "mp_respawn_immunity_effects" = "1"
L 11/10/2025 - 23:13:06: Server cvar "mp_respawn_immunity_force_unset" = "1"
L 11/10/2025 - 23:13:06: Server cvar "mp_respawn_immunitytime" = "0"
L 11/10/2025 - 23:13:06: Server cvar "mp_round_infinite" = "0"
L 11/10/2025 - 23:13:06: Server cvar "mp_round_restart_delay" = "5"
L 11/10/2025 - 23:13:06: Server cvar "mp_roundover" = "0"
L 11/10/2025 - 23:13:06: Server cvar "mp_roundtime" = "5"
L 11/10/2025 - 23:13:06: Server cvar "mp_scoreboard_showdefkit" = "1"
L 11/10/2025 - 23:13:06: Server cvar "mp_scoreboard_showhealth" = "3"
L 11/10/2025 - 23:13:06: Server cvar "mp_scoreboard_showmoney" = "3"
L 11/10/2025 - 23:13:06: Server cvar "mp_show_scenarioicon" = "0"
L 11/10/2025 - 23:13:06: Server cvar "mp_startmoney" = "800"
L 11/10/2025 - 23:13:06: Server cvar "mp_timeleft" = "00:00"
L 11/10/2025 - 23:13:06: Server cvar "mp_timelimit" = "30.000000"
L 11/10/2025 - 23:13:06: Server cvar "mp_tkpunish" = "0"
L 11/10/2025 - 23:13:06: Server cvar "mp_weapon_respawn_time" = "20"
L 11/10/2025 - 23:13:06: Server cvar "mp_weapons_allow_map_placed" = "1"
L 11/10/2025 - 23:13:06: Server cvar "mp_windifference" = "1"
L 11/10/2025 - 23:13:06: Server cvar "mp_winlimit" = "0"
L 11/10/2025 - 23:13:06: Server cvar "pausable" = "0"
L 11/10/2025 - 23:13:06: Server cvar "resemiclip_version" = "2.4.3"
L 11/10/2025 - 23:13:06: Server cvar "reu_version" = "0.2.0.34"
L 11/10/2025 - 23:13:06: Server cvar "revoice_version" = "0.1.0.34"
L 11/10/2025 - 23:13:06: Server cvar "sv_accelerate" = "5"
L 11/10/2025 - 23:13:06: Server cvar "sv_aim" = "0"
L 11/10/2025 - 23:13:06: Server cvar "sv_airaccelerate" = "10"
L 11/10/2025 - 23:13:06: Server cvar "sv_allow_autoaim" = "1"
L 11/10/2025 - 23:13:06: Server cvar "sv_allowupload" = "1"
L 11/10/2025 - 23:13:06: Server cvar "sv_alltalk" = "1"
L 11/10/2025 - 23:13:06: Server cvar "sv_bounce" = "1"
L 11/10/2025 - 23:13:06: Server cvar "sv_cheats" = "0"
L 11/10/2025 - 23:13:06: Server cvar "sv_clienttrace" = "1"
L 11/10/2025 - 23:13:06: Server cvar "sv_contact" = ""
L 11/10/2025 - 23:13:06: Server cvar "sv_friction" = "4"
L 11/10/2025 - 23:13:06: Server cvar "sv_gravity" = "800"
L 11/10/2025 - 23:13:06: Server cvar "sv_logblocks" = "0"
L 11/10/2025 - 23:13:06: Server cvar "sv_maxrate" = "250000"
L 11/10/2025 - 23:13:06: Server cvar "sv_maxspeed" = "320"
L 11/10/2025 - 23:13:06: Server cvar "sv_minrate" = "25000"
L 11/10/2025 - 23:13:06: Server cvar "sv_password" = ""
L 11/10/2025 - 23:13:06: Server cvar "sv_proxies" = "1"
L 11/10/2025 - 23:13:06: Server cvar "sv_restart" = "0"
L 11/10/2025 - 23:13:06: Server cvar "sv_restartround" = "0"
L 11/10/2025 - 23:13:06: Server cvar "sv_stepsize" = "18"
L 11/10/2025 - 23:13:06: Server cvar "sv_stopspeed" = "75"
L 11/10/2025 - 23:13:06: Server cvar "sv_uploadmax" = "7.77"
L 11/10/2025 - 23:13:06: Server cvar "sv_version" = "1.1.2.7/Stdio,48,4002"
L 11/10/2025 - 23:13:06: Server cvar "sv_voiceenable" = "1"
L 11/10/2025 - 23:13:06: Server cvar "sv_wateraccelerate" = "10"
L 11/10/2025 - 23:13:06: Server cvar "sv_waterfriction" = "1"
L 11/10/2025 - 23:13:06: Server cvar "yb_version" = "4.4.957"
L 11/10/2025 - 23:13:06: Server cvars end
L 11/10/2025 - 23:13:06: Server cvar "sv_maxspeed" = "900"
L 11/10/2025 - 23:13:06: Server cvar "mp_autoteambalance" = "0"
L 11/10/2025 - 23:13:06: Server cvar "mp_buytime" = "1.5"
L 11/10/2025 - 23:13:06: Server cvar "mp_maxmoney" = "32000"
L 11/10/2025 - 23:13:06: Server cvar "mp_round_restart_delay" = "3"
L 11/10/2025 - 23:13:06: Server cvar "mp_timelimit" = "20"
L 11/10/2025 - 23:13:06: Server cvar "mp_show_scenarioicon" = "1"
L 11/10/2025 - 23:13:06: Server cvar "mp_scoreboard_showhealth" = "5"
L 11/10/2025 - 23:13:06: Server cvar "mp_scoreboard_showmoney" = "5"
L 11/10/2025 - 23:13:06: Server cvar "mp_afk_bomb_drop_time" = "15"
L 11/10/2025 - 23:13:06: Server cvar "mp_radio_timeout" = "0"
L 11/10/2025 - 23:13:06: Server cvar "amx_nextmap" = "cs_havana"
L 11/10/2025 - 23:13:09: Started map "de_nuke" (CRC "-1757378041")
L 11/10/2025 - 23:13:12: "Ｃｙｂｅｒ’Fｏχ<7><STEAM_0:1:97036452><>" entered the game
L 11/10/2025 - 23:13:12: "jakejake<9><STEAM_0:1:7408896><>" entered the game
L 11/10/2025 - 23:13:12: "jakejake<9><STEAM_0:1:7408896><>" joined team "TERRORIST"
L 11/10/2025 - 23:13:13: "jakejake<9><STEAM_0:1:7408896><TERRORIST>" triggered "Spawned_With_The_Bomb"
L 11/10/2025 - 23:13:13: "Smok3<10><STEAM_0:1:12722944><>" entered the game
L 11/10/2025 - 23:13:13: "Smok3<10><STEAM_0:1:12722944><>" joined team "CT"
L 11/10/2025 - 23:13:13: World triggered "Game_Commencing"
L 11/10/2025 - 23:13:13: World triggered "Game_Commencing" (CT "0") (T "0")
L 11/10/2025 - 23:13:13: World triggered "Round_End"
L 11/10/2025 - 23:13:16: "jakejake<9><STEAM_0:1:7408896><TERRORIST>" triggered "Spawned_With_The_Bomb"
L 11/10/2025 - 23:13:22: World triggered "Round_Start"
L 11/10/2025 - 23:14:10: "jakejake<9><STEAM_0:1:7408896><TERRORIST>" triggered "Planted_The_Bomb"
L 11/10/2025 - 23:14:10: "Smok3<10><STEAM_0:1:12722944><CT>" say "...And my Heart goes boooom *grin*"
L 11/10/2025 - 23:14:18: "jakejake<9><STEAM_0:1:7408896><TERRORIST>" killed "Smok3<10><STEAM_0:1:12722944><CT>" with "glock18"
L 11/10/2025 - 23:14:18: Team "TERRORIST" triggered "Terrorists_Win" (CT "0") (T "1")
L 11/10/2025 - 23:14:18: World triggered "Round_End"
L 11/10/2025 - 23:14:21: "jakejake<9><STEAM_0:1:7408896><TERRORIST>" triggered "Spawned_With_The_Bomb"
L 11/10/2025 - 23:14:27: World triggered "Round_Start"
L 11/10/2025 - 23:14:48: "jakejake<9><STEAM_0:1:7408896><TERRORIST>" triggered "Planted_The_Bomb"
L 11/10/2025 - 23:14:48: "Smok3<10><STEAM_0:1:12722944><CT>" say "Cme on jakejake, let's search the bomb!!"
L 11/10/2025 - 23:14:55: "jakejake<9><STEAM_0:1:7408896><TERRORIST>" killed "Smok3<10><STEAM_0:1:12722944><CT>" with "ak47"
L 11/10/2025 - 23:14:55: Team "TERRORIST" triggered "Terrorists_Win" (CT "0") (T "2")
L 11/10/2025 - 23:14:55: World triggered "Round_End"
L 11/10/2025 - 23:14:58: "jakejake<9><STEAM_0:1:7408896><TERRORIST>" triggered "Spawned_With_The_Bomb"
L 11/10/2025 - 23:15:04: World triggered "Round_Start"
L 11/10/2025 - 23:15:37: "jakejake<9><STEAM_0:1:7408896><TERRORIST>" triggered "Planted_The_Bomb"
L 11/10/2025 - 23:15:37: "Smok3<10><STEAM_0:1:12722944><CT>" say "Say, is it the red or the blue wire?"
L 11/10/2025 - 23:15:52: "jakejake<9><STEAM_0:1:7408896><TERRORIST>" killed "Smok3<10><STEAM_0:1:12722944><CT>" with "ak47"
L 11/10/2025 - 23:15:52: Team "TERRORIST" triggered "Terrorists_Win" (CT "0") (T "3")
L 11/10/2025 - 23:15:52: World triggered "Round_End"
L 11/10/2025 - 23:15:55: "jakejake<9><STEAM_0:1:7408896><TERRORIST>" triggered "Spawned_With_The_Bomb"
L 11/10/2025 - 23:16:01: World triggered "Round_Start"
L 11/10/2025 - 23:16:24: "jakejake<9><STEAM_0:1:7408896><TERRORIST>" triggered "Planted_The_Bomb"
L 11/10/2025 - 23:16:24: "Smok3<10><STEAM_0:1:12722944><CT>" say "..And my Heart goes boooom *grin**"
L 11/10/2025 - 23:16:29: "Ｃｙｂｅｒ’Fｏχ<7><STEAM_0:1:97036452><UNASSIGNED>" triggered "time" (time "3:17")
L 11/10/2025 - 23:16:29: "Ｃｙｂｅｒ’Fｏχ<7><STEAM_0:1:97036452><UNASSIGNED>" triggered "latency" (ping "24")
L 11/10/2025 - 23:16:29: "Ｃｙｂｅｒ’Fｏχ<7><STEAM_0:1:97036452><>" disconnected
L 11/10/2025 - 23:16:32: "jakejake<9><STEAM_0:1:7408896><TERRORIST>" killed "Smok3<10><STEAM_0:1:12722944><CT>" with "ak47"
L 11/10/2025 - 23:16:32: Team "TERRORIST" triggered "Terrorists_Win" (CT "0") (T "4")
L 11/10/2025 - 23:16:32: World triggered "Round_End"
L 11/10/2025 - 23:16:33: "Smok3<10><STEAM_0:1:12722944><CT>" say "It's time for a mapchange, isn't it?" (dead)
L 11/10/2025 - 23:16:35: "jakejake<9><STEAM_0:1:7408896><TERRORIST>" triggered "Spawned_With_The_Bomb"
L 11/10/2025 - 23:16:41: World triggered "Round_Start"
L 11/10/2025 - 23:17:09: "jakejake<9><STEAM_0:1:7408896><TERRORIST>" triggered "Planted_The_Bomb"
L 11/10/2025 - 23:17:09: "Smok3<10><STEAM_0:1:12722944><CT>" say "...And my Heart goes boooom *grin*"
L 11/10/2025 - 23:17:14: "Smok3<10><STEAM_0:1:12722944><CT>" killed "jakejake<9><STEAM_0:1:7408896><TERRORIST>" with "famas"
L 11/10/2025 - 23:17:17: "jakejake<9><STEAM_0:1:7408896><TERRORIST>" say "Do you know Jumbot? It really kicks Ass!" (dead)
L 11/10/2025 - 23:17:22: "Smok3<10><STEAM_0:1:12722944><CT>" triggered "Begin_Bomb_Defuse_Without_Kit"
L 11/10/2025 - 23:17:32: "Smok3<10><STEAM_0:1:12722944><CT>" triggered "Defused_The_Bomb"
L 11/10/2025 - 23:17:32: Team "CT" triggered "Bomb_Defused" (CT "1") (T "4")
L 11/10/2025 - 23:17:32: World triggered "Round_End"
L 11/10/2025 - 23:17:35: "jakejake<9><STEAM_0:1:7408896><TERRORIST>" triggered "Spawned_With_The_Bomb"
L 11/10/2025 - 23:17:41: World triggered "Round_Start"
L 11/10/2025 - 23:18:32: "jakejake<9><STEAM_0:1:7408896><TERRORIST>" triggered "Planted_The_Bomb"
L 11/10/2025 - 23:18:32: "Smok3<10><STEAM_0:1:12722944><CT>" say "Last time it took me 5 secs to find & defuse it..."
L 11/10/2025 - 23:18:39: "Smok3<10><STEAM_0:1:12722944><CT>" killed "jakejake<9><STEAM_0:1:7408896><TERRORIST>" with "ak47"
L 11/10/2025 - 23:18:51: "Smok3<10><STEAM_0:1:12722944><CT>" triggered "Begin_Bomb_Defuse_Without_Kit"
L 11/10/2025 - 23:18:54: "jakejake<9><STEAM_0:1:7408896><TERRORIST>" say "What did you say, Smok3?" (dead)
L 11/10/2025 - 23:19:01: "Smok3<10><STEAM_0:1:12722944><CT>" triggered "Defused_The_Bomb"
L 11/10/2025 - 23:19:01: Team "CT" triggered "Bomb_Defused" (CT "2") (T "4")
L 11/10/2025 - 23:19:01: World triggered "Round_End"
L 11/10/2025 - 23:19:04: "jakejake<9><STEAM_0:1:7408896><TERRORIST>" triggered "Spawned_With_The_Bomb"
L 11/10/2025 - 23:19:10: World triggered "Round_Start"
L 11/10/2025 - 23:20:02: "Smok3<10><STEAM_0:1:12722944><CT>" killed "jakejake<9><STEAM_0:1:7408896><TERRORIST>" with "ak47"
L 11/10/2025 - 23:20:02: Team "CT" triggered "CTs_Win" (CT "3") (T "4")
L 11/10/2025 - 23:20:02: World triggered "Round_End"
L 11/10/2025 - 23:20:05: "jakejake<9><STEAM_0:1:7408896><TERRORIST>" triggered "Spawned_With_The_Bomb"
L 11/10/2025 - 23:20:11: World triggered "Round_Start"
L 11/10/2025 - 23:20:44: "jakejake<9><STEAM_0:1:7408896><TERRORIST>" triggered "Planted_The_Bomb"
L 11/10/2025 - 23:20:44: "Smok3<10><STEAM_0:1:12722944><CT>" say "Last time it took me 5 secs to find & defuse it..."
L 11/10/2025 - 23:20:56: "jakejake<9><STEAM_0:1:7408896><TERRORIST>" killed "Smok3<10><STEAM_0:1:12722944><CT>" with "ak47"
L 11/10/2025 - 23:20:56: Team "TERRORIST" triggered "Terrorists_Win" (CT "3") (T "5")
L 11/10/2025 - 23:20:56: World triggered "Round_End"
L 11/10/2025 - 23:20:59: "Smok3<10><STEAM_0:1:12722944><CT>" say "that looked painful." (dead)
L 11/10/2025 - 23:20:59: "jakejake<9><STEAM_0:1:7408896><TERRORIST>" triggered "Spawned_With_The_Bomb"
L 11/10/2025 - 23:21:05: World triggered "Round_Start"
L 11/10/2025 - 23:21:26: "jakejake<9><STEAM_0:1:7408896><TERRORIST>" triggered "Planted_The_Bomb"
L 11/10/2025 - 23:21:26: "Smok3<10><STEAM_0:1:12722944><CT>" say "...and my heart goes boooom *grin*"
L 11/10/2025 - 23:21:31: "jakejake<9><STEAM_0:1:7408896><TERRORIST>" killed "Smok3<10><STEAM_0:1:12722944><CT>" with "ak47"
L 11/10/2025 - 23:21:31: Team "TERRORIST" triggered "Terrorists_Win" (CT "3") (T "6")
L 11/10/2025 - 23:21:31: World triggered "Round_End"
L 11/10/2025 - 23:21:34: "jakejake<9><STEAM_0:1:7408896><TERRORIST>" triggered "Spawned_With_The_Bomb"
L 11/10/2025 - 23:21:40: World triggered "Round_Start"
L 11/10/2025 - 23:21:59: "jakejake<9><STEAM_0:1:7408896><TERRORIST>" triggered "Dropped_The_Bomb"
L 11/10/2025 - 23:22:00: "jakejake<9><STEAM_0:1:7408896><TERRORIST>" triggered "Got_The_Bomb"
L 11/10/2025 - 23:22:14: "jakejake<9><STEAM_0:1:7408896><TERRORIST>" triggered "Planted_The_Bomb"
L 11/10/2025 - 23:22:14: "Smok3<10><STEAM_0:1:12722944><CT>" say "Jeeesuzzz Christ, not again!"
L 11/10/2025 - 23:22:46: "jakejake<9><STEAM_0:1:7408896><TERRORIST>" killed "Smok3<10><STEAM_0:1:12722944><CT>" with "ak47"
L 11/10/2025 - 23:22:46: Team "TERRORIST" triggered "Terrorists_Win" (CT "3") (T "7")
L 11/10/2025 - 23:22:46: World triggered "Round_End"
L 11/10/2025 - 23:22:49: "jakejake<9><STEAM_0:1:7408896><TERRORIST>" triggered "Spawned_With_The_Bomb"
L 11/10/2025 - 23:22:55: World triggered "Round_Start"
L 11/10/2025 - 23:23:30: "jakejake<9><STEAM_0:1:7408896><TERRORIST>" triggered "Planted_The_Bomb"
L 11/10/2025 - 23:23:30: "Smok3<10><STEAM_0:1:12722944><CT>" say "...and my heart goes boooom *grin*"
L 11/10/2025 - 23:23:42: "jakejake<9><STEAM_0:1:7408896><TERRORIST>" killed "Smok3<10><STEAM_0:1:12722944><CT>" with "ak47"
L 11/10/2025 - 23:23:42: Team "TERRORIST" triggered "Terrorists_Win" (CT "3") (T "8")
L 11/10/2025 - 23:23:42: World triggered "Round_End"
L 11/10/2025 - 23:23:45: "jakejake<9><STEAM_0:1:7408896><TERRORIST>" triggered "Spawned_With_The_Bomb"
L 11/10/2025 - 23:23:51: World triggered "Round_Start"
L 11/10/2025 - 23:24:42: "jakejake<9><STEAM_0:1:7408896><TERRORIST>" triggered "Planted_The_Bomb"
L 11/10/2025 - 23:24:42: "Smok3<10><STEAM_0:1:12722944><CT>" say "Jeeesuzzz Christ, not again!"
L 11/10/2025 - 23:24:56: "jakejake<9><STEAM_0:1:7408896><TERRORIST>" killed "Smok3<10><STEAM_0:1:12722944><CT>" with "ak47"
L 11/10/2025 - 23:24:56: Team "TERRORIST" triggered "Terrorists_Win" (CT "3") (T "9")
L 11/10/2025 - 23:24:56: World triggered "Round_End"
L 11/10/2025 - 23:24:57: "Smok3<10><STEAM_0:1:12722944><CT>" say "Spectating sucks..." (dead)
L 11/10/2025 - 23:24:59: "jakejake<9><STEAM_0:1:7408896><TERRORIST>" triggered "Spawned_With_The_Bomb"
L 11/10/2025 - 23:25:05: World triggered "Round_Start"
L 11/10/2025 - 23:25:23: "Smok3<10><STEAM_0:1:12722944><CT>" killed "jakejake<9><STEAM_0:1:7408896><TERRORIST>" with "mp5navy"
L 11/10/2025 - 23:25:23: Team "CT" triggered "CTs_Win" (CT "4") (T "9")
L 11/10/2025 - 23:25:23: World triggered "Round_End"
L 11/10/2025 - 23:25:26: "jakejake<9><STEAM_0:1:7408896><TERRORIST>" triggered "Spawned_With_The_Bomb"
L 11/10/2025 - 23:25:32: World triggered "Round_Start"
L 11/10/2025 - 23:26:03: "jakejake<9><STEAM_0:1:7408896><TERRORIST>" triggered "Planted_The_Bomb"
L 11/10/2025 - 23:26:03: "Smok3<10><STEAM_0:1:12722944><CT>" say "...And my Heart goes boooom *grin*"
L 11/10/2025 - 23:26:26: "Smok3<10><STEAM_0:1:12722944><CT>" killed "jakejake<9><STEAM_0:1:7408896><TERRORIST>" with "mp5navy"
L 11/10/2025 - 23:26:28: "Smok3<10><STEAM_0:1:12722944><CT>" triggered "Begin_Bomb_Defuse_With_Kit"
L 11/10/2025 - 23:26:33: "Smok3<10><STEAM_0:1:12722944><CT>" triggered "Defused_The_Bomb"
L 11/10/2025 - 23:26:33: Team "CT" triggered "Bomb_Defused" (CT "5") (T "9")
L 11/10/2025 - 23:26:33: World triggered "Round_End"
L 11/10/2025 - 23:26:36: "jakejake<9><STEAM_0:1:7408896><TERRORIST>" triggered "Spawned_With_The_Bomb"
L 11/10/2025 - 23:26:42: World triggered "Round_Start"
L 11/10/2025 - 23:27:05: "Smok3<10><STEAM_0:1:12722944><CT>" killed "jakejake<9><STEAM_0:1:7408896><TERRORIST>" with "scout"
L 11/10/2025 - 23:27:05: Team "CT" triggered "CTs_Win" (CT "6") (T "9")
L 11/10/2025 - 23:27:05: World triggered "Round_End"
L 11/10/2025 - 23:27:06: "jakejake<9><STEAM_0:1:7408896><TERRORIST>" say "Please vote for a mapchange!!!" (dead)
L 11/10/2025 - 23:27:08: "jakejake<9><STEAM_0:1:7408896><TERRORIST>" triggered "Spawned_With_The_Bomb"
L 11/10/2025 - 23:27:11: Kick: "Smok3<10><><>" was kicked by "Console"
L 11/10/2025 - 23:27:11: "Smok3<10><BOT><CT>" disconnected
L 11/10/2025 - 23:27:12: "{NoV}Fishbulb<11><STEAM_0:1:1080320><>" entered the game
L 11/10/2025 - 23:27:12: "{NoV}Fishbulb<11><STEAM_0:1:1080320><>" joined team "CT"
L 11/10/2025 - 23:27:12: World triggered "Game_Commencing"
L 11/10/2025 - 23:27:12: World triggered "Game_Commencing" (CT "6") (T "9")
L 11/10/2025 - 23:27:12: World triggered "Round_End"
L 11/10/2025 - 23:27:15: "jakejake<9><STEAM_0:1:7408896><TERRORIST>" triggered "Spawned_With_The_Bomb"
L 11/10/2025 - 23:27:21: World triggered "Round_Start"
L 11/10/2025 - 23:27:55: "jakejake<9><STEAM_0:1:7408896><TERRORIST>" triggered "Planted_The_Bomb"
L 11/10/2025 - 23:27:55: "{NoV}Fishbulb<11><STEAM_0:1:1080320><CT>" say "Last time it took me 5 secs to find & defuse it..."
L 11/10/2025 - 23:28:18: "jakejake<9><STEAM_0:1:7408896><TERRORIST>" killed "{NoV}Fishbulb<11><STEAM_0:1:1080320><CT>" with "glock18"
L 11/10/2025 - 23:28:18: Team "TERRORIST" triggered "Terrorists_Win" (CT "0") (T "1")
L 11/10/2025 - 23:28:18: World triggered "Round_End"
L 11/10/2025 - 23:28:21: "jakejake<9><STEAM_0:1:7408896><TERRORIST>" triggered "Spawned_With_The_Bomb"
L 11/10/2025 - 23:28:27: World triggered "Round_Start"
L 11/10/2025 - 23:28:46: "jakejake<9><STEAM_0:1:7408896><TERRORIST>" triggered "Dropped_The_Bomb"
L 11/10/2025 - 23:28:46: "jakejake<9><STEAM_0:1:7408896><TERRORIST>" triggered "Got_The_Bomb"
L 11/10/2025 - 23:28:59: "jakejake<9><STEAM_0:1:7408896><TERRORIST>" killed "{NoV}Fishbulb<11><STEAM_0:1:1080320><CT>" with "ak47"
L 11/10/2025 - 23:28:59: Team "TERRORIST" triggered "Terrorists_Win" (CT "0") (T "2")
L 11/10/2025 - 23:28:59: World triggered "Round_End"
L 11/10/2025 - 23:29:01: "{NoV}Fishbulb<11><STEAM_0:1:1080320><CT>" say "IHO NNBot is much better than RealBot.." (dead)
L 11/10/2025 - 23:29:02: "jakejake<9><STEAM_0:1:7408896><TERRORIST>" triggered "Spawned_With_The_Bomb"
L 11/10/2025 - 23:29:08: World triggered "Round_Start"
L 11/10/2025 - 23:29:29: "jakejake<9><STEAM_0:1:7408896><TERRORIST>" triggered "Planted_The_Bomb"
L 11/10/2025 - 23:29:29: "{NoV}Fishbulb<11><STEAM_0:1:1080320><CT>" say "Say, is it the red or the blue wire?"
L 11/10/2025 - 23:29:38: "{NoV}Fishbulb<11><STEAM_0:1:1080320><CT>" killed "jakejake<9><STEAM_0:1:7408896><TERRORIST>" with "mp5navy"
L 11/10/2025 - 23:29:38: "jakejake<9><STEAM_0:1:7408896><TERRORIST>" say "Wy is everybody always saying the same things????" (dead)
L 11/10/2025 - 23:29:45: "jakejake<9><STEAM_0:1:7408896><TERRORIST>" say "If botman is cool, what is TheFatal then?" (dead)
L 11/10/2025 - 23:29:45: "{NoV}Fishbulb<11><STEAM_0:1:1080320><CT>" triggered "Begin_Bomb_Defuse_With_Kit"
L 11/10/2025 - 23:29:50: "{NoV}Fishbulb<11><STEAM_0:1:1080320><CT>" triggered "Defused_The_Bomb"
L 11/10/2025 - 23:29:50: Team "CT" triggered "Bomb_Defused" (CT "1") (T "2")
L 11/10/2025 - 23:29:50: World triggered "Round_End"
L 11/10/2025 - 23:29:52: "jakejake<9><STEAM_0:1:7408896><TERRORIST>" say "Booooom!!! *lol**" (dead)
L 11/10/2025 - 23:29:53: "jakejake<9><STEAM_0:1:7408896><TERRORIST>" triggered "Spawned_With_The_Bomb"
L 11/10/2025 - 23:29:59: World triggered "Round_Start"
L 11/10/2025 - 23:30:25: "jakejake<9><STEAM_0:1:7408896><TERRORIST>" triggered "Planted_The_Bomb"
L 11/10/2025 - 23:30:25: "{NoV}Fishbulb<11><STEAM_0:1:1080320><CT>" say "Jeeesuzzz Christ, not again!"
L 11/10/2025 - 23:30:34: "{NoV}Fishbulb<11><STEAM_0:1:1080320><CT>" killed "jakejake<9><STEAM_0:1:7408896><TERRORIST>" with "mp5navy"
L 11/10/2025 - 23:30:34: "{NoV}Fishbulb<11><STEAM_0:1:1080320><CT>" say "Sorry, jakejake. You got in my way."
L 11/10/2025 - 23:30:34: "jakejake<9><STEAM_0:1:7408896><TERRORIST>" say "04:25 in the round and I'm already spectating :(" (dead)
L 11/10/2025 - 23:30:43: "{NoV}Fishbulb<11><STEAM_0:1:1080320><CT>" triggered "Begin_Bomb_Defuse_With_Kit"
L 11/10/2025 - 23:30:47: "jakejake<9><STEAM_0:1:7408896><TERRORIST>" say "Chatting with you fishbulb is so great!" (dead)
L 11/10/2025 - 23:30:48: "{NoV}Fishbulb<11><STEAM_0:1:1080320><CT>" triggered "Defused_The_Bomb"
L 11/10/2025 - 23:30:48: Team "CT" triggered "Bomb_Defused" (CT "2") (T "2")
L 11/10/2025 - 23:30:48: World triggered "Round_End"
L 11/10/2025 - 23:30:49: "jakejake<9><STEAM_0:1:7408896><TERRORIST>" say "I'm off for a cigarette break..." (dead)
L 11/10/2025 - 23:30:51: "jakejake<9><STEAM_0:1:7408896><TERRORIST>" triggered "Spawned_With_The_Bomb"
L 11/10/2025 - 23:30:57: World triggered "Round_Start"
L 11/10/2025 - 23:31:27: "jakejake<9><STEAM_0:1:7408896><TERRORIST>" triggered "Planted_The_Bomb"
L 11/10/2025 - 23:31:27: "{NoV}Fishbulb<11><STEAM_0:1:1080320><CT>" say "Come on jakejake, let's search the bomb!"
L 11/10/2025 - 23:31:48: "{NoV}Fishbulb<11><STEAM_0:1:1080320><CT>" killed "jakejake<9><STEAM_0:1:7408896><TERRORIST>" with "awp"
L 11/10/2025 - 23:31:52: "{NoV}Fishbulb<11><STEAM_0:1:1080320><CT>" triggered "Begin_Bomb_Defuse_With_Kit"
L 11/10/2025 - 23:31:57: "{NoV}Fishbulb<11><STEAM_0:1:1080320><CT>" triggered "Defused_The_Bomb"
L 11/10/2025 - 23:31:57: Team "CT" triggered "Bomb_Defused" (CT "3") (T "2")
L 11/10/2025 - 23:31:57: World triggered "Round_End"
L 11/10/2025 - 23:32:00: "jakejake<9><STEAM_0:1:7408896><TERRORIST>" say "btman must be such a cool guy...." (dead)
L 11/10/2025 - 23:32:00: "jakejake<9><STEAM_0:1:7408896><TERRORIST>" triggered "Spawned_With_The_Bomb"
L 11/10/2025 - 23:32:06: World triggered "Round_Start"
L 11/10/2025 - 23:32:37: "jakejake<9><STEAM_0:1:7408896><TERRORIST>" triggered "Planted_The_Bomb"
L 11/10/2025 - 23:32:37: "{NoV}Fishbulb<11><STEAM_0:1:1080320><CT>" say "Jeeesuzzz Christ, not again!"
L 11/10/2025 - 23:33:02: "jakejake<9><STEAM_0:1:7408896><TERRORIST>" killed "{NoV}Fishbulb<11><STEAM_0:1:1080320><CT>" with "galil"
L 11/10/2025 - 23:33:02: Team "TERRORIST" triggered "Terrorists_Win" (CT "3") (T "3")
L 11/10/2025 - 23:33:02: World triggered "Round_End"
L 11/10/2025 - 23:33:05: "jakejake<9><STEAM_0:1:7408896><TERRORIST>" triggered "Spawned_With_The_Bomb"
L 11/10/2025 - 23:33:11: World triggered "Round_Start"
L 11/10/2025 - 23:34:04: "jakejake<9><STEAM_0:1:7408896><TERRORIST>" triggered "Planted_The_Bomb"
L 11/10/2025 - 23:34:04: "{NoV}Fishbulb<11><STEAM_0:1:1080320><CT>" say "Last time it took me 5 secs to find & defuse it..."
L 11/10/2025 - 23:34:10: "jakejake<9><STEAM_0:1:7408896><TERRORIST>" killed "{NoV}Fishbulb<11><STEAM_0:1:1080320><CT>" with "galil"
L 11/10/2025 - 23:34:10: Team "TERRORIST" triggered "Terrorists_Win" (CT "3") (T "4")
L 11/10/2025 - 23:34:10: World triggered "Round_End"
L 11/10/2025 - 23:34:13: "jakejake<9><STEAM_0:1:7408896><TERRORIST>" triggered "Spawned_With_The_Bomb"
L 11/10/2025 - 23:34:19: World triggered "Round_Start"
L 11/10/2025 - 23:34:38: "{NoV}Fishbulb<11><STEAM_0:1:1080320><CT>" killed "jakejake<9><STEAM_0:1:7408896><TERRORIST>" with "mp5navy"
L 11/10/2025 - 23:34:38: Team "CT" triggered "CTs_Win" (CT "4") (T "4")
L 11/10/2025 - 23:34:38: World triggered "Round_End"
L 11/10/2025 - 23:34:40: "jakejake<9><STEAM_0:1:7408896><TERRORIST>" say "04:38 and {NoV}Fishbulb is still alive! Something must be wrong..." (dead)
L 11/10/2025 - 23:34:41: "jakejake<9><STEAM_0:1:7408896><TERRORIST>" triggered "Spawned_With_The_Bomb"
L 11/10/2025 - 23:34:47: World triggered "Round_Start"
L 11/10/2025 - 23:35:41: "jakejake<9><STEAM_0:1:7408896><TERRORIST>" triggered "Planted_The_Bomb"
L 11/10/2025 - 23:35:41: "{NoV}Fishbulb<11><STEAM_0:1:1080320><CT>" say "Jeeesuzzz Christ, not again!"
L 11/10/2025 - 23:35:59: "jakejake<9><STEAM_0:1:7408896><TERRORIST>" killed "{NoV}Fishbulb<11><STEAM_0:1:1080320><CT>" with "galil"
L 11/10/2025 - 23:35:59: Team "TERRORIST" triggered "Terrorists_Win" (CT "4") (T "5")
L 11/10/2025 - 23:35:59: World triggered "Round_End"
L 11/10/2025 - 23:36:02: "jakejake<9><STEAM_0:1:7408896><TERRORIST>" triggered "Spawned_With_The_Bomb"
L 11/10/2025 - 23:36:08: World triggered "Round_Start"
L 11/10/2025 - 23:36:38: "jakejake<9><STEAM_0:1:7408896><TERRORIST>" triggered "Planted_The_Bomb"
L 11/10/2025 - 23:36:38: "{NoV}Fishbulb<11><STEAM_0:1:1080320><CT>" say "Last time it took me 5 secs to find & defuse it..."
L 11/10/2025 - 23:37:00: "jakejake<9><STEAM_0:1:7408896><TERRORIST>" killed "{NoV}Fishbulb<11><STEAM_0:1:1080320><CT>" with "galil"
L 11/10/2025 - 23:37:00: Team "TERRORIST" triggered "Terrorists_Win" (CT "4") (T "6")
L 11/10/2025 - 23:37:00: World triggered "Round_End"
L 11/10/2025 - 23:37:03: "jakejake<9><STEAM_0:1:7408896><TERRORIST>" triggered "Spawned_With_The_Bomb"
L 11/10/2025 - 23:37:09: World triggered "Round_Start"
L 11/10/2025 - 23:37:57: "jakejake<9><STEAM_0:1:7408896><TERRORIST>" triggered "Planted_The_Bomb"
L 11/10/2025 - 23:37:57: "{NoV}Fishbulb<11><STEAM_0:1:1080320><CT>" say "Say, is it the red or the blue wire?"
L 11/10/2025 - 23:38:08: "jakejake<9><STEAM_0:1:7408896><TERRORIST>" killed "{NoV}Fishbulb<11><STEAM_0:1:1080320><CT>" with "galil"
L 11/10/2025 - 23:38:08: Team "TERRORIST" triggered "Terrorists_Win" (CT "4") (T "7")
L 11/10/2025 - 23:38:08: World triggered "Round_End"
L 11/10/2025 - 23:38:11: "jakejake<9><STEAM_0:1:7408896><TERRORIST>" triggered "Spawned_With_The_Bomb"
L 11/10/2025 - 23:38:17: World triggered "Round_Start"
L 11/10/2025 - 23:38:38: "jakejake<9><STEAM_0:1:7408896><TERRORIST>" triggered "Planted_The_Bomb"
L 11/10/2025 - 23:38:38: "{NoV}Fishbulb<11><STEAM_0:1:1080320><CT>" say "Last time it took em 5 secs to find & defuse it..."
L 11/10/2025 - 23:38:48: "jakejake<9><STEAM_0:1:7408896><TERRORIST>" killed "{NoV}Fishbulb<11><STEAM_0:1:1080320><CT>" with "galil"
L 11/10/2025 - 23:38:48: Team "TERRORIST" triggered "Terrorists_Win" (CT "4") (T "8")
L 11/10/2025 - 23:38:48: World triggered "Round_End"
L 11/10/2025 - 23:38:51: "{NoV}Fishbulb<11><STEAM_0:1:1080320><CT>" say "0:26 and jakejake is still alive! Something must be wrong...." (dead)
L 11/10/2025 - 23:38:51: "jakejake<9><STEAM_0:1:7408896><TERRORIST>" triggered "Spawned_With_The_Bomb"
L 11/10/2025 - 23:38:57: World triggered "Round_Start"
L 11/10/2025 - 23:39:27: "jakejake<9><STEAM_0:1:7408896><TERRORIST>" triggered "Planted_The_Bomb"
L 11/10/2025 - 23:39:27: "{NoV}Fishbulb<11><STEAM_0:1:1080320><CT>" say "Come on jakejake, let's search the bomb!"
L 11/10/2025 - 23:39:38: "jakejake<9><STEAM_0:1:7408896><TERRORIST>" killed "{NoV}Fishbulb<11><STEAM_0:1:1080320><CT>" with "galil"
L 11/10/2025 - 23:39:38: Team "TERRORIST" triggered "Terrorists_Win" (CT "4") (T "9")
L 11/10/2025 - 23:39:38: World triggered "Round_End"
L 11/10/2025 - 23:39:41: "jakejake<9><STEAM_0:1:7408896><TERRORIST>" triggered "Spawned_With_The_Bomb"
L 11/10/2025 - 23:39:47: World triggered "Round_Start"
L 11/10/2025 - 23:40:18: "jakejake<9><STEAM_0:1:7408896><TERRORIST>" triggered "Planted_The_Bomb"
L 11/10/2025 - 23:40:18: "{NoV}Fishbulb<11><STEAM_0:1:1080320><CT>" say "...And my Heart goes boooom *grin*"
L 11/10/2025 - 23:40:42: "jakejake<9><STEAM_0:1:7408896><TERRORIST>" killed "{NoV}Fishbulb<11><STEAM_0:1:1080320><CT>" with "galil"
L 11/10/2025 - 23:40:42: Team "TERRORIST" triggered "Terrorists_Win" (CT "4") (T "10")
L 11/10/2025 - 23:40:42: World triggered "Round_End"
L 11/10/2025 - 23:40:45: "jakejake<9><STEAM_0:1:7408896><TERRORIST>" triggered "Spawned_With_The_Bomb"
L 11/10/2025 - 23:40:51: World triggered "Round_Start"
L 11/10/2025 - 23:41:22: "jakejake<9><STEAM_0:1:7408896><TERRORIST>" triggered "Planted_The_Bomb"
L 11/10/2025 - 23:41:23: "{NoV}Fishbulb<11><STEAM_0:1:1080320><CT>" say "...And my Herat goes boooom *grin*"
L 11/10/2025 - 23:41:35: "jakejake<9><STEAM_0:1:7408896><TERRORIST>" killed "{NoV}Fishbulb<11><STEAM_0:1:1080320><CT>" with "galil"
L 11/10/2025 - 23:41:35: Team "TERRORIST" triggered "Terrorists_Win" (CT "4") (T "11")
L 11/10/2025 - 23:41:35: World triggered "Round_End"
L 11/10/2025 - 23:41:38: "jakejake<9><STEAM_0:1:7408896><TERRORIST>" triggered "Spawned_With_The_Bomb"
L 11/10/2025 - 23:41:44: World triggered "Round_Start"
L 11/10/2025 - 23:42:15: "jakejake<9><STEAM_0:1:7408896><TERRORIST>" triggered "Planted_The_Bomb"
L 11/10/2025 - 23:42:15: "{NoV}Fishbulb<11><STEAM_0:1:1080320><CT>" say "Jeeesuzzz Christ, not again!"
L 11/10/2025 - 23:42:33: "jakejake<9><STEAM_0:1:7408896><TERRORIST>" killed "{NoV}Fishbulb<11><STEAM_0:1:1080320><CT>" with "galil"
L 11/10/2025 - 23:42:33: Team "TERRORIST" triggered "Terrorists_Win" (CT "4") (T "12")
L 11/10/2025 - 23:42:33: World triggered "Round_End"
L 11/10/2025 - 23:42:36: "jakejake<9><STEAM_0:1:7408896><TERRORIST>" triggered "Spawned_With_The_Bomb"
L 11/10/2025 - 23:42:42: World triggered "Round_Start"
L 11/10/2025 - 23:43:39: "jakejake<9><STEAM_0:1:7408896><TERRORIST>" triggered "Planted_The_Bomb"
L 11/10/2025 - 23:43:39: "{NoV}Fishbulb<11><STEAM_0:1:1080320><CT>" say "last time it took me 5 secs to find & defuse it..."
L 11/10/2025 - 23:43:54: "{NoV}Fishbulb<11><STEAM_0:1:1080320><CT>" killed "jakejake<9><STEAM_0:1:7408896><TERRORIST>" with "mp5navy"
L 11/10/2025 - 23:43:58: "jakejake<9><STEAM_0:1:7408896><TERRORIST>" say "Fuck all those Teamkillers!!!" (dead)
L 11/10/2025 - 23:43:59: "{NoV}Fishbulb<11><STEAM_0:1:1080320><CT>" triggered "Begin_Bomb_Defuse_Without_Kit"
L 11/10/2025 - 23:44:08: "jakejake<9><STEAM_0:1:7408896><TERRORIST>" say "Nxt Round we should stick together.." (dead)
L 11/10/2025 - 23:44:09: "{NoV}Fishbulb<11><STEAM_0:1:1080320><CT>" triggered "Defused_The_Bomb"
L 11/10/2025 - 23:44:09: Team "CT" triggered "Bomb_Defused" (CT "5") (T "12")
L 11/10/2025 - 23:44:09: World triggered "Round_End"
L 11/10/2025 - 23:44:12: "jakejake<9><STEAM_0:1:7408896><TERRORIST>" triggered "Spawned_With_The_Bomb"
L 11/10/2025 - 23:44:18: World triggered "Round_Start"
L 11/10/2025 - 23:44:45: "jakejake<9><STEAM_0:1:7408896><TERRORIST>" triggered "Planted_The_Bomb"
L 11/10/2025 - 23:44:45: "{NoV}Fishbulb<11><STEAM_0:1:1080320><CT>" say "Come on jakejake, let's search the bomb!"
L 11/10/2025 - 23:44:51: "jakejake<9><STEAM_0:1:7408896><TERRORIST>" killed "{NoV}Fishbulb<11><STEAM_0:1:1080320><CT>" with "galil"
L 11/10/2025 - 23:44:51: Team "TERRORIST" triggered "Terrorists_Win" (CT "5") (T "13")
L 11/10/2025 - 23:44:51: World triggered "Round_End"
L 11/10/2025 - 23:44:54: "jakejake<9><STEAM_0:1:7408896><TERRORIST>" triggered "Spawned_With_The_Bomb"
L 11/10/2025 - 23:45:00: World triggered "Round_Start"
L 11/10/2025 - 23:45:22: "jakejake<9><STEAM_0:1:7408896><TERRORIST>" triggered "Planted_The_Bomb"
L 11/10/2025 - 23:45:22: "{NoV}Fishbulb<11><STEAM_0:1:1080320><CT>" say "Sy, is it the red or the blue wire??"
L 11/10/2025 - 23:45:46: "jakejake<9><STEAM_0:1:7408896><TERRORIST>" killed "{NoV}Fishbulb<11><STEAM_0:1:1080320><CT>" with "galil"
L 11/10/2025 - 23:45:46: Team "TERRORIST" triggered "Terrorists_Win" (CT "5") (T "14")
L 11/10/2025 - 23:45:46: World triggered "Round_End"
L 11/10/2025 - 23:45:49: "jakejake<9><STEAM_0:1:7408896><TERRORIST>" triggered "Spawned_With_The_Bomb"
L 11/10/2025 - 23:45:55: World triggered "Round_Start"
L 11/10/2025 - 23:46:10: [META] ini: Begin re-reading plugins list: c:/~dl/sonstz/gameshit/cs 1.6 shit/cs1.6 server/server/cstrike/addons/metamod/plugins.ini
L 11/10/2025 - 23:46:10: [META] ini: Read plugin config for: AMX Mod X
L 11/10/2025 - 23:46:10: [META] ini: Read plugin config for: Reunion
L 11/10/2025 - 23:46:10: [META] ini: Read plugin config for: Revoice
L 11/10/2025 - 23:46:10: [META] ini: Read plugin config for: Rechecker
L 11/10/2025 - 23:46:10: [META] ini: Read plugin config for: ReSemiclip
L 11/10/2025 - 23:46:10: [META] ini: Read plugin config for: HitBox Fix
L 11/10/2025 - 23:46:10: [META] ini: Read plugin config for: YaPB
L 11/10/2025 - 23:46:10: [META] ini: Finished reading plugins list: c:/~dl/sonstz/gameshit/cs 1.6 shit/cs1.6 server/server/cstrike/addons/metamod/plugins.ini; Found 7 plugins
L 11/10/2025 - 23:46:10: [META] dll: Updating plugins...
L 11/10/2025 - 23:46:10: [META] dll: Finished updating 18 plugins; kept 7, loaded 0, unloaded 0, reloaded 0, delayed 0
L 11/10/2025 - 23:46:10: [META] dll: Rebuilding callbacks...
L 11/10/2025 - 23:46:10: [META] dll: Callbacks rebuilded.
L 11/10/2025 - 23:46:10: "jakejake<-1><><TERRORIST>" triggered "Dropped_The_Bomb"
L 11/10/2025 - 23:46:10: "jakejake<-1><><TERRORIST>" disconnected
L 11/10/2025 - 23:46:10: "{NoV}Fishbulb<-1><><CT>" disconnected
L 11/10/2025 - 23:46:10: World triggered "Round_Draw" (CT "5") (T "14")
L 11/10/2025 - 23:46:10: World triggered "Round_End"
L 11/10/2025 - 23:46:10: Server shutdown
L 11/10/2025 - 23:46:10: Log file closed
