L 11/11/2025 - 11:30:33: Log file started (file "logs\L1111002.log") (game "cstrike") (version "48/1.1.2.7/Stdio/4002")
L 11/11/2025 - 11:30:33: Server cvar "sv_uploadmax" = "7.77"
L 11/11/2025 - 11:30:33: Server cvar "decalfrequency" = "3"
L 11/11/2025 - 11:30:33: Server cvar "sv_maxrate" = "250000"
L 11/11/2025 - 11:30:33: Server cvar "sv_minrate" = "25000"
L 11/11/2025 - 11:30:33: Server cvar "sv_aim" = "0"
L 11/11/2025 - 11:30:33: Server cvar "sv_maxspeed" = "320"
L 11/11/2025 - 11:30:33: Server cvar "mp_timelimit" = "15"
L 11/11/2025 - 11:30:33: Server cvar "mp_forcechasecam" = "1"
L 11/11/2025 - 11:30:33: Server cvar "mp_forcecamera" = "1"
L 11/11/2025 - 11:30:37: "[SMUT]DarkDruid<1><STEAM_0:1:8960512><>" entered the game
L 11/11/2025 - 11:30:37: "[SMUT]DarkDruid<1><STEAM_0:1:8960512><>" joined team "CT"
L 11/11/2025 - 11:30:38: "Dk-Unknown<2><STEAM_0:1:1246720><>" entered the game
L 11/11/2025 - 11:30:38: "Dk-Unknown<2><STEAM_0:1:1246720><>" joined team "TERRORIST"
L 11/11/2025 - 11:30:38: World triggered "Game_Commencing"
L 11/11/2025 - 11:30:38: World triggered "Game_Commencing" (CT "0") (T "0")
L 11/11/2025 - 11:30:38: World triggered "Round_End"
L 11/11/2025 - 11:30:41: "Dk-Unknown<2><STEAM_0:1:1246720><TERRORIST>" triggered "Spawned_With_The_Bomb"
L 11/11/2025 - 11:30:47: World triggered "Round_Start"
L 11/11/2025 - 11:31:06: "Dk-Unknown<2><STEAM_0:1:1246720><TERRORIST>" killed "[SMUT]DarkDruid<1><STEAM_0:1:8960512><CT>" with "grenade"
L 11/11/2025 - 11:31:06: Team "TERRORIST" triggered "Terrorists_Win" (CT "0") (T "1")
L 11/11/2025 - 11:31:06: World triggered "Round_End"
L 11/11/2025 - 11:31:09: "Dk-Unknown<2><STEAM_0:1:1246720><TERRORIST>" triggered "Spawned_With_The_Bomb"
L 11/11/2025 - 11:31:15: World triggered "Round_Start"
L 11/11/2025 - 11:31:48: "Dk-Unknown<2><STEAM_0:1:1246720><TERRORIST>" triggered "Planted_The_Bomb"
L 11/11/2025 - 11:31:48: "[SMUT]DarkDruid<1><STEAM_0:1:8960512><CT>" say "Come on Dk-Unknown, let's search the bomb!"
L 11/11/2025 - 11:32:09: "Dk-Unknown<2><STEAM_0:1:1246720><TERRORIST>" killed "[SMUT]DarkDruid<1><STEAM_0:1:8960512><CT>" with "ak47"
L 11/11/2025 - 11:32:09: Team "TERRORIST" triggered "Terrorists_Win" (CT "0") (T "2")
L 11/11/2025 - 11:32:09: World triggered "Round_End"
L 11/11/2025 - 11:32:09: "Dk-Unknown<2><STEAM_0:1:1246720><TERRORIST>" say "You should've run while you had the chance, DarkDruid."
L 11/11/2025 - 11:32:10: "[SMUT]DarkDruid<1><STEAM_0:1:8960512><CT>" say "Are there Bots in this Game?" (dead)
L 11/11/2025 - 11:32:12: "Dk-Unknown<2><STEAM_0:1:1246720><TERRORIST>" triggered "Spawned_With_The_Bomb"
L 11/11/2025 - 11:32:18: World triggered "Round_Start"
L 11/11/2025 - 11:32:45: "Dk-Unknown<2><STEAM_0:1:1246720><TERRORIST>" killed "[SMUT]DarkDruid<1><STEAM_0:1:8960512><CT>" with "ak47"
L 11/11/2025 - 11:32:45: Team "TERRORIST" triggered "Terrorists_Win" (CT "0") (T "3")
L 11/11/2025 - 11:32:45: World triggered "Round_End"
L 11/11/2025 - 11:32:45: "Dk-Unknown<2><STEAM_0:1:1246720><TERRORIST>" say "Sorry, DarkDruid. You got in my way."
L 11/11/2025 - 11:32:48: "Dk-Unknown<2><STEAM_0:1:1246720><TERRORIST>" triggered "Spawned_With_The_Bomb"
L 11/11/2025 - 11:32:54: World triggered "Round_Start"
L 11/11/2025 - 11:33:25: "Dk-Unknown<2><STEAM_0:1:1246720><TERRORIST>" triggered "Planted_The_Bomb"
L 11/11/2025 - 11:33:26: "[SMUT]DarkDruid<1><STEAM_0:1:8960512><CT>" say "Lst time it took me 5 secs to find & defuse it...."
L 11/11/2025 - 11:33:45: "[SMUT]DarkDruid<1><STEAM_0:1:8960512><CT>" killed "Dk-Unknown<2><STEAM_0:1:1246720><TERRORIST>" with "mp5navy"
L 11/11/2025 - 11:33:45: "[SMUT]DarkDruid<1><STEAM_0:1:8960512><CT>" say "That'll teach you, Dk-Unknown!"
L 11/11/2025 - 11:33:46: "Dk-Unknown<2><STEAM_0:1:1246720><TERRORIST>" say "04:07 and DarkDruid is still alive! Something must be wrong..." (dead)
L 11/11/2025 - 11:33:47: "[SMUT]DarkDruid<1><STEAM_0:1:8960512><CT>" triggered "Begin_Bomb_Defuse_Without_Kit"
L 11/11/2025 - 11:33:57: "[SMUT]DarkDruid<1><STEAM_0:1:8960512><CT>" triggered "Defused_The_Bomb"
L 11/11/2025 - 11:33:57: Team "CT" triggered "Bomb_Defused" (CT "1") (T "3")
L 11/11/2025 - 11:33:57: World triggered "Round_End"
L 11/11/2025 - 11:33:59: "Dk-Unknown<2><STEAM_0:1:1246720><TERRORIST>" say "no way, darkdruid..." (dead)
L 11/11/2025 - 11:34:00: "Dk-Unknown<2><STEAM_0:1:1246720><TERRORIST>" triggered "Spawned_With_The_Bomb"
L 11/11/2025 - 11:34:06: World triggered "Round_Start"
L 11/11/2025 - 11:34:50: "Dk-Unknown<2><STEAM_0:1:1246720><TERRORIST>" triggered "Planted_The_Bomb"
L 11/11/2025 - 11:34:50: "[SMUT]DarkDruid<1><STEAM_0:1:8960512><CT>" say "Lst time it took me 5 secs to find & defuse it...."
L 11/11/2025 - 11:35:01: "Dk-Unknown<2><STEAM_0:1:1246720><TERRORIST>" killed "[SMUT]DarkDruid<1><STEAM_0:1:8960512><CT>" with "galil"
L 11/11/2025 - 11:35:01: Team "TERRORIST" triggered "Terrorists_Win" (CT "1") (T "4")
L 11/11/2025 - 11:35:01: World triggered "Round_End"
L 11/11/2025 - 11:35:02: "[SMUT]DarkDruid<1><STEAM_0:1:8960512><CT>" say "Fucknig lagged!!" (dead)
L 11/11/2025 - 11:35:04: "Dk-Unknown<2><STEAM_0:1:1246720><TERRORIST>" triggered "Spawned_With_The_Bomb"
L 11/11/2025 - 11:35:10: World triggered "Round_Start"
L 11/11/2025 - 11:35:36: "[SMUT]DarkDruid<1><STEAM_0:1:8960512><CT>" killed "Dk-Unknown<2><STEAM_0:1:1246720><TERRORIST>" with "p90"
L 11/11/2025 - 11:35:36: Team "CT" triggered "CTs_Win" (CT "2") (T "4")
L 11/11/2025 - 11:35:36: World triggered "Round_End"
L 11/11/2025 - 11:35:39: "Dk-Unknown<2><STEAM_0:1:1246720><TERRORIST>" triggered "Spawned_With_The_Bomb"
L 11/11/2025 - 11:35:45: World triggered "Round_Start"
L 11/11/2025 - 11:36:16: "Dk-Unknown<2><STEAM_0:1:1246720><TERRORIST>" triggered "Planted_The_Bomb"
L 11/11/2025 - 11:36:16: "[SMUT]DarkDruid<1><STEAM_0:1:8960512><CT>" say "Say, is it the red or the blue wire?"
L 11/11/2025 - 11:36:22: "Dk-Unknown<2><STEAM_0:1:1246720><TERRORIST>" killed "[SMUT]DarkDruid<1><STEAM_0:1:8960512><CT>" with "galil"
L 11/11/2025 - 11:36:22: Team "TERRORIST" triggered "Terrorists_Win" (CT "2") (T "5")
L 11/11/2025 - 11:36:22: World triggered "Round_End"
L 11/11/2025 - 11:36:25: "Dk-Unknown<2><STEAM_0:1:1246720><TERRORIST>" triggered "Spawned_With_The_Bomb"
L 11/11/2025 - 11:36:31: World triggered "Round_Start"
L 11/11/2025 - 11:36:56: "Dk-Unknown<2><STEAM_0:1:1246720><TERRORIST>" triggered "Planted_The_Bomb"
L 11/11/2025 - 11:36:56: "[SMUT]DarkDruid<1><STEAM_0:1:8960512><CT>" say "Last time it took me 5 secs to find & defuse it..."
L 11/11/2025 - 11:37:02: "Dk-Unknown<2><STEAM_0:1:1246720><TERRORIST>" killed "[SMUT]DarkDruid<1><STEAM_0:1:8960512><CT>" with "galil"
L 11/11/2025 - 11:37:02: Team "TERRORIST" triggered "Terrorists_Win" (CT "2") (T "6")
L 11/11/2025 - 11:37:02: World triggered "Round_End"
L 11/11/2025 - 11:37:02: [META] ini: Begin re-reading plugins list: c:/~dl/sonstz/gameshit/cs 1.6 shit/cs1.6 server/server/cstrike/addons/metamod/plugins.ini
L 11/11/2025 - 11:37:02: [META] ini: Read plugin config for: AMX Mod X
L 11/11/2025 - 11:37:02: [META] ini: Read plugin config for: Reunion
L 11/11/2025 - 11:37:02: [META] ini: Read plugin config for: Revoice
L 11/11/2025 - 11:37:02: [META] ini: Read plugin config for: Rechecker
L 11/11/2025 - 11:37:02: [META] ini: Read plugin config for: ReSemiclip
L 11/11/2025 - 11:37:02: [META] ini: Read plugin config for: HitBox Fix
L 11/11/2025 - 11:37:02: [META] ini: Read plugin config for: YaPB
L 11/11/2025 - 11:37:02: [META] ini: Finished reading plugins list: c:/~dl/sonstz/gameshit/cs 1.6 shit/cs1.6 server/server/cstrike/addons/metamod/plugins.ini; Found 7 plugins
L 11/11/2025 - 11:37:02: [META] dll: Updating plugins...
L 11/11/2025 - 11:37:02: [META] dll: Finished updating 18 plugins; kept 7, loaded 0, unloaded 0, reloaded 0, delayed 0
L 11/11/2025 - 11:37:02: [META] dll: Rebuilding callbacks...
L 11/11/2025 - 11:37:02: [META] dll: Callbacks rebuilded.
L 11/11/2025 - 11:37:02: "[SMUT]DarkDruid<-1><><CT>" disconnected
L 11/11/2025 - 11:37:02: "Dk-Unknown<-1><><TERRORIST>" disconnected
L 11/11/2025 - 11:37:02: Server shutdown
L 11/11/2025 - 11:37:02: Log file closed
