L 11/10/2025 - 21:43:24: Log file started (file "logs\L1110039.log") (game "cstrike") (version "48/1.1.2.7/Stdio/4002")
L 11/10/2025 - 21:43:24: Loading map "de_airstrip"
L 11/10/2025 - 21:43:24: Server cvars start
L 11/10/2025 - 21:43:24: Server cvar "allow_spectators" = "1.0"
L 11/10/2025 - 21:43:24: Server cvar "amx_client_languages" = "1"
L 11/10/2025 - 21:43:24: Server cvar "amx_language" = "en"
L 11/10/2025 - 21:43:24: Server cvar "amx_nextmap" = "de_airstrip"
L 11/10/2025 - 21:43:24: Server cvar "amx_timeleft" = "00:00"
L 11/10/2025 - 21:43:24: Server cvar "amxmodx_version" = "1.9.0.5294"
L 11/10/2025 - 21:43:24: Server cvar "bot_allow_grenades" = "1"
L 11/10/2025 - 21:43:24: Server cvar "bot_allow_machine_guns" = "1"
L 11/10/2025 - 21:43:24: Server cvar "bot_allow_pistols" = "1"
L 11/10/2025 - 21:43:24: Server cvar "bot_allow_rifles" = "1"
L 11/10/2025 - 21:43:24: Server cvar "bot_allow_rogues" = "1"
L 11/10/2025 - 21:43:24: Server cvar "bot_allow_shield" = "1"
L 11/10/2025 - 21:43:24: Server cvar "bot_allow_shotguns" = "1"
L 11/10/2025 - 21:43:24: Server cvar "bot_allow_snipers" = "1"
L 11/10/2025 - 21:43:24: Server cvar "bot_allow_sub_machine_guns" = "1"
L 11/10/2025 - 21:43:24: Server cvar "bot_auto_vacate" = "1"
L 11/10/2025 - 21:43:24: Server cvar "bot_chatter" = "normal"
L 11/10/2025 - 21:43:24: Server cvar "bot_deathmatch" = "0"
L 11/10/2025 - 21:43:24: Server cvar "bot_debug" = "0"
L 11/10/2025 - 21:43:24: Server cvar "bot_defer_to_human" = "0"
L 11/10/2025 - 21:43:24: Server cvar "bot_difficulty" = "0"
L 11/10/2025 - 21:43:24: Server cvar "bot_join_after_player" = "1"
L 11/10/2025 - 21:43:24: Server cvar "bot_join_delay" = "0"
L 11/10/2025 - 21:43:24: Server cvar "bot_join_team" = "any"
L 11/10/2025 - 21:43:24: Server cvar "bot_nav_edit" = "0"
L 11/10/2025 - 21:43:24: Server cvar "bot_nav_zdraw" = "4"
L 11/10/2025 - 21:43:24: Server cvar "bot_prefix" = ""
L 11/10/2025 - 21:43:24: Server cvar "bot_profile_db" = "BotProfile.db"
L 11/10/2025 - 21:43:24: Server cvar "bot_quicksave" = "0"
L 11/10/2025 - 21:43:24: Server cvar "bot_quota" = "0"
L 11/10/2025 - 21:43:24: Server cvar "bot_quota_mode" = "normal"
L 11/10/2025 - 21:43:24: Server cvar "bot_show_danger" = "0"
L 11/10/2025 - 21:43:24: Server cvar "bot_show_nav" = "0"
L 11/10/2025 - 21:43:24: Server cvar "bot_stop" = "0"
L 11/10/2025 - 21:43:24: Server cvar "bot_traceview" = "0"
L 11/10/2025 - 21:43:24: Server cvar "bot_walk" = "0"
L 11/10/2025 - 21:43:24: Server cvar "bot_zombie" = "0"
L 11/10/2025 - 21:43:24: Server cvar "coop" = "0"
L 11/10/2025 - 21:43:24: Server cvar "deathmatch" = "1"
L 11/10/2025 - 21:43:24: Server cvar "decalfrequency" = "3"
L 11/10/2025 - 21:43:24: Server cvar "edgefriction" = "2"
L 11/10/2025 - 21:43:24: Server cvar "ff_damage_reduction_bullets" = "0.35"
L 11/10/2025 - 21:43:24: Server cvar "ff_damage_reduction_grenade" = "0.25"
L 11/10/2025 - 21:43:24: Server cvar "ff_damage_reduction_grenade_self" = "1.0"
L 11/10/2025 - 21:43:24: Server cvar "ff_damage_reduction_other" = "0.35"
L 11/10/2025 - 21:43:24: Server cvar "game_version" = "5.28.0.756-dev"
L 11/10/2025 - 21:43:24: Server cvar "hbf_debug" = "0"
L 11/10/2025 - 21:43:24: Server cvar "hbf_enabled" = "1"
L 11/10/2025 - 21:43:24: Server cvar "hostage_debug" = "0"
L 11/10/2025 - 21:43:24: Server cvar "hostage_stop" = "0"
L 11/10/2025 - 21:43:24: Server cvar "humans_join_team" = "any"
L 11/10/2025 - 21:43:24: Server cvar "max_queries_sec" = "3.0"
L 11/10/2025 - 21:43:24: Server cvar "max_queries_sec_global" = "30"
L 11/10/2025 - 21:43:24: Server cvar "max_queries_window" = "60"
L 11/10/2025 - 21:43:24: Server cvar "metamod_version" = "1.3.0.149"
L 11/10/2025 - 21:43:24: Server cvar "mp_afk_bomb_drop_time" = "0"
L 11/10/2025 - 21:43:24: Server cvar "mp_ammo_respawn_time" = "20"
L 11/10/2025 - 21:43:24: Server cvar "mp_autokick" = "1"
L 11/10/2025 - 21:43:24: Server cvar "mp_autokick_timeout" = "-1"
L 11/10/2025 - 21:43:24: Server cvar "mp_autoteambalance" = "1"
L 11/10/2025 - 21:43:24: Server cvar "mp_buy_anywhere" = "0"
L 11/10/2025 - 21:43:24: Server cvar "mp_buytime" = "0.25"
L 11/10/2025 - 21:43:24: Server cvar "mp_c4timer" = "45"
L 11/10/2025 - 21:43:24: Server cvar "mp_chattime" = "10.000000"
L 11/10/2025 - 21:43:24: Server cvar "mp_consistency" = "1"
L 11/10/2025 - 21:43:24: Server cvar "mp_fadetoblack" = "0"
L 11/10/2025 - 21:43:24: Server cvar "mp_falldamage" = "1"
L 11/10/2025 - 21:43:24: Server cvar "mp_flashlight" = "0"
L 11/10/2025 - 21:43:24: Server cvar "mp_footsteps" = "1"
L 11/10/2025 - 21:43:24: Server cvar "mp_forcecamera" = "1"
L 11/10/2025 - 21:43:24: Server cvar "mp_forcechasecam" = "1"
L 11/10/2025 - 21:43:24: Server cvar "mp_forcerespawn" = "0"
L 11/10/2025 - 21:43:24: Server cvar "mp_fraglimit" = "0"
L 11/10/2025 - 21:43:24: Server cvar "mp_fragsleft" = "0"
L 11/10/2025 - 21:43:24: Server cvar "mp_freeforall" = "0"
L 11/10/2025 - 21:43:24: Server cvar "mp_freezetime" = "6"
L 11/10/2025 - 21:43:24: Server cvar "mp_friendlyfire" = "1"
L 11/10/2025 - 21:43:24: Server cvar "mp_give_player_c4" = "1"
L 11/10/2025 - 21:43:24: Server cvar "mp_hostage_hurtable" = "1"
L 11/10/2025 - 21:43:24: Server cvar "mp_hostagepenalty" = "13"
L 11/10/2025 - 21:43:24: Server cvar "mp_infinite_ammo" = "0"
L 11/10/2025 - 21:43:24: Server cvar "mp_infinite_grenades" = "0"
L 11/10/2025 - 21:43:24: Server cvar "mp_item_respawn_time" = "30"
L 11/10/2025 - 21:43:24: Server cvar "mp_item_staytime" = "300"
L 11/10/2025 - 21:43:24: Server cvar "mp_kickpercent" = "0.66"
L 11/10/2025 - 21:43:24: Server cvar "mp_limitteams" = "2"
L 11/10/2025 - 21:43:24: Server cvar "mp_logdetail" = "0"
L 11/10/2025 - 21:43:24: Server cvar "mp_logfile" = "1"
L 11/10/2025 - 21:43:24: Server cvar "mp_logmessages" = "1"
L 11/10/2025 - 21:43:24: Server cvar "mp_mapvoteratio" = "0.66"
L 11/10/2025 - 21:43:24: Server cvar "mp_maxmoney" = "16000"
L 11/10/2025 - 21:43:24: Server cvar "mp_maxrounds" = "0"
L 11/10/2025 - 21:43:24: Server cvar "mp_playerid" = "0"
L 11/10/2025 - 21:43:24: Server cvar "mp_radio_maxinround" = "60"
L 11/10/2025 - 21:43:24: Server cvar "mp_radio_timeout" = "1.5"
L 11/10/2025 - 21:43:24: Server cvar "mp_respawn_immunity_effects" = "1"
L 11/10/2025 - 21:43:24: Server cvar "mp_respawn_immunity_force_unset" = "1"
L 11/10/2025 - 21:43:24: Server cvar "mp_respawn_immunitytime" = "0"
L 11/10/2025 - 21:43:24: Server cvar "mp_round_infinite" = "0"
L 11/10/2025 - 21:43:24: Server cvar "mp_round_restart_delay" = "5"
L 11/10/2025 - 21:43:24: Server cvar "mp_roundover" = "0"
L 11/10/2025 - 21:43:24: Server cvar "mp_roundtime" = "5"
L 11/10/2025 - 21:43:24: Server cvar "mp_scoreboard_showdefkit" = "1"
L 11/10/2025 - 21:43:24: Server cvar "mp_scoreboard_showhealth" = "3"
L 11/10/2025 - 21:43:24: Server cvar "mp_scoreboard_showmoney" = "3"
L 11/10/2025 - 21:43:24: Server cvar "mp_show_scenarioicon" = "0"
L 11/10/2025 - 21:43:24: Server cvar "mp_startmoney" = "800"
L 11/10/2025 - 21:43:24: Server cvar "mp_timeleft" = "00:00"
L 11/10/2025 - 21:43:24: Server cvar "mp_timelimit" = "15"
L 11/10/2025 - 21:43:24: Server cvar "mp_tkpunish" = "0"
L 11/10/2025 - 21:43:24: Server cvar "mp_weapon_respawn_time" = "20"
L 11/10/2025 - 21:43:24: Server cvar "mp_weapons_allow_map_placed" = "1"
L 11/10/2025 - 21:43:24: Server cvar "mp_windifference" = "1"
L 11/10/2025 - 21:43:24: Server cvar "mp_winlimit" = "0"
L 11/10/2025 - 21:43:24: Server cvar "pausable" = "0"
L 11/10/2025 - 21:43:24: Server cvar "resemiclip_version" = "2.4.3"
L 11/10/2025 - 21:43:24: Server cvar "reu_version" = "0.2.0.34"
L 11/10/2025 - 21:43:24: Server cvar "revoice_version" = "0.1.0.34"
L 11/10/2025 - 21:43:24: Server cvar "sv_accelerate" = "5"
L 11/10/2025 - 21:43:24: Server cvar "sv_aim" = "0"
L 11/10/2025 - 21:43:24: Server cvar "sv_airaccelerate" = "10"
L 11/10/2025 - 21:43:24: Server cvar "sv_allow_autoaim" = "1"
L 11/10/2025 - 21:43:24: Server cvar "sv_allowupload" = "1"
L 11/10/2025 - 21:43:24: Server cvar "sv_alltalk" = "1"
L 11/10/2025 - 21:43:24: Server cvar "sv_bounce" = "1"
L 11/10/2025 - 21:43:24: Server cvar "sv_cheats" = "0"
L 11/10/2025 - 21:43:24: Server cvar "sv_clienttrace" = "1"
L 11/10/2025 - 21:43:24: Server cvar "sv_contact" = ""
L 11/10/2025 - 21:43:24: Server cvar "sv_friction" = "4"
L 11/10/2025 - 21:43:24: Server cvar "sv_gravity" = "800"
L 11/10/2025 - 21:43:24: Server cvar "sv_logblocks" = "0"
L 11/10/2025 - 21:43:24: Server cvar "sv_maxrate" = "250000"
L 11/10/2025 - 21:43:24: Server cvar "sv_maxspeed" = "320"
L 11/10/2025 - 21:43:24: Server cvar "sv_minrate" = "25000"
L 11/10/2025 - 21:43:24: Server cvar "sv_password" = ""
L 11/10/2025 - 21:43:24: Server cvar "sv_proxies" = "1"
L 11/10/2025 - 21:43:24: Server cvar "sv_restart" = "0"
L 11/10/2025 - 21:43:24: Server cvar "sv_restartround" = "0"
L 11/10/2025 - 21:43:24: Server cvar "sv_stepsize" = "18"
L 11/10/2025 - 21:43:24: Server cvar "sv_stopspeed" = "75"
L 11/10/2025 - 21:43:24: Server cvar "sv_uploadmax" = "7.77"
L 11/10/2025 - 21:43:24: Server cvar "sv_version" = "1.1.2.7/Stdio,48,4002"
L 11/10/2025 - 21:43:24: Server cvar "sv_voiceenable" = "1"
L 11/10/2025 - 21:43:24: Server cvar "sv_wateraccelerate" = "10"
L 11/10/2025 - 21:43:24: Server cvar "sv_waterfriction" = "1"
L 11/10/2025 - 21:43:24: Server cvar "yb_version" = "4.4.957"
L 11/10/2025 - 21:43:24: Server cvars end
L 11/10/2025 - 21:43:24: Server cvar "sv_maxspeed" = "900"
L 11/10/2025 - 21:43:24: Server cvar "mp_timelimit" = "20"
L 11/10/2025 - 21:43:24: Server cvar "sv_alltalk" = "0"
L 11/10/2025 - 21:43:24: Server cvar "amx_nextmap" = "cs_havana"
L 11/10/2025 - 21:43:24: Started map "de_airstrip" (CRC "479146630")
L 11/10/2025 - 21:43:27: "Ｃｙｂｅｒ’Fｏχ<10><STEAM_0:1:97036452><>" entered the game
L 11/10/2025 - 21:43:28: "bob<11><BOT><>" entered the game
L 11/10/2025 - 21:43:28: "bob<11><BOT><>" joined team "CT"
L 11/10/2025 - 21:43:28: "bunkerking111<12><BOT><>" entered the game
L 11/10/2025 - 21:43:29: "bunkerking111<12><BOT><>" joined team "TERRORIST"
L 11/10/2025 - 21:43:29: World triggered "Game_Commencing"
L 11/10/2025 - 21:43:29: World triggered "Game_Commencing" (CT "0") (T "0")
L 11/10/2025 - 21:43:29: World triggered "Round_End"
L 11/10/2025 - 21:43:29: "Firestorm<13><BOT><>" entered the game
L 11/10/2025 - 21:43:29: "Firestorm<13><BOT><>" joined team "CT"
L 11/10/2025 - 21:43:29: "bling bling<14><BOT><>" entered the game
L 11/10/2025 - 21:43:29: "bling bling<14><BOT><>" joined team "TERRORIST"
L 11/10/2025 - 21:43:30: "Deadlynome<15><BOT><>" entered the game
L 11/10/2025 - 21:43:30: "Deadlynome<15><BOT><>" joined team "CT"
L 11/10/2025 - 21:43:30: "007<16><BOT><>" entered the game
L 11/10/2025 - 21:43:30: "007<16><BOT><>" joined team "TERRORIST"
L 11/10/2025 - 21:43:30: "bussemann<17><BOT><>" entered the game
L 11/10/2025 - 21:43:31: "bussemann<17><BOT><>" joined team "TERRORIST"
L 11/10/2025 - 21:43:31: "8|@@d$h@t<18><BOT><>" entered the game
L 11/10/2025 - 21:43:31: "8|@@d$h@t<18><BOT><>" joined team "CT"
L 11/10/2025 - 21:43:31: "Brandon<19><BOT><>" entered the game
L 11/10/2025 - 21:43:31: "Brandon<19><BOT><>" joined team "CT"
L 11/10/2025 - 21:43:32: "bunkerking111<12><BOT><TERRORIST>" triggered "Spawned_With_The_Bomb"
L 11/10/2025 - 21:43:32: "bussemann<17><BOT><TERRORIST>" say "hi guys :)"
L 11/10/2025 - 21:43:38: World triggered "Round_Start"
L 11/10/2025 - 21:43:58: "007<16><BOT><TERRORIST>" killed "8|@@d$h@t<18><BOT><CT>" with "usp"
L 11/10/2025 - 21:44:00: "8|@@d$h@t<18><BOT><CT>" say "Vry funny indeed, bussemann...." (dead)
L 11/10/2025 - 21:44:06: "bling bling<14><BOT><TERRORIST>" killed "Firestorm<13><BOT><CT>" with "usp"
L 11/10/2025 - 21:44:06: "Firestorm<13><BOT><CT>" say "Very funny indeed, bussemann..." (dead)
L 11/10/2025 - 21:44:14: "8|@@d$h@t<18><BOT><CT>" say "ican't believe how you canp lay and type at the same time, firestorm!!" (dead)
L 11/10/2025 - 21:44:15: "8|@@d$h@t<18><BOT><CT>" say "IMHO NNBot is much better than RealBot." (dead)
L 11/10/2025 - 21:44:22: "Firestorm<13><BOT><CT>" say "8|@@d$h@t did you hear of ditlew's new mod?" (dead)
L 11/10/2025 - 21:44:27: "8|@@d$h@t<18><BOT><CT>" say "Spectating sucks..." (dead)
L 11/10/2025 - 21:44:31: "Brandon<19><BOT><CT>" killed "bussemann<17><BOT><TERRORIST>" with "deagle"
L 11/10/2025 - 21:44:35: "Brandon<19><BOT><CT>" killed "bling bling<14><BOT><TERRORIST>" with "deagle"
L 11/10/2025 - 21:44:40: "bling bling<14><BOT><TERRORIST>" say "Vry funny indeed, bussemann...." (dead)
L 11/10/2025 - 21:44:43: "bling bling<14><BOT><TERRORIST>" say "Spectating sucks..." (dead)
L 11/10/2025 - 21:44:44: "Ｃｙｂｅｒ’Fｏχ<10><STEAM_0:1:97036452><>" joined team "TERRORIST"
L 11/10/2025 - 21:44:48: "8|@@d$h@t<18><BOT><CT>" say "Where are you from, bling bling?" (dead)
L 11/10/2025 - 21:44:49: "bob<11><BOT><CT>" killed "bunkerking111<12><BOT><TERRORIST>" with "usp"
L 11/10/2025 - 21:44:49: "bunkerking111<12><BOT><TERRORIST>" triggered "Dropped_The_Bomb"
L 11/10/2025 - 21:44:49: "bob<11><BOT><CT>" say "Sorry, bunkerking111. You got in my way."
L 11/10/2025 - 21:44:53: "bunkerking111<12><BOT><TERRORIST>" say "Im glad that at least you have your fun, bussemann...." (dead)
L 11/10/2025 - 21:44:55: "8|@@d$h@t<18><BOT><CT>" say "Would you give me your Headshot Script?" (dead)
L 11/10/2025 - 21:45:02: "bussemann<17><BOT><TERRORIST>" say "Scripts are for losers" (dead)
L 11/10/2025 - 21:45:05: "007<16><BOT><TERRORIST>" triggered "Got_The_Bomb"
L 11/10/2025 - 21:45:10: Kick: "bunkerking111<12><><>" was kicked by "Console"
L 11/10/2025 - 21:45:10: "bunkerking111<12><BOT><TERRORIST>" disconnected
L 11/10/2025 - 21:45:10: "007<16><BOT><TERRORIST>" killed "bob<11><BOT><CT>" with "usp"
L 11/10/2025 - 21:45:11: "Firestorm<13><BOT><CT>" say "bussemann, you prolly don't know how to bind keys?" (dead)
L 11/10/2025 - 21:45:11: Kick: "bob<11><><>" was kicked by "Console"
L 11/10/2025 - 21:45:11: "bob<11><BOT><CT>" disconnected
L 11/10/2025 - 21:45:11: Kick: "Firestorm<13><><>" was kicked by "Console"
L 11/10/2025 - 21:45:11: "Firestorm<13><BOT><CT>" disconnected
L 11/10/2025 - 21:45:12: Kick: "bling bling<14><><>" was kicked by "Console"
L 11/10/2025 - 21:45:12: "bling bling<14><BOT><TERRORIST>" disconnected
L 11/10/2025 - 21:45:12: Kick: "bussemann<17><><>" was kicked by "Console"
L 11/10/2025 - 21:45:12: "bussemann<17><BOT><TERRORIST>" disconnected
L 11/10/2025 - 21:45:12: Kick: "8|@@d$h@t<18><><>" was kicked by "Console"
L 11/10/2025 - 21:45:12: "8|@@d$h@t<18><BOT><CT>" disconnected
L 11/10/2025 - 21:45:13: Kick: "Deadlynome<15><><>" was kicked by "Console"
L 11/10/2025 - 21:45:13: "Deadlynome<15><BOT><CT>" disconnected
L 11/10/2025 - 21:45:13: Kick: "007<16><><>" was kicked by "Console"
L 11/10/2025 - 21:45:13: "007<16><BOT><TERRORIST>" triggered "Dropped_The_Bomb"
L 11/10/2025 - 21:45:13: "007<16><BOT><TERRORIST>" disconnected
L 11/10/2025 - 21:45:13: Team "CT" triggered "CTs_Win" (CT "1") (T "0")
L 11/10/2025 - 21:45:13: World triggered "Round_End"
L 11/10/2025 - 21:45:18: "Ｃｙｂｅｒ’Fｏχ<10><STEAM_0:1:97036452><TERRORIST>" triggered "Spawned_With_The_Bomb"
L 11/10/2025 - 21:45:24: World triggered "Round_Start"
L 11/10/2025 - 21:45:34: "articwolf<20><BOT><>" entered the game
L 11/10/2025 - 21:45:34: "articwolf<20><BOT><>" joined team "TERRORIST"
L 11/10/2025 - 21:45:37: "Ｃｙｂｅｒ’Fｏχ<10><STEAM_0:1:97036452><TERRORIST>" committed suicide with "world"
L 11/10/2025 - 21:45:37: "Ｃｙｂｅｒ’Fｏχ<10><STEAM_0:1:97036452><TERRORIST>" triggered "Dropped_The_Bomb"
L 11/10/2025 - 21:45:37: "Ｃｙｂｅｒ’Fｏχ<10><STEAM_0:1:97036452><TERRORIST>" joined team "TERRORIST"
L 11/10/2025 - 21:45:39: "articwolf<20><BOT><TERRORIST>" triggered "Got_The_Bomb"
L 11/10/2025 - 21:45:44: Kick: "articwolf<20><><>" was kicked by "Console"
L 11/10/2025 - 21:45:44: "articwolf<20><BOT><TERRORIST>" triggered "Dropped_The_Bomb"
L 11/10/2025 - 21:45:44: "articwolf<20><BOT><TERRORIST>" disconnected
L 11/10/2025 - 21:45:44: Team "CT" triggered "CTs_Win" (CT "2") (T "0")
L 11/10/2025 - 21:45:44: World triggered "Round_End"
L 11/10/2025 - 21:45:49: "Ｃｙｂｅｒ’Fｏχ<10><STEAM_0:1:97036452><TERRORIST>" triggered "Spawned_With_The_Bomb"
L 11/10/2025 - 21:45:55: World triggered "Round_Start"
L 11/10/2025 - 21:46:37: "! PGC | [ sGMMa ]<21><STEAM_0:0:649717197><>" connected, address "37.60.146.31:27005"
L 11/10/2025 - 21:46:38: "! PGC | [ sGMMa ]<21><STEAM_0:0:649717197><>" STEAM USERID validated
L 11/10/2025 - 21:47:10: "-=Sh0rTy=-<22><BOT><>" entered the game
L 11/10/2025 - 21:47:10: "-=Sh0rTy=-<22><BOT><>" joined team "CT"
L 11/10/2025 - 21:47:22: "-=Sh0rTy=-<22><BOT><CT>" say "If botman is cool, what is TheFatal then?" (dead)
L 11/10/2025 - 21:47:32: "Brandon<19><BOT><CT>" committed suicide with "world"
L 11/10/2025 - 21:47:32: Team "TERRORIST" triggered "Terrorists_Win" (CT "2") (T "1")
L 11/10/2025 - 21:47:32: World triggered "Round_End"
L 11/10/2025 - 21:47:32: Server cvar "mp_limitteams" = "0"
L 11/10/2025 - 21:47:32: "Brandon<19><BOT><CT>" joined team "TERRORIST"
L 11/10/2025 - 21:47:32: Server cvar "mp_limitteams" = "2"
L 11/10/2025 - 21:47:34: "Brandon<19><BOT><TERRORIST>" say "This is quite fun." (dead)
L 11/10/2025 - 21:47:37: "Ｃｙｂｅｒ’Fｏχ<10><STEAM_0:1:97036452><TERRORIST>" triggered "Spawned_With_The_Bomb"
L 11/10/2025 - 21:47:40: "Ｃｙｂｅｒ’Fｏχ<10><STEAM_0:1:97036452><TERRORIST>" committed suicide with "world"
L 11/10/2025 - 21:47:40: "Ｃｙｂｅｒ’Fｏχ<10><STEAM_0:1:97036452><TERRORIST>" triggered "Dropped_The_Bomb"
L 11/10/2025 - 21:47:43: World triggered "Round_Start"
L 11/10/2025 - 21:47:44: "Brandon<19><BOT><TERRORIST>" triggered "Got_The_Bomb"
L 11/10/2025 - 21:48:30: "Brandon<19><BOT><TERRORIST>" committed suicide with "c4" (world)
L 11/10/2025 - 21:48:30: Team "CT" triggered "CTs_Win" (CT "3") (T "1")
L 11/10/2025 - 21:48:30: World triggered "Round_End"
L 11/10/2025 - 21:48:30: "-=Sh0rTy=-<22><BOT><CT>" committed suicide with "knife" (world)
L 11/10/2025 - 21:48:34: "! PGC | [ sGMMa ]<21><STEAM_0:0:649717197><>" entered the game
L 11/10/2025 - 21:48:35: "Brandon<19><BOT><TERRORIST>" triggered "Spawned_With_The_Bomb"
L 11/10/2025 - 21:48:40: "! PGC | [ sGMMa ]<21><STEAM_0:0:649717197><>" joined team "CT"
L 11/10/2025 - 21:48:41: World triggered "Round_Start"
L 11/10/2025 - 21:48:45: "! PGC | [ sGMMa ]<21><STEAM_0:0:649717197><CT>" say "hi all"
L 11/10/2025 - 21:49:08: "! PGC | [ sGMMa ]<21><STEAM_0:0:649717197><CT>" say "hi all"
L 11/10/2025 - 21:49:13: "Ｃｙｂｅｒ’Fｏχ<10><STEAM_0:1:97036452><TERRORIST>" say "An extant objective persists, your exertion asymptotically approached null."
L 11/10/2025 - 21:49:20: "! PGC | [ sGMMa ]<21><STEAM_0:0:649717197><CT>" say "???"
L 11/10/2025 - 21:49:21: "Ｃｙｂｅｒ’Fｏχ<10><STEAM_0:1:97036452><TERRORIST>" killed "-=Sh0rTy=-<22><BOT><CT>" with "deagle"
L 11/10/2025 - 21:49:23: "-=Sh0rTy=-<22><BOT><CT>" say "ZZZZZZZzzzzzz" (dead)
L 11/10/2025 - 21:49:27: "-=Sh0rTy=-<22><BOT><CT>" disconnected
L 11/10/2025 - 21:49:27: "Brandon<19><BOT><TERRORIST>" triggered "Dropped_The_Bomb"
L 11/10/2025 - 21:49:27: "Brandon<19><BOT><TERRORIST>" disconnected
L 11/10/2025 - 21:49:27: [META] ini: Begin re-reading plugins list: c:/~dl/sonstz/gameshit/cs 1.6 shit/cs1.6 server/server/cstrike/addons/metamod/plugins.ini
L 11/10/2025 - 21:49:27: [META] ini: Read plugin config for: AMX Mod X
L 11/10/2025 - 21:49:27: [META] ini: Read plugin config for: Reunion
L 11/10/2025 - 21:49:27: [META] ini: Read plugin config for: Revoice
L 11/10/2025 - 21:49:27: [META] ini: Read plugin config for: Rechecker
L 11/10/2025 - 21:49:27: [META] ini: Read plugin config for: ReSemiclip
L 11/10/2025 - 21:49:27: [META] ini: Read plugin config for: HitBox Fix
L 11/10/2025 - 21:49:27: [META] ini: Read plugin config for: YaPB
L 11/10/2025 - 21:49:27: [META] ini: Finished reading plugins list: c:/~dl/sonstz/gameshit/cs 1.6 shit/cs1.6 server/server/cstrike/addons/metamod/plugins.ini; Found 7 plugins
L 11/10/2025 - 21:49:27: [META] dll: Updating plugins...
L 11/10/2025 - 21:49:27: [META] dll: Finished updating 11 plugins; kept 7, loaded 0, unloaded 0, reloaded 0, delayed 0
L 11/10/2025 - 21:49:27: [META] dll: Rebuilding callbacks...
L 11/10/2025 - 21:49:27: [META] dll: Callbacks rebuilded.
L 11/10/2025 - 21:49:27: "! PGC | [ sGMMa ]<21><STEAM_0:0:649717197><CT>" disconnected
L 11/10/2025 - 21:49:27: "Ｃｙｂｅｒ’Fｏχ<10><STEAM_0:1:97036452><TERRORIST>" disconnected
L 11/10/2025 - 21:49:27: World triggered "Round_Draw" (CT "3") (T "1")
L 11/10/2025 - 21:49:27: World triggered "Round_End"
L 11/10/2025 - 21:49:27: Log file closed
