L 11/10/2025 - 21:53:49: Log file started (file "logs\L1110043.log") (game "cstrike") (version "48/1.1.2.7/Stdio/4002")
L 11/10/2025 - 21:53:49: Server cvar "sv_uploadmax" = "7.77"
L 11/10/2025 - 21:53:49: Server cvar "decalfrequency" = "3"
L 11/10/2025 - 21:53:49: Server cvar "sv_maxrate" = "250000"
L 11/10/2025 - 21:53:49: Server cvar "sv_minrate" = "25000"
L 11/10/2025 - 21:53:49: Server cvar "sv_alltalk" = "1"
L 11/10/2025 - 21:53:49: Server cvar "sv_aim" = "0"
L 11/10/2025 - 21:53:49: Server cvar "sv_maxspeed" = "320"
L 11/10/2025 - 21:53:49: Server cvar "mp_timelimit" = "15"
L 11/10/2025 - 21:53:49: Server cvar "mp_forcechasecam" = "1"
L 11/10/2025 - 21:53:49: Server cvar "mp_forcecamera" = "1"
L 11/10/2025 - 21:53:53: "Ｃｙｂｅｒ’Fｏχ<1><STEAM_0:1:97036452><>" connected, address "79.235.170.155:27005"
L 11/10/2025 - 21:53:53: "Ｃｙｂｅｒ’Fｏχ<1><STEAM_0:1:97036452><>" STEAM USERID validated
L 11/10/2025 - 21:53:54: "[SMUT]DarkDruid<2><BOT><>" entered the game
L 11/10/2025 - 21:53:54: "[SMUT]DarkDruid<2><BOT><>" joined team "CT"
L 11/10/2025 - 21:53:55: "Ｃｙｂｅｒ’Fｏχ<1><STEAM_0:1:97036452><>" entered the game
L 11/10/2025 - 21:53:57: "Ｃｙｂｅｒ’Fｏχ<1><STEAM_0:1:97036452><>" joined team "TERRORIST"
L 11/10/2025 - 21:53:57: World triggered "Game_Commencing"
L 11/10/2025 - 21:53:57: World triggered "Game_Commencing" (CT "0") (T "0")
L 11/10/2025 - 21:53:57: World triggered "Round_End"
L 11/10/2025 - 21:54:00: "Ｃｙｂｅｒ’Fｏχ<1><STEAM_0:1:97036452><TERRORIST>" triggered "Spawned_With_The_Bomb"
L 11/10/2025 - 21:54:06: World triggered "Round_Start"
L 11/10/2025 - 21:54:08: "[SMUT]DarkDruid<2><BOT><CT>" disconnected
L 11/10/2025 - 21:54:08: [META] ini: Begin re-reading plugins list: c:/~dl/sonstz/gameshit/cs 1.6 shit/cs1.6 server/server/cstrike/addons/metamod/plugins.ini
L 11/10/2025 - 21:54:08: [META] ini: Read plugin config for: AMX Mod X
L 11/10/2025 - 21:54:08: [META] ini: Read plugin config for: Reunion
L 11/10/2025 - 21:54:08: [META] ini: Read plugin config for: Revoice
L 11/10/2025 - 21:54:08: [META] ini: Read plugin config for: Rechecker
L 11/10/2025 - 21:54:08: [META] ini: Read plugin config for: ReSemiclip
L 11/10/2025 - 21:54:08: [META] ini: Read plugin config for: HitBox Fix
L 11/10/2025 - 21:54:08: [META] ini: Read plugin config for: YaPB
L 11/10/2025 - 21:54:08: [META] ini: Finished reading plugins list: c:/~dl/sonstz/gameshit/cs 1.6 shit/cs1.6 server/server/cstrike/addons/metamod/plugins.ini; Found 7 plugins
L 11/10/2025 - 21:54:08: [META] dll: Updating plugins...
L 11/10/2025 - 21:54:08: [META] dll: Finished updating 11 plugins; kept 7, loaded 0, unloaded 0, reloaded 0, delayed 0
L 11/10/2025 - 21:54:08: [META] dll: Rebuilding callbacks...
L 11/10/2025 - 21:54:08: [META] dll: Callbacks rebuilded.
L 11/10/2025 - 21:54:08: "Ｃｙｂｅｒ’Fｏχ<1><STEAM_0:1:97036452><TERRORIST>" triggered "Dropped_The_Bomb"
L 11/10/2025 - 21:54:08: "Ｃｙｂｅｒ’Fｏχ<1><STEAM_0:1:97036452><TERRORIST>" disconnected
L 11/10/2025 - 21:54:08: World triggered "Round_Draw" (CT "0") (T "0")
L 11/10/2025 - 21:54:08: World triggered "Round_End"
L 11/10/2025 - 21:54:08: Log file closed
