L 11/10/2025 - 18:58:58: Log file started (file "logs\L1110009.log") (game "cstrike") (version "48/1.1.2.7/Stdio/4002")
L 11/10/2025 - 18:58:58: Server cvar "sv_uploadmax" = "7.77"
L 11/10/2025 - 18:58:58: Server cvar "decalfrequency" = "3"
L 11/10/2025 - 18:58:58: Server cvar "sv_maxrate" = "250000"
L 11/10/2025 - 18:58:58: Server cvar "sv_minrate" = "25000"
L 11/10/2025 - 18:58:58: Server cvar "sv_alltalk" = "1"
L 11/10/2025 - 18:58:58: Server cvar "sv_aim" = "0"
L 11/10/2025 - 18:58:58: Server cvar "sv_maxspeed" = "320"
L 11/10/2025 - 18:58:58: Server cvar "mp_timelimit" = "15"
L 11/10/2025 - 18:59:05: World triggered "Round_Start"
L 11/10/2025 - 18:59:30: [META] ini: Begin re-reading plugins list: c:/~dl/sonstz/gameshit/cs 1.6 shit/cs1.6 server/server/cstrike/addons/metamod/plugins.ini
L 11/10/2025 - 18:59:30: [META] ini: Read plugin config for: AMX Mod X
L 11/10/2025 - 18:59:30: [META] ini: Read plugin config for: Reunion
L 11/10/2025 - 18:59:30: [META] ini: Finished reading plugins list: c:/~dl/sonstz/gameshit/cs 1.6 shit/cs1.6 server/server/cstrike/addons/metamod/plugins.ini; Found 2 plugins
L 11/10/2025 - 18:59:30: [META] dll: Updating plugins...
L 11/10/2025 - 18:59:30: [META] dll: Finished updating 4 plugins; kept 1, loaded 0, unloaded 0, reloaded 0, delayed 0
L 11/10/2025 - 18:59:30: [META] dll: Rebuilding callbacks...
L 11/10/2025 - 18:59:30: [META] dll: Callbacks rebuilded.
L 11/10/2025 - 18:59:30: Server shutdown
L 11/10/2025 - 18:59:30: Log file closed
