L 11/10/2025 - 19:30:06: Log file started (file "logs\L1110021.log") (game "cstrike") (version "48/1.1.2.7/Stdio/4002")
L 11/10/2025 - 19:30:06: Server cvar "sv_uploadmax" = "7.77"
L 11/10/2025 - 19:30:06: Server cvar "decalfrequency" = "3"
L 11/10/2025 - 19:30:06: Server cvar "sv_maxrate" = "250000"
L 11/10/2025 - 19:30:06: Server cvar "sv_minrate" = "25000"
L 11/10/2025 - 19:30:06: Server cvar "sv_alltalk" = "1"
L 11/10/2025 - 19:30:06: Server cvar "sv_aim" = "0"
L 11/10/2025 - 19:30:06: Server cvar "sv_maxspeed" = "320"
L 11/10/2025 - 19:30:06: Server cvar "mp_timelimit" = "15"
L 11/10/2025 - 19:30:13: World triggered "Round_Start"
L 11/10/2025 - 19:31:40: "empty<1><STEAM_0:1:97036452><>" connected, address "79.235.170.155:27005"
L 11/10/2025 - 19:31:40: "empty<1><STEAM_0:1:97036452><>" STEAM USERID validated
L 11/10/2025 - 19:31:44: "empty<1><STEAM_0:1:97036452><>" entered the game
L 11/10/2025 - 19:31:45: "empty<1><STEAM_0:1:97036452><>" joined team "TERRORIST"
L 11/10/2025 - 19:31:46: "empty<1><STEAM_0:1:97036452><TERRORIST>" triggered "Spawned_With_The_Bomb"
L 11/10/2025 - 19:31:58: "empty<1><STEAM_0:1:97036452><TERRORIST>" changed name to "Ｃʏʙᴇʀ’Foχ."
L 11/10/2025 - 19:32:19: "Ｃʏʙᴇʀ’Foχ.<1><STEAM_0:1:97036452><TERRORIST>" committed suicide with "world"
L 11/10/2025 - 19:32:19: World triggered "Round_Draw" (CT "0") (T "0")
L 11/10/2025 - 19:32:19: World triggered "Round_End"
L 11/10/2025 - 19:32:19: "Ｃʏʙᴇʀ’Foχ.<1><STEAM_0:1:97036452><TERRORIST>" joined team "CT"
L 11/10/2025 - 19:32:30: World triggered "Round_Start"
L 11/10/2025 - 19:32:52: "Ｃʏʙᴇʀ’Foχ.<1><STEAM_0:1:97036452><CT>" say "YO"
L 11/10/2025 - 19:32:54: "Ｃʏʙᴇʀ’Foχ.<1><STEAM_0:1:97036452><CT>" say "H e a d s h o T"
L 11/10/2025 - 19:32:59: "Ｃʏʙᴇʀ’Foχ.<1><STEAM_0:1:97036452><CT>" say "H e a d s h o T"
L 11/10/2025 - 19:33:00: "Ｃʏʙᴇʀ’Foχ.<1><STEAM_0:1:97036452><CT>" say "H e a d s h o T"
L 11/10/2025 - 19:37:30: Team "CT" triggered "Target_Saved" (CT "0") (T "0")
L 11/10/2025 - 19:37:30: World triggered "Round_End"
L 11/10/2025 - 19:37:41: World triggered "Round_Start"
L 11/10/2025 - 19:42:41: Team "CT" triggered "Target_Saved" (CT "0") (T "0")
L 11/10/2025 - 19:42:41: World triggered "Round_End"
L 11/10/2025 - 19:42:52: World triggered "Round_Start"
L 11/10/2025 - 19:45:04: Team "CT" scored "0" with "1" players
L 11/10/2025 - 19:45:04: Team "TERRORIST" scored "0" with "0" players
L 11/10/2025 - 19:45:04: Server cvar "mp_chattime" = "12.000000"
L 11/10/2025 - 19:45:14: Server cvar "mp_chattime" = "10.000000"
L 11/10/2025 - 19:45:14: [META] ini: Begin re-reading plugins list: c:/~dl/sonstz/gameshit/cs 1.6 shit/cs1.6 server/server/cstrike/addons/metamod/plugins.ini
L 11/10/2025 - 19:45:14: [META] ini: Read plugin config for: AMX Mod X
L 11/10/2025 - 19:45:14: [META] ini: Read plugin config for: Reunion
L 11/10/2025 - 19:45:14: [META] ini: Finished reading plugins list: c:/~dl/sonstz/gameshit/cs 1.6 shit/cs1.6 server/server/cstrike/addons/metamod/plugins.ini; Found 2 plugins
L 11/10/2025 - 19:45:14: [META] dll: Updating plugins...
L 11/10/2025 - 19:45:14: [META] dll: Finished updating 5 plugins; kept 2, loaded 0, unloaded 0, reloaded 0, delayed 0
L 11/10/2025 - 19:45:14: [META] dll: Rebuilding callbacks...
L 11/10/2025 - 19:45:14: [META] dll: Callbacks rebuilded.
L 11/10/2025 - 19:45:14: Log file closed
