L 11/10/2025 - 21:54:08: Log file started (file "logs\L1110044.log") (game "cstrike") (version "48/1.1.2.7/Stdio/4002")
L 11/10/2025 - 21:54:08: Loading map "cs_assault"
L 11/10/2025 - 21:54:08: Server cvars start
L 11/10/2025 - 21:54:08: Server cvar "allow_spectators" = "1.0"
L 11/10/2025 - 21:54:08: Server cvar "amx_client_languages" = "1"
L 11/10/2025 - 21:54:08: Server cvar "amx_language" = "en"
L 11/10/2025 - 21:54:08: Server cvar "amx_nextmap" = "de_airstrip"
L 11/10/2025 - 21:54:08: Server cvar "amx_timeleft" = "14:51"
L 11/10/2025 - 21:54:08: Server cvar "amxmodx_version" = "1.9.0.5294"
L 11/10/2025 - 21:54:08: Server cvar "coop" = "0"
L 11/10/2025 - 21:54:08: Server cvar "deathmatch" = "1"
L 11/10/2025 - 21:54:08: Server cvar "decalfrequency" = "3"
L 11/10/2025 - 21:54:08: Server cvar "edgefriction" = "2"
L 11/10/2025 - 21:54:08: Server cvar "ff_damage_reduction_bullets" = "0.35"
L 11/10/2025 - 21:54:08: Server cvar "ff_damage_reduction_grenade" = "0.25"
L 11/10/2025 - 21:54:08: Server cvar "ff_damage_reduction_grenade_self" = "1.0"
L 11/10/2025 - 21:54:08: Server cvar "ff_damage_reduction_other" = "0.35"
L 11/10/2025 - 21:54:08: Server cvar "game_version" = "5.28.0.756-dev"
L 11/10/2025 - 21:54:08: Server cvar "hbf_debug" = "0"
L 11/10/2025 - 21:54:08: Server cvar "hbf_enabled" = "1"
L 11/10/2025 - 21:54:08: Server cvar "humans_join_team" = "any"
L 11/10/2025 - 21:54:08: Server cvar "max_queries_sec" = "3.0"
L 11/10/2025 - 21:54:08: Server cvar "max_queries_sec_global" = "30"
L 11/10/2025 - 21:54:08: Server cvar "max_queries_window" = "60"
L 11/10/2025 - 21:54:08: Server cvar "metamod_version" = "1.3.0.149"
L 11/10/2025 - 21:54:08: Server cvar "mp_afk_bomb_drop_time" = "0"
L 11/10/2025 - 21:54:08: Server cvar "mp_ammo_respawn_time" = "20"
L 11/10/2025 - 21:54:08: Server cvar "mp_autokick" = "1"
L 11/10/2025 - 21:54:08: Server cvar "mp_autokick_timeout" = "-1"
L 11/10/2025 - 21:54:08: Server cvar "mp_autoteambalance" = "1"
L 11/10/2025 - 21:54:08: Server cvar "mp_buy_anywhere" = "0"
L 11/10/2025 - 21:54:08: Server cvar "mp_buytime" = "0.25"
L 11/10/2025 - 21:54:08: Server cvar "mp_c4timer" = "45"
L 11/10/2025 - 21:54:08: Server cvar "mp_chattime" = "10"
L 11/10/2025 - 21:54:08: Server cvar "mp_consistency" = "1"
L 11/10/2025 - 21:54:08: Server cvar "mp_fadetoblack" = "0"
L 11/10/2025 - 21:54:08: Server cvar "mp_falldamage" = "1"
L 11/10/2025 - 21:54:08: Server cvar "mp_flashlight" = "0"
L 11/10/2025 - 21:54:08: Server cvar "mp_footsteps" = "1"
L 11/10/2025 - 21:54:08: Server cvar "mp_forcecamera" = "1"
L 11/10/2025 - 21:54:08: Server cvar "mp_forcechasecam" = "1"
L 11/10/2025 - 21:54:08: Server cvar "mp_forcerespawn" = "0"
L 11/10/2025 - 21:54:08: Server cvar "mp_fraglimit" = "0"
L 11/10/2025 - 21:54:08: Server cvar "mp_fragsleft" = "0"
L 11/10/2025 - 21:54:08: Server cvar "mp_freeforall" = "0"
L 11/10/2025 - 21:54:08: Server cvar "mp_freezetime" = "6"
L 11/10/2025 - 21:54:08: Server cvar "mp_friendlyfire" = "0"
L 11/10/2025 - 21:54:08: Server cvar "mp_give_player_c4" = "1"
L 11/10/2025 - 21:54:08: Server cvar "mp_hostage_hurtable" = "1"
L 11/10/2025 - 21:54:08: Server cvar "mp_hostagepenalty" = "13"
L 11/10/2025 - 21:54:08: Server cvar "mp_infinite_ammo" = "0"
L 11/10/2025 - 21:54:08: Server cvar "mp_infinite_grenades" = "0"
L 11/10/2025 - 21:54:08: Server cvar "mp_item_respawn_time" = "30"
L 11/10/2025 - 21:54:08: Server cvar "mp_item_staytime" = "300"
L 11/10/2025 - 21:54:08: Server cvar "mp_kickpercent" = "0.66"
L 11/10/2025 - 21:54:08: Server cvar "mp_limitteams" = "2"
L 11/10/2025 - 21:54:08: Server cvar "mp_logdetail" = "0"
L 11/10/2025 - 21:54:08: Server cvar "mp_logfile" = "1"
L 11/10/2025 - 21:54:08: Server cvar "mp_logmessages" = "1"
L 11/10/2025 - 21:54:08: Server cvar "mp_mapvoteratio" = "0.66"
L 11/10/2025 - 21:54:08: Server cvar "mp_maxmoney" = "16000"
L 11/10/2025 - 21:54:08: Server cvar "mp_maxrounds" = "0"
L 11/10/2025 - 21:54:08: Server cvar "mp_playerid" = "0"
L 11/10/2025 - 21:54:08: Server cvar "mp_radio_maxinround" = "60"
L 11/10/2025 - 21:54:08: Server cvar "mp_radio_timeout" = "1.5"
L 11/10/2025 - 21:54:08: Server cvar "mp_respawn_immunity_effects" = "1"
L 11/10/2025 - 21:54:08: Server cvar "mp_respawn_immunity_force_unset" = "1"
L 11/10/2025 - 21:54:08: Server cvar "mp_respawn_immunitytime" = "0"
L 11/10/2025 - 21:54:08: Server cvar "mp_round_infinite" = "0"
L 11/10/2025 - 21:54:08: Server cvar "mp_round_restart_delay" = "5"
L 11/10/2025 - 21:54:08: Server cvar "mp_roundover" = "0"
L 11/10/2025 - 21:54:08: Server cvar "mp_roundtime" = "5"
L 11/10/2025 - 21:54:08: Server cvar "mp_scoreboard_showdefkit" = "1"
L 11/10/2025 - 21:54:08: Server cvar "mp_scoreboard_showhealth" = "3"
L 11/10/2025 - 21:54:08: Server cvar "mp_scoreboard_showmoney" = "3"
L 11/10/2025 - 21:54:08: Server cvar "mp_show_scenarioicon" = "0"
L 11/10/2025 - 21:54:08: Server cvar "mp_startmoney" = "800"
L 11/10/2025 - 21:54:08: Server cvar "mp_timeleft" = "14:51"
L 11/10/2025 - 21:54:08: Server cvar "mp_timelimit" = "15"
L 11/10/2025 - 21:54:08: Server cvar "mp_tkpunish" = "0"
L 11/10/2025 - 21:54:08: Server cvar "mp_weapon_respawn_time" = "20"
L 11/10/2025 - 21:54:08: Server cvar "mp_weapons_allow_map_placed" = "1"
L 11/10/2025 - 21:54:08: Server cvar "mp_windifference" = "1"
L 11/10/2025 - 21:54:08: Server cvar "mp_winlimit" = "0"
L 11/10/2025 - 21:54:08: Server cvar "pausable" = "0"
L 11/10/2025 - 21:54:08: Server cvar "resemiclip_version" = "2.4.3"
L 11/10/2025 - 21:54:08: Server cvar "reu_version" = "0.2.0.34"
L 11/10/2025 - 21:54:08: Server cvar "revoice_version" = "0.1.0.34"
L 11/10/2025 - 21:54:08: Server cvar "sv_accelerate" = "5"
L 11/10/2025 - 21:54:08: Server cvar "sv_aim" = "0"
L 11/10/2025 - 21:54:08: Server cvar "sv_airaccelerate" = "10"
L 11/10/2025 - 21:54:08: Server cvar "sv_allow_autoaim" = "1"
L 11/10/2025 - 21:54:08: Server cvar "sv_allowupload" = "1"
L 11/10/2025 - 21:54:08: Server cvar "sv_alltalk" = "1"
L 11/10/2025 - 21:54:08: Server cvar "sv_bounce" = "1"
L 11/10/2025 - 21:54:08: Server cvar "sv_cheats" = "0"
L 11/10/2025 - 21:54:08: Server cvar "sv_clienttrace" = "1"
L 11/10/2025 - 21:54:08: Server cvar "sv_contact" = ""
L 11/10/2025 - 21:54:08: Server cvar "sv_friction" = "4"
L 11/10/2025 - 21:54:08: Server cvar "sv_gravity" = "800"
L 11/10/2025 - 21:54:08: Server cvar "sv_logblocks" = "0"
L 11/10/2025 - 21:54:08: Server cvar "sv_maxrate" = "250000"
L 11/10/2025 - 21:54:08: Server cvar "sv_maxspeed" = "320"
L 11/10/2025 - 21:54:08: Server cvar "sv_minrate" = "25000"
L 11/10/2025 - 21:54:08: Server cvar "sv_password" = ""
L 11/10/2025 - 21:54:08: Server cvar "sv_proxies" = "1"
L 11/10/2025 - 21:54:08: Server cvar "sv_restart" = "0"
L 11/10/2025 - 21:54:08: Server cvar "sv_restartround" = "0"
L 11/10/2025 - 21:54:08: Server cvar "sv_stepsize" = "18"
L 11/10/2025 - 21:54:08: Server cvar "sv_stopspeed" = "75"
L 11/10/2025 - 21:54:08: Server cvar "sv_uploadmax" = "7.77"
L 11/10/2025 - 21:54:08: Server cvar "sv_version" = "1.1.2.7/Stdio,48,4002"
L 11/10/2025 - 21:54:08: Server cvar "sv_voiceenable" = "1"
L 11/10/2025 - 21:54:08: Server cvar "sv_wateraccelerate" = "10"
L 11/10/2025 - 21:54:08: Server cvar "sv_waterfriction" = "1"
L 11/10/2025 - 21:54:08: Server cvar "yb_version" = "4.4.957"
L 11/10/2025 - 21:54:08: Server cvars end
L 11/10/2025 - 21:54:08: Server cvar "sv_maxspeed" = "900"
L 11/10/2025 - 21:54:08: Server cvar "mp_timelimit" = "20"
L 11/10/2025 - 21:54:08: Server cvar "sv_alltalk" = "0"
L 11/10/2025 - 21:54:09: Server cvar "amx_nextmap" = "cs_havana"
L 11/10/2025 - 21:54:09: Started map "cs_assault" (CRC "777915923")
L 11/10/2025 - 21:54:12: "Ｃｙｂｅｒ’Fｏχ<1><STEAM_0:1:97036452><>" entered the game
L 11/10/2025 - 21:54:13: "[SMUT]DarkDruid<3><BOT><>" entered the game
L 11/10/2025 - 21:54:13: "[SMUT]DarkDruid<3><BOT><>" joined team "CT"
L 11/10/2025 - 21:54:16: World triggered "Round_Start"
L 11/10/2025 - 21:54:18: "Ｃｙｂｅｒ’Fｏχ<1><STEAM_0:1:97036452><>" joined team "TERRORIST"
L 11/10/2025 - 21:54:18: World triggered "Game_Commencing"
L 11/10/2025 - 21:54:18: World triggered "Game_Commencing" (CT "0") (T "0")
L 11/10/2025 - 21:54:18: World triggered "Round_End"
L 11/10/2025 - 21:54:27: World triggered "Round_Start"
L 11/10/2025 - 21:56:40: "! PGC | [ sGMMa ]<4><STEAM_0:0:649717197><>" connected, address "37.60.146.31:27005"
L 11/10/2025 - 21:56:40: "! PGC | [ sGMMa ]<4><STEAM_0:0:649717197><>" STEAM USERID validated
L 11/10/2025 - 21:56:51: "! PGC | [ sGMMa ]<4><STEAM_0:0:649717197><>" entered the game
L 11/10/2025 - 21:56:58: "! PGC | [ sGMMa ]<4><STEAM_0:0:649717197><>" joined team "CT"
L 11/10/2025 - 21:57:08: "Ｃｙｂｅｒ’Fｏχ<1><STEAM_0:1:97036452><TERRORIST>" committed suicide with "world"
L 11/10/2025 - 21:57:08: Team "CT" triggered "CTs_Win" (CT "1") (T "0")
L 11/10/2025 - 21:57:08: World triggered "Round_End"
L 11/10/2025 - 21:57:19: World triggered "Round_Start"
L 11/10/2025 - 21:57:29: Server cvar "mp_friendlyfire" = "1"
L 11/10/2025 - 21:57:45: "Ｃｙｂｅｒ’Fｏχ<1><STEAM_0:1:97036452><TERRORIST>" killed "! PGC | [ sGMMa ]<4><STEAM_0:0:649717197><CT>" with "mac10"
L 11/10/2025 - 21:57:50: "Ｃｙｂｅｒ’Fｏχ<1><STEAM_0:1:97036452><TERRORIST>" committed suicide with "world"
L 11/10/2025 - 21:57:50: Team "CT" triggered "CTs_Win" (CT "2") (T "0")
L 11/10/2025 - 21:57:50: World triggered "Round_End"
L 11/10/2025 - 21:57:55: "! PGC | [ sGMMa ]<4><STEAM_0:0:649717197><CT>" say "falcon"
L 11/10/2025 - 21:58:01: World triggered "Round_Start"
L 11/10/2025 - 21:58:18: Server cvar "mp_freezetime" = "0"
L 11/10/2025 - 21:58:48: "! PGC | [ sGMMa ]<4><STEAM_0:0:649717197><CT>" disconnected
L 11/10/2025 - 21:59:08: "Ｃｙｂｅｒ’Fｏχ<1><STEAM_0:1:97036452><TERRORIST>" committed suicide with "world"
L 11/10/2025 - 21:59:08: Team "CT" triggered "CTs_Win" (CT "3") (T "0")
L 11/10/2025 - 21:59:08: World triggered "Round_End"
L 11/10/2025 - 21:59:13: World triggered "Round_Start"
L 11/10/2025 - 21:59:44: "Ｃｙｂｅｒ’Fｏχ<1><STEAM_0:1:97036452><TERRORIST>" killed "[SMUT]DarkDruid<3><BOT><CT>" with "glock18"
L 11/10/2025 - 21:59:44: Team "TERRORIST" triggered "Terrorists_Win" (CT "3") (T "1")
L 11/10/2025 - 21:59:44: World triggered "Round_End"
L 11/10/2025 - 21:59:49: World triggered "Round_Start"
L 11/10/2025 - 22:00:27: "un4given<5><BOT><>" entered the game
L 11/10/2025 - 22:00:27: "un4given<5><BOT><>" joined team "TERRORIST"
L 11/10/2025 - 22:00:27: "Deadlynome<6><BOT><>" entered the game
L 11/10/2025 - 22:00:27: "Deadlynome<6><BOT><>" joined team "CT"
L 11/10/2025 - 22:00:40: "un4given<5><BOT><TERRORIST>" say "Do you know Jumbot? It really kicks Ass!" (dead)
L 11/10/2025 - 22:00:50: "Deadlynome<6><BOT><CT>" say "J? It was good back then but ParaBot is much better now!!" (dead)
L 11/10/2025 - 22:00:56: "Deadlynome<6><BOT><CT>" say "M handwrist already hurts...." (dead)
L 11/10/2025 - 22:01:12: "un4given<5><BOT><TERRORIST>" say "Why is everybody always saying the same things???" (dead)
L 11/10/2025 - 22:01:36: "Deadlynome<6><BOT><CT>" say "Come on un4given, that was only the second time!" (dead)
L 11/10/2025 - 22:01:37: "Deadlynome<6><BOT><CT>" say "i bet darkdrudi won't make it through the round" (dead)
L 11/10/2025 - 22:01:42: Kick: "un4given<5><><>" was kicked by "Console"
L 11/10/2025 - 22:01:42: "un4given<5><BOT><TERRORIST>" disconnected
L 11/10/2025 - 22:01:53: "Deadlynome<6><BOT><CT>" say "Insane in the membrane, hehe!" (dead)
L 11/10/2025 - 22:01:56: Kick: "Deadlynome<6><><>" was kicked by "Console"
L 11/10/2025 - 22:01:56: "Deadlynome<6><BOT><CT>" disconnected
L 11/10/2025 - 22:02:02: "Ｃｙｂｅｒ’Fｏχ<1><STEAM_0:1:97036452><TERRORIST>" committed suicide with "world"
L 11/10/2025 - 22:02:02: Team "CT" triggered "CTs_Win" (CT "4") (T "1")
L 11/10/2025 - 22:02:02: World triggered "Round_End"
L 11/10/2025 - 22:02:07: World triggered "Round_Start"
L 11/10/2025 - 22:02:31: "Hextor<7><BOT><>" entered the game
L 11/10/2025 - 22:02:31: "Hextor<7><BOT><>" joined team "TERRORIST"
L 11/10/2025 - 22:02:31: "aliendewd1<8><BOT><>" entered the game
L 11/10/2025 - 22:02:31: "aliendewd1<8><BOT><>" joined team "CT"
L 11/10/2025 - 22:02:32: "Nihility<9><BOT><>" entered the game
L 11/10/2025 - 22:02:32: "Nihility<9><BOT><>" joined team "CT"
L 11/10/2025 - 22:02:37: Kick: "aliendewd1<8><><>" was kicked by "Console"
L 11/10/2025 - 22:02:37: "aliendewd1<8><BOT><CT>" disconnected
L 11/10/2025 - 22:02:38: Kick: "Hextor<7><><>" was kicked by "Console"
L 11/10/2025 - 22:02:38: "Hextor<7><BOT><TERRORIST>" disconnected
L 11/10/2025 - 22:02:38: Kick: "Nihility<9><><>" was kicked by "Console"
L 11/10/2025 - 22:02:38: "Nihility<9><BOT><CT>" disconnected
L 11/10/2025 - 22:02:58: "[SMUT]DarkDruid<3><BOT><CT>" triggered "Touched_A_Hostage"
L 11/10/2025 - 22:02:59: "[SMUT]DarkDruid<3><BOT><CT>" triggered "Touched_A_Hostage"
L 11/10/2025 - 22:03:04: "[SMUT]DarkDruid<3><BOT><CT>" triggered "Touched_A_Hostage"
L 11/10/2025 - 22:03:05: "[SMUT]DarkDruid<3><BOT><CT>" triggered "Touched_A_Hostage"
L 11/10/2025 - 22:03:12: "Ｃｙｂｅｒ’Fｏχ<1><STEAM_0:1:97036452><TERRORIST>" killed "[SMUT]DarkDruid<3><BOT><CT>" with "ak47"
L 11/10/2025 - 22:03:12: Team "TERRORIST" triggered "Terrorists_Win" (CT "4") (T "2")
L 11/10/2025 - 22:03:12: World triggered "Round_End"
L 11/10/2025 - 22:03:14: "Ｃｙｂｅｒ’Fｏχ<1><STEAM_0:1:97036452><TERRORIST>" triggered "Killed_A_Hostage"
L 11/10/2025 - 22:03:15: "Ｃｙｂｅｒ’Fｏχ<1><STEAM_0:1:97036452><TERRORIST>" triggered "Killed_A_Hostage"
L 11/10/2025 - 22:03:15: "Ｃｙｂｅｒ’Fｏχ<1><STEAM_0:1:97036452><TERRORIST>" triggered "Killed_A_Hostage"
L 11/10/2025 - 22:03:16: "Ｃｙｂｅｒ’Fｏχ<1><STEAM_0:1:97036452><TERRORIST>" triggered "Killed_A_Hostage"
L 11/10/2025 - 22:03:17: World triggered "Round_Start"
L 11/10/2025 - 22:03:29: "[SMUT]DarkDruid<3><BOT><CT>" killed "Ｃｙｂｅｒ’Fｏχ<1><STEAM_0:1:97036452><TERRORIST>" with "famas"
L 11/10/2025 - 22:03:29: Team "CT" triggered "CTs_Win" (CT "5") (T "2")
L 11/10/2025 - 22:03:29: World triggered "Round_End"
L 11/10/2025 - 22:03:34: World triggered "Round_Start"
L 11/10/2025 - 22:03:45: "Ｃｙｂｅｒ’Fｏχ<1><STEAM_0:1:97036452><TERRORIST>" killed "[SMUT]DarkDruid<3><BOT><CT>" with "ak47"
L 11/10/2025 - 22:03:45: Team "TERRORIST" triggered "Terrorists_Win" (CT "5") (T "3")
L 11/10/2025 - 22:03:45: World triggered "Round_End"
L 11/10/2025 - 22:03:50: World triggered "Round_Start"
L 11/10/2025 - 22:04:18: "Ｃｙｂｅｒ’Fｏχ<1><STEAM_0:1:97036452><TERRORIST>" say "me"
L 11/10/2025 - 22:04:19: "Ｃｙｂｅｒ’Fｏχ<1><STEAM_0:1:97036452><TERRORIST>" say "/me"
L 11/10/2025 - 22:04:25: "Ｃｙｂｅｒ’Fｏχ<1><STEAM_0:1:97036452><TERRORIST>" say "/me"
L 11/10/2025 - 22:04:32: "Ｃｙｂｅｒ’Fｏχ<1><STEAM_0:1:97036452><TERRORIST>" killed "[SMUT]DarkDruid<3><BOT><CT>" with "ak47"
L 11/10/2025 - 22:04:32: Team "TERRORIST" triggered "Terrorists_Win" (CT "5") (T "4")
L 11/10/2025 - 22:04:32: World triggered "Round_End"
L 11/10/2025 - 22:04:35: "Ｃｙｂｅｒ’Fｏχ<1><STEAM_0:1:97036452><TERRORIST>" say "/me"
L 11/10/2025 - 22:04:37: World triggered "Round_Start"
L 11/10/2025 - 22:04:52: "Ｃｙｂｅｒ’Fｏχ<1><STEAM_0:1:97036452><TERRORIST>" killed "[SMUT]DarkDruid<3><BOT><CT>" with "ak47"
L 11/10/2025 - 22:04:52: Team "TERRORIST" triggered "Terrorists_Win" (CT "5") (T "5")
L 11/10/2025 - 22:04:52: World triggered "Round_End"
L 11/10/2025 - 22:04:57: World triggered "Round_Start"
L 11/10/2025 - 22:05:17: "Ｃｙｂｅｒ’Fｏχ<1><STEAM_0:1:97036452><TERRORIST>" killed "[SMUT]DarkDruid<3><BOT><CT>" with "ak47"
L 11/10/2025 - 22:05:17: Team "TERRORIST" triggered "Terrorists_Win" (CT "5") (T "6")
L 11/10/2025 - 22:05:17: World triggered "Round_End"
L 11/10/2025 - 22:05:18: "[SMUT]DarkDruid<3><BOT><CT>" say "Too bad Android Bot is updated so slowly." (dead)
L 11/10/2025 - 22:05:22: World triggered "Round_Start"
L 11/10/2025 - 22:05:24: "Counerstrike1<10><BOT><>" entered the game
L 11/10/2025 - 22:05:24: "Counerstrike1<10><BOT><>" joined team "CT"
L 11/10/2025 - 22:05:24: "vampiress<11><BOT><>" entered the game
L 11/10/2025 - 22:05:24: "vampiress<11><BOT><>" joined team "TERRORIST"
L 11/10/2025 - 22:05:25: "Flying Martini<12><BOT><>" entered the game
L 11/10/2025 - 22:05:25: "Flying Martini<12><BOT><>" joined team "TERRORIST"
L 11/10/2025 - 22:05:32: Kick: "vampiress<11><><>" was kicked by "Console"
L 11/10/2025 - 22:05:32: "vampiress<11><BOT><TERRORIST>" disconnected
L 11/10/2025 - 22:05:32: Kick: "Counerstrike1<10><><>" was kicked by "Console"
L 11/10/2025 - 22:05:32: "Counerstrike1<10><BOT><CT>" disconnected
L 11/10/2025 - 22:05:32: Kick: "Flying Martini<12><><>" was kicked by "Console"
L 11/10/2025 - 22:05:32: "Flying Martini<12><BOT><TERRORIST>" disconnected
L 11/10/2025 - 22:05:43: "vampiress<13><BOT><>" entered the game
L 11/10/2025 - 22:05:43: "vampiress<13><BOT><>" joined team "CT"
L 11/10/2025 - 22:05:50: "vampiress<13><BOT><CT>" say "I really hate cs_assault :(" (dead)
L 11/10/2025 - 22:05:55: "[SMUT]DarkDruid<3><BOT><CT>" killed "Ｃｙｂｅｒ’Fｏχ<1><STEAM_0:1:97036452><TERRORIST>" with "famas"
L 11/10/2025 - 22:05:55: Team "CT" triggered "CTs_Win" (CT "6") (T "6")
L 11/10/2025 - 22:05:55: World triggered "Round_End"
L 11/10/2025 - 22:06:00: World triggered "Round_Start"
L 11/10/2025 - 22:06:19: "[SMUT]DarkDruid<3><BOT><CT>" killed "Ｃｙｂｅｒ’Fｏχ<1><STEAM_0:1:97036452><TERRORIST>" with "grenade"
L 11/10/2025 - 22:06:19: Team "CT" triggered "CTs_Win" (CT "7") (T "6")
L 11/10/2025 - 22:06:19: World triggered "Round_End"
L 11/10/2025 - 22:06:24: World triggered "Round_Start"
L 11/10/2025 - 22:06:39: Kick: "vampiress<13><><>" was kicked by "Console"
L 11/10/2025 - 22:06:39: "vampiress<13><BOT><CT>" disconnected
L 11/10/2025 - 22:06:39: Kick: "[SMUT]DarkDruid<3><><>" was kicked by "Console"
L 11/10/2025 - 22:06:39: "[SMUT]DarkDruid<3><BOT><CT>" disconnected
L 11/10/2025 - 22:08:50: "Ronin Marmot<14><BOT><>" entered the game
L 11/10/2025 - 22:08:50: "Ronin Marmot<14><BOT><>" joined team "CT"
L 11/10/2025 - 22:08:50: World triggered "Game_Commencing"
L 11/10/2025 - 22:08:50: World triggered "Game_Commencing" (CT "7") (T "6")
L 11/10/2025 - 22:08:50: World triggered "Round_End"
L 11/10/2025 - 22:08:53: World triggered "Round_Start"
L 11/10/2025 - 22:09:17: "Ronin Marmot<14><BOT><CT>" killed "Ｃｙｂｅｒ’Fｏχ<1><STEAM_0:1:97036452><TERRORIST>" with "deagle"
L 11/10/2025 - 22:09:17: Team "CT" triggered "CTs_Win" (CT "1") (T "0")
L 11/10/2025 - 22:09:17: World triggered "Round_End"
L 11/10/2025 - 22:09:20: "Ｃｙｂｅｒ’Fｏχ<1><STEAM_0:1:97036452><TERRORIST>" joined team "SPECTATOR"
L 11/10/2025 - 22:09:20: "AttAckA<15><BOT><>" entered the game
L 11/10/2025 - 22:09:20: "AttAckA<15><BOT><>" joined team "TERRORIST"
L 11/10/2025 - 22:09:22: World triggered "Round_Start"
L 11/10/2025 - 22:10:14: "Ronin Marmot<14><BOT><CT>" killed "AttAckA<15><BOT><TERRORIST>" with "m4a1"
L 11/10/2025 - 22:10:14: Team "CT" triggered "CTs_Win" (CT "2") (T "0")
L 11/10/2025 - 22:10:14: World triggered "Round_End"
L 11/10/2025 - 22:10:19: World triggered "Round_Start"
L 11/10/2025 - 22:11:31: "Ronin Marmot<14><BOT><CT>" killed "AttAckA<15><BOT><TERRORIST>" with "m4a1"
L 11/10/2025 - 22:11:31: Team "CT" triggered "CTs_Win" (CT "3") (T "0")
L 11/10/2025 - 22:11:31: World triggered "Round_End"
L 11/10/2025 - 22:11:35: "AttAckA<15><BOT><TERRORIST>" say "this map sucks hard..." (dead)
L 11/10/2025 - 22:11:36: World triggered "Round_Start"
L 11/10/2025 - 22:12:13: "AttAckA<15><BOT><TERRORIST>" killed "Ronin Marmot<14><BOT><CT>" with "ak47"
L 11/10/2025 - 22:12:13: Team "TERRORIST" triggered "Terrorists_Win" (CT "3") (T "1")
L 11/10/2025 - 22:12:13: World triggered "Round_End"
L 11/10/2025 - 22:12:18: World triggered "Round_Start"
L 11/10/2025 - 22:14:21: "AttAckA<15><BOT><TERRORIST>" killed "Ronin Marmot<14><BOT><CT>" with "ak47"
L 11/10/2025 - 22:14:21: Team "TERRORIST" triggered "Terrorists_Win" (CT "3") (T "2")
L 11/10/2025 - 22:14:21: World triggered "Round_End"
L 11/10/2025 - 22:14:22: "Ronin Marmot<14><BOT><CT>" say "lol! look at attacka!" (dead)
L 11/10/2025 - 22:14:26: World triggered "Round_Start"
L 11/10/2025 - 22:15:03: "AttAckA<15><BOT><TERRORIST>" killed "Ronin Marmot<14><BOT><CT>" with "ak47"
L 11/10/2025 - 22:15:03: Team "TERRORIST" triggered "Terrorists_Win" (CT "3") (T "3")
L 11/10/2025 - 22:15:03: World triggered "Round_End"
L 11/10/2025 - 22:15:08: World triggered "Round_Start"
L 11/10/2025 - 22:17:32: "AttAckA<15><BOT><TERRORIST>" triggered "Killed_A_Hostage"
L 11/10/2025 - 22:17:54: "Ronin Marmot<14><BOT><CT>" killed "AttAckA<15><BOT><TERRORIST>" with "mp5navy"
L 11/10/2025 - 22:17:54: Team "CT" triggered "CTs_Win" (CT "4") (T "3")
L 11/10/2025 - 22:17:54: World triggered "Round_End"
L 11/10/2025 - 22:17:59: World triggered "Round_Start"
L 11/10/2025 - 22:18:12: "AttAckA<15><BOT><TERRORIST>" killed "Ronin Marmot<14><BOT><CT>" with "ak47"
L 11/10/2025 - 22:18:12: Team "TERRORIST" triggered "Terrorists_Win" (CT "4") (T "4")
L 11/10/2025 - 22:18:12: World triggered "Round_End"
L 11/10/2025 - 22:18:16: "Ronin Marmot<14><BOT><CT>" say "I'm so booored!" (dead)
L 11/10/2025 - 22:18:17: World triggered "Round_Start"
L 11/10/2025 - 22:18:41: "AttAckA<15><BOT><TERRORIST>" killed "Ronin Marmot<14><BOT><CT>" with "ak47"
L 11/10/2025 - 22:18:41: Team "TERRORIST" triggered "Terrorists_Win" (CT "4") (T "5")
L 11/10/2025 - 22:18:41: World triggered "Round_End"
L 11/10/2025 - 22:18:45: "Ronin Marmot<14><BOT><CT>" say "Sniping is all they can do." (dead)
L 11/10/2025 - 22:18:46: World triggered "Round_Start"
L 11/10/2025 - 22:19:01: "AttAckA<15><BOT><TERRORIST>" killed "Ronin Marmot<14><BOT><CT>" with "ak47"
L 11/10/2025 - 22:19:01: Team "TERRORIST" triggered "Terrorists_Win" (CT "4") (T "6")
L 11/10/2025 - 22:19:01: World triggered "Round_End"
L 11/10/2025 - 22:19:01: "Ronin Marmot<14><BOT><CT>" say "04:44 and AttAckA is still alive! Something must be wrong..." (dead)
L 11/10/2025 - 22:19:06: World triggered "Round_Start"
L 11/10/2025 - 22:19:19: "AttAckA<15><BOT><TERRORIST>" killed "Ronin Marmot<14><BOT><CT>" with "ak47"
L 11/10/2025 - 22:19:19: Team "TERRORIST" triggered "Terrorists_Win" (CT "4") (T "7")
L 11/10/2025 - 22:19:19: World triggered "Round_End"
L 11/10/2025 - 22:19:23: "Ronin Marmot<14><BOT><CT>" say "I'm better at Quake 3, that's for sure!" (dead)
L 11/10/2025 - 22:19:24: World triggered "Round_Start"
L 11/10/2025 - 22:19:42: "AttAckA<15><BOT><TERRORIST>" killed "Ronin Marmot<14><BOT><CT>" with "ak47"
L 11/10/2025 - 22:19:42: Team "TERRORIST" triggered "Terrorists_Win" (CT "4") (T "8")
L 11/10/2025 - 22:19:42: World triggered "Round_End"
L 11/10/2025 - 22:19:42: "AttAckA<15><BOT><TERRORIST>" say "yu should've run while you had the chance, ronin marmot.."
L 11/10/2025 - 22:19:47: World triggered "Round_Start"
L 11/10/2025 - 22:21:13: Server cvar "sv_restart" = "1"
L 11/10/2025 - 22:21:13: World triggered "Restart_Round_(1_second)"
L 11/10/2025 - 22:21:13: Team "CT" scored "4" with "1" players
L 11/10/2025 - 22:21:13: Team "TERRORIST" scored "8" with "1" players
L 11/10/2025 - 22:21:13: Server cvar "sv_restart" = "0"
L 11/10/2025 - 22:21:14: World triggered "Round_Start"
L 11/10/2025 - 22:21:29: "Ronin Marmot<14><BOT><CT>" killed "AttAckA<15><BOT><TERRORIST>" with "usp"
L 11/10/2025 - 22:21:29: Team "CT" triggered "CTs_Win" (CT "1") (T "0")
L 11/10/2025 - 22:21:29: World triggered "Round_End"
L 11/10/2025 - 22:21:29: "Ronin Marmot<14><BOT><CT>" say "I had to do it, AttAckA. You understand."
L 11/10/2025 - 22:21:31: "AttAckA<15><BOT><TERRORIST>" say "LOL! Look at Ronin Marmot!" (dead)
L 11/10/2025 - 22:21:34: World triggered "Round_Start"
L 11/10/2025 - 22:22:13: "Ronin Marmot<14><BOT><CT>" killed "AttAckA<15><BOT><TERRORIST>" with "m4a1"
L 11/10/2025 - 22:22:13: Team "CT" triggered "CTs_Win" (CT "2") (T "0")
L 11/10/2025 - 22:22:13: World triggered "Round_End"
L 11/10/2025 - 22:22:13: "AttAckA<15><BOT><TERRORIST>" say "Still 04:20 in this round" (dead)
L 11/10/2025 - 22:22:18: World triggered "Round_Start"
L 11/10/2025 - 22:24:15: "Ronin Marmot<14><BOT><CT>" killed "AttAckA<15><BOT><TERRORIST>" with "m4a1"
L 11/10/2025 - 22:24:15: Team "CT" triggered "CTs_Win" (CT "3") (T "0")
L 11/10/2025 - 22:24:15: World triggered "Round_End"
L 11/10/2025 - 22:24:20: World triggered "Round_Start"
L 11/10/2025 - 22:24:40: "AttAckA<15><BOT><TERRORIST>" killed "Ronin Marmot<14><BOT><CT>" with "mp5navy"
L 11/10/2025 - 22:24:40: Team "TERRORIST" triggered "Terrorists_Win" (CT "3") (T "1")
L 11/10/2025 - 22:24:40: World triggered "Round_End"
L 11/10/2025 - 22:24:45: World triggered "Round_Start"
L 11/10/2025 - 22:25:23: "AttAckA<15><BOT><TERRORIST>" killed "Ronin Marmot<14><BOT><CT>" with "mp5navy"
L 11/10/2025 - 22:25:23: Team "TERRORIST" triggered "Terrorists_Win" (CT "3") (T "2")
L 11/10/2025 - 22:25:23: World triggered "Round_End"
L 11/10/2025 - 22:25:28: World triggered "Round_Start"
L 11/10/2025 - 22:26:04: "Ronin Marmot<14><BOT><CT>" disconnected
L 11/10/2025 - 22:26:04: "AttAckA<15><BOT><TERRORIST>" disconnected
L 11/10/2025 - 22:26:04: World triggered "Round_Draw" (CT "3") (T "2")
L 11/10/2025 - 22:26:04: World triggered "Round_End"
L 11/10/2025 - 22:26:04: [META] ini: Begin re-reading plugins list: c:/~dl/sonstz/gameshit/cs 1.6 shit/cs1.6 server/server/cstrike/addons/metamod/plugins.ini
L 11/10/2025 - 22:26:04: [META] ini: Read plugin config for: AMX Mod X
L 11/10/2025 - 22:26:04: [META] ini: Read plugin config for: Reunion
L 11/10/2025 - 22:26:04: [META] ini: Read plugin config for: Revoice
L 11/10/2025 - 22:26:04: [META] ini: Read plugin config for: Rechecker
L 11/10/2025 - 22:26:04: [META] ini: Read plugin config for: ReSemiclip
L 11/10/2025 - 22:26:04: [META] ini: Read plugin config for: HitBox Fix
L 11/10/2025 - 22:26:04: [META] ini: Read plugin config for: YaPB
L 11/10/2025 - 22:26:04: [META] ini: Finished reading plugins list: c:/~dl/sonstz/gameshit/cs 1.6 shit/cs1.6 server/server/cstrike/addons/metamod/plugins.ini; Found 7 plugins
L 11/10/2025 - 22:26:04: [META] dll: Updating plugins...
L 11/10/2025 - 22:26:04: [META] dll: Finished updating 11 plugins; kept 7, loaded 0, unloaded 0, reloaded 0, delayed 0
L 11/10/2025 - 22:26:04: [META] dll: Rebuilding callbacks...
L 11/10/2025 - 22:26:04: [META] dll: Callbacks rebuilded.
L 11/10/2025 - 22:26:04: "Ｃｙｂｅｒ’Fｏχ<1><STEAM_0:1:97036452><SPECTATOR>" disconnected
L 11/10/2025 - 22:26:04: Log file closed
