L 11/10/2025 - 19:46:56: Log file started (file "logs\L1110023.log") (game "cstrike") (version "48/1.1.2.7/Stdio/4002")
L 11/10/2025 - 19:46:56: Loading map "cs_siege"
L 11/10/2025 - 19:46:56: Server cvars start
L 11/10/2025 - 19:46:56: Server cvar "allow_spectators" = "1.0"
L 11/10/2025 - 19:46:56: Server cvar "amx_client_languages" = "1"
L 11/10/2025 - 19:46:56: Server cvar "amx_language" = "en"
L 11/10/2025 - 19:46:56: Server cvar "amx_nextmap" = "cs_havana"
L 11/10/2025 - 19:46:56: Server cvar "amx_timeleft" = "18:17"
L 11/10/2025 - 19:46:56: Server cvar "amxmodx_version" = "1.9.0.5294"
L 11/10/2025 - 19:46:56: Server cvar "coop" = "0"
L 11/10/2025 - 19:46:56: Server cvar "deathmatch" = "1"
L 11/10/2025 - 19:46:56: Server cvar "decalfrequency" = "3"
L 11/10/2025 - 19:46:56: Server cvar "edgefriction" = "2"
L 11/10/2025 - 19:46:56: Server cvar "ff_damage_reduction_bullets" = "0.35"
L 11/10/2025 - 19:46:56: Server cvar "ff_damage_reduction_grenade" = "0.25"
L 11/10/2025 - 19:46:56: Server cvar "ff_damage_reduction_grenade_self" = "1.0"
L 11/10/2025 - 19:46:56: Server cvar "ff_damage_reduction_other" = "0.35"
L 11/10/2025 - 19:46:56: Server cvar "game_version" = "5.28.0.756-dev"
L 11/10/2025 - 19:46:56: Server cvar "humans_join_team" = "any"
L 11/10/2025 - 19:46:56: Server cvar "max_queries_sec" = "3.0"
L 11/10/2025 - 19:46:56: Server cvar "max_queries_sec_global" = "30"
L 11/10/2025 - 19:46:56: Server cvar "max_queries_window" = "60"
L 11/10/2025 - 19:46:56: Server cvar "metamod_version" = "1.3.0.149"
L 11/10/2025 - 19:46:56: Server cvar "mp_afk_bomb_drop_time" = "0"
L 11/10/2025 - 19:46:56: Server cvar "mp_ammo_respawn_time" = "20"
L 11/10/2025 - 19:46:56: Server cvar "mp_autokick" = "1"
L 11/10/2025 - 19:46:56: Server cvar "mp_autokick_timeout" = "-1"
L 11/10/2025 - 19:46:56: Server cvar "mp_autoteambalance" = "1"
L 11/10/2025 - 19:46:56: Server cvar "mp_buy_anywhere" = "0"
L 11/10/2025 - 19:46:56: Server cvar "mp_buytime" = "0.25"
L 11/10/2025 - 19:46:56: Server cvar "mp_c4timer" = "45"
L 11/10/2025 - 19:46:56: Server cvar "mp_chattime" = "10.000000"
L 11/10/2025 - 19:46:56: Server cvar "mp_consistency" = "1"
L 11/10/2025 - 19:46:56: Server cvar "mp_fadetoblack" = "0"
L 11/10/2025 - 19:46:56: Server cvar "mp_falldamage" = "1"
L 11/10/2025 - 19:46:56: Server cvar "mp_flashlight" = "0"
L 11/10/2025 - 19:46:56: Server cvar "mp_footsteps" = "1"
L 11/10/2025 - 19:46:56: Server cvar "mp_forcecamera" = "0"
L 11/10/2025 - 19:46:56: Server cvar "mp_forcechasecam" = "0"
L 11/10/2025 - 19:46:56: Server cvar "mp_forcerespawn" = "0"
L 11/10/2025 - 19:46:56: Server cvar "mp_fraglimit" = "0"
L 11/10/2025 - 19:46:56: Server cvar "mp_fragsleft" = "0"
L 11/10/2025 - 19:46:56: Server cvar "mp_freeforall" = "0"
L 11/10/2025 - 19:46:56: Server cvar "mp_freezetime" = "6"
L 11/10/2025 - 19:46:56: Server cvar "mp_friendlyfire" = "0"
L 11/10/2025 - 19:46:56: Server cvar "mp_give_player_c4" = "1"
L 11/10/2025 - 19:46:56: Server cvar "mp_hostage_hurtable" = "1"
L 11/10/2025 - 19:46:56: Server cvar "mp_hostagepenalty" = "13"
L 11/10/2025 - 19:46:56: Server cvar "mp_infinite_ammo" = "0"
L 11/10/2025 - 19:46:56: Server cvar "mp_infinite_grenades" = "0"
L 11/10/2025 - 19:46:56: Server cvar "mp_item_respawn_time" = "30"
L 11/10/2025 - 19:46:56: Server cvar "mp_item_staytime" = "300"
L 11/10/2025 - 19:46:56: Server cvar "mp_kickpercent" = "0.66"
L 11/10/2025 - 19:46:56: Server cvar "mp_limitteams" = "2"
L 11/10/2025 - 19:46:56: Server cvar "mp_logdetail" = "0"
L 11/10/2025 - 19:46:56: Server cvar "mp_logfile" = "1"
L 11/10/2025 - 19:46:56: Server cvar "mp_logmessages" = "1"
L 11/10/2025 - 19:46:56: Server cvar "mp_mapvoteratio" = "0.66"
L 11/10/2025 - 19:46:56: Server cvar "mp_maxmoney" = "16000"
L 11/10/2025 - 19:46:56: Server cvar "mp_maxrounds" = "0"
L 11/10/2025 - 19:46:56: Server cvar "mp_playerid" = "0"
L 11/10/2025 - 19:46:56: Server cvar "mp_radio_maxinround" = "60"
L 11/10/2025 - 19:46:56: Server cvar "mp_radio_timeout" = "1.5"
L 11/10/2025 - 19:46:56: Server cvar "mp_respawn_immunity_effects" = "1"
L 11/10/2025 - 19:46:56: Server cvar "mp_respawn_immunity_force_unset" = "1"
L 11/10/2025 - 19:46:56: Server cvar "mp_respawn_immunitytime" = "0"
L 11/10/2025 - 19:46:56: Server cvar "mp_round_infinite" = "0"
L 11/10/2025 - 19:46:56: Server cvar "mp_round_restart_delay" = "5"
L 11/10/2025 - 19:46:56: Server cvar "mp_roundover" = "0"
L 11/10/2025 - 19:46:56: Server cvar "mp_roundtime" = "5"
L 11/10/2025 - 19:46:56: Server cvar "mp_scoreboard_showdefkit" = "1"
L 11/10/2025 - 19:46:56: Server cvar "mp_scoreboard_showhealth" = "3"
L 11/10/2025 - 19:46:56: Server cvar "mp_scoreboard_showmoney" = "3"
L 11/10/2025 - 19:46:56: Server cvar "mp_show_scenarioicon" = "0"
L 11/10/2025 - 19:46:56: Server cvar "mp_startmoney" = "800"
L 11/10/2025 - 19:46:56: Server cvar "mp_timeleft" = "18:16"
L 11/10/2025 - 19:46:56: Server cvar "mp_timelimit" = "20"
L 11/10/2025 - 19:46:56: Server cvar "mp_tkpunish" = "0"
L 11/10/2025 - 19:46:56: Server cvar "mp_weapon_respawn_time" = "20"
L 11/10/2025 - 19:46:56: Server cvar "mp_weapons_allow_map_placed" = "1"
L 11/10/2025 - 19:46:56: Server cvar "mp_windifference" = "1"
L 11/10/2025 - 19:46:56: Server cvar "mp_winlimit" = "0"
L 11/10/2025 - 19:46:56: Server cvar "pausable" = "0"
L 11/10/2025 - 19:46:56: Server cvar "reu_version" = "0.2.0.34"
L 11/10/2025 - 19:46:56: Server cvar "sv_accelerate" = "5"
L 11/10/2025 - 19:46:56: Server cvar "sv_aim" = "0"
L 11/10/2025 - 19:46:56: Server cvar "sv_airaccelerate" = "10"
L 11/10/2025 - 19:46:56: Server cvar "sv_allow_autoaim" = "1"
L 11/10/2025 - 19:46:56: Server cvar "sv_allowupload" = "1"
L 11/10/2025 - 19:46:56: Server cvar "sv_alltalk" = "0"
L 11/10/2025 - 19:46:56: Server cvar "sv_bounce" = "1"
L 11/10/2025 - 19:46:56: Server cvar "sv_cheats" = "0"
L 11/10/2025 - 19:46:56: Server cvar "sv_clienttrace" = "1"
L 11/10/2025 - 19:46:56: Server cvar "sv_contact" = ""
L 11/10/2025 - 19:46:56: Server cvar "sv_friction" = "4"
L 11/10/2025 - 19:46:56: Server cvar "sv_gravity" = "800"
L 11/10/2025 - 19:46:56: Server cvar "sv_logblocks" = "0"
L 11/10/2025 - 19:46:56: Server cvar "sv_maxrate" = "250000"
L 11/10/2025 - 19:46:56: Server cvar "sv_maxspeed" = "900"
L 11/10/2025 - 19:46:56: Server cvar "sv_minrate" = "25000"
L 11/10/2025 - 19:46:56: Server cvar "sv_password" = ""
L 11/10/2025 - 19:46:56: Server cvar "sv_proxies" = "1"
L 11/10/2025 - 19:46:56: Server cvar "sv_restart" = "0"
L 11/10/2025 - 19:46:56: Server cvar "sv_restartround" = "0"
L 11/10/2025 - 19:46:56: Server cvar "sv_stepsize" = "18"
L 11/10/2025 - 19:46:56: Server cvar "sv_stopspeed" = "75"
L 11/10/2025 - 19:46:56: Server cvar "sv_uploadmax" = "7.77"
L 11/10/2025 - 19:46:56: Server cvar "sv_version" = "1.1.2.7/Stdio,48,4002"
L 11/10/2025 - 19:46:56: Server cvar "sv_voiceenable" = "1"
L 11/10/2025 - 19:46:56: Server cvar "sv_wateraccelerate" = "10"
L 11/10/2025 - 19:46:56: Server cvar "sv_waterfriction" = "1"
L 11/10/2025 - 19:46:56: Server cvars end
L 11/10/2025 - 19:46:56: Server cvar "amx_nextmap" = "de_chateau"
L 11/10/2025 - 19:46:56: Started map "cs_siege" (CRC "2084496279")
L 11/10/2025 - 19:47:00: "Ｃʏʙᴇʀ’Foχ.<1><STEAM_0:1:97036452><>" entered the game
L 11/10/2025 - 19:47:03: World triggered "Round_Start"
L 11/10/2025 - 19:48:34: "Ｃʏʙᴇʀ’Foχ.<1><STEAM_0:1:97036452><>" joined team "TERRORIST"
L 11/10/2025 - 19:52:03: Team "TERRORIST" triggered "Hostages_Not_Rescued" (CT "0") (T "0")
L 11/10/2025 - 19:52:03: World triggered "Round_End"
L 11/10/2025 - 19:52:14: World triggered "Round_Start"
L 11/10/2025 - 19:55:51: [META] ini: Begin re-reading plugins list: c:/~dl/sonstz/gameshit/cs 1.6 shit/cs1.6 server/server/cstrike/addons/metamod/plugins.ini
L 11/10/2025 - 19:55:51: [META] ini: Read plugin config for: AMX Mod X
L 11/10/2025 - 19:55:51: [META] ini: Read plugin config for: Reunion
L 11/10/2025 - 19:55:51: [META] ini: Finished reading plugins list: c:/~dl/sonstz/gameshit/cs 1.6 shit/cs1.6 server/server/cstrike/addons/metamod/plugins.ini; Found 2 plugins
L 11/10/2025 - 19:55:51: [META] dll: Updating plugins...
L 11/10/2025 - 19:55:51: [META] dll: Finished updating 5 plugins; kept 2, loaded 0, unloaded 0, reloaded 0, delayed 0
L 11/10/2025 - 19:55:51: [META] dll: Rebuilding callbacks...
L 11/10/2025 - 19:55:51: [META] dll: Callbacks rebuilded.
L 11/10/2025 - 19:55:51: "Ｃʏʙᴇʀ’Foχ.<-1><><TERRORIST>" disconnected
L 11/10/2025 - 19:55:51: World triggered "Round_Draw" (CT "0") (T "0")
L 11/10/2025 - 19:55:51: World triggered "Round_End"
L 11/10/2025 - 19:55:51: Server shutdown
L 11/10/2025 - 19:55:51: Log file closed
