L 11/10/2025 - 21:28:05: Log file started (file "logs\L1110038.log") (game "cstrike") (version "48/1.1.2.7/Stdio/4002")
L 11/10/2025 - 21:28:05: Server cvar "sv_uploadmax" = "7.77"
L 11/10/2025 - 21:28:05: Server cvar "decalfrequency" = "3"
L 11/10/2025 - 21:28:05: Server cvar "sv_maxrate" = "250000"
L 11/10/2025 - 21:28:05: Server cvar "sv_minrate" = "25000"
L 11/10/2025 - 21:28:05: Server cvar "sv_alltalk" = "1"
L 11/10/2025 - 21:28:05: Server cvar "sv_aim" = "0"
L 11/10/2025 - 21:28:05: Server cvar "sv_maxspeed" = "320"
L 11/10/2025 - 21:28:05: Server cvar "mp_timelimit" = "15"
L 11/10/2025 - 21:28:05: Server cvar "mp_forcechasecam" = "1"
L 11/10/2025 - 21:28:05: Server cvar "mp_forcecamera" = "1"
L 11/10/2025 - 21:28:10: "bob<1><BOT><>" entered the game
L 11/10/2025 - 21:28:10: "bob<1><BOT><>" joined team "TERRORIST"
L 11/10/2025 - 21:28:10: "bob<1><BOT><TERRORIST>" triggered "Spawned_With_The_Bomb"
L 11/10/2025 - 21:28:11: "bunkerking111<2><BOT><>" entered the game
L 11/10/2025 - 21:28:11: "bunkerking111<2><BOT><>" joined team "CT"
L 11/10/2025 - 21:28:11: World triggered "Game_Commencing"
L 11/10/2025 - 21:28:11: World triggered "Game_Commencing" (CT "0") (T "0")
L 11/10/2025 - 21:28:11: World triggered "Round_End"
L 11/10/2025 - 21:28:11: "Firestorm<3><BOT><>" entered the game
L 11/10/2025 - 21:28:11: "Firestorm<3><BOT><>" joined team "CT"
L 11/10/2025 - 21:28:11: "bling bling<4><BOT><>" entered the game
L 11/10/2025 - 21:28:11: "bling bling<4><BOT><>" joined team "TERRORIST"
L 11/10/2025 - 21:28:12: "Deadlynome<5><BOT><>" entered the game
L 11/10/2025 - 21:28:12: "Deadlynome<5><BOT><>" joined team "TERRORIST"
L 11/10/2025 - 21:28:12: "007<6><BOT><>" entered the game
L 11/10/2025 - 21:28:12: "007<6><BOT><>" joined team "CT"
L 11/10/2025 - 21:28:13: "bussemann<7><BOT><>" entered the game
L 11/10/2025 - 21:28:13: "bussemann<7><BOT><>" joined team "CT"
L 11/10/2025 - 21:28:13: "8|@@d$h@t<8><BOT><>" entered the game
L 11/10/2025 - 21:28:13: "8|@@d$h@t<8><BOT><>" joined team "TERRORIST"
L 11/10/2025 - 21:28:13: "Brandon<9><BOT><>" entered the game
L 11/10/2025 - 21:28:13: "Brandon<9><BOT><>" joined team "CT"
L 11/10/2025 - 21:28:14: "bling bling<4><BOT><TERRORIST>" triggered "Spawned_With_The_Bomb"
L 11/10/2025 - 21:28:14: "Firestorm<3><BOT><CT>" say "Hi guys :)"
L 11/10/2025 - 21:28:14: "007<6><BOT><CT>" say "Wazzzzup?"
L 11/10/2025 - 21:28:20: World triggered "Round_Start"
L 11/10/2025 - 21:28:36: "Firestorm<3><BOT><CT>" killed "bling bling<4><BOT><TERRORIST>" with "deagle"
L 11/10/2025 - 21:28:36: "bling bling<4><BOT><TERRORIST>" triggered "Dropped_The_Bomb"
L 11/10/2025 - 21:28:36: "Firestorm<3><BOT><CT>" say "You are nothing, bling bling. Nothing at all."
L 11/10/2025 - 21:28:38: "bling bling<4><BOT><TERRORIST>" say "i'm sure that guy used an aimbot!" (dead)
L 11/10/2025 - 21:28:40: "Firestorm<3><BOT><CT>" killed "bob<1><BOT><TERRORIST>" with "deagle"
L 11/10/2025 - 21:28:41: "Ｃｙｂｅｒ’Fｏχ<10><STEAM_0:1:97036452><>" connected, address "79.235.170.155:27005"
L 11/10/2025 - 21:28:41: "Ｃｙｂｅｒ’Fｏχ<10><STEAM_0:1:97036452><>" STEAM USERID validated
L 11/10/2025 - 21:28:43: "007<6><BOT><CT>" killed "8|@@d$h@t<8><BOT><TERRORIST>" with "usp"
L 11/10/2025 - 21:28:43: "Ｃｙｂｅｒ’Fｏχ<10><STEAM_0:1:97036452><>" entered the game
L 11/10/2025 - 21:28:44: "8|@@d$h@t<8><BOT><TERRORIST>" say "HEY Firestorm YOU DAMN CHEATER!" (dead)
L 11/10/2025 - 21:28:47: "Ｃｙｂｅｒ’Fｏχ<10><STEAM_0:1:97036452><>" joined team "TERRORIST"
L 11/10/2025 - 21:28:48: "bunkerking111<2><BOT><CT>" killed "Deadlynome<5><BOT><TERRORIST>" with "usp"
L 11/10/2025 - 21:28:48: Team "CT" triggered "CTs_Win" (CT "1") (T "0")
L 11/10/2025 - 21:28:48: World triggered "Round_End"
L 11/10/2025 - 21:28:48: "bunkerking111<2><BOT><CT>" say "You flew back pretty good, Deadlynome."
L 11/10/2025 - 21:28:49: "bling bling<4><BOT><TERRORIST>" say "Wy does eevryone keep trying to hurt me :))" (dead)
L 11/10/2025 - 21:28:53: "bob<1><BOT><TERRORIST>" say "Im glad that at least you have your fun, bling bling...." (dead)
L 11/10/2025 - 21:28:53: "Deadlynome<5><BOT><TERRORIST>" triggered "Spawned_With_The_Bomb"
L 11/10/2025 - 21:28:59: World triggered "Round_Start"
L 11/10/2025 - 21:29:15: "Ｃｙｂｅｒ’Fｏχ<10><STEAM_0:1:97036452><TERRORIST>" killed "bussemann<7><BOT><CT>" with "mp5navy"
L 11/10/2025 - 21:29:15: "bussemann<7><BOT><CT>" say "I usually don't play that bad!" (dead)
L 11/10/2025 - 21:29:17: "bunkerking111<2><BOT><CT>" killed "8|@@d$h@t<8><BOT><TERRORIST>" with "usp"
L 11/10/2025 - 21:29:19: "8|@@d$h@t<8><BOT><TERRORIST>" say "Do you know Jumbot? It really kicks Ass!" (dead)
L 11/10/2025 - 21:29:21: "Brandon<9><BOT><CT>" killed "Ｃｙｂｅｒ’Fｏχ<10><STEAM_0:1:97036452><TERRORIST>" with "m4a1"
L 11/10/2025 - 21:29:21: "Brandon<9><BOT><CT>" say "You are nothing, Ｃｙｂｅｒ’Fｏχ. Nothing at all."
L 11/10/2025 - 21:29:22: "Brandon<9><BOT><CT>" killed "Deadlynome<5><BOT><TERRORIST>" with "m4a1"
L 11/10/2025 - 21:29:22: "Deadlynome<5><BOT><TERRORIST>" triggered "Dropped_The_Bomb"
L 11/10/2025 - 21:29:23: "Deadlynome<5><BOT><TERRORIST>" say "I'm so booored!" (dead)
L 11/10/2025 - 21:29:23: "Brandon<9><BOT><CT>" killed "bob<1><BOT><TERRORIST>" with "m4a1"
L 11/10/2025 - 21:29:25: "Ｃｙｂｅｒ’Fｏχ<10><STEAM_0:1:97036452><TERRORIST>" say "H e a d s h o T" (dead)
L 11/10/2025 - 21:29:25: "Ｃｙｂｅｒ’Fｏχ<10><STEAM_0:1:97036452><TERRORIST>" say "H e a d s h o T" (dead)
L 11/10/2025 - 21:29:26: "bob<1><BOT><TERRORIST>" say "Ibet bling bling won't make it through the roundd" (dead)
L 11/10/2025 - 21:29:30: "bussemann<7><BOT><CT>" say "What did you say, bob?" (dead)
L 11/10/2025 - 21:29:31: "Deadlynome<5><BOT><TERRORIST>" say "Fuck all those Teamkillers!!!" (dead)
L 11/10/2025 - 21:29:33: "bunkerking111<2><BOT><CT>" killed "bling bling<4><BOT><TERRORIST>" with "usp"
L 11/10/2025 - 21:29:33: Team "CT" triggered "CTs_Win" (CT "2") (T "0")
L 11/10/2025 - 21:29:33: World triggered "Round_End"
L 11/10/2025 - 21:29:35: "bussemann<7><BOT><CT>" say "Nasty Deadlynome!" (dead)
L 11/10/2025 - 21:29:35: "8|@@d$h@t<8><BOT><TERRORIST>" say "I can't believe bunkerking111 isn't cheating" (dead)
L 11/10/2025 - 21:29:38: "8|@@d$h@t<8><BOT><TERRORIST>" triggered "Spawned_With_The_Bomb"
L 11/10/2025 - 21:29:44: World triggered "Round_Start"
L 11/10/2025 - 21:29:54: "bunkerking111<2><BOT><CT>" killed "Deadlynome<5><BOT><TERRORIST>" with "scout"
L 11/10/2025 - 21:29:54: "bling bling<4><BOT><TERRORIST>" killed "bunkerking111<2><BOT><CT>" with "ak47"
L 11/10/2025 - 21:29:54: "Deadlynome<5><BOT><TERRORIST>" say "Too bad Adnroid Bot is updated so slowly." (dead)
L 11/10/2025 - 21:29:59: "bunkerking111<2><BOT><CT>" say "Would you give me your Headshot Script?" (dead)
L 11/10/2025 - 21:30:03: "Ｃｙｂｅｒ’Fｏχ<10><STEAM_0:1:97036452><TERRORIST>" killed "bussemann<7><BOT><CT>" with "galil"
L 11/10/2025 - 21:30:05: "bussemann<7><BOT><CT>" say "Why does eevryone keep trying to hurt me :)" (dead)
L 11/10/2025 - 21:30:07: "Firestorm<3><BOT><CT>" killed "bling bling<4><BOT><TERRORIST>" with "m4a1"
L 11/10/2025 - 21:30:09: "bob<1><BOT><TERRORIST>" killed "Firestorm<3><BOT><CT>" with "ak47"
L 11/10/2025 - 21:30:09: "Ｃｙｂｅｒ’Fｏχ<10><STEAM_0:1:97036452><TERRORIST>" killed "Brandon<9><BOT><CT>" with "galil"
L 11/10/2025 - 21:30:10: "Deadlynome<5><BOT><TERRORIST>" say "Very funny indeed, bussemann..." (dead)
L 11/10/2025 - 21:30:10: "Brandon<9><BOT><CT>" say "stupid bots!" (dead)
L 11/10/2025 - 21:30:10: "8|@@d$h@t<8><BOT><TERRORIST>" triggered "Planted_The_Bomb"
L 11/10/2025 - 21:30:10: "007<6><BOT><CT>" say "come on bunkerking111, let's search the bomb!"
L 11/10/2025 - 21:30:13: "bling bling<4><BOT><TERRORIST>" say "Boooooom!!! *lol*" (dead)
L 11/10/2025 - 21:30:14: "007<6><BOT><CT>" killed "Ｃｙｂｅｒ’Fｏχ<10><STEAM_0:1:97036452><TERRORIST>" with "m4a1"
L 11/10/2025 - 21:30:18: "Deadlynome<5><BOT><TERRORIST>" say "Ejoy yourself while you still can, bling bling!!" (dead)
L 11/10/2025 - 21:30:18: "Firestorm<3><BOT><CT>" say "I really hate de_dust2 :(" (dead)
L 11/10/2025 - 21:30:22: "bussemann<7><BOT><CT>" say "Yu said somethin', firestorm??" (dead)
L 11/10/2025 - 21:30:22: "8|@@d$h@t<8><BOT><TERRORIST>" killed "007<6><BOT><CT>" with "ak47"
L 11/10/2025 - 21:30:22: Team "TERRORIST" triggered "Terrorists_Win" (CT "2") (T "1")
L 11/10/2025 - 21:30:22: World triggered "Round_End"
L 11/10/2025 - 21:30:23: "Deadlynome<5><BOT><TERRORIST>" say "Look at those idiots!" (dead)
L 11/10/2025 - 21:30:23: "8|@@d$h@t<8><BOT><TERRORIST>" say "Hey, come on, 007! You almost hurt me this time."
L 11/10/2025 - 21:30:26: "bling bling<4><BOT><TERRORIST>" say "Oh, really?" (dead)
L 11/10/2025 - 21:30:27: "bling bling<4><BOT><TERRORIST>" say "No de_dust2 today, please!" (dead)
L 11/10/2025 - 21:30:27: "Ｃｙｂｅｒ’Fｏχ<10><STEAM_0:1:97036452><TERRORIST>" triggered "Spawned_With_The_Bomb"
L 11/10/2025 - 21:30:33: World triggered "Round_Start"
L 11/10/2025 - 21:30:48: "007<6><BOT><CT>" killed "bob<1><BOT><TERRORIST>" with "famas"
L 11/10/2025 - 21:30:49: "bob<1><BOT><TERRORIST>" say "Still 04:44 in this round" (dead)
L 11/10/2025 - 21:30:51: "Brandon<9><BOT><CT>" killed "Ｃｙｂｅｒ’Fｏχ<10><STEAM_0:1:97036452><TERRORIST>" with "p90"
L 11/10/2025 - 21:30:51: "Ｃｙｂｅｒ’Fｏχ<10><STEAM_0:1:97036452><TERRORIST>" triggered "Dropped_The_Bomb"
L 11/10/2025 - 21:30:53: "Ｃｙｂｅｒ’Fｏχ<10><STEAM_0:1:97036452><TERRORIST>" say "H e a d s h o T" (dead)
L 11/10/2025 - 21:30:53: "8|@@d$h@t<8><BOT><TERRORIST>" killed "Brandon<9><BOT><CT>" with "ak47"
L 11/10/2025 - 21:30:54: "Brandon<9><BOT><CT>" say "This is quite fun." (dead)
L 11/10/2025 - 21:30:55: "8|@@d$h@t<8><BOT><TERRORIST>" triggered "Got_The_Bomb"
L 11/10/2025 - 21:30:58: "Deadlynome<5><BOT><TERRORIST>" killed "bussemann<7><BOT><CT>" with "ak47"
L 11/10/2025 - 21:30:58: "bob<1><BOT><TERRORIST>" say "Fucking lagged!!" (dead)
L 11/10/2025 - 21:31:02: "Deadlynome<5><BOT><TERRORIST>" killed "bunkerking111<2><BOT><CT>" with "ak47"
L 11/10/2025 - 21:31:02: "bunkerking111<2><BOT><CT>" say "I wish someone good would join the server." (dead)
L 11/10/2025 - 21:31:08: "Brandon<9><BOT><CT>" say "Me & my friends play a lot on this Server" (dead)
L 11/10/2025 - 21:31:09: "bussemann<7><BOT><CT>" say "I'm always on this Server" (dead)
L 11/10/2025 - 21:31:09: "Brandon<9><BOT><CT>" say "I bet Firestorm won't make it through the round" (dead)
L 11/10/2025 - 21:31:13: "bob<1><BOT><TERRORIST>" say "Bla bla bla..." (dead)
L 11/10/2025 - 21:31:14: "bunkerking111<2><BOT><CT>" say "I'm so booored!" (dead)
L 11/10/2025 - 21:31:15: "8|@@d$h@t<8><BOT><TERRORIST>" triggered "Planted_The_Bomb"
L 11/10/2025 - 21:31:16: "007<6><BOT><CT>" say "Jeeesuzzz Christ, not again!"
L 11/10/2025 - 21:31:19: "Brandon<9><BOT><CT>" say "I'm having a bad day" (dead)
L 11/10/2025 - 21:31:20: "Deadlynome<5><BOT><TERRORIST>" killed "007<6><BOT><CT>" with "m4a1"
L 11/10/2025 - 21:31:22: "bob<1><BOT><TERRORIST>" say "This is quite fun." (dead)
L 11/10/2025 - 21:31:25: "007<6><BOT><CT>" say "Im in the best clan of my country!!" (dead)
L 11/10/2025 - 21:31:25: "Firestorm<3><BOT><CT>" killed "Deadlynome<5><BOT><TERRORIST>" with "famas"
L 11/10/2025 - 21:31:26: "bling bling<4><BOT><TERRORIST>" killed "Firestorm<3><BOT><CT>" with "ak47"
L 11/10/2025 - 21:31:26: Team "TERRORIST" triggered "Terrorists_Win" (CT "2") (T "2")
L 11/10/2025 - 21:31:26: World triggered "Round_End"
L 11/10/2025 - 21:31:26: "bunkerking111<2><BOT><CT>" say "What are Clans all about? I don't get it" (dead)
L 11/10/2025 - 21:31:29: "Firestorm<3><BOT><CT>" say "I bet bunkerking111 won't make it through the round" (dead)
L 11/10/2025 - 21:31:31: "bob<1><BOT><TERRORIST>" triggered "Spawned_With_The_Bomb"
L 11/10/2025 - 21:31:37: World triggered "Round_Start"
L 11/10/2025 - 21:31:55: "Deadlynome<5><BOT><TERRORIST>" killed "007<6><BOT><CT>" with "sg552"
L 11/10/2025 - 21:31:55: "Deadlynome<5><BOT><TERRORIST>" say "007, you're no match for me!"
L 11/10/2025 - 21:31:55: "007<6><BOT><CT>" say "Woah bunkerking111 has nice stats!!" (dead)
L 11/10/2025 - 21:31:57: "8|@@d$h@t<8><BOT><TERRORIST>" killed "Brandon<9><BOT><CT>" with "ak47"
L 11/10/2025 - 21:31:59: "8|@@d$h@t<8><BOT><TERRORIST>" killed "Firestorm<3><BOT><CT>" with "ak47"
L 11/10/2025 - 21:31:59: "Firestorm<3><BOT><CT>" say "Wat did you say, Deadlynome??" (dead)
L 11/10/2025 - 21:32:00: "Brandon<9><BOT><CT>" say "LOL! Look at bunkerking111!" (dead)
L 11/10/2025 - 21:32:04: "007<6><BOT><CT>" say "I'm glad tha tat least you have your fun, Brandon..." (dead)
L 11/10/2025 - 21:32:04: "Firestorm<3><BOT><CT>" say "HEY bunkerking111 YOU DAMN CHEATER!" (dead)
L 11/10/2025 - 21:32:08: "8|@@d$h@t<8><BOT><TERRORIST>" killed "bunkerking111<2><BOT><CT>" with "ak47"
L 11/10/2025 - 21:32:09: "Brandon<9><BOT><CT>" say "Isuspect that 8|@@d$h@t is cheatingg" (dead)
L 11/10/2025 - 21:32:14: "007<6><BOT><CT>" say "It's damn slow today..." (dead)
L 11/10/2025 - 21:32:14: "Firestorm<3><BOT><CT>" say "Visit http://podbot.nuclearbox.com" (dead)
L 11/10/2025 - 21:32:18: "007<6><BOT><CT>" say "People tell they use some kind of wallhack, is it true?" (dead)
L 11/10/2025 - 21:32:20: "bob<1><BOT><TERRORIST>" triggered "Planted_The_Bomb"
L 11/10/2025 - 21:32:20: "bussemann<7><BOT><CT>" say "Last time it took me 5 secs to find & defuse it..."
L 11/10/2025 - 21:32:20: "Deadlynome<5><BOT><TERRORIST>" killed "bussemann<7><BOT><CT>" with "sg552"
L 11/10/2025 - 21:32:20: Team "TERRORIST" triggered "Terrorists_Win" (CT "2") (T "3")
L 11/10/2025 - 21:32:20: World triggered "Round_End"
L 11/10/2025 - 21:32:21: "Brandon<9><BOT><CT>" say "LOL! Look at Deadlynome!" (dead)
L 11/10/2025 - 21:32:25: "bussemann<7><BOT><CT>" say "Good one Brandon!" (dead)
L 11/10/2025 - 21:32:25: "bling bling<4><BOT><TERRORIST>" triggered "Spawned_With_The_Bomb"
L 11/10/2025 - 21:32:31: World triggered "Round_Start"
L 11/10/2025 - 21:32:50: "Firestorm<3><BOT><CT>" killed "bob<1><BOT><TERRORIST>" with "m4a1"
L 11/10/2025 - 21:32:51: "8|@@d$h@t<8><BOT><TERRORIST>" killed "Firestorm<3><BOT><CT>" with "ak47"
L 11/10/2025 - 21:32:51: "bob<1><BOT><TERRORIST>" say "lol! look at bling bling!" (dead)
L 11/10/2025 - 21:32:51: "bling bling<4><BOT><TERRORIST>" killed "bunkerking111<2><BOT><CT>" with "ak47"
L 11/10/2025 - 21:32:52: "8|@@d$h@t<8><BOT><TERRORIST>" killed "007<6><BOT><CT>" with "ak47"
L 11/10/2025 - 21:32:53: "8|@@d$h@t<8><BOT><TERRORIST>" killed "bussemann<7><BOT><CT>" with "ak47"
L 11/10/2025 - 21:32:56: "bunkerking111<2><BOT><CT>" say "Why does everyone keep trying to hurt me :)" (dead)
L 11/10/2025 - 21:32:59: "007<6><BOT><CT>" say "Good one bunkerking111!" (dead)
L 11/10/2025 - 21:33:00: "Firestorm<3><BOT><CT>" say "I'm better at Quake 3, that's for sure!" (dead)
L 11/10/2025 - 21:33:03: "bunkerking111<2><BOT><CT>" say "My handwrist already hurts..." (dead)
L 11/10/2025 - 21:33:04: "Brandon<9><BOT><CT>" killed "8|@@d$h@t<8><BOT><TERRORIST>" with "famas"
L 11/10/2025 - 21:33:06: "bob<1><BOT><TERRORIST>" say "I'm having a bad day" (dead)
L 11/10/2025 - 21:33:10: "007<6><BOT><CT>" say "LOL! Look at Brandon!" (dead)
L 11/10/2025 - 21:33:10: "bling bling<4><BOT><TERRORIST>" triggered "Planted_The_Bomb"
L 11/10/2025 - 21:33:10: "Brandon<9><BOT><CT>" say "...And my Heart goes boooom *grin*"
L 11/10/2025 - 21:33:14: "8|@@d$h@t<8><BOT><TERRORIST>" say "Good one 007!" (dead)
L 11/10/2025 - 21:33:15: "Firestorm<3><BOT><CT>" say "Bandon GO,GO,GO!!!" (dead)
L 11/10/2025 - 21:33:19: "bussemann<7><BOT><CT>" say "I bet brandon won't make it through the round" (dead)
L 11/10/2025 - 21:33:22: "007<6><BOT><CT>" say "Certainly." (dead)
L 11/10/2025 - 21:33:23: "007<6><BOT><CT>" say "It makes me sick to look at those Fools" (dead)
L 11/10/2025 - 21:33:26: "Deadlynome<5><BOT><TERRORIST>" killed "Brandon<9><BOT><CT>" with "sg552"
L 11/10/2025 - 21:33:26: Team "TERRORIST" triggered "Terrorists_Win" (CT "2") (T "4")
L 11/10/2025 - 21:33:26: World triggered "Round_End"
L 11/10/2025 - 21:33:27: "bunkerking111<2><BOT><CT>" say "Why is everybody always saying the same things???" (dead)
L 11/10/2025 - 21:33:27: "8|@@d$h@t<8><BOT><TERRORIST>" say "I bet bling bling won't make it through the round" (dead)
L 11/10/2025 - 21:33:31: "Firestorm<3><BOT><CT>" say "ZZZZZZZzzzzzz" (dead)
L 11/10/2025 - 21:33:31: "Deadlynome<5><BOT><TERRORIST>" triggered "Spawned_With_The_Bomb"
L 11/10/2025 - 21:33:37: World triggered "Round_Start"
L 11/10/2025 - 21:33:52: "Deadlynome<5><BOT><TERRORIST>" killed "007<6><BOT><CT>" with "sg552"
L 11/10/2025 - 21:33:53: "bling bling<4><BOT><TERRORIST>" killed "bussemann<7><BOT><CT>" with "ak47"
L 11/10/2025 - 21:33:54: "007<6><BOT><CT>" say "I'm sure that Guy used an Aimbot!" (dead)
L 11/10/2025 - 21:33:59: "bussemann<7><BOT><CT>" say "Aimbots are cool, shut up 007!" (dead)
L 11/10/2025 - 21:34:04: "007<6><BOT><CT>" say "Look at those idiots!" (dead)
L 11/10/2025 - 21:34:08: "bob<1><BOT><TERRORIST>" killed "Brandon<9><BOT><CT>" with "ak47"
L 11/10/2025 - 21:34:09: "bussemann<7><BOT><CT>" say "Yeah, 007. You're right!" (dead)
L 11/10/2025 - 21:34:10: "Firestorm<3><BOT><CT>" killed "bling bling<4><BOT><TERRORIST>" with "usp"
L 11/10/2025 - 21:34:10: "Brandon<9><BOT><CT>" say "04:27 in the round and I'm already spectating :(" (dead)
L 11/10/2025 - 21:34:10: "Firestorm<3><BOT><CT>" say "tat'll teach you, bling bling!!"
L 11/10/2025 - 21:34:13: "007<6><BOT><CT>" say "Hve you got ICQ, brandon??" (dead)
L 11/10/2025 - 21:34:15: "Deadlynome<5><BOT><TERRORIST>" killed "bunkerking111<2><BOT><CT>" with "sg552"
L 11/10/2025 - 21:34:15: "Deadlynome<5><BOT><TERRORIST>" say "Yu are nothing, bunkerking111. Nothing at all.."
L 11/10/2025 - 21:34:17: "bussemann<7><BOT><CT>" say "Insane in the membrane, hehe!" (dead)
L 11/10/2025 - 21:34:21: "bling bling<4><BOT><TERRORIST>" say "Good one bussemann!" (dead)
L 11/10/2025 - 21:34:22: "bunkerking111<2><BOT><CT>" say "Have you got ICQ, bling bling?" (dead)
L 11/10/2025 - 21:34:23: "bunkerking111<2><BOT><CT>" say "visit http://podbot.nuclearbox.com" (dead)
L 11/10/2025 - 21:34:27: "Brandon<9><BOT><CT>" say "Yeah, it rulez!" (dead)
L 11/10/2025 - 21:34:28: "007<6><BOT><CT>" say "Botman must be such a cool guy..." (dead)
L 11/10/2025 - 21:34:32: "bunkerking111<2><BOT><CT>" say "Without his sourcecode many bots wouldn't exist!" (dead)
L 11/10/2025 - 21:34:33: "bling bling<4><BOT><TERRORIST>" say "If you want to program your own, ask botman!" (dead)
L 11/10/2025 - 21:34:33: "bunkerking111<2><BOT><CT>" say "It makes me sick to look at those Fools" (dead)
L 11/10/2025 - 21:34:36: "Deadlynome<5><BOT><TERRORIST>" triggered "Planted_The_Bomb"
L 11/10/2025 - 21:34:36: "Firestorm<3><BOT><CT>" say "Cme on Deadlynome, let's search the bomb!!"
L 11/10/2025 - 21:34:38: "Brandon<9><BOT><CT>" say "Ireally should go to bed now.." (dead)
L 11/10/2025 - 21:34:41: "007<6><BOT><CT>" say "I'm having a bad day" (dead)
L 11/10/2025 - 21:34:41: "Firestorm<3><BOT><CT>" killed "bob<1><BOT><TERRORIST>" with "ak47"
L 11/10/2025 - 21:34:42: "Firestorm<3><BOT><CT>" say "That'll teach you, bob!"
L 11/10/2025 - 21:34:44: "Deadlynome<5><BOT><TERRORIST>" killed "Firestorm<3><BOT><CT>" with "sg552"
L 11/10/2025 - 21:34:44: Team "TERRORIST" triggered "Terrorists_Win" (CT "2") (T "5")
L 11/10/2025 - 21:34:44: World triggered "Round_End"
L 11/10/2025 - 21:34:44: "bob<1><BOT><TERRORIST>" say "Snipign is all they can do." (dead)
L 11/10/2025 - 21:34:48: "bling bling<4><BOT><TERRORIST>" say "Please vote for a mapchange!!!" (dead)
L 11/10/2025 - 21:34:49: "8|@@d$h@t<8><BOT><TERRORIST>" triggered "Spawned_With_The_Bomb"
L 11/10/2025 - 21:34:55: World triggered "Round_Start"
L 11/10/2025 - 21:35:07: "bling bling<4><BOT><TERRORIST>" killed "bussemann<7><BOT><CT>" with "ak47"
L 11/10/2025 - 21:35:09: "bussemann<7><BOT><CT>" say "I really should go to bed now." (dead)
L 11/10/2025 - 21:35:16: "bussemann<7><BOT><CT>" say "If botman is cool, what is TheFatal then?" (dead)
L 11/10/2025 - 21:35:20: "Brandon<9><BOT><CT>" killed "Deadlynome<5><BOT><TERRORIST>" with "m4a1"
L 11/10/2025 - 21:35:21: "Deadlynome<5><BOT><TERRORIST>" say "Boooooom!!! *lol*" (dead)
L 11/10/2025 - 21:35:22: "bunkerking111<2><BOT><CT>" killed "bling bling<4><BOT><TERRORIST>" with "m4a1"
L 11/10/2025 - 21:35:24: "Ｃｙｂｅｒ’Fｏχ<10><STEAM_0:1:97036452><TERRORIST>" killed "bunkerking111<2><BOT><CT>" with "ak47"
L 11/10/2025 - 21:35:24: "bunkerking111<2><BOT><CT>" say "IMHO NNBot is much better than RealBot." (dead)
L 11/10/2025 - 21:35:26: "007<6><BOT><CT>" killed "bob<1><BOT><TERRORIST>" with "m4a1"
L 11/10/2025 - 21:35:29: "bling bling<4><BOT><TERRORIST>" say "It's time for a mapchange, isn't it?" (dead)
L 11/10/2025 - 21:35:34: "bunkerking111<2><BOT><CT>" say "yep. we should vote now." (dead)
L 11/10/2025 - 21:35:34: "bussemann<7><BOT><CT>" say "Botman must be such a cool guy..." (dead)
L 11/10/2025 - 21:35:37: "8|@@d$h@t<8><BOT><TERRORIST>" triggered "Planted_The_Bomb"
L 11/10/2025 - 21:35:37: "Brandon<9><BOT><CT>" say "Jeeesuzzz Christ, not again!"
L 11/10/2025 - 21:35:38: "bob<1><BOT><TERRORIST>" say "Still 04:16 in this round" (dead)
L 11/10/2025 - 21:35:38: "8|@@d$h@t<8><BOT><TERRORIST>" killed "Firestorm<3><BOT><CT>" with "ak47"
L 11/10/2025 - 21:35:42: "Deadlynome<5><BOT><TERRORIST>" say "Does anybody know how to do the Gauss-jump?" (dead)
L 11/10/2025 - 21:35:43: "bussemann<7><BOT><CT>" say "I wish someone good would join the server." (dead)
L 11/10/2025 - 21:35:45: "Ｃｙｂｅｒ’Fｏχ<10><STEAM_0:1:97036452><TERRORIST>" killed "007<6><BOT><CT>" with "m4a1"
L 11/10/2025 - 21:35:47: "007<6><BOT><CT>" say "Ican't believe deadlynome isn't cheatingg" (dead)
L 11/10/2025 - 21:35:50: "Firestorm<3><BOT><CT>" say "Punkbuster could help..." (dead)
L 11/10/2025 - 21:35:53: "bob<1><BOT><TERRORIST>" say "I had to reload and he shot me in the head!" (dead)
L 11/10/2025 - 21:35:56: "bling bling<4><BOT><TERRORIST>" say "Botman must be such a cool guy..." (dead)
L 11/10/2025 - 21:36:00: "bunkerking111<2><BOT><CT>" say "I wonder when HPB-Bot will be finished..." (dead)
L 11/10/2025 - 21:36:00: "007<6><BOT><CT>" say "my handwirst already hurts..." (dead)
L 11/10/2025 - 21:36:01: "Ｃｙｂｅｒ’Fｏχ<10><STEAM_0:1:97036452><TERRORIST>" killed "Brandon<9><BOT><CT>" with "m4a1"
L 11/10/2025 - 21:36:01: Team "TERRORIST" triggered "Terrorists_Win" (CT "2") (T "6")
L 11/10/2025 - 21:36:01: World triggered "Round_End"
L 11/10/2025 - 21:36:04: "Deadlynome<5><BOT><TERRORIST>" say "Are you sure, 007?" (dead)
L 11/10/2025 - 21:36:04: "Firestorm<3><BOT><CT>" say "It makes me sick to look at those Fools" (dead)
L 11/10/2025 - 21:36:06: "Ｃｙｂｅｒ’Fｏχ<10><STEAM_0:1:97036452><TERRORIST>" triggered "Spawned_With_The_Bomb"
L 11/10/2025 - 21:36:08: "Ｃｙｂｅｒ’Fｏχ<10><STEAM_0:1:97036452><TERRORIST>" committed suicide with "world"
L 11/10/2025 - 21:36:08: "Ｃｙｂｅｒ’Fｏχ<10><STEAM_0:1:97036452><TERRORIST>" triggered "Dropped_The_Bomb"
L 11/10/2025 - 21:36:12: World triggered "Round_Start"
L 11/10/2025 - 21:36:13: "bob<1><BOT><TERRORIST>" triggered "Got_The_Bomb"
L 11/10/2025 - 21:36:30: "8|@@d$h@t<8><BOT><TERRORIST>" killed "Brandon<9><BOT><CT>" with "m4a1"
L 11/10/2025 - 21:36:32: "Firestorm<3><BOT><CT>" killed "Deadlynome<5><BOT><TERRORIST>" with "m4a1"
L 11/10/2025 - 21:36:32: "Deadlynome<5><BOT><TERRORIST>" say "Wy did they include the vehicles in CS??" (dead)
L 11/10/2025 - 21:36:37: "Brandon<9><BOT><CT>" say "bunkerking111 GO,GO,GO!!" (dead)
L 11/10/2025 - 21:36:40: "bob<1><BOT><TERRORIST>" triggered "Planted_The_Bomb"
L 11/10/2025 - 21:36:40: "bunkerking111<2><BOT><CT>" say "Say, is it the red or the blue wire?"
L 11/10/2025 - 21:36:43: "Deadlynome<5><BOT><TERRORIST>" say "IHO NNBot is much better than RealBot.." (dead)
L 11/10/2025 - 21:36:43: "bussemann<7><BOT><CT>" killed "8|@@d$h@t<8><BOT><TERRORIST>" with "sg550"
L 11/10/2025 - 21:36:47: "bling bling<4><BOT><TERRORIST>" killed "bussemann<7><BOT><CT>" with "ak47"
L 11/10/2025 - 21:36:47: "bling bling<4><BOT><TERRORIST>" killed "Firestorm<3><BOT><CT>" with "ak47"
L 11/10/2025 - 21:36:48: "bling bling<4><BOT><TERRORIST>" say "you should've run while you had the chance, firestorm."
L 11/10/2025 - 21:36:48: "Firestorm<3><BOT><CT>" say "LOL! Look at bunkerking111!" (dead)
L 11/10/2025 - 21:36:51: "bussemann<7><BOT><CT>" say "I'm glad that at least you have your fun, Firestorm..." (dead)
L 11/10/2025 - 21:36:52: "007<6><BOT><CT>" killed "bling bling<4><BOT><TERRORIST>" with "m4a1"
L 11/10/2025 - 21:36:52: "007<6><BOT><CT>" say "Ive always bee nbetter, bling bling. Always.."
L 11/10/2025 - 21:36:52: "8|@@d$h@t<8><BOT><TERRORIST>" say "Please vote for a mapchange!!!" (dead)
L 11/10/2025 - 21:36:53: "bunkerking111<2><BOT><CT>" killed "bob<1><BOT><TERRORIST>" with "m4a1"
L 11/10/2025 - 21:36:55: "bob<1><BOT><TERRORIST>" say "I just like it :-)" (dead)
L 11/10/2025 - 21:36:56: "bling bling<4><BOT><TERRORIST>" say "Look at those idiots!" (dead)
L 11/10/2025 - 21:36:57: "bunkerking111<2><BOT><CT>" triggered "Begin_Bomb_Defuse_With_Kit"
L 11/10/2025 - 21:36:58: "Firestorm<3><BOT><CT>" say "Woah 8|@@d$h@t has nice stats!!" (dead)
L 11/10/2025 - 21:37:02: "bunkerking111<2><BOT><CT>" triggered "Defused_The_Bomb"
L 11/10/2025 - 21:37:02: Team "CT" triggered "Bomb_Defused" (CT "3") (T "6")
L 11/10/2025 - 21:37:02: World triggered "Round_End"
L 11/10/2025 - 21:37:03: "Brandon<9><BOT><CT>" say "Pleaes vote for a mapchange!!!" (dead)
L 11/10/2025 - 21:37:07: "8|@@d$h@t<8><BOT><TERRORIST>" say "Just because you're always dead Brandon?" (dead)
L 11/10/2025 - 21:37:07: "bob<1><BOT><TERRORIST>" say "8|@@d$h@t GO,GO,GO!!" (dead)
L 11/10/2025 - 21:37:07: "bob<1><BOT><TERRORIST>" triggered "Spawned_With_The_Bomb"
L 11/10/2025 - 21:37:13: World triggered "Round_Start"
L 11/10/2025 - 21:37:36: "007<6><BOT><CT>" killed "bob<1><BOT><TERRORIST>" with "ak47"
L 11/10/2025 - 21:37:36: "bob<1><BOT><TERRORIST>" triggered "Dropped_The_Bomb"
L 11/10/2025 - 21:37:38: "Firestorm<3><BOT><CT>" killed "8|@@d$h@t<8><BOT><TERRORIST>" with "m4a1"
L 11/10/2025 - 21:37:38: "bob<1><BOT><TERRORIST>" say "I'm so tired today..." (dead)
L 11/10/2025 - 21:37:39: "bling bling<4><BOT><TERRORIST>" killed "Firestorm<3><BOT><CT>" with "ak47"
L 11/10/2025 - 21:37:39: "Brandon<9><BOT><CT>" killed "bling bling<4><BOT><TERRORIST>" with "m4a1"
L 11/10/2025 - 21:37:42: "8|@@d$h@t<8><BOT><TERRORIST>" say "Have some rest, bob..." (dead)
L 11/10/2025 - 21:37:44: "Firestorm<3><BOT><CT>" say "Spectating sucks..." (dead)
L 11/10/2025 - 21:37:48: "bob<1><BOT><TERRORIST>" say "I hate these stupid comments, Firestorm!" (dead)
L 11/10/2025 - 21:37:48: "bunkerking111<2><BOT><CT>" killed "Deadlynome<5><BOT><TERRORIST>" with "m4a1"
L 11/10/2025 - 21:37:52: "bling bling<4><BOT><TERRORIST>" say "Visit his website at http://www.planethalflife.com/botman" (dead)
L 11/10/2025 - 21:37:54: "Firestorm<3><BOT><CT>" say "I wonder when HPB-Bot will be finished..." (dead)
L 11/10/2025 - 21:37:54: "8|@@d$h@t<8><BOT><TERRORIST>" say "ae there bots in this game??" (dead)
L 11/10/2025 - 21:37:57: "bussemann<7><BOT><CT>" killed "Ｃｙｂｅｒ’Fｏχ<10><STEAM_0:1:97036452><TERRORIST>" with "aug"
L 11/10/2025 - 21:37:57: Team "CT" triggered "CTs_Win" (CT "4") (T "6")
L 11/10/2025 - 21:37:57: World triggered "Round_End"
L 11/10/2025 - 21:37:57: "Deadlynome<5><BOT><TERRORIST>" say "Why are you always talking about them?" (dead)
L 11/10/2025 - 21:37:58: "bling bling<4><BOT><TERRORIST>" say "I really hate de_dust2 :(" (dead)
L 11/10/2025 - 21:38:01: "Deadlynome<5><BOT><TERRORIST>" say "Too bad Android Bot is updated so slowly." (dead)
L 11/10/2025 - 21:38:02: "bling bling<4><BOT><TERRORIST>" triggered "Spawned_With_The_Bomb"
L 11/10/2025 - 21:38:08: World triggered "Round_Start"
L 11/10/2025 - 21:38:26: "bling bling<4><BOT><TERRORIST>" killed "bunkerking111<2><BOT><CT>" with "ak47"
L 11/10/2025 - 21:38:26: "bunkerking111<2><BOT><CT>" say "Lok at those idiots!!" (dead)
L 11/10/2025 - 21:38:28: "007<6><BOT><CT>" killed "Deadlynome<5><BOT><TERRORIST>" with "ak47"
L 11/10/2025 - 21:38:29: "Deadlynome<5><BOT><TERRORIST>" say "HEY bunkerking111 YOU DAMN CHEATER!" (dead)
L 11/10/2025 - 21:38:34: "bunkerking111<2><BOT><CT>" say "HEY 8|@@d$h@t YOU DAMN CHEATER!" (dead)
L 11/10/2025 - 21:38:38: "bling bling<4><BOT><TERRORIST>" triggered "Planted_The_Bomb"
L 11/10/2025 - 21:38:38: "Deadlynome<5><BOT><TERRORIST>" say "Ihate cheaters!!" (dead)
L 11/10/2025 - 21:38:38: "007<6><BOT><CT>" say "...And my Heart goes boooom *grin*"
L 11/10/2025 - 21:38:45: "bling bling<4><BOT><TERRORIST>" killed "Brandon<9><BOT><CT>" with "ak47"
L 11/10/2025 - 21:38:45: "bunkerking111<2><BOT><CT>" say "Do you want to play or chat all the time?" (dead)
L 11/10/2025 - 21:38:47: "bunkerking111<2><BOT><CT>" say "Visit http://podbot.nuclearbox.com" (dead)
L 11/10/2025 - 21:38:50: "Deadlynome<5><BOT><TERRORIST>" say "i heard it's the best bot for cs, i'm not sure though..." (dead)
L 11/10/2025 - 21:38:51: "Firestorm<3><BOT><CT>" killed "8|@@d$h@t<8><BOT><TERRORIST>" with "m4a1"
L 11/10/2025 - 21:38:51: "8|@@d$h@t<8><BOT><TERRORIST>" say "bob GO,GO,GO!!" (dead)
L 11/10/2025 - 21:38:51: "bling bling<4><BOT><TERRORIST>" killed "bussemann<7><BOT><CT>" with "ak47"
L 11/10/2025 - 21:38:51: "bling bling<4><BOT><TERRORIST>" say "Ive always been better, bussemann. Always.."
L 11/10/2025 - 21:38:55: "bussemann<7><BOT><CT>" say "Have you got ICQ, 007?" (dead)
L 11/10/2025 - 21:38:57: "bunkerking111<2><BOT><CT>" say "i'm in the best clan of my country!" (dead)
L 11/10/2025 - 21:38:57: "bussemann<7><BOT><CT>" say "I'm so booored!" (dead)
L 11/10/2025 - 21:39:00: "Deadlynome<5><BOT><TERRORIST>" say "Did one of the bots get stuck already?" (dead)
L 11/10/2025 - 21:39:03: "Brandon<9><BOT><CT>" say "If you want to program your own, ask botman!" (dead)
L 11/10/2025 - 21:39:04: "8|@@d$h@t<8><BOT><TERRORIST>" say "Im sure that Guy used an Aimbot!!" (dead)
L 11/10/2025 - 21:39:05: "007<6><BOT><CT>" triggered "Begin_Bomb_Defuse_With_Kit"
L 11/10/2025 - 21:39:07: "bunkerking111<2><BOT><CT>" say "Aimbots are cool, shut up 8|@@d$h@t!" (dead)
L 11/10/2025 - 21:39:09: "bunkerking111<2><BOT><CT>" say "LOL! Look at Firestorm!" (dead)
L 11/10/2025 - 21:39:10: "007<6><BOT><CT>" triggered "Defused_The_Bomb"
L 11/10/2025 - 21:39:10: Team "CT" triggered "Bomb_Defused" (CT "5") (T "6")
L 11/10/2025 - 21:39:10: World triggered "Round_End"
L 11/10/2025 - 21:39:12: "bussemann<7><BOT><CT>" say "Very funny indeed, bunkerking111..." (dead)
L 11/10/2025 - 21:39:13: "bussemann<7><BOT><CT>" say "Woah bling bling has nice stats!!" (dead)
L 11/10/2025 - 21:39:13: "Firestorm<3><BOT><CT>" killed "bling bling<4><BOT><TERRORIST>" with "ak47"
L 11/10/2025 - 21:39:15: "Deadlynome<5><BOT><TERRORIST>" triggered "Spawned_With_The_Bomb"
L 11/10/2025 - 21:39:21: World triggered "Round_Start"
L 11/10/2025 - 21:39:38: "Firestorm<3><BOT><CT>" killed "bob<1><BOT><TERRORIST>" with "ak47"
L 11/10/2025 - 21:39:40: "bob<1><BOT><TERRORIST>" say "Why did they include the vehicles in CS?" (dead)
L 11/10/2025 - 21:39:41: "Brandon<9><BOT><CT>" killed "bling bling<4><BOT><TERRORIST>" with "aug"
L 11/10/2025 - 21:39:42: "Brandon<9><BOT><CT>" killed "8|@@d$h@t<8><BOT><TERRORIST>" with "aug"
L 11/10/2025 - 21:39:44: "8|@@d$h@t<8><BOT><TERRORIST>" say "HEY Firestorm YOU DAMN CHEATER!" (dead)
L 11/10/2025 - 21:39:49: "bling bling<4><BOT><TERRORIST>" say "Those damn cheaters are ruining the entire game!" (dead)
L 11/10/2025 - 21:39:50: "Deadlynome<5><BOT><TERRORIST>" triggered "Planted_The_Bomb"
L 11/10/2025 - 21:39:50: "bussemann<7><BOT><CT>" say "Come on bunkerking111, let's search the bomb!"
L 11/10/2025 - 21:39:50: "bob<1><BOT><TERRORIST>" say "Boooooom!!! *lol*" (dead)
L 11/10/2025 - 21:39:51: "007<6><BOT><CT>" killed "Ｃｙｂｅｒ’Fｏχ<10><STEAM_0:1:97036452><TERRORIST>" with "ak47"
L 11/10/2025 - 21:39:55: "bling bling<4><BOT><TERRORIST>" say "I'm glad that at least you have your fun, bob..." (dead)
L 11/10/2025 - 21:39:55: "bunkerking111<2><BOT><CT>" killed "Deadlynome<5><BOT><TERRORIST>" with "m4a1"
L 11/10/2025 - 21:39:56: "8|@@d$h@t<8><BOT><TERRORIST>" say "This is quite fun." (dead)
L 11/10/2025 - 21:39:59: "bunkerking111<2><BOT><CT>" triggered "Begin_Bomb_Defuse_With_Kit"
L 11/10/2025 - 21:39:59: "bunkerking111<2><BOT><CT>" triggered "Begin_Bomb_Defuse_With_Kit"
L 11/10/2025 - 21:40:00: "Deadlynome<5><BOT><TERRORIST>" say "Huh? WTF?" (dead)
L 11/10/2025 - 21:40:00: "Deadlynome<5><BOT><TERRORIST>" say "will they stopc amping now? only 04:20 left!!" (dead)
L 11/10/2025 - 21:40:04: "bunkerking111<2><BOT><CT>" triggered "Defused_The_Bomb"
L 11/10/2025 - 21:40:04: Team "CT" triggered "Bomb_Defused" (CT "6") (T "6")
L 11/10/2025 - 21:40:04: World triggered "Round_End"
L 11/10/2025 - 21:40:04: "bob<1><BOT><TERRORIST>" say "OMG you're weird!" (dead)
L 11/10/2025 - 21:40:05: "8|@@d$h@t<8><BOT><TERRORIST>" say "Wll they stop camping now? Only 04:16 left!!!" (dead)
L 11/10/2025 - 21:40:09: "8|@@d$h@t<8><BOT><TERRORIST>" triggered "Spawned_With_The_Bomb"
L 11/10/2025 - 21:40:15: World triggered "Round_Start"
L 11/10/2025 - 21:40:39: "Brandon<9><BOT><CT>" killed "bling bling<4><BOT><TERRORIST>" with "ak47"
L 11/10/2025 - 21:40:47: "bling bling<4><BOT><TERRORIST>" say "0:27 and bob is still alive! something must be wrong...." (dead)
L 11/10/2025 - 21:40:47: "8|@@d$h@t<8><BOT><TERRORIST>" triggered "Planted_The_Bomb"
L 11/10/2025 - 21:40:48: "Brandon<9><BOT><CT>" say "Say, is it the red or the blue wire?"
L 11/10/2025 - 21:40:50: "Brandon<9><BOT><CT>" killed "Deadlynome<5><BOT><TERRORIST>" with "ak47"
L 11/10/2025 - 21:40:52: "bob<1><BOT><TERRORIST>" killed "Brandon<9><BOT><CT>" with "ak47"
L 11/10/2025 - 21:40:56: "Brandon<9><BOT><CT>" say "bunkerking111 GO,GO,GO!!" (dead)
L 11/10/2025 - 21:40:58: "bob<1><BOT><TERRORIST>" killed "bussemann<7><BOT><CT>" with "glock18"
L 11/10/2025 - 21:40:59: "Firestorm<3><BOT><CT>" killed "bob<1><BOT><TERRORIST>" with "ak47"
L 11/10/2025 - 21:41:02: "Deadlynome<5><BOT><TERRORIST>" say "Who said that?" (dead)
L 11/10/2025 - 21:41:02: "bob<1><BOT><TERRORIST>" say "Still 04:12 in this round" (dead)
L 11/10/2025 - 21:41:03: "8|@@d$h@t<8><BOT><TERRORIST>" killed "bunkerking111<2><BOT><CT>" with "ak47"
L 11/10/2025 - 21:41:10: "8|@@d$h@t<8><BOT><TERRORIST>" killed "007<6><BOT><CT>" with "ak47"
L 11/10/2025 - 21:41:11: "007<6><BOT><CT>" say "OMG you're weird!" (dead)
L 11/10/2025 - 21:41:11: "bling bling<4><BOT><TERRORIST>" say "I'm better at Quake 3, that's for sure!" (dead)
L 11/10/2025 - 21:41:14: "Firestorm<3><BOT><CT>" killed "8|@@d$h@t<8><BOT><TERRORIST>" with "ak47"
L 11/10/2025 - 21:41:16: "007<6><BOT><CT>" say "Half-Life still rules bling bling!" (dead)
L 11/10/2025 - 21:41:20: "Brandon<9><BOT><CT>" say "Fucking lagged!!" (dead)
L 11/10/2025 - 21:41:23: "bunkerking111<2><BOT><CT>" say "Don't swear, Brandon!" (dead)
L 11/10/2025 - 21:41:26: "bunkerking111<2><BOT><CT>" say "Iusually don't play that bad!!" (dead)
L 11/10/2025 - 21:41:31: "007<6><BOT><CT>" say "I'm in the best clan of my country!" (dead)
L 11/10/2025 - 21:41:31: "Deadlynome<5><BOT><TERRORIST>" say "I wish smoeone good would join the server." (dead)
L 11/10/2025 - 21:41:32: Team "TERRORIST" triggered "Target_Bombed" (CT "6") (T "7")
L 11/10/2025 - 21:41:32: World triggered "Round_End"
L 11/10/2025 - 21:41:36: "bob<1><BOT><TERRORIST>" say "Ibelieve this Server's got a good Map Rotationn" (dead)
L 11/10/2025 - 21:41:37: "Ｃｙｂｅｒ’Fｏχ<10><STEAM_0:1:97036452><TERRORIST>" triggered "Spawned_With_The_Bomb"
L 11/10/2025 - 21:41:44: World triggered "Round_Start"
L 11/10/2025 - 21:41:53: "bunkerking111<2><BOT><CT>" killed "bob<1><BOT><TERRORIST>" with "m4a1"
L 11/10/2025 - 21:41:55: "bunkerking111<2><BOT><CT>" killed "bling bling<4><BOT><TERRORIST>" with "m4a1"
L 11/10/2025 - 21:42:05: "8|@@d$h@t<8><BOT><TERRORIST>" killed "bussemann<7><BOT><CT>" with "sg552"
L 11/10/2025 - 21:42:09: "bussemann<7><BOT><CT>" say "I'm having a bad day" (dead)
L 11/10/2025 - 21:42:11: Rcon: "rcon 1992575514 "mischung420" mp_friendlyfire " from "79.235.170.155:27005"
L 11/10/2025 - 21:42:12: Rcon: "rcon 1992575514 "mischung420" mp_friendlyfire 1" from "79.235.170.155:27005"
L 11/10/2025 - 21:42:12: Server cvar "mp_friendlyfire" = "1"
L 11/10/2025 - 21:42:13: "Brandon<9><BOT><CT>" killed "Deadlynome<5><BOT><TERRORIST>" with "famas"
L 11/10/2025 - 21:42:16: "bussemann<7><BOT><CT>" say "Stupid Bots!" (dead)
L 11/10/2025 - 21:42:20: "bob<1><BOT><TERRORIST>" say "My hadnwrist already hurts..." (dead)
L 11/10/2025 - 21:42:27: "Deadlynome<5><BOT><TERRORIST>" say "how do you find the time to type all this crap???" (dead)
L 11/10/2025 - 21:42:28: "bob<1><BOT><TERRORIST>" say "Boooooom!!! *lol*" (dead)
L 11/10/2025 - 21:42:37: "Ｃｙｂｅｒ’Fｏχ<10><STEAM_0:1:97036452><TERRORIST>" triggered "Planted_The_Bomb"
L 11/10/2025 - 21:42:37: "bunkerking111<2><BOT><CT>" say "Last timei t took me 5 secs to find & defuse it..."
L 11/10/2025 - 21:42:40: "bob<1><BOT><TERRORIST>" say "Too bad Android Bot is updated so slowly." (dead)
L 11/10/2025 - 21:42:42: "Brandon<9><BOT><CT>" killed "8|@@d$h@t<8><BOT><TERRORIST>" with "famas"
L 11/10/2025 - 21:42:44: "Ｃｙｂｅｒ’Fｏχ<10><STEAM_0:1:97036452><TERRORIST>" killed "Brandon<9><BOT><CT>" with "ak47"
L 11/10/2025 - 21:42:46: "Deadlynome<5><BOT><TERRORIST>" say "Ah yes, those were the times..." (dead)
L 11/10/2025 - 21:42:57: "bob<1><BOT><TERRORIST>" say "Wazzzzuuuuuuup?" (dead)
L 11/10/2025 - 21:43:01: "Deadlynome<5><BOT><TERRORIST>" say "OMG you're weird!" (dead)
L 11/10/2025 - 21:43:03: "bussemann<7><BOT><CT>" say "Look at those idiots!" (dead)
L 11/10/2025 - 21:43:04: "Ｃｙｂｅｒ’Fｏχ<10><STEAM_0:1:97036452><TERRORIST>" killed "007<6><BOT><CT>" with "ak47"
L 11/10/2025 - 21:43:08: "Brandon<9><BOT><CT>" say "I don't really want to know bussemann" (dead)
L 11/10/2025 - 21:43:08: "007<6><BOT><CT>" say "Huh? WTF?" (dead)
L 11/10/2025 - 21:43:09: "Brandon<9><BOT><CT>" say "Boooooom!!! *lol*" (dead)
L 11/10/2025 - 21:43:11: "Ｃｙｂｅｒ’Fｏχ<10><STEAM_0:1:97036452><TERRORIST>" killed "bunkerking111<2><BOT><CT>" with "ak47"
L 11/10/2025 - 21:43:12: "Ｃｙｂｅｒ’Fｏχ<10><STEAM_0:1:97036452><TERRORIST>" killed "Firestorm<3><BOT><CT>" with "ak47"
L 11/10/2025 - 21:43:12: Team "TERRORIST" triggered "Terrorists_Win" (CT "6") (T "8")
L 11/10/2025 - 21:43:12: World triggered "Round_End"
L 11/10/2025 - 21:43:14: "bussemann<7><BOT><CT>" say "Good noe Brandon!" (dead)
L 11/10/2025 - 21:43:14: Team "CT" scored "6" with "5" players
L 11/10/2025 - 21:43:14: Team "TERRORIST" scored "8" with "5" players
L 11/10/2025 - 21:43:14: Server cvar "mp_chattime" = "12.000000"
L 11/10/2025 - 21:43:15: "bussemann<7><BOT><CT>" say "Sniping is all they can do." (dead)
L 11/10/2025 - 21:43:19: "bling bling<4><BOT><TERRORIST>" say "Ibet Ｃｙｂｅｒ’Fｏχ won't make it through the roundd" (dead)
L 11/10/2025 - 21:43:24: Server cvar "mp_chattime" = "10.000000"
L 11/10/2025 - 21:43:24: [META] ini: Begin re-reading plugins list: c:/~dl/sonstz/gameshit/cs 1.6 shit/cs1.6 server/server/cstrike/addons/metamod/plugins.ini
L 11/10/2025 - 21:43:24: [META] ini: Read plugin config for: AMX Mod X
L 11/10/2025 - 21:43:24: [META] ini: Read plugin config for: Reunion
L 11/10/2025 - 21:43:24: [META] ini: Read plugin config for: Revoice
L 11/10/2025 - 21:43:24: [META] ini: Read plugin config for: Rechecker
L 11/10/2025 - 21:43:24: [META] ini: Read plugin config for: ReSemiclip
L 11/10/2025 - 21:43:24: [META] ini: Read plugin config for: HitBox Fix
L 11/10/2025 - 21:43:24: [META] ini: Read plugin config for: YaPB
L 11/10/2025 - 21:43:24: [META] ini: Finished reading plugins list: c:/~dl/sonstz/gameshit/cs 1.6 shit/cs1.6 server/server/cstrike/addons/metamod/plugins.ini; Found 7 plugins
L 11/10/2025 - 21:43:24: [META] dll: Updating plugins...
L 11/10/2025 - 21:43:24: [META] dll: Finished updating 11 plugins; kept 7, loaded 0, unloaded 0, reloaded 0, delayed 0
L 11/10/2025 - 21:43:24: [META] dll: Rebuilding callbacks...
L 11/10/2025 - 21:43:24: [META] dll: Callbacks rebuilded.
L 11/10/2025 - 21:43:24: Log file closed
