L 11/25/2025 - 21:54:48: Log file started (file "logs\L1125004.log") (game "cstrike") (version "48/1.1.2.7/Stdio/4002")
L 11/25/2025 - 21:54:48: Loading map "de_dust2"
L 11/25/2025 - 21:54:48: Server cvars start
L 11/25/2025 - 21:54:48: Server cvar "allow_spectators" = "1.0"
L 11/25/2025 - 21:54:48: Server cvar "amx_client_languages" = "1"
L 11/25/2025 - 21:54:48: Server cvar "amx_language" = "en"
L 11/25/2025 - 21:54:48: Server cvar "amxmodx_version" = ""
L 11/25/2025 - 21:54:48: Server cvar "coop" = "0"
L 11/25/2025 - 21:54:48: Server cvar "deathmatch" = "1"
L 11/25/2025 - 21:54:48: Server cvar "decalfrequency" = "30"
L 11/25/2025 - 21:54:48: Server cvar "edgefriction" = "2"
L 11/25/2025 - 21:54:48: Server cvar "ff_damage_reduction_bullets" = "0.35"
L 11/25/2025 - 21:54:48: Server cvar "ff_damage_reduction_grenade" = "0.25"
L 11/25/2025 - 21:54:48: Server cvar "ff_damage_reduction_grenade_self" = "1"
L 11/25/2025 - 21:54:48: Server cvar "ff_damage_reduction_other" = "0.25"
L 11/25/2025 - 21:54:48: Server cvar "game_version" = "5.28.0.756-dev"
L 11/25/2025 - 21:54:48: Server cvar "hbf_debug" = "0"
L 11/25/2025 - 21:54:48: Server cvar "hbf_enabled" = "1"
L 11/25/2025 - 21:54:48: Server cvar "humans_join_team" = "any"
L 11/25/2025 - 21:54:48: Server cvar "max_queries_sec" = "3.0"
L 11/25/2025 - 21:54:48: Server cvar "max_queries_sec_global" = "30"
L 11/25/2025 - 21:54:48: Server cvar "max_queries_window" = "60"
L 11/25/2025 - 21:54:48: Server cvar "metamod_version" = "1.3.0.149"
L 11/25/2025 - 21:54:48: Server cvar "mp_afk_bomb_drop_time" = "0"
L 11/25/2025 - 21:54:48: Server cvar "mp_ammo_respawn_time" = "20"
L 11/25/2025 - 21:54:48: Server cvar "mp_autokick" = "1"
L 11/25/2025 - 21:54:48: Server cvar "mp_autokick_timeout" = "-1"
L 11/25/2025 - 21:54:48: Server cvar "mp_autoteambalance" = "1"
L 11/25/2025 - 21:54:48: Server cvar "mp_buy_anywhere" = "0"
L 11/25/2025 - 21:54:48: Server cvar "mp_buytime" = "1.5"
L 11/25/2025 - 21:54:48: Server cvar "mp_c4timer" = "45"
L 11/25/2025 - 21:54:48: Server cvar "mp_chattime" = "10"
L 11/25/2025 - 21:54:48: Server cvar "mp_consistency" = "1"
L 11/25/2025 - 21:54:48: Server cvar "mp_fadetoblack" = "0"
L 11/25/2025 - 21:54:48: Server cvar "mp_falldamage" = "1"
L 11/25/2025 - 21:54:48: Server cvar "mp_flashlight" = "0"
L 11/25/2025 - 21:54:48: Server cvar "mp_footsteps" = "1"
L 11/25/2025 - 21:54:48: Server cvar "mp_forcecamera" = "0"
L 11/25/2025 - 21:54:48: Server cvar "mp_forcechasecam" = "0"
L 11/25/2025 - 21:54:48: Server cvar "mp_forcerespawn" = "0"
L 11/25/2025 - 21:54:48: Server cvar "mp_fraglimit" = "0"
L 11/25/2025 - 21:54:48: Server cvar "mp_fragsleft" = "0"
L 11/25/2025 - 21:54:48: Server cvar "mp_freeforall" = "0"
L 11/25/2025 - 21:54:48: Server cvar "mp_freezetime" = "6"
L 11/25/2025 - 21:54:48: Server cvar "mp_friendlyfire" = "0"
L 11/25/2025 - 21:54:48: Server cvar "mp_give_player_c4" = "1"
L 11/25/2025 - 21:54:48: Server cvar "mp_hostage_hurtable" = "1"
L 11/25/2025 - 21:54:48: Server cvar "mp_hostagepenalty" = "13"
L 11/25/2025 - 21:54:48: Server cvar "mp_infinite_ammo" = "0"
L 11/25/2025 - 21:54:48: Server cvar "mp_infinite_grenades" = "0"
L 11/25/2025 - 21:54:48: Server cvar "mp_item_respawn_time" = "30"
L 11/25/2025 - 21:54:48: Server cvar "mp_item_staytime" = "300"
L 11/25/2025 - 21:54:48: Server cvar "mp_kickpercent" = "0.66"
L 11/25/2025 - 21:54:48: Server cvar "mp_limitteams" = "2"
L 11/25/2025 - 21:54:48: Server cvar "mp_logdetail" = "0"
L 11/25/2025 - 21:54:48: Server cvar "mp_logfile" = "1"
L 11/25/2025 - 21:54:48: Server cvar "mp_logmessages" = "1"
L 11/25/2025 - 21:54:48: Server cvar "mp_mapvoteratio" = "0.66"
L 11/25/2025 - 21:54:48: Server cvar "mp_maxmoney" = "16000"
L 11/25/2025 - 21:54:48: Server cvar "mp_maxrounds" = "0"
L 11/25/2025 - 21:54:48: Server cvar "mp_playerid" = "0"
L 11/25/2025 - 21:54:48: Server cvar "mp_radio_maxinround" = "60"
L 11/25/2025 - 21:54:48: Server cvar "mp_radio_timeout" = "1.5"
L 11/25/2025 - 21:54:48: Server cvar "mp_respawn_immunity_effects" = "1"
L 11/25/2025 - 21:54:48: Server cvar "mp_respawn_immunity_force_unset" = "1"
L 11/25/2025 - 21:54:48: Server cvar "mp_respawn_immunitytime" = "0"
L 11/25/2025 - 21:54:48: Server cvar "mp_round_infinite" = "0"
L 11/25/2025 - 21:54:48: Server cvar "mp_round_restart_delay" = "5"
L 11/25/2025 - 21:54:48: Server cvar "mp_roundover" = "0"
L 11/25/2025 - 21:54:48: Server cvar "mp_roundtime" = "5"
L 11/25/2025 - 21:54:48: Server cvar "mp_scoreboard_showdefkit" = "1"
L 11/25/2025 - 21:54:48: Server cvar "mp_scoreboard_showhealth" = "3"
L 11/25/2025 - 21:54:48: Server cvar "mp_scoreboard_showmoney" = "3"
L 11/25/2025 - 21:54:48: Server cvar "mp_show_scenarioicon" = "0"
L 11/25/2025 - 21:54:48: Server cvar "mp_startmoney" = "800"
L 11/25/2025 - 21:54:48: Server cvar "mp_timeleft" = "0"
L 11/25/2025 - 21:54:48: Server cvar "mp_timelimit" = "0"
L 11/25/2025 - 21:54:48: Server cvar "mp_tkpunish" = "0"
L 11/25/2025 - 21:54:48: Server cvar "mp_weapon_respawn_time" = "20"
L 11/25/2025 - 21:54:48: Server cvar "mp_weapons_allow_map_placed" = "1"
L 11/25/2025 - 21:54:48: Server cvar "mp_windifference" = "1"
L 11/25/2025 - 21:54:48: Server cvar "mp_winlimit" = "0"
L 11/25/2025 - 21:54:48: Server cvar "pausable" = "1"
L 11/25/2025 - 21:54:48: Server cvar "resemiclip_version" = "2.4.3"
L 11/25/2025 - 21:54:48: Server cvar "sv_accelerate" = "10"
L 11/25/2025 - 21:54:48: Server cvar "sv_aim" = "1"
L 11/25/2025 - 21:54:48: Server cvar "sv_airaccelerate" = "10"
L 11/25/2025 - 21:54:48: Server cvar "sv_allow_autoaim" = "1"
L 11/25/2025 - 21:54:48: Server cvar "sv_allowupload" = "1"
L 11/25/2025 - 21:54:48: Server cvar "sv_alltalk" = "0"
L 11/25/2025 - 21:54:48: Server cvar "sv_bounce" = "1"
L 11/25/2025 - 21:54:48: Server cvar "sv_cheats" = "0"
L 11/25/2025 - 21:54:48: Server cvar "sv_clienttrace" = "1"
L 11/25/2025 - 21:54:48: Server cvar "sv_contact" = ""
L 11/25/2025 - 21:54:48: Server cvar "sv_friction" = "4"
L 11/25/2025 - 21:54:48: Server cvar "sv_gravity" = "800"
L 11/25/2025 - 21:54:48: Server cvar "sv_logblocks" = "0"
L 11/25/2025 - 21:54:48: Server cvar "sv_maxrate" = "0"
L 11/25/2025 - 21:54:48: Server cvar "sv_maxspeed" = "320"
L 11/25/2025 - 21:54:48: Server cvar "sv_minrate" = "0"
L 11/25/2025 - 21:54:48: Server cvar "sv_password" = ""
L 11/25/2025 - 21:54:48: Server cvar "sv_proxies" = "1"
L 11/25/2025 - 21:54:48: Server cvar "sv_restart" = "0"
L 11/25/2025 - 21:54:48: Server cvar "sv_restartround" = "0"
L 11/25/2025 - 21:54:48: Server cvar "sv_stepsize" = "18"
L 11/25/2025 - 21:54:48: Server cvar "sv_stopspeed" = "100"
L 11/25/2025 - 21:54:48: Server cvar "sv_uploadmax" = "0.5"
L 11/25/2025 - 21:54:48: Server cvar "sv_version" = "1.1.2.7/Stdio,48,4002"
L 11/25/2025 - 21:54:48: Server cvar "sv_voiceenable" = "1"
L 11/25/2025 - 21:54:48: Server cvar "sv_wateraccelerate" = "10"
L 11/25/2025 - 21:54:48: Server cvar "sv_waterfriction" = "1"
L 11/25/2025 - 21:54:48: Server cvar "yb_version" = "4.4.957"
L 11/25/2025 - 21:54:48: Server cvars end
L 11/25/2025 - 21:54:48: Server cvar "amxmodx_version" = "1.9.0.5294"
L 11/25/2025 - 21:54:48: Server cvar "sv_maxspeed" = "900"
L 11/25/2025 - 21:54:48: Server cvar "mp_autoteambalance" = "0"
L 11/25/2025 - 21:54:48: Server cvar "mp_maxmoney" = "32000"
L 11/25/2025 - 21:54:48: Server cvar "mp_round_restart_delay" = "3"
L 11/25/2025 - 21:54:48: Server cvar "mp_timelimit" = "20"
L 11/25/2025 - 21:54:48: Server cvar "mp_show_scenarioicon" = "1"
L 11/25/2025 - 21:54:48: Server cvar "sv_alltalk" = "1"
L 11/25/2025 - 21:54:48: Server cvar "mp_scoreboard_showhealth" = "5"
L 11/25/2025 - 21:54:48: Server cvar "mp_scoreboard_showmoney" = "5"
L 11/25/2025 - 21:54:48: Server cvar "ff_damage_reduction_grenade_self" = "1.0"
L 11/25/2025 - 21:54:48: Server cvar "ff_damage_reduction_other" = "0.35"
L 11/25/2025 - 21:54:48: Server cvar "mp_afk_bomb_drop_time" = "15"
L 11/25/2025 - 21:54:48: Server cvar "mp_radio_timeout" = "0"
L 11/25/2025 - 21:54:48: Server cvar "pausable" = "0"
L 11/25/2025 - 21:54:51: Server cvar "jtp10181" = "gore"
L 11/25/2025 - 21:54:51: Server cvar "weaponarena_version" = "2.0.4"
L 11/25/2025 - 21:54:51: Server cvar "jtp10181" = "gore,wa"
L 11/25/2025 - 21:54:51: Server cvar "UAIO (Admin Menu)" = "1.50"
L 11/25/2025 - 21:54:51: Server cvar "mapm_version" = "3.3.1"
L 11/25/2025 - 21:54:51: Server cvar "sv_uploadmax" = "7.77"
L 11/25/2025 - 21:54:51: Server cvar "decalfrequency" = "3"
L 11/25/2025 - 21:54:51: Server cvar "sv_maxrate" = "250000"
L 11/25/2025 - 21:54:51: Server cvar "sv_minrate" = "25000"
L 11/25/2025 - 21:54:51: Server cvar "sv_aim" = "0"
L 11/25/2025 - 21:54:51: Server cvar "sv_maxspeed" = "320"
L 11/25/2025 - 21:54:51: Server cvar "mp_timelimit" = "15"
L 11/25/2025 - 21:54:51: Server cvar "mp_roundtime" = "2"
L 11/25/2025 - 21:54:51: Server cvar "mp_freezetime" = "0.5"
L 11/25/2025 - 21:54:51: Server cvar "mp_friendlyfire" = "1"
L 11/25/2025 - 21:54:51: Server cvar "sv_maxspeed" = "900"
L 11/25/2025 - 21:54:51: Server cvar "amx_nextmap" = "de_dust2002"
L 11/25/2025 - 21:54:51: Server cvar "sv_accelerate" = "5"
L 11/25/2025 - 21:54:51: Server cvar "sv_stopspeed" = "75"
L 11/25/2025 - 21:54:52: Started map "de_dust2" (CRC "1159425449")
L 11/25/2025 - 21:54:52: Server cvar "sv_aim" = "1.000000"
L 11/25/2025 - 21:54:52: Server cvar "sv_aim" = "0"
L 11/25/2025 - 21:54:52: Server cvar "sv_maxspeed" = "320"
L 11/25/2025 - 21:54:56: "psix<1><STEAM_0:1:658176><>" entered the game
L 11/25/2025 - 21:54:56: "psix<1><STEAM_0:1:658176><>" joined team "CT"
L 11/25/2025 - 21:54:57: "venchik<2><STEAM_0:1:3495168><>" entered the game
L 11/25/2025 - 21:54:57: "venchik<2><STEAM_0:1:3495168><>" joined team "TERRORIST"
L 11/25/2025 - 21:54:57: World triggered "Game_Commencing"
L 11/25/2025 - 21:54:57: World triggered "Game_Commencing" (CT "0") (T "0")
L 11/25/2025 - 21:54:57: World triggered "Round_End"
L 11/25/2025 - 21:55:00: "venchik<2><STEAM_0:1:3495168><TERRORIST>" triggered "Spawned_With_The_Bomb"
L 11/25/2025 - 21:55:00: World triggered "Round_Start"
L 11/25/2025 - 21:55:43: "venchik<2><STEAM_0:1:3495168><TERRORIST>" triggered "Planted_The_Bomb"
L 11/25/2025 - 21:55:51: "venchik<2><STEAM_0:1:3495168><TERRORIST>" killed "psix<1><STEAM_0:1:658176><CT>" with "glock18"
L 11/25/2025 - 21:55:51: Team "TERRORIST" triggered "Terrorists_Win" (CT "0") (T "1")
L 11/25/2025 - 21:55:51: World triggered "Round_End"
L 11/25/2025 - 21:55:54: "venchik<2><STEAM_0:1:3495168><TERRORIST>" triggered "Spawned_With_The_Bomb"
L 11/25/2025 - 21:55:54: World triggered "Round_Start"
L 11/25/2025 - 21:56:31: "venchik<2><STEAM_0:1:3495168><TERRORIST>" triggered "Planted_The_Bomb"
L 11/25/2025 - 21:56:31: "psix<1><STEAM_0:1:658176><CT>" say "comeo n venchik,"
L 11/25/2025 - 21:56:33: "venchik<2><STEAM_0:1:3495168><TERRORIST>" killed "psix<1><STEAM_0:1:658176><CT>" with "galil"
L 11/25/2025 - 21:56:33: Team "TERRORIST" triggered "Terrorists_Win" (CT "0") (T "2")
L 11/25/2025 - 21:56:33: World triggered "Round_End"
L 11/25/2025 - 21:56:36: "venchik<2><STEAM_0:1:3495168><TERRORIST>" triggered "Spawned_With_The_Bomb"
L 11/25/2025 - 21:56:36: World triggered "Round_Start"
L 11/25/2025 - 21:57:11: "psix<1><STEAM_0:1:658176><CT>" killed "venchik<2><STEAM_0:1:3495168><TERRORIST>" with "mp5navy"
L 11/25/2025 - 21:57:11: Team "CT" triggered "CTs_Win" (CT "1") (T "2")
L 11/25/2025 - 21:57:11: World triggered "Round_End"
L 11/25/2025 - 21:57:14: "venchik<2><STEAM_0:1:3495168><TERRORIST>" triggered "Spawned_With_The_Bomb"
L 11/25/2025 - 21:57:14: World triggered "Round_Start"
L 11/25/2025 - 21:58:18: "venchik<2><STEAM_0:1:3495168><TERRORIST>" triggered "Planted_The_Bomb"
L 11/25/2025 - 21:58:18: "psix<1><STEAM_0:1:658176><CT>" say "Come on venchik,"
L 11/25/2025 - 21:58:19: "venchik<2><STEAM_0:1:3495168><TERRORIST>" killed "psix<1><STEAM_0:1:658176><CT>" with "sg552"
L 11/25/2025 - 21:58:19: Team "TERRORIST" triggered "Terrorists_Win" (CT "1") (T "3")
L 11/25/2025 - 21:58:19: World triggered "Round_End"
L 11/25/2025 - 21:58:22: "venchik<2><STEAM_0:1:3495168><TERRORIST>" triggered "Spawned_With_The_Bomb"
L 11/25/2025 - 21:58:22: World triggered "Round_Start"
L 11/25/2025 - 21:58:33: Kick: "venchik<2><STEAM_0:1:0><>" was kicked by "Console"
L 11/25/2025 - 21:58:33: "venchik<2><BOT><TERRORIST>" triggered "Dropped_The_Bomb"
L 11/25/2025 - 21:58:33: "venchik<2><BOT><TERRORIST>" disconnected
L 11/25/2025 - 21:58:33: "N1Ke<3><STEAM_0:1:13465088><>" entered the game
L 11/25/2025 - 21:58:33: "N1Ke<3><STEAM_0:1:13465088><>" joined team "TERRORIST"
L 11/25/2025 - 21:58:33: World triggered "Game_Commencing"
L 11/25/2025 - 21:58:33: World triggered "Game_Commencing" (CT "1") (T "3")
L 11/25/2025 - 21:58:33: World triggered "Round_End"
L 11/25/2025 - 21:58:36: "N1Ke<3><STEAM_0:1:13465088><TERRORIST>" triggered "Spawned_With_The_Bomb"
L 11/25/2025 - 21:58:36: World triggered "Round_Start"
L 11/25/2025 - 21:59:10: "N1Ke<3><STEAM_0:1:13465088><TERRORIST>" triggered "Planted_The_Bomb"
L 11/25/2025 - 21:59:10: "psix<1><STEAM_0:1:658176><CT>" say "Come on N1Ke,"
L 11/25/2025 - 21:59:21: "N1Ke<3><STEAM_0:1:13465088><TERRORIST>" killed "psix<1><STEAM_0:1:658176><CT>" with "glock18"
L 11/25/2025 - 21:59:21: Team "TERRORIST" triggered "Terrorists_Win" (CT "0") (T "1")
L 11/25/2025 - 21:59:21: World triggered "Round_End"
L 11/25/2025 - 21:59:24: "N1Ke<3><STEAM_0:1:13465088><TERRORIST>" triggered "Spawned_With_The_Bomb"
L 11/25/2025 - 21:59:24: World triggered "Round_Start"
L 11/25/2025 - 21:59:59: "N1Ke<3><STEAM_0:1:13465088><TERRORIST>" triggered "Planted_The_Bomb"
L 11/25/2025 - 21:59:59: "psix<1><STEAM_0:1:658176><CT>" say "Come on N1Ke,"
L 11/25/2025 - 22:00:16: "N1Ke<3><STEAM_0:1:13465088><TERRORIST>" killed "psix<1><STEAM_0:1:658176><CT>" with "ak47"
L 11/25/2025 - 22:00:16: Team "TERRORIST" triggered "Terrorists_Win" (CT "0") (T "2")
L 11/25/2025 - 22:00:16: World triggered "Round_End"
L 11/25/2025 - 22:00:19: "N1Ke<3><STEAM_0:1:13465088><TERRORIST>" triggered "Spawned_With_The_Bomb"
L 11/25/2025 - 22:00:19: World triggered "Round_Start"
L 11/25/2025 - 22:00:52: "N1Ke<3><STEAM_0:1:13465088><TERRORIST>" triggered "Planted_The_Bomb"
L 11/25/2025 - 22:00:52: "psix<1><STEAM_0:1:658176><CT>" say "Come on N1Ke,"
L 11/25/2025 - 22:01:09: "N1Ke<3><STEAM_0:1:13465088><TERRORIST>" killed "psix<1><STEAM_0:1:658176><CT>" with "ak47"
L 11/25/2025 - 22:01:09: Team "TERRORIST" triggered "Terrorists_Win" (CT "0") (T "3")
L 11/25/2025 - 22:01:09: World triggered "Round_End"
L 11/25/2025 - 22:01:10: "psix<1><STEAM_0:1:658176><CT>" say "N1Ke bot" (dead)
L 11/25/2025 - 22:01:12: "N1Ke<3><STEAM_0:1:13465088><TERRORIST>" triggered "Spawned_With_The_Bomb"
L 11/25/2025 - 22:01:12: World triggered "Round_Start"
L 11/25/2025 - 22:01:16: Kick: "N1Ke<3><STEAM_0:0:1><>" was kicked by "Console"
L 11/25/2025 - 22:01:16: "N1Ke<3><BOT><TERRORIST>" triggered "Dropped_The_Bomb"
L 11/25/2025 - 22:01:16: "N1Ke<3><BOT><TERRORIST>" disconnected
L 11/25/2025 - 22:01:17: "Екатерина<4><STEAM_0:1:2934784><>" entered the game
L 11/25/2025 - 22:01:17: "Екатерина<4><STEAM_0:1:2934784><>" joined team "TERRORIST"
L 11/25/2025 - 22:01:17: World triggered "Game_Commencing"
L 11/25/2025 - 22:01:17: World triggered "Game_Commencing" (CT "0") (T "3")
L 11/25/2025 - 22:01:17: World triggered "Round_End"
L 11/25/2025 - 22:01:20: "Екатерина<4><STEAM_0:1:2934784><TERRORIST>" triggered "Spawned_With_The_Bomb"
L 11/25/2025 - 22:01:20: World triggered "Round_Start"
L 11/25/2025 - 22:01:40: "psix<1><STEAM_0:1:658176><CT>" killed "Екатерина<4><STEAM_0:1:2934784><TERRORIST>" with "usp"
L 11/25/2025 - 22:01:40: Team "CT" triggered "CTs_Win" (CT "1") (T "0")
L 11/25/2025 - 22:01:40: World triggered "Round_End"
L 11/25/2025 - 22:01:43: "Екатерина<4><STEAM_0:1:2934784><TERRORIST>" triggered "Spawned_With_The_Bomb"
L 11/25/2025 - 22:01:43: World triggered "Round_Start"
L 11/25/2025 - 22:02:09: "Екатерина<4><STEAM_0:1:2934784><TERRORIST>" triggered "Planted_The_Bomb"
L 11/25/2025 - 22:02:09: "psix<1><STEAM_0:1:658176><CT>" say "Cme on Екатерина,,"
L 11/25/2025 - 22:02:37: "psix<1><STEAM_0:1:658176><CT>" killed "Екатерина<4><STEAM_0:1:2934784><TERRORIST>" with "m4a1"
L 11/25/2025 - 22:02:39: "psix<1><STEAM_0:1:658176><CT>" triggered "Begin_Bomb_Defuse_With_Kit"
L 11/25/2025 - 22:02:44: "psix<1><STEAM_0:1:658176><CT>" triggered "Defused_The_Bomb"
L 11/25/2025 - 22:02:44: Team "CT" triggered "Bomb_Defused" (CT "2") (T "0")
L 11/25/2025 - 22:02:44: World triggered "Round_End"
L 11/25/2025 - 22:02:47: "Екатерина<4><STEAM_0:1:2934784><TERRORIST>" triggered "Spawned_With_The_Bomb"
L 11/25/2025 - 22:02:47: World triggered "Round_Start"
L 11/25/2025 - 22:03:15: "Екатерина<4><STEAM_0:1:2934784><TERRORIST>" triggered "Planted_The_Bomb"
L 11/25/2025 - 22:03:16: "psix<1><STEAM_0:1:658176><CT>" say "Cme on Екатерина,,"
L 11/25/2025 - 22:03:19: "psix<1><STEAM_0:1:658176><CT>" killed "Екатерина<4><STEAM_0:1:2934784><TERRORIST>" with "m4a1"
L 11/25/2025 - 22:03:24: "psix<1><STEAM_0:1:658176><CT>" triggered "Begin_Bomb_Defuse_With_Kit"
L 11/25/2025 - 22:03:29: "psix<1><STEAM_0:1:658176><CT>" triggered "Defused_The_Bomb"
L 11/25/2025 - 22:03:29: Team "CT" triggered "Bomb_Defused" (CT "3") (T "0")
L 11/25/2025 - 22:03:29: World triggered "Round_End"
L 11/25/2025 - 22:03:32: "Екатерина<4><STEAM_0:1:2934784><TERRORIST>" triggered "Spawned_With_The_Bomb"
L 11/25/2025 - 22:03:32: World triggered "Round_Start"
L 11/25/2025 - 22:03:49: "Екатерина<4><STEAM_0:1:2934784><TERRORIST>" killed "psix<1><STEAM_0:1:658176><CT>" with "ak47"
L 11/25/2025 - 22:03:49: Team "TERRORIST" triggered "Terrorists_Win" (CT "3") (T "1")
L 11/25/2025 - 22:03:49: World triggered "Round_End"
L 11/25/2025 - 22:03:52: "Екатерина<4><STEAM_0:1:2934784><TERRORIST>" triggered "Spawned_With_The_Bomb"
L 11/25/2025 - 22:03:52: World triggered "Round_Start"
L 11/25/2025 - 22:04:16: "Екатерина<4><STEAM_0:1:2934784><TERRORIST>" triggered "Planted_The_Bomb"
L 11/25/2025 - 22:04:16: "psix<1><STEAM_0:1:658176><CT>" say "Come on Екатерина,"
L 11/25/2025 - 22:04:40: "Екатерина<4><STEAM_0:1:2934784><TERRORIST>" killed "psix<1><STEAM_0:1:658176><CT>" with "ak47"
L 11/25/2025 - 22:04:40: Team "TERRORIST" triggered "Terrorists_Win" (CT "3") (T "2")
L 11/25/2025 - 22:04:40: World triggered "Round_End"
L 11/25/2025 - 22:04:43: "Екатерина<4><STEAM_0:1:2934784><TERRORIST>" triggered "Spawned_With_The_Bomb"
L 11/25/2025 - 22:04:43: World triggered "Round_Start"
L 11/25/2025 - 22:05:14: "Екатерина<4><STEAM_0:1:2934784><TERRORIST>" triggered "Planted_The_Bomb"
L 11/25/2025 - 22:05:14: "psix<1><STEAM_0:1:658176><CT>" say "Come on Екатерина,"
L 11/25/2025 - 22:05:31: "Екатерина<4><STEAM_0:1:2934784><TERRORIST>" killed "psix<1><STEAM_0:1:658176><CT>" with "ak47"
L 11/25/2025 - 22:05:31: Team "TERRORIST" triggered "Terrorists_Win" (CT "3") (T "3")
L 11/25/2025 - 22:05:31: World triggered "Round_End"
L 11/25/2025 - 22:05:34: "Екатерина<4><STEAM_0:1:2934784><TERRORIST>" triggered "Spawned_With_The_Bomb"
L 11/25/2025 - 22:05:34: World triggered "Round_Start"
L 11/25/2025 - 22:06:04: "Екатерина<4><STEAM_0:1:2934784><TERRORIST>" killed "psix<1><STEAM_0:1:658176><CT>" with "ak47"
L 11/25/2025 - 22:06:04: Team "TERRORIST" triggered "Terrorists_Win" (CT "3") (T "4")
L 11/25/2025 - 22:06:04: World triggered "Round_End"
L 11/25/2025 - 22:06:07: "Екатерина<4><STEAM_0:1:2934784><TERRORIST>" triggered "Spawned_With_The_Bomb"
L 11/25/2025 - 22:06:07: World triggered "Round_Start"
L 11/25/2025 - 22:06:33: Server cvar "amx_nextmap" = "de_dust2"
L 11/25/2025 - 22:06:33: Server cvar "mp_chattime" = "11.000000"
L 11/25/2025 - 22:06:43: Server cvar "mp_chattime" = "10.000000"
L 11/25/2025 - 22:06:43: "psix<1><BOT><CT>" disconnected
L 11/25/2025 - 22:06:43: "Екатерина<4><BOT><TERRORIST>" triggered "Dropped_The_Bomb"
L 11/25/2025 - 22:06:43: "Екатерина<4><BOT><TERRORIST>" disconnected
L 11/25/2025 - 22:06:43: World triggered "Round_Draw" (CT "3") (T "4")
L 11/25/2025 - 22:06:43: World triggered "Round_End"
L 11/25/2025 - 22:06:43: [META] ini: Begin re-reading plugins list: c:/~dl/sonstz/gameshit/cs 1.6 shit/_falconz-cs16-server/cstrike/addons/metamod/plugins.ini
L 11/25/2025 - 22:06:43: [META] ini: Read plugin config for: AMX Mod X
L 11/25/2025 - 22:06:43: [META] ini: Read plugin config for: Rechecker
L 11/25/2025 - 22:06:43: [META] ini: Read plugin config for: ReSemiclip
L 11/25/2025 - 22:06:43: [META] ini: Read plugin config for: HitBox Fix
L 11/25/2025 - 22:06:43: [META] ini: Read plugin config for: YaPB
L 11/25/2025 - 22:06:43: [META] ini: Finished reading plugins list: c:/~dl/sonstz/gameshit/cs 1.6 shit/_falconz-cs16-server/cstrike/addons/metamod/plugins.ini; Found 5 plugins
L 11/25/2025 - 22:06:43: [META] dll: Updating plugins...
L 11/25/2025 - 22:06:43: [META] dll: Finished updating 16 plugins; kept 5, loaded 0, unloaded 0, reloaded 0, delayed 0
L 11/25/2025 - 22:06:43: [META] dll: Rebuilding callbacks...
L 11/25/2025 - 22:06:43: [META] dll: Callbacks rebuilded.
L 11/25/2025 - 22:06:43: Log file closed
