L 11/25/2025 - 22:06:43: Log file started (file "logs\L1125005.log") (game "cstrike") (version "48/1.1.2.7/Stdio/4002")
L 11/25/2025 - 22:06:43: Loading map "de_dust2"
L 11/25/2025 - 22:06:43: Server cvars start
L 11/25/2025 - 22:06:43: Server cvar "allow_spectators" = "1.0"
L 11/25/2025 - 22:06:43: Server cvar "amx_client_languages" = "1"
L 11/25/2025 - 22:06:43: Server cvar "amx_language" = "en"
L 11/25/2025 - 22:06:43: Server cvar "amx_nextmap" = "de_dust2"
L 11/25/2025 - 22:06:43: Server cvar "amxmodx_version" = "1.9.0.5294"
L 11/25/2025 - 22:06:43: Server cvar "coop" = "0"
L 11/25/2025 - 22:06:43: Server cvar "deathmatch" = "1"
L 11/25/2025 - 22:06:43: Server cvar "decalfrequency" = "3"
L 11/25/2025 - 22:06:43: Server cvar "edgefriction" = "2"
L 11/25/2025 - 22:06:43: Server cvar "ff_damage_reduction_bullets" = "0.35"
L 11/25/2025 - 22:06:43: Server cvar "ff_damage_reduction_grenade" = "0.25"
L 11/25/2025 - 22:06:43: Server cvar "ff_damage_reduction_grenade_self" = "1.0"
L 11/25/2025 - 22:06:43: Server cvar "ff_damage_reduction_other" = "0.35"
L 11/25/2025 - 22:06:43: Server cvar "game_version" = "5.28.0.756-dev"
L 11/25/2025 - 22:06:43: Server cvar "hbf_debug" = "0"
L 11/25/2025 - 22:06:43: Server cvar "hbf_enabled" = "1"
L 11/25/2025 - 22:06:43: Server cvar "humans_join_team" = "any"
L 11/25/2025 - 22:06:43: Server cvar "jtp10181" = "gore,wa"
L 11/25/2025 - 22:06:43: Server cvar "mapm_version" = "3.3.1"
L 11/25/2025 - 22:06:43: Server cvar "max_queries_sec" = "3.0"
L 11/25/2025 - 22:06:43: Server cvar "max_queries_sec_global" = "30"
L 11/25/2025 - 22:06:43: Server cvar "max_queries_window" = "60"
L 11/25/2025 - 22:06:43: Server cvar "metamod_version" = "1.3.0.149"
L 11/25/2025 - 22:06:43: Server cvar "mp_afk_bomb_drop_time" = "15"
L 11/25/2025 - 22:06:43: Server cvar "mp_ammo_respawn_time" = "20"
L 11/25/2025 - 22:06:43: Server cvar "mp_autokick" = "1"
L 11/25/2025 - 22:06:43: Server cvar "mp_autokick_timeout" = "-1"
L 11/25/2025 - 22:06:43: Server cvar "mp_autoteambalance" = "0"
L 11/25/2025 - 22:06:43: Server cvar "mp_buy_anywhere" = "0"
L 11/25/2025 - 22:06:43: Server cvar "mp_buytime" = "1.5"
L 11/25/2025 - 22:06:43: Server cvar "mp_c4timer" = "45"
L 11/25/2025 - 22:06:43: Server cvar "mp_chattime" = "10.000000"
L 11/25/2025 - 22:06:43: Server cvar "mp_consistency" = "1"
L 11/25/2025 - 22:06:43: Server cvar "mp_fadetoblack" = "0"
L 11/25/2025 - 22:06:43: Server cvar "mp_falldamage" = "1"
L 11/25/2025 - 22:06:43: Server cvar "mp_flashlight" = "0"
L 11/25/2025 - 22:06:43: Server cvar "mp_footsteps" = "1"
L 11/25/2025 - 22:06:43: Server cvar "mp_forcecamera" = "0"
L 11/25/2025 - 22:06:43: Server cvar "mp_forcechasecam" = "0"
L 11/25/2025 - 22:06:43: Server cvar "mp_forcerespawn" = "0"
L 11/25/2025 - 22:06:43: Server cvar "mp_fraglimit" = "0"
L 11/25/2025 - 22:06:43: Server cvar "mp_fragsleft" = "0"
L 11/25/2025 - 22:06:43: Server cvar "mp_freeforall" = "0"
L 11/25/2025 - 22:06:43: Server cvar "mp_freezetime" = "0.5"
L 11/25/2025 - 22:06:43: Server cvar "mp_friendlyfire" = "1"
L 11/25/2025 - 22:06:43: Server cvar "mp_give_player_c4" = "1"
L 11/25/2025 - 22:06:43: Server cvar "mp_hostage_hurtable" = "1"
L 11/25/2025 - 22:06:43: Server cvar "mp_hostagepenalty" = "13"
L 11/25/2025 - 22:06:43: Server cvar "mp_infinite_ammo" = "0"
L 11/25/2025 - 22:06:43: Server cvar "mp_infinite_grenades" = "0"
L 11/25/2025 - 22:06:43: Server cvar "mp_item_respawn_time" = "30"
L 11/25/2025 - 22:06:43: Server cvar "mp_item_staytime" = "300"
L 11/25/2025 - 22:06:43: Server cvar "mp_kickpercent" = "0.66"
L 11/25/2025 - 22:06:43: Server cvar "mp_limitteams" = "2"
L 11/25/2025 - 22:06:43: Server cvar "mp_logdetail" = "0"
L 11/25/2025 - 22:06:43: Server cvar "mp_logfile" = "1"
L 11/25/2025 - 22:06:43: Server cvar "mp_logmessages" = "1"
L 11/25/2025 - 22:06:43: Server cvar "mp_mapvoteratio" = "0.66"
L 11/25/2025 - 22:06:43: Server cvar "mp_maxmoney" = "32000"
L 11/25/2025 - 22:06:43: Server cvar "mp_maxrounds" = "0"
L 11/25/2025 - 22:06:43: Server cvar "mp_playerid" = "0"
L 11/25/2025 - 22:06:43: Server cvar "mp_radio_maxinround" = "60"
L 11/25/2025 - 22:06:43: Server cvar "mp_radio_timeout" = "0"
L 11/25/2025 - 22:06:43: Server cvar "mp_respawn_immunity_effects" = "1"
L 11/25/2025 - 22:06:43: Server cvar "mp_respawn_immunity_force_unset" = "1"
L 11/25/2025 - 22:06:43: Server cvar "mp_respawn_immunitytime" = "0"
L 11/25/2025 - 22:06:43: Server cvar "mp_round_infinite" = "0"
L 11/25/2025 - 22:06:43: Server cvar "mp_round_restart_delay" = "3"
L 11/25/2025 - 22:06:43: Server cvar "mp_roundover" = "0"
L 11/25/2025 - 22:06:43: Server cvar "mp_roundtime" = "2"
L 11/25/2025 - 22:06:43: Server cvar "mp_scoreboard_showdefkit" = "1"
L 11/25/2025 - 22:06:43: Server cvar "mp_scoreboard_showhealth" = "5"
L 11/25/2025 - 22:06:43: Server cvar "mp_scoreboard_showmoney" = "5"
L 11/25/2025 - 22:06:43: Server cvar "mp_show_scenarioicon" = "1"
L 11/25/2025 - 22:06:43: Server cvar "mp_startmoney" = "800"
L 11/25/2025 - 22:06:43: Server cvar "mp_timeleft" = "09:36"
L 11/25/2025 - 22:06:43: Server cvar "mp_timelimit" = "15"
L 11/25/2025 - 22:06:43: Server cvar "mp_tkpunish" = "0"
L 11/25/2025 - 22:06:43: Server cvar "mp_weapon_respawn_time" = "20"
L 11/25/2025 - 22:06:43: Server cvar "mp_weapons_allow_map_placed" = "1"
L 11/25/2025 - 22:06:43: Server cvar "mp_windifference" = "1"
L 11/25/2025 - 22:06:43: Server cvar "mp_winlimit" = "0"
L 11/25/2025 - 22:06:43: Server cvar "pausable" = "0"
L 11/25/2025 - 22:06:43: Server cvar "resemiclip_version" = "2.4.3"
L 11/25/2025 - 22:06:43: Server cvar "sv_accelerate" = "5"
L 11/25/2025 - 22:06:43: Server cvar "sv_aim" = "0"
L 11/25/2025 - 22:06:43: Server cvar "sv_airaccelerate" = "10"
L 11/25/2025 - 22:06:43: Server cvar "sv_allow_autoaim" = "1"
L 11/25/2025 - 22:06:43: Server cvar "sv_allowupload" = "1"
L 11/25/2025 - 22:06:43: Server cvar "sv_alltalk" = "1"
L 11/25/2025 - 22:06:43: Server cvar "sv_bounce" = "1"
L 11/25/2025 - 22:06:43: Server cvar "sv_cheats" = "0"
L 11/25/2025 - 22:06:43: Server cvar "sv_clienttrace" = "1"
L 11/25/2025 - 22:06:43: Server cvar "sv_contact" = ""
L 11/25/2025 - 22:06:43: Server cvar "sv_friction" = "4"
L 11/25/2025 - 22:06:43: Server cvar "sv_gravity" = "800"
L 11/25/2025 - 22:06:43: Server cvar "sv_logblocks" = "0"
L 11/25/2025 - 22:06:43: Server cvar "sv_maxrate" = "250000"
L 11/25/2025 - 22:06:43: Server cvar "sv_maxspeed" = "320"
L 11/25/2025 - 22:06:43: Server cvar "sv_minrate" = "25000"
L 11/25/2025 - 22:06:43: Server cvar "sv_password" = ""
L 11/25/2025 - 22:06:43: Server cvar "sv_proxies" = "1"
L 11/25/2025 - 22:06:43: Server cvar "sv_restart" = "0"
L 11/25/2025 - 22:06:43: Server cvar "sv_restartround" = "0"
L 11/25/2025 - 22:06:43: Server cvar "sv_stepsize" = "18"
L 11/25/2025 - 22:06:43: Server cvar "sv_stopspeed" = "75"
L 11/25/2025 - 22:06:43: Server cvar "sv_uploadmax" = "7.77"
L 11/25/2025 - 22:06:43: Server cvar "sv_version" = "1.1.2.7/Stdio,48,4002"
L 11/25/2025 - 22:06:43: Server cvar "sv_voiceenable" = "1"
L 11/25/2025 - 22:06:43: Server cvar "sv_wateraccelerate" = "10"
L 11/25/2025 - 22:06:43: Server cvar "sv_waterfriction" = "1"
L 11/25/2025 - 22:06:43: Server cvar "UAIO (Admin Menu)" = "1.50"
L 11/25/2025 - 22:06:43: Server cvar "weaponarena_version" = "2.0.4"
L 11/25/2025 - 22:06:43: Server cvar "yb_version" = "4.4.957"
L 11/25/2025 - 22:06:43: Server cvars end
L 11/25/2025 - 22:06:43: Server cvar "sv_maxspeed" = "900"
L 11/25/2025 - 22:06:43: Server cvar "mp_timelimit" = "20"
L 11/25/2025 - 22:06:43: Server cvar "mapm_admin_menu_maplist" = "maps.ini"
L 11/25/2025 - 22:06:43: Server cvar "mapm_admin_menu_delay" = "1"
L 11/25/2025 - 22:06:43: Server cvar "sv_maxspeed" = "320"
L 11/25/2025 - 22:06:43: Server cvar "mp_timelimit" = "15"
L 11/25/2025 - 22:06:43: Server cvar "sv_maxspeed" = "900"
L 11/25/2025 - 22:06:43: Server cvar "amx_nextmap" = "de_dust2002"
L 11/25/2025 - 22:06:43: Started map "de_dust2" (CRC "1159425449")
L 11/25/2025 - 22:06:44: World triggered "Round_Start"
L 11/25/2025 - 22:06:47: "psix<5><STEAM_0:1:658176><>" entered the game
L 11/25/2025 - 22:06:47: "psix<5><STEAM_0:1:658176><>" joined team "TERRORIST"
L 11/25/2025 - 22:06:47: "psix<5><STEAM_0:1:658176><TERRORIST>" triggered "Spawned_With_The_Bomb"
L 11/25/2025 - 22:06:48: "Екатерина<6><STEAM_0:1:2934784><>" entered the game
L 11/25/2025 - 22:06:48: "Екатерина<6><STEAM_0:1:2934784><>" joined team "CT"
L 11/25/2025 - 22:06:48: World triggered "Game_Commencing"
L 11/25/2025 - 22:06:48: World triggered "Game_Commencing" (CT "0") (T "0")
L 11/25/2025 - 22:06:48: World triggered "Round_End"
L 11/25/2025 - 22:06:51: "psix<5><STEAM_0:1:658176><TERRORIST>" triggered "Spawned_With_The_Bomb"
L 11/25/2025 - 22:06:51: World triggered "Round_Start"
L 11/25/2025 - 22:07:19: "Екатерина<6><STEAM_0:1:2934784><CT>" killed "psix<5><STEAM_0:1:658176><TERRORIST>" with "grenade"
L 11/25/2025 - 22:07:19: Team "CT" triggered "CTs_Win" (CT "1") (T "0")
L 11/25/2025 - 22:07:19: World triggered "Round_End"
L 11/25/2025 - 22:07:22: "psix<5><STEAM_0:1:658176><TERRORIST>" triggered "Spawned_With_The_Bomb"
L 11/25/2025 - 22:07:22: World triggered "Round_Start"
L 11/25/2025 - 22:08:00: "psix<5><STEAM_0:1:658176><TERRORIST>" triggered "Planted_The_Bomb"
L 11/25/2025 - 22:08:00: "Екатерина<6><STEAM_0:1:2934784><CT>" say "Come on psix,"
L 11/25/2025 - 22:08:17: "Екатерина<6><STEAM_0:1:2934784><CT>" killed "psix<5><STEAM_0:1:658176><TERRORIST>" with "m4a1"
L 11/25/2025 - 22:08:26: "Екатерина<6><STEAM_0:1:2934784><CT>" triggered "Begin_Bomb_Defuse_With_Kit"
L 11/25/2025 - 22:08:28: "psix<5><STEAM_0:1:658176><TERRORIST>" say "xD" (dead)
L 11/25/2025 - 22:08:31: "Екатерина<6><STEAM_0:1:2934784><CT>" triggered "Defused_The_Bomb"
L 11/25/2025 - 22:08:31: Team "CT" triggered "Bomb_Defused" (CT "2") (T "0")
L 11/25/2025 - 22:08:31: World triggered "Round_End"
L 11/25/2025 - 22:08:34: "psix<5><STEAM_0:1:658176><TERRORIST>" triggered "Spawned_With_The_Bomb"
L 11/25/2025 - 22:08:34: World triggered "Round_Start"
L 11/25/2025 - 22:09:08: "psix<5><STEAM_0:1:658176><TERRORIST>" triggered "Planted_The_Bomb"
L 11/25/2025 - 22:09:08: "Екатерина<6><STEAM_0:1:2934784><CT>" say "come on psix,"
L 11/25/2025 - 22:09:18: "Екатерина<6><STEAM_0:1:2934784><CT>" killed "psix<5><STEAM_0:1:658176><TERRORIST>" with "m4a1"
L 11/25/2025 - 22:09:22: "psix<5><STEAM_0:1:658176><TERRORIST>" say "HEY Екатерина YOU DAMN CHEATER!" (dead)
L 11/25/2025 - 22:09:39: "Екатерина<6><STEAM_0:1:2934784><CT>" triggered "Begin_Bomb_Defuse_With_Kit"
L 11/25/2025 - 22:09:44: "Екатерина<6><STEAM_0:1:2934784><CT>" triggered "Defused_The_Bomb"
L 11/25/2025 - 22:09:44: Team "CT" triggered "Bomb_Defused" (CT "3") (T "0")
L 11/25/2025 - 22:09:44: World triggered "Round_End"
L 11/25/2025 - 22:09:47: "psix<5><STEAM_0:1:658176><TERRORIST>" triggered "Spawned_With_The_Bomb"
L 11/25/2025 - 22:09:47: World triggered "Round_Start"
L 11/25/2025 - 22:10:16: "psix<5><STEAM_0:1:658176><TERRORIST>" killed "Екатерина<6><STEAM_0:1:2934784><CT>" with "ak47"
L 11/25/2025 - 22:10:16: Team "TERRORIST" triggered "Terrorists_Win" (CT "3") (T "1")
L 11/25/2025 - 22:10:16: World triggered "Round_End"
L 11/25/2025 - 22:10:19: "psix<5><STEAM_0:1:658176><TERRORIST>" triggered "Spawned_With_The_Bomb"
L 11/25/2025 - 22:10:19: World triggered "Round_Start"
L 11/25/2025 - 22:10:53: "psix<5><STEAM_0:1:658176><TERRORIST>" triggered "Planted_The_Bomb"
L 11/25/2025 - 22:10:53: "Екатерина<6><STEAM_0:1:2934784><CT>" say "Come on psix,"
L 11/25/2025 - 22:10:59: "psix<5><STEAM_0:1:658176><TERRORIST>" killed "Екатерина<6><STEAM_0:1:2934784><CT>" with "ak47"
L 11/25/2025 - 22:10:59: Team "TERRORIST" triggered "Terrorists_Win" (CT "3") (T "2")
L 11/25/2025 - 22:10:59: World triggered "Round_End"
L 11/25/2025 - 22:11:02: "psix<5><STEAM_0:1:658176><TERRORIST>" triggered "Spawned_With_The_Bomb"
L 11/25/2025 - 22:11:02: World triggered "Round_Start"
L 11/25/2025 - 22:11:24: "Екатерина<6><STEAM_0:1:2934784><CT>" killed "psix<5><STEAM_0:1:658176><TERRORIST>" with "famas"
L 11/25/2025 - 22:11:24: Team "CT" triggered "CTs_Win" (CT "4") (T "2")
L 11/25/2025 - 22:11:24: World triggered "Round_End"
L 11/25/2025 - 22:11:27: "psix<5><STEAM_0:1:658176><TERRORIST>" triggered "Spawned_With_The_Bomb"
L 11/25/2025 - 22:11:27: World triggered "Round_Start"
L 11/25/2025 - 22:12:06: "psix<5><STEAM_0:1:658176><TERRORIST>" triggered "Planted_The_Bomb"
L 11/25/2025 - 22:12:06: "Екатерина<6><STEAM_0:1:2934784><CT>" say "Come on psix,"
L 11/25/2025 - 22:12:23: "psix<5><STEAM_0:1:658176><TERRORIST>" killed "Екатерина<6><STEAM_0:1:2934784><CT>" with "ak47"
L 11/25/2025 - 22:12:23: Team "TERRORIST" triggered "Terrorists_Win" (CT "4") (T "3")
L 11/25/2025 - 22:12:23: World triggered "Round_End"
L 11/25/2025 - 22:12:26: "psix<5><STEAM_0:1:658176><TERRORIST>" triggered "Spawned_With_The_Bomb"
L 11/25/2025 - 22:12:26: World triggered "Round_Start"
L 11/25/2025 - 22:13:06: "psix<5><STEAM_0:1:658176><TERRORIST>" triggered "Planted_The_Bomb"
L 11/25/2025 - 22:13:06: "Екатерина<6><STEAM_0:1:2934784><CT>" say "Come on psix,"
L 11/25/2025 - 22:13:17: Kick: "psix<5><STEAM_0:0:2><>" was kicked by "Console"
L 11/25/2025 - 22:13:17: "psix<5><BOT><TERRORIST>" disconnected
L 11/25/2025 - 22:13:18: "WonderWorker<7><STEAM_0:1:4121344><>" entered the game
L 11/25/2025 - 22:13:18: "WonderWorker<7><STEAM_0:1:4121344><>" joined team "TERRORIST"
L 11/25/2025 - 22:13:18: World triggered "Game_Commencing"
L 11/25/2025 - 22:13:18: World triggered "Game_Commencing" (CT "4") (T "3")
L 11/25/2025 - 22:13:18: World triggered "Round_End"
L 11/25/2025 - 22:13:20: "Екатерина<6><STEAM_0:1:2934784><CT>" triggered "Begin_Bomb_Defuse_With_Kit"
L 11/25/2025 - 22:13:20: "Екатерина<6><STEAM_0:1:2934784><CT>" triggered "Begin_Bomb_Defuse_With_Kit"
L 11/25/2025 - 22:13:21: "WonderWorker<7><STEAM_0:1:4121344><TERRORIST>" triggered "Spawned_With_The_Bomb"
L 11/25/2025 - 22:13:21: World triggered "Round_Start"
L 11/25/2025 - 22:13:54: "Екатерина<6><STEAM_0:1:2934784><CT>" killed "WonderWorker<7><STEAM_0:1:4121344><TERRORIST>" with "deagle"
L 11/25/2025 - 22:13:54: Team "CT" triggered "CTs_Win" (CT "1") (T "0")
L 11/25/2025 - 22:13:54: World triggered "Round_End"
L 11/25/2025 - 22:13:54: "WonderWorker<7><STEAM_0:1:4121344><TERRORIST>" say "Екатерина noob" (dead)
L 11/25/2025 - 22:13:57: "WonderWorker<7><STEAM_0:1:4121344><TERRORIST>" triggered "Spawned_With_The_Bomb"
L 11/25/2025 - 22:13:57: World triggered "Round_Start"
L 11/25/2025 - 22:14:32: "WonderWorker<7><STEAM_0:1:4121344><TERRORIST>" triggered "Planted_The_Bomb"
L 11/25/2025 - 22:14:32: "Екатерина<6><STEAM_0:1:2934784><CT>" say "Cme on WonderWorker,,"
L 11/25/2025 - 22:14:53: "Екатерина<6><STEAM_0:1:2934784><CT>" killed "WonderWorker<7><STEAM_0:1:4121344><TERRORIST>" with "m4a1"
L 11/25/2025 - 22:14:54: "Екатерина<6><STEAM_0:1:2934784><CT>" triggered "Begin_Bomb_Defuse_Without_Kit"
L 11/25/2025 - 22:15:04: "Екатерина<6><STEAM_0:1:2934784><CT>" triggered "Defused_The_Bomb"
L 11/25/2025 - 22:15:04: Team "CT" triggered "Bomb_Defused" (CT "2") (T "0")
L 11/25/2025 - 22:15:04: World triggered "Round_End"
L 11/25/2025 - 22:15:07: "WonderWorker<7><STEAM_0:1:4121344><TERRORIST>" triggered "Spawned_With_The_Bomb"
L 11/25/2025 - 22:15:07: World triggered "Round_Start"
L 11/25/2025 - 22:15:43: "WonderWorker<7><STEAM_0:1:4121344><TERRORIST>" triggered "Planted_The_Bomb"
L 11/25/2025 - 22:15:43: "Екатерина<6><STEAM_0:1:2934784><CT>" say "Come no WonderWorker,"
L 11/25/2025 - 22:16:01: "WonderWorker<7><STEAM_0:1:4121344><TERRORIST>" killed "Екатерина<6><STEAM_0:1:2934784><CT>" with "mp5navy"
L 11/25/2025 - 22:16:01: Team "TERRORIST" triggered "Terrorists_Win" (CT "2") (T "1")
L 11/25/2025 - 22:16:01: World triggered "Round_End"
L 11/25/2025 - 22:16:01: "Екатерина<6><STEAM_0:1:2934784><CT>" say "WonderWorker gogogogo" (dead)
L 11/25/2025 - 22:16:04: "WonderWorker<7><STEAM_0:1:4121344><TERRORIST>" triggered "Spawned_With_The_Bomb"
L 11/25/2025 - 22:16:04: World triggered "Round_Start"
L 11/25/2025 - 22:16:42: "WonderWorker<7><STEAM_0:1:4121344><TERRORIST>" triggered "Planted_The_Bomb"
L 11/25/2025 - 22:16:42: "Екатерина<6><STEAM_0:1:2934784><CT>" say "Come on WonderWorker,"
L 11/25/2025 - 22:16:47: "Екатерина<6><STEAM_0:1:2934784><CT>" killed "WonderWorker<7><STEAM_0:1:4121344><TERRORIST>" with "p90"
L 11/25/2025 - 22:16:54: "Екатерина<6><STEAM_0:1:2934784><CT>" triggered "Begin_Bomb_Defuse_Without_Kit"
L 11/25/2025 - 22:17:04: "Екатерина<6><STEAM_0:1:2934784><CT>" triggered "Defused_The_Bomb"
L 11/25/2025 - 22:17:04: Team "CT" triggered "Bomb_Defused" (CT "3") (T "1")
L 11/25/2025 - 22:17:04: World triggered "Round_End"
L 11/25/2025 - 22:17:07: "WonderWorker<7><STEAM_0:1:4121344><TERRORIST>" triggered "Spawned_With_The_Bomb"
L 11/25/2025 - 22:17:07: World triggered "Round_Start"
L 11/25/2025 - 22:17:40: "Екатерина<6><STEAM_0:1:2934784><CT>" killed "WonderWorker<7><STEAM_0:1:4121344><TERRORIST>" with "p90"
L 11/25/2025 - 22:17:40: Team "CT" triggered "CTs_Win" (CT "4") (T "1")
L 11/25/2025 - 22:17:40: World triggered "Round_End"
L 11/25/2025 - 22:17:43: "WonderWorker<7><STEAM_0:1:4121344><TERRORIST>" triggered "Spawned_With_The_Bomb"
L 11/25/2025 - 22:17:43: World triggered "Round_Start"
L 11/25/2025 - 22:18:31: "WonderWorker<7><STEAM_0:1:4121344><TERRORIST>" triggered "Planted_The_Bomb"
L 11/25/2025 - 22:18:31: "Екатерина<6><STEAM_0:1:2934784><CT>" say "Come on wonderworker,"
L 11/25/2025 - 22:18:44: Kick: "Екатерина<6><STEAM_0:1:2><>" was kicked by "Console"
L 11/25/2025 - 22:18:44: "Екатерина<6><BOT><CT>" disconnected
L 11/25/2025 - 22:18:44: "47region<8><STEAM_0:1:1028608><>" entered the game
L 11/25/2025 - 22:18:44: "47region<8><STEAM_0:1:1028608><>" joined team "CT"
L 11/25/2025 - 22:18:45: World triggered "Game_Commencing"
L 11/25/2025 - 22:18:45: World triggered "Game_Commencing" (CT "4") (T "1")
L 11/25/2025 - 22:18:45: World triggered "Round_End"
L 11/25/2025 - 22:18:48: "WonderWorker<7><STEAM_0:1:4121344><TERRORIST>" triggered "Spawned_With_The_Bomb"
L 11/25/2025 - 22:18:48: World triggered "Round_Start"
L 11/25/2025 - 22:19:27: "WonderWorker<7><STEAM_0:1:4121344><TERRORIST>" killed "47region<8><STEAM_0:1:1028608><CT>" with "usp"
L 11/25/2025 - 22:19:27: Team "TERRORIST" triggered "Terrorists_Win" (CT "0") (T "1")
L 11/25/2025 - 22:19:27: World triggered "Round_End"
L 11/25/2025 - 22:19:30: "WonderWorker<7><STEAM_0:1:4121344><TERRORIST>" triggered "Spawned_With_The_Bomb"
L 11/25/2025 - 22:19:30: World triggered "Round_Start"
L 11/25/2025 - 22:20:28: "WonderWorker<7><STEAM_0:1:4121344><TERRORIST>" triggered "Planted_The_Bomb"
L 11/25/2025 - 22:20:28: "47region<8><STEAM_0:1:1028608><CT>" say "Come on WonderWorker,"
L 11/25/2025 - 22:20:40: "47region<8><STEAM_0:1:1028608><CT>" killed "WonderWorker<7><STEAM_0:1:4121344><TERRORIST>" with "usp"
L 11/25/2025 - 22:20:52: "47region<8><STEAM_0:1:1028608><CT>" triggered "Begin_Bomb_Defuse_With_Kit"
L 11/25/2025 - 22:20:57: "47region<8><STEAM_0:1:1028608><CT>" triggered "Defused_The_Bomb"
L 11/25/2025 - 22:20:57: Team "CT" triggered "Bomb_Defused" (CT "1") (T "1")
L 11/25/2025 - 22:20:57: World triggered "Round_End"
L 11/25/2025 - 22:20:59: "WonderWorker<7><STEAM_0:1:4121344><TERRORIST>" say "^^" (dead)
L 11/25/2025 - 22:21:00: "WonderWorker<7><STEAM_0:1:4121344><TERRORIST>" triggered "Spawned_With_The_Bomb"
L 11/25/2025 - 22:21:00: World triggered "Round_Start"
L 11/25/2025 - 22:21:18: Server cvar "amx_nextmap" = "de_dust2"
L 11/25/2025 - 22:21:18: Server cvar "mp_chattime" = "11.000000"
L 11/25/2025 - 22:21:28: Server cvar "mp_chattime" = "10.000000"
L 11/25/2025 - 22:21:28: "WonderWorker<7><BOT><TERRORIST>" triggered "Dropped_The_Bomb"
L 11/25/2025 - 22:21:28: "WonderWorker<7><BOT><TERRORIST>" disconnected
L 11/25/2025 - 22:21:28: "47region<8><BOT><CT>" disconnected
L 11/25/2025 - 22:21:28: World triggered "Round_Draw" (CT "1") (T "1")
L 11/25/2025 - 22:21:28: World triggered "Round_End"
L 11/25/2025 - 22:21:28: [META] ini: Begin re-reading plugins list: c:/~dl/sonstz/gameshit/cs 1.6 shit/_falconz-cs16-server/cstrike/addons/metamod/plugins.ini
L 11/25/2025 - 22:21:28: [META] ini: Read plugin config for: AMX Mod X
L 11/25/2025 - 22:21:28: [META] ini: Read plugin config for: Rechecker
L 11/25/2025 - 22:21:28: [META] ini: Read plugin config for: ReSemiclip
L 11/25/2025 - 22:21:28: [META] ini: Read plugin config for: HitBox Fix
L 11/25/2025 - 22:21:28: [META] ini: Read plugin config for: YaPB
L 11/25/2025 - 22:21:28: [META] ini: Finished reading plugins list: c:/~dl/sonstz/gameshit/cs 1.6 shit/_falconz-cs16-server/cstrike/addons/metamod/plugins.ini; Found 5 plugins
L 11/25/2025 - 22:21:28: [META] dll: Updating plugins...
L 11/25/2025 - 22:21:28: [META] dll: Finished updating 16 plugins; kept 5, loaded 0, unloaded 0, reloaded 0, delayed 0
L 11/25/2025 - 22:21:28: [META] dll: Rebuilding callbacks...
L 11/25/2025 - 22:21:28: [META] dll: Callbacks rebuilded.
L 11/25/2025 - 22:21:28: Log file closed
