L 11/27/2025 - 13:26:07: Log file started (file "logs\L1127004.log") (game "cstrike") (version "48/1.1.2.7/Stdio/4002")
L 11/27/2025 - 13:26:07: Loading map "cs_mansion"
L 11/27/2025 - 13:26:07: Server cvars start
L 11/27/2025 - 13:26:07: Server cvar "allow_spectators" = "1.0"
L 11/27/2025 - 13:26:07: Server cvar "amx_client_languages" = "1"
L 11/27/2025 - 13:26:07: Server cvar "amx_language" = "en"
L 11/27/2025 - 13:26:07: Server cvar "amx_nextmap" = "cs_mansion"
L 11/27/2025 - 13:26:07: Server cvar "amxmodx_version" = "1.9.0.5294"
L 11/27/2025 - 13:26:07: Server cvar "coop" = "0"
L 11/27/2025 - 13:26:07: Server cvar "deathmatch" = "1"
L 11/27/2025 - 13:26:07: Server cvar "decalfrequency" = "3"
L 11/27/2025 - 13:26:07: Server cvar "edgefriction" = "2"
L 11/27/2025 - 13:26:07: Server cvar "ff_damage_reduction_bullets" = "0.35"
L 11/27/2025 - 13:26:07: Server cvar "ff_damage_reduction_grenade" = "0.25"
L 11/27/2025 - 13:26:07: Server cvar "ff_damage_reduction_grenade_self" = "1.0"
L 11/27/2025 - 13:26:07: Server cvar "ff_damage_reduction_other" = "0.35"
L 11/27/2025 - 13:26:07: Server cvar "game_version" = "5.28.0.756-dev"
L 11/27/2025 - 13:26:07: Server cvar "hbf_debug" = "0"
L 11/27/2025 - 13:26:07: Server cvar "hbf_enabled" = "1"
L 11/27/2025 - 13:26:07: Server cvar "humans_join_team" = "any"
L 11/27/2025 - 13:26:07: Server cvar "jtp10181" = "gore,wa"
L 11/27/2025 - 13:26:07: Server cvar "mapm_admin_menu_delay" = "1"
L 11/27/2025 - 13:26:07: Server cvar "mapm_admin_menu_maplist" = "maps.ini"
L 11/27/2025 - 13:26:07: Server cvar "mapm_version" = "3.3.1"
L 11/27/2025 - 13:26:07: Server cvar "max_queries_sec" = "3.0"
L 11/27/2025 - 13:26:07: Server cvar "max_queries_sec_global" = "30"
L 11/27/2025 - 13:26:07: Server cvar "max_queries_window" = "60"
L 11/27/2025 - 13:26:07: Server cvar "metamod_version" = "1.3.0.149"
L 11/27/2025 - 13:26:07: Server cvar "mp_afk_bomb_drop_time" = "15"
L 11/27/2025 - 13:26:07: Server cvar "mp_ammo_respawn_time" = "20"
L 11/27/2025 - 13:26:07: Server cvar "mp_autokick" = "1"
L 11/27/2025 - 13:26:07: Server cvar "mp_autokick_timeout" = "-1"
L 11/27/2025 - 13:26:07: Server cvar "mp_autoteambalance" = "0"
L 11/27/2025 - 13:26:07: Server cvar "mp_buy_anywhere" = "0"
L 11/27/2025 - 13:26:07: Server cvar "mp_buytime" = "1.5"
L 11/27/2025 - 13:26:07: Server cvar "mp_c4timer" = "45"
L 11/27/2025 - 13:26:07: Server cvar "mp_chattime" = "10.000000"
L 11/27/2025 - 13:26:07: Server cvar "mp_consistency" = "1"
L 11/27/2025 - 13:26:07: Server cvar "mp_fadetoblack" = "0"
L 11/27/2025 - 13:26:07: Server cvar "mp_falldamage" = "1"
L 11/27/2025 - 13:26:07: Server cvar "mp_flashlight" = "0"
L 11/27/2025 - 13:26:07: Server cvar "mp_footsteps" = "1"
L 11/27/2025 - 13:26:07: Server cvar "mp_forcecamera" = "0"
L 11/27/2025 - 13:26:07: Server cvar "mp_forcechasecam" = "0"
L 11/27/2025 - 13:26:07: Server cvar "mp_forcerespawn" = "0"
L 11/27/2025 - 13:26:07: Server cvar "mp_fraglimit" = "0"
L 11/27/2025 - 13:26:07: Server cvar "mp_fragsleft" = "0"
L 11/27/2025 - 13:26:07: Server cvar "mp_freeforall" = "0"
L 11/27/2025 - 13:26:07: Server cvar "mp_freezetime" = "0.5"
L 11/27/2025 - 13:26:07: Server cvar "mp_friendlyfire" = "1"
L 11/27/2025 - 13:26:07: Server cvar "mp_give_player_c4" = "1"
L 11/27/2025 - 13:26:07: Server cvar "mp_hostage_hurtable" = "1"
L 11/27/2025 - 13:26:07: Server cvar "mp_hostagepenalty" = "13"
L 11/27/2025 - 13:26:07: Server cvar "mp_infinite_ammo" = "0"
L 11/27/2025 - 13:26:07: Server cvar "mp_infinite_grenades" = "0"
L 11/27/2025 - 13:26:07: Server cvar "mp_item_respawn_time" = "30"
L 11/27/2025 - 13:26:07: Server cvar "mp_item_staytime" = "300"
L 11/27/2025 - 13:26:07: Server cvar "mp_kickpercent" = "0.66"
L 11/27/2025 - 13:26:07: Server cvar "mp_limitteams" = "2"
L 11/27/2025 - 13:26:07: Server cvar "mp_logdetail" = "0"
L 11/27/2025 - 13:26:07: Server cvar "mp_logfile" = "1"
L 11/27/2025 - 13:26:07: Server cvar "mp_logmessages" = "1"
L 11/27/2025 - 13:26:07: Server cvar "mp_mapvoteratio" = "0.66"
L 11/27/2025 - 13:26:07: Server cvar "mp_maxmoney" = "32000"
L 11/27/2025 - 13:26:07: Server cvar "mp_maxrounds" = "0"
L 11/27/2025 - 13:26:07: Server cvar "mp_playerid" = "0"
L 11/27/2025 - 13:26:07: Server cvar "mp_radio_maxinround" = "60"
L 11/27/2025 - 13:26:07: Server cvar "mp_radio_timeout" = "0"
L 11/27/2025 - 13:26:07: Server cvar "mp_respawn_immunity_effects" = "1"
L 11/27/2025 - 13:26:07: Server cvar "mp_respawn_immunity_force_unset" = "1"
L 11/27/2025 - 13:26:07: Server cvar "mp_respawn_immunitytime" = "0"
L 11/27/2025 - 13:26:07: Server cvar "mp_round_infinite" = "0"
L 11/27/2025 - 13:26:07: Server cvar "mp_round_restart_delay" = "3"
L 11/27/2025 - 13:26:07: Server cvar "mp_roundover" = "0"
L 11/27/2025 - 13:26:07: Server cvar "mp_roundtime" = "2"
L 11/27/2025 - 13:26:07: Server cvar "mp_scoreboard_showdefkit" = "1"
L 11/27/2025 - 13:26:07: Server cvar "mp_scoreboard_showhealth" = "5"
L 11/27/2025 - 13:26:07: Server cvar "mp_scoreboard_showmoney" = "5"
L 11/27/2025 - 13:26:07: Server cvar "mp_show_scenarioicon" = "1"
L 11/27/2025 - 13:26:07: Server cvar "mp_startmoney" = "800"
L 11/27/2025 - 13:26:07: Server cvar "mp_timeleft" = "00:12"
L 11/27/2025 - 13:26:07: Server cvar "mp_timelimit" = "15"
L 11/27/2025 - 13:26:07: Server cvar "mp_tkpunish" = "0"
L 11/27/2025 - 13:26:07: Server cvar "mp_weapon_respawn_time" = "20"
L 11/27/2025 - 13:26:07: Server cvar "mp_weapons_allow_map_placed" = "1"
L 11/27/2025 - 13:26:07: Server cvar "mp_windifference" = "1"
L 11/27/2025 - 13:26:07: Server cvar "mp_winlimit" = "0"
L 11/27/2025 - 13:26:07: Server cvar "pausable" = "0"
L 11/27/2025 - 13:26:07: Server cvar "resemiclip_version" = "2.4.3"
L 11/27/2025 - 13:26:07: Server cvar "sv_accelerate" = "5"
L 11/27/2025 - 13:26:07: Server cvar "sv_aim" = "0"
L 11/27/2025 - 13:26:07: Server cvar "sv_airaccelerate" = "10"
L 11/27/2025 - 13:26:07: Server cvar "sv_allow_autoaim" = "1"
L 11/27/2025 - 13:26:07: Server cvar "sv_allowupload" = "1"
L 11/27/2025 - 13:26:07: Server cvar "sv_alltalk" = "1"
L 11/27/2025 - 13:26:07: Server cvar "sv_bounce" = "1"
L 11/27/2025 - 13:26:07: Server cvar "sv_cheats" = "0"
L 11/27/2025 - 13:26:07: Server cvar "sv_clienttrace" = "1"
L 11/27/2025 - 13:26:07: Server cvar "sv_contact" = ""
L 11/27/2025 - 13:26:07: Server cvar "sv_friction" = "4"
L 11/27/2025 - 13:26:07: Server cvar "sv_gravity" = "800"
L 11/27/2025 - 13:26:07: Server cvar "sv_logblocks" = "0"
L 11/27/2025 - 13:26:07: Server cvar "sv_maxrate" = "250000"
L 11/27/2025 - 13:26:07: Server cvar "sv_maxspeed" = "900"
L 11/27/2025 - 13:26:07: Server cvar "sv_minrate" = "25000"
L 11/27/2025 - 13:26:07: Server cvar "sv_password" = ""
L 11/27/2025 - 13:26:07: Server cvar "sv_proxies" = "1"
L 11/27/2025 - 13:26:07: Server cvar "sv_restart" = "0"
L 11/27/2025 - 13:26:07: Server cvar "sv_restartround" = "0"
L 11/27/2025 - 13:26:07: Server cvar "sv_stepsize" = "18"
L 11/27/2025 - 13:26:07: Server cvar "sv_stopspeed" = "75"
L 11/27/2025 - 13:26:07: Server cvar "sv_uploadmax" = "7.77"
L 11/27/2025 - 13:26:07: Server cvar "sv_version" = "1.1.2.7/Stdio,48,4002"
L 11/27/2025 - 13:26:07: Server cvar "sv_voiceenable" = "1"
L 11/27/2025 - 13:26:07: Server cvar "sv_wateraccelerate" = "10"
L 11/27/2025 - 13:26:07: Server cvar "sv_waterfriction" = "1"
L 11/27/2025 - 13:26:07: Server cvar "UAIO (Admin Menu)" = "1.50"
L 11/27/2025 - 13:26:07: Server cvar "weaponarena_version" = "2.0.4"
L 11/27/2025 - 13:26:07: Server cvar "yb_version" = "4.4.957"
L 11/27/2025 - 13:26:07: Server cvars end
L 11/27/2025 - 13:26:07: Server cvar "mp_timelimit" = "20"
L 11/27/2025 - 13:26:07: Server cvar "sv_maxspeed" = "320"
L 11/27/2025 - 13:26:07: Server cvar "mp_timelimit" = "15"
L 11/27/2025 - 13:26:07: Server cvar "sv_maxspeed" = "900"
L 11/27/2025 - 13:26:07: Server cvar "amx_nextmap" = "cs_mansion09_mod_br"
L 11/27/2025 - 13:26:08: Started map "cs_mansion" (CRC "-174556544")
L 11/27/2025 - 13:26:09: World triggered "Round_Start"
L 11/27/2025 - 13:26:10: "Cʏвer'Fσχ<3><STEAM_0:1:97036452><>" entered the game
L 11/27/2025 - 13:26:11: "Boss<16><STEAM_0:1:33668689><>" connected, address "2.206.23.209:27005"
L 11/27/2025 - 13:26:11: "Boss<16><STEAM_0:1:33668689><>" STEAM USERID validated
L 11/27/2025 - 13:26:12: "vovan_gtn<17><STEAM_0:1:1339136><>" entered the game
L 11/27/2025 - 13:26:12: "vovan_gtn<17><STEAM_0:1:1339136><>" joined team "TERRORIST"
L 11/27/2025 - 13:26:12: "Слип<18><STEAM_0:1:16719872><>" entered the game
L 11/27/2025 - 13:26:12: "Слип<18><STEAM_0:1:16719872><>" joined team "CT"
L 11/27/2025 - 13:26:12: World triggered "Game_Commencing"
L 11/27/2025 - 13:26:12: World triggered "Game_Commencing" (CT "0") (T "0")
L 11/27/2025 - 13:26:12: World triggered "Round_End"
L 11/27/2025 - 13:26:15: "Boss<16><STEAM_0:1:33668689><>" entered the game
L 11/27/2025 - 13:26:15: World triggered "Round_Start"
L 11/27/2025 - 13:26:19: "Cʏвer'Fσχ<3><STEAM_0:1:97036452><>" joined team "TERRORIST"
L 11/27/2025 - 13:26:19: Kick: "vovan_gtn<17><STEAM_0:1:5><>" was kicked by "Console"
L 11/27/2025 - 13:26:19: "vovan_gtn<17><BOT><TERRORIST>" disconnected
L 11/27/2025 - 13:26:33: "Слип<18><STEAM_0:1:16719872><CT>" triggered "Touched_A_Hostage"
L 11/27/2025 - 13:26:40: "Cʏвer'Fσχ<3><STEAM_0:1:97036452><TERRORIST>" killed "Слип<18><STEAM_0:1:16719872><CT>" with "glock18"
L 11/27/2025 - 13:26:40: Team "TERRORIST" triggered "Terrorists_Win" (CT "0") (T "1")
L 11/27/2025 - 13:26:40: World triggered "Round_End"
L 11/27/2025 - 13:26:43: World triggered "Round_Start"
L 11/27/2025 - 13:27:02: "Слип<18><STEAM_0:1:16719872><CT>" triggered "Touched_A_Hostage"
L 11/27/2025 - 13:27:13: "Слип<18><STEAM_0:1:16719872><CT>" killed "Cʏвer'Fσχ<3><STEAM_0:1:97036452><TERRORIST>" with "usp"
L 11/27/2025 - 13:27:13: Team "CT" triggered "CTs_Win" (CT "1") (T "1")
L 11/27/2025 - 13:27:13: World triggered "Round_End"
L 11/27/2025 - 13:27:15: "Слип<18><STEAM_0:1:16719872><CT>" triggered "Touched_A_Hostage"
L 11/27/2025 - 13:27:16: World triggered "Round_Start"
L 11/27/2025 - 13:27:31: "Слип<18><STEAM_0:1:16719872><CT>" triggered "Touched_A_Hostage"
L 11/27/2025 - 13:27:42: "Слип<18><STEAM_0:1:16719872><CT>" triggered "Touched_A_Hostage"
L 11/27/2025 - 13:27:44: "Слип<18><STEAM_0:1:16719872><CT>" triggered "Touched_A_Hostage"
L 11/27/2025 - 13:28:13: "Слип<18><STEAM_0:1:16719872><CT>" triggered "Rescued_A_Hostage"
L 11/27/2025 - 13:28:13: "Слип<18><STEAM_0:1:16719872><CT>" triggered "Rescued_A_Hostage"
L 11/27/2025 - 13:28:13: "Слип<18><STEAM_0:1:16719872><CT>" triggered "Rescued_A_Hostage"
L 11/27/2025 - 13:28:13: Team "CT" triggered "All_Hostages_Rescued" (CT "2") (T "1")
L 11/27/2025 - 13:28:13: World triggered "Round_End"
L 11/27/2025 - 13:28:16: World triggered "Round_Start"
L 11/27/2025 - 13:28:32: "Слип<18><STEAM_0:1:16719872><CT>" triggered "Touched_A_Hostage"
L 11/27/2025 - 13:28:44: "Cʏвer'Fσχ<3><STEAM_0:1:97036452><TERRORIST>" killed "Слип<18><STEAM_0:1:16719872><CT>" with "glock18"
L 11/27/2025 - 13:28:44: Team "TERRORIST" triggered "Terrorists_Win" (CT "2") (T "2")
L 11/27/2025 - 13:28:44: World triggered "Round_End"
L 11/27/2025 - 13:28:47: World triggered "Round_Start"
L 11/27/2025 - 13:28:55: "Слип<18><STEAM_0:1:16719872><CT>" killed "Cʏвer'Fσχ<3><STEAM_0:1:97036452><TERRORIST>" with "m4a1"
L 11/27/2025 - 13:28:55: Team "CT" triggered "CTs_Win" (CT "3") (T "2")
L 11/27/2025 - 13:28:55: World triggered "Round_End"
L 11/27/2025 - 13:28:55: "Слип<18><STEAM_0:1:16719872><CT>" say "hahahaha"
L 11/27/2025 - 13:28:58: World triggered "Round_Start"
L 11/27/2025 - 13:29:16: "Слип<18><STEAM_0:1:16719872><CT>" triggered "Touched_A_Hostage"
L 11/27/2025 - 13:29:30: "Слип<18><STEAM_0:1:16719872><CT>" triggered "Touched_A_Hostage"
L 11/27/2025 - 13:29:31: "Слип<18><STEAM_0:1:16719872><CT>" triggered "Touched_A_Hostage"
L 11/27/2025 - 13:30:00: "Слип<18><STEAM_0:1:16719872><CT>" triggered "Rescued_A_Hostage"
L 11/27/2025 - 13:30:00: "Слип<18><STEAM_0:1:16719872><CT>" triggered "Rescued_A_Hostage"
L 11/27/2025 - 13:30:00: "Слип<18><STEAM_0:1:16719872><CT>" triggered "Rescued_A_Hostage"
L 11/27/2025 - 13:30:00: Team "CT" triggered "All_Hostages_Rescued" (CT "4") (T "2")
L 11/27/2025 - 13:30:00: World triggered "Round_End"
L 11/27/2025 - 13:30:03: World triggered "Round_Start"
L 11/27/2025 - 13:30:12: "Cʏвer'Fσχ<3><STEAM_0:1:97036452><TERRORIST>" killed "Слип<18><STEAM_0:1:16719872><CT>" with "ak47"
L 11/27/2025 - 13:30:12: Team "TERRORIST" triggered "Terrorists_Win" (CT "4") (T "3")
L 11/27/2025 - 13:30:12: World triggered "Round_End"
L 11/27/2025 - 13:30:15: World triggered "Round_Start"
L 11/27/2025 - 13:30:30: "Cʏвer'Fσχ<3><STEAM_0:1:97036452><TERRORIST>" killed "Слип<18><STEAM_0:1:16719872><CT>" with "ak47"
L 11/27/2025 - 13:30:30: Team "TERRORIST" triggered "Terrorists_Win" (CT "4") (T "4")
L 11/27/2025 - 13:30:30: World triggered "Round_End"
L 11/27/2025 - 13:30:33: World triggered "Round_Start"
L 11/27/2025 - 13:30:53: "Слип<18><STEAM_0:1:16719872><CT>" triggered "Touched_A_Hostage"
L 11/27/2025 - 13:30:56: "Слип<18><STEAM_0:1:16719872><CT>" triggered "Touched_A_Hostage"
L 11/27/2025 - 13:31:06: "Cʏвer'Fσχ<3><STEAM_0:1:97036452><TERRORIST>" killed "Слип<18><STEAM_0:1:16719872><CT>" with "ak47"
L 11/27/2025 - 13:31:06: Team "TERRORIST" triggered "Terrorists_Win" (CT "4") (T "5")
L 11/27/2025 - 13:31:06: World triggered "Round_End"
L 11/27/2025 - 13:31:09: World triggered "Round_Start"
L 11/27/2025 - 13:31:15: "Cʏвer'Fσχ<3><STEAM_0:1:97036452><TERRORIST>" killed "Слип<18><STEAM_0:1:16719872><CT>" with "ak47"
L 11/27/2025 - 13:31:15: Team "TERRORIST" triggered "Terrorists_Win" (CT "4") (T "6")
L 11/27/2025 - 13:31:15: World triggered "Round_End"
L 11/27/2025 - 13:31:18: World triggered "Round_Start"
L 11/27/2025 - 13:31:45: "Cʏвer'Fσχ<3><STEAM_0:1:97036452><TERRORIST>" killed "Слип<18><STEAM_0:1:16719872><CT>" with "ak47"
L 11/27/2025 - 13:31:45: Team "TERRORIST" triggered "Terrorists_Win" (CT "4") (T "7")
L 11/27/2025 - 13:31:45: World triggered "Round_End"
L 11/27/2025 - 13:31:48: World triggered "Round_Start"
L 11/27/2025 - 13:32:02: "Cʏвer'Fσχ<3><STEAM_0:1:97036452><TERRORIST>" killed "Слип<18><STEAM_0:1:16719872><CT>" with "ak47"
L 11/27/2025 - 13:32:02: Team "TERRORIST" triggered "Terrorists_Win" (CT "4") (T "8")
L 11/27/2025 - 13:32:02: World triggered "Round_End"
L 11/27/2025 - 13:32:05: World triggered "Round_Start"
L 11/27/2025 - 13:32:15: "Boss<16><STEAM_0:1:33668689><>" joined team "SPECTATOR"
L 11/27/2025 - 13:32:27: "Boss<16><STEAM_0:1:33668689><SPECTATOR>" triggered "time" (time "6:11")
L 11/27/2025 - 13:32:27: "Boss<16><STEAM_0:1:33668689><SPECTATOR>" triggered "latency" (ping "84")
L 11/27/2025 - 13:32:27: "Boss<16><STEAM_0:1:33668689><SPECTATOR>" disconnected
L 11/27/2025 - 13:32:27: "Boss<19><STEAM_0:1:33668689><>" connected, address "2.206.23.209:27005"
L 11/27/2025 - 13:32:27: "Boss<19><STEAM_0:1:33668689><>" STEAM USERID validated
L 11/27/2025 - 13:32:31: "Boss<19><STEAM_0:1:33668689><>" entered the game
L 11/27/2025 - 13:32:32: "Boss<19><STEAM_0:1:33668689><>" joined team "CT"
L 11/27/2025 - 13:32:32: Kick: "Слип<18><STEAM_0:0:6><>" was kicked by "Console"
L 11/27/2025 - 13:32:32: "Слип<18><BOT><CT>" disconnected
L 11/27/2025 - 13:32:45: "Cʏвer'Fσχ<3><STEAM_0:1:97036452><TERRORIST>" killed "Boss<19><STEAM_0:1:33668689><CT>" with "ak47"
L 11/27/2025 - 13:32:45: Team "TERRORIST" triggered "Terrorists_Win" (CT "4") (T "9")
L 11/27/2025 - 13:32:45: World triggered "Round_End"
L 11/27/2025 - 13:32:48: World triggered "Round_Start"
L 11/27/2025 - 13:32:53: "Cʏвer'Fσχ<3><STEAM_0:1:97036452><TERRORIST>" say "komm mal kurz zu mir"
L 11/27/2025 - 13:33:00: "Boss<19><STEAM_0:1:33668689><CT>" say "ok"
L 11/27/2025 - 13:33:01: "Boss<19><STEAM_0:1:33668689><CT>" committed suicide with "world"
L 11/27/2025 - 13:33:01: "Boss<19><STEAM_0:1:33668689><CT>" joined team "TERRORIST"
L 11/27/2025 - 13:33:08: "Cʏвer'Fσχ<3><STEAM_0:1:97036452><TERRORIST>" say "kennst du den trick mit auf dach kommen auf diese map"
L 11/27/2025 - 13:33:12: "Cʏвer'Fσχ<3><STEAM_0:1:97036452><TERRORIST>" committed suicide with "world"
L 11/27/2025 - 13:33:12: World triggered "Round_Draw" (CT "4") (T "9")
L 11/27/2025 - 13:33:12: World triggered "Round_End"
L 11/27/2025 - 13:33:15: World triggered "Round_Start"
L 11/27/2025 - 13:33:27: "Cʏвer'Fσχ<3><STEAM_0:1:97036452><TERRORIST>" say "SETZ DICH HIER IN ECKE"
L 11/27/2025 - 13:33:32: "Cʏвer'Fσχ<3><STEAM_0:1:97036452><TERRORIST>" say "JETZT SPRING"
L 11/27/2025 - 13:34:07: "Cʏвer'Fσχ<3><STEAM_0:1:97036452><TERRORIST>" say "Operational vector collapsed into hyperbolic manifold of negligible causal efficacy."
L 11/27/2025 - 13:35:02: "Cʏвer'Fσχ<3><STEAM_0:1:97036452><TERRORIST>" say "Mission continuum degenerated into epistemic noise, agency dissolved in stochastic entropy."
L 11/27/2025 - 13:35:15: Team "TERRORIST" triggered "Hostages_Not_Rescued" (CT "4") (T "9")
L 11/27/2025 - 13:35:15: World triggered "Round_End"
L 11/27/2025 - 13:35:18: World triggered "Round_Start"
L 11/27/2025 - 13:37:18: Team "TERRORIST" triggered "Hostages_Not_Rescued" (CT "4") (T "9")
L 11/27/2025 - 13:37:18: World triggered "Round_End"
L 11/27/2025 - 13:37:21: World triggered "Round_Start"
L 11/27/2025 - 13:39:21: Team "TERRORIST" triggered "Hostages_Not_Rescued" (CT "4") (T "9")
L 11/27/2025 - 13:39:21: World triggered "Round_End"
L 11/27/2025 - 13:39:24: World triggered "Round_Start"
L 11/27/2025 - 13:40:28: Server cvar "mp_timelimit" = "23.000000"
L 11/27/2025 - 13:41:24: Team "TERRORIST" triggered "Hostages_Not_Rescued" (CT "4") (T "9")
L 11/27/2025 - 13:41:24: World triggered "Round_End"
L 11/27/2025 - 13:41:27: World triggered "Round_Start"
L 11/27/2025 - 13:42:10: "Boss<19><STEAM_0:1:33668689><TERRORIST>" triggered "weaponstats" (weapon "usp") (shots "4") (hits "0") (kills "0") (headshots "0") (tks "0") (damage "0") (deaths "1")
L 11/27/2025 - 13:42:10: "Boss<19><STEAM_0:1:33668689><TERRORIST>" triggered "weaponstats2" (weapon "usp") (head "0") (chest "0") (stomach "0") (leftarm "0") (rightarm "0") (leftleg "0") (rightleg "0")
L 11/27/2025 - 13:42:10: "Boss<19><STEAM_0:1:33668689><TERRORIST>" triggered "weaponstats" (weapon "knife") (shots "2") (hits "0") (kills "0") (headshots "0") (tks "0") (damage "0") (deaths "0")
L 11/27/2025 - 13:42:10: "Boss<19><STEAM_0:1:33668689><TERRORIST>" triggered "weaponstats2" (weapon "knife") (head "0") (chest "0") (stomach "0") (leftarm "0") (rightarm "0") (leftleg "0") (rightleg "0")
L 11/27/2025 - 13:42:10: "Boss<19><STEAM_0:1:33668689><TERRORIST>" triggered "time" (time "9:39")
L 11/27/2025 - 13:42:10: "Boss<19><STEAM_0:1:33668689><TERRORIST>" triggered "latency" (ping "76")
L 11/27/2025 - 13:42:10: "Boss<19><STEAM_0:1:33668689><TERRORIST>" disconnected
L 11/27/2025 - 13:42:10: "makarek<20><STEAM_0:1:1397248><>" entered the game
L 11/27/2025 - 13:42:10: "makarek<20><STEAM_0:1:1397248><>" joined team "CT"
L 11/27/2025 - 13:42:10: World triggered "Game_Commencing"
L 11/27/2025 - 13:42:10: World triggered "Game_Commencing" (CT "4") (T "9")
L 11/27/2025 - 13:42:10: World triggered "Round_End"
L 11/27/2025 - 13:42:12: "Cʏвer'Fσχ<3><STEAM_0:1:97036452><TERRORIST>" triggered "weaponstats" (weapon "grenade") (shots "23") (hits "0") (kills "0") (headshots "0") (tks "0") (damage "0") (deaths "0")
L 11/27/2025 - 13:42:12: "Cʏвer'Fσχ<3><STEAM_0:1:97036452><TERRORIST>" triggered "weaponstats2" (weapon "grenade") (head "0") (chest "0") (stomach "0") (leftarm "0") (rightarm "0") (leftleg "0") (rightleg "0")
L 11/27/2025 - 13:42:12: "Cʏвer'Fσχ<3><STEAM_0:1:97036452><TERRORIST>" triggered "weaponstats" (weapon "glock18") (shots "14") (hits "0") (kills "0") (headshots "0") (tks "0") (damage "0") (deaths "0")
L 11/27/2025 - 13:42:12: "Cʏвer'Fσχ<3><STEAM_0:1:97036452><TERRORIST>" triggered "weaponstats2" (weapon "glock18") (head "0") (chest "0") (stomach "0") (leftarm "0") (rightarm "0") (leftleg "0") (rightleg "0")
L 11/27/2025 - 13:42:12: "Cʏвer'Fσχ<3><STEAM_0:1:97036452><TERRORIST>" triggered "weaponstats" (weapon "m249") (shots "104") (hits "10") (kills "0") (headshots "0") (tks "0") (damage "79") (deaths "0")
L 11/27/2025 - 13:42:12: "Cʏвer'Fσχ<3><STEAM_0:1:97036452><TERRORIST>" triggered "weaponstats2" (weapon "m249") (head "0") (chest "2") (stomach "0") (leftarm "0") (rightarm "1") (leftleg "5") (rightleg "2")
L 11/27/2025 - 13:42:12: "Cʏвer'Fσχ<3><STEAM_0:1:97036452><TERRORIST>" triggered "weaponstats" (weapon "ak47") (shots "92") (hits "3") (kills "1") (headshots "0") (tks "0") (damage "102") (deaths "0")
L 11/27/2025 - 13:42:12: "Cʏвer'Fσχ<3><STEAM_0:1:97036452><TERRORIST>" triggered "weaponstats2" (weapon "ak47") (head "0") (chest "0") (stomach "0") (leftarm "1") (rightarm "2") (leftleg "0") (rightleg "0")
L 11/27/2025 - 13:42:12: "Cʏвer'Fσχ<3><STEAM_0:1:97036452><TERRORIST>" triggered "time" (time "16:02")
L 11/27/2025 - 13:42:12: "Cʏвer'Fσχ<3><STEAM_0:1:97036452><TERRORIST>" triggered "latency" (ping "14")
L 11/27/2025 - 13:42:12: "Cʏвer'Fσχ<3><STEAM_0:1:97036452><TERRORIST>" disconnected
L 11/27/2025 - 13:42:12: "47 4make nAkeda<21><STEAM_0:1:2057728><>" entered the game
L 11/27/2025 - 13:42:12: "47 4make nAkeda<21><STEAM_0:1:2057728><>" joined team "TERRORIST"
L 11/27/2025 - 13:42:13: World triggered "Round_Start"
L 11/27/2025 - 13:42:39: "47 4make nAkeda<21><STEAM_0:1:2057728><TERRORIST>" killed "makarek<20><STEAM_0:1:1397248><CT>" with "glock18"
L 11/27/2025 - 13:42:39: Team "TERRORIST" triggered "Terrorists_Win" (CT "0") (T "1")
L 11/27/2025 - 13:42:39: World triggered "Round_End"
L 11/27/2025 - 13:42:39: Server cvar "mp_timelimit" = "15.000000"
L 11/27/2025 - 13:42:39: [META] ini: Begin re-reading plugins list: c:/~dl/sonstz/gameshit/cs 1.6 shit/_falconz-cs16-server/cstrike/addons/metamod/plugins.ini
L 11/27/2025 - 13:42:39: [META] ini: Read plugin config for: AMX Mod X
L 11/27/2025 - 13:42:39: [META] ini: Read plugin config for: Rechecker
L 11/27/2025 - 13:42:39: [META] ini: Read plugin config for: ReSemiclip
L 11/27/2025 - 13:42:39: [META] ini: Read plugin config for: HitBox Fix
L 11/27/2025 - 13:42:39: [META] ini: Read plugin config for: YaPB
L 11/27/2025 - 13:42:39: [META] ini: Finished reading plugins list: c:/~dl/sonstz/gameshit/cs 1.6 shit/_falconz-cs16-server/cstrike/addons/metamod/plugins.ini; Found 5 plugins
L 11/27/2025 - 13:42:39: [META] dll: Updating plugins...
L 11/27/2025 - 13:42:39: [META] dll: Finished updating 16 plugins; kept 5, loaded 0, unloaded 0, reloaded 0, delayed 0
L 11/27/2025 - 13:42:39: [META] dll: Rebuilding callbacks...
L 11/27/2025 - 13:42:39: [META] dll: Callbacks rebuilded.
L 11/27/2025 - 13:42:39: "makarek<-1><><CT>" disconnected
L 11/27/2025 - 13:42:39: "47 4make nAkeda<-1><><TERRORIST>" disconnected
L 11/27/2025 - 13:42:40: Server shutdown
L 11/27/2025 - 13:42:40: Log file closed
