L 11/24/2025 - 18:35:26: Log file started (file "logs\L1124047.log") (game "cstrike") (version "48/1.1.2.7/Stdio/4002")
L 11/24/2025 - 18:35:26: Loading map "de_dust2"
L 11/24/2025 - 18:35:26: Server cvars start
L 11/24/2025 - 18:35:26: Server cvar "allow_spectators" = "1.0"
L 11/24/2025 - 18:35:26: Server cvar "amx_client_languages" = "1"
L 11/24/2025 - 18:35:26: Server cvar "amx_language" = "en"
L 11/24/2025 - 18:35:26: Server cvar "amxmodx_version" = ""
L 11/24/2025 - 18:35:26: Server cvar "coop" = "0"
L 11/24/2025 - 18:35:26: Server cvar "deathmatch" = "1"
L 11/24/2025 - 18:35:26: Server cvar "decalfrequency" = "30"
L 11/24/2025 - 18:35:26: Server cvar "edgefriction" = "2"
L 11/24/2025 - 18:35:26: Server cvar "ff_damage_reduction_bullets" = "0.35"
L 11/24/2025 - 18:35:26: Server cvar "ff_damage_reduction_grenade" = "0.25"
L 11/24/2025 - 18:35:26: Server cvar "ff_damage_reduction_grenade_self" = "1"
L 11/24/2025 - 18:35:26: Server cvar "ff_damage_reduction_other" = "0.25"
L 11/24/2025 - 18:35:26: Server cvar "game_version" = "5.28.0.756-dev"
L 11/24/2025 - 18:35:26: Server cvar "hbf_debug" = "0"
L 11/24/2025 - 18:35:26: Server cvar "hbf_enabled" = "1"
L 11/24/2025 - 18:35:26: Server cvar "humans_join_team" = "any"
L 11/24/2025 - 18:35:26: Server cvar "max_queries_sec" = "3.0"
L 11/24/2025 - 18:35:26: Server cvar "max_queries_sec_global" = "30"
L 11/24/2025 - 18:35:26: Server cvar "max_queries_window" = "60"
L 11/24/2025 - 18:35:26: Server cvar "metamod_version" = "1.3.0.149"
L 11/24/2025 - 18:35:26: Server cvar "mp_afk_bomb_drop_time" = "0"
L 11/24/2025 - 18:35:26: Server cvar "mp_ammo_respawn_time" = "20"
L 11/24/2025 - 18:35:26: Server cvar "mp_autokick" = "1"
L 11/24/2025 - 18:35:26: Server cvar "mp_autokick_timeout" = "-1"
L 11/24/2025 - 18:35:26: Server cvar "mp_autoteambalance" = "1"
L 11/24/2025 - 18:35:26: Server cvar "mp_buy_anywhere" = "0"
L 11/24/2025 - 18:35:26: Server cvar "mp_buytime" = "1.5"
L 11/24/2025 - 18:35:26: Server cvar "mp_c4timer" = "45"
L 11/24/2025 - 18:35:26: Server cvar "mp_chattime" = "10"
L 11/24/2025 - 18:35:26: Server cvar "mp_consistency" = "1"
L 11/24/2025 - 18:35:26: Server cvar "mp_fadetoblack" = "0"
L 11/24/2025 - 18:35:26: Server cvar "mp_falldamage" = "1"
L 11/24/2025 - 18:35:26: Server cvar "mp_flashlight" = "0"
L 11/24/2025 - 18:35:26: Server cvar "mp_footsteps" = "1"
L 11/24/2025 - 18:35:26: Server cvar "mp_forcecamera" = "0"
L 11/24/2025 - 18:35:26: Server cvar "mp_forcechasecam" = "0"
L 11/24/2025 - 18:35:26: Server cvar "mp_forcerespawn" = "0"
L 11/24/2025 - 18:35:26: Server cvar "mp_fraglimit" = "0"
L 11/24/2025 - 18:35:26: Server cvar "mp_fragsleft" = "0"
L 11/24/2025 - 18:35:26: Server cvar "mp_freeforall" = "0"
L 11/24/2025 - 18:35:26: Server cvar "mp_freezetime" = "6"
L 11/24/2025 - 18:35:26: Server cvar "mp_friendlyfire" = "0"
L 11/24/2025 - 18:35:26: Server cvar "mp_give_player_c4" = "1"
L 11/24/2025 - 18:35:26: Server cvar "mp_hostage_hurtable" = "1"
L 11/24/2025 - 18:35:26: Server cvar "mp_hostagepenalty" = "13"
L 11/24/2025 - 18:35:26: Server cvar "mp_infinite_ammo" = "0"
L 11/24/2025 - 18:35:26: Server cvar "mp_infinite_grenades" = "0"
L 11/24/2025 - 18:35:26: Server cvar "mp_item_respawn_time" = "30"
L 11/24/2025 - 18:35:26: Server cvar "mp_item_staytime" = "300"
L 11/24/2025 - 18:35:26: Server cvar "mp_kickpercent" = "0.66"
L 11/24/2025 - 18:35:26: Server cvar "mp_limitteams" = "2"
L 11/24/2025 - 18:35:26: Server cvar "mp_logdetail" = "0"
L 11/24/2025 - 18:35:26: Server cvar "mp_logfile" = "1"
L 11/24/2025 - 18:35:26: Server cvar "mp_logmessages" = "1"
L 11/24/2025 - 18:35:26: Server cvar "mp_mapvoteratio" = "0.66"
L 11/24/2025 - 18:35:26: Server cvar "mp_maxmoney" = "16000"
L 11/24/2025 - 18:35:26: Server cvar "mp_maxrounds" = "0"
L 11/24/2025 - 18:35:26: Server cvar "mp_playerid" = "0"
L 11/24/2025 - 18:35:26: Server cvar "mp_radio_maxinround" = "60"
L 11/24/2025 - 18:35:26: Server cvar "mp_radio_timeout" = "1.5"
L 11/24/2025 - 18:35:26: Server cvar "mp_respawn_immunity_effects" = "1"
L 11/24/2025 - 18:35:26: Server cvar "mp_respawn_immunity_force_unset" = "1"
L 11/24/2025 - 18:35:26: Server cvar "mp_respawn_immunitytime" = "0"
L 11/24/2025 - 18:35:26: Server cvar "mp_round_infinite" = "0"
L 11/24/2025 - 18:35:26: Server cvar "mp_round_restart_delay" = "5"
L 11/24/2025 - 18:35:26: Server cvar "mp_roundover" = "0"
L 11/24/2025 - 18:35:26: Server cvar "mp_roundtime" = "5"
L 11/24/2025 - 18:35:26: Server cvar "mp_scoreboard_showdefkit" = "1"
L 11/24/2025 - 18:35:26: Server cvar "mp_scoreboard_showhealth" = "3"
L 11/24/2025 - 18:35:26: Server cvar "mp_scoreboard_showmoney" = "3"
L 11/24/2025 - 18:35:26: Server cvar "mp_show_scenarioicon" = "0"
L 11/24/2025 - 18:35:26: Server cvar "mp_startmoney" = "800"
L 11/24/2025 - 18:35:26: Server cvar "mp_timeleft" = "0"
L 11/24/2025 - 18:35:26: Server cvar "mp_timelimit" = "0"
L 11/24/2025 - 18:35:26: Server cvar "mp_tkpunish" = "0"
L 11/24/2025 - 18:35:26: Server cvar "mp_weapon_respawn_time" = "20"
L 11/24/2025 - 18:35:26: Server cvar "mp_weapons_allow_map_placed" = "1"
L 11/24/2025 - 18:35:26: Server cvar "mp_windifference" = "1"
L 11/24/2025 - 18:35:26: Server cvar "mp_winlimit" = "0"
L 11/24/2025 - 18:35:26: Server cvar "pausable" = "1"
L 11/24/2025 - 18:35:26: Server cvar "resemiclip_version" = "2.4.3"
L 11/24/2025 - 18:35:26: Server cvar "sv_accelerate" = "10"
L 11/24/2025 - 18:35:26: Server cvar "sv_aim" = "1"
L 11/24/2025 - 18:35:26: Server cvar "sv_airaccelerate" = "10"
L 11/24/2025 - 18:35:26: Server cvar "sv_allow_autoaim" = "1"
L 11/24/2025 - 18:35:26: Server cvar "sv_allowupload" = "1"
L 11/24/2025 - 18:35:26: Server cvar "sv_alltalk" = "0"
L 11/24/2025 - 18:35:26: Server cvar "sv_bounce" = "1"
L 11/24/2025 - 18:35:26: Server cvar "sv_cheats" = "0"
L 11/24/2025 - 18:35:26: Server cvar "sv_clienttrace" = "1"
L 11/24/2025 - 18:35:26: Server cvar "sv_contact" = ""
L 11/24/2025 - 18:35:26: Server cvar "sv_friction" = "4"
L 11/24/2025 - 18:35:26: Server cvar "sv_gravity" = "800"
L 11/24/2025 - 18:35:26: Server cvar "sv_logblocks" = "0"
L 11/24/2025 - 18:35:26: Server cvar "sv_maxrate" = "0"
L 11/24/2025 - 18:35:26: Server cvar "sv_maxspeed" = "320"
L 11/24/2025 - 18:35:26: Server cvar "sv_minrate" = "0"
L 11/24/2025 - 18:35:26: Server cvar "sv_password" = ""
L 11/24/2025 - 18:35:26: Server cvar "sv_proxies" = "1"
L 11/24/2025 - 18:35:26: Server cvar "sv_restart" = "0"
L 11/24/2025 - 18:35:26: Server cvar "sv_restartround" = "0"
L 11/24/2025 - 18:35:26: Server cvar "sv_stepsize" = "18"
L 11/24/2025 - 18:35:26: Server cvar "sv_stopspeed" = "100"
L 11/24/2025 - 18:35:26: Server cvar "sv_uploadmax" = "0.5"
L 11/24/2025 - 18:35:26: Server cvar "sv_version" = "1.1.2.7/Stdio,48,4002"
L 11/24/2025 - 18:35:26: Server cvar "sv_voiceenable" = "1"
L 11/24/2025 - 18:35:26: Server cvar "sv_wateraccelerate" = "10"
L 11/24/2025 - 18:35:26: Server cvar "sv_waterfriction" = "1"
L 11/24/2025 - 18:35:26: Server cvar "yb_version" = "4.4.957"
L 11/24/2025 - 18:35:26: Server cvars end
L 11/24/2025 - 18:35:26: Server cvar "amxmodx_version" = "1.9.0.5294"
L 11/24/2025 - 18:35:26: Server cvar "sv_maxspeed" = "900"
L 11/24/2025 - 18:35:26: Server cvar "mp_autoteambalance" = "0"
L 11/24/2025 - 18:35:26: Server cvar "mp_maxmoney" = "32000"
L 11/24/2025 - 18:35:26: Server cvar "mp_round_restart_delay" = "3"
L 11/24/2025 - 18:35:26: Server cvar "mp_timelimit" = "20"
L 11/24/2025 - 18:35:26: Server cvar "mp_show_scenarioicon" = "1"
L 11/24/2025 - 18:35:26: Server cvar "sv_alltalk" = "1"
L 11/24/2025 - 18:35:26: Server cvar "mp_scoreboard_showhealth" = "5"
L 11/24/2025 - 18:35:26: Server cvar "mp_scoreboard_showmoney" = "5"
L 11/24/2025 - 18:35:26: Server cvar "ff_damage_reduction_grenade_self" = "1.0"
L 11/24/2025 - 18:35:26: Server cvar "ff_damage_reduction_other" = "0.35"
L 11/24/2025 - 18:35:26: Server cvar "mp_afk_bomb_drop_time" = "15"
L 11/24/2025 - 18:35:26: Server cvar "mp_radio_timeout" = "0"
L 11/24/2025 - 18:35:26: Server cvar "pausable" = "0"
L 11/24/2025 - 18:35:26: Server cvar "jtp10181" = "gore"
L 11/24/2025 - 18:35:26: Server cvar "weaponarena_version" = "2.0.4"
L 11/24/2025 - 18:35:26: Server cvar "jtp10181" = "gore,wa"
L 11/24/2025 - 18:35:26: Server cvar "UAIO (Admin Menu)" = "1.50"
L 11/24/2025 - 18:35:26: Server cvar "mapm_version" = "3.3.1"
L 11/24/2025 - 18:35:26: Server cvar "sv_uploadmax" = "7.77"
L 11/24/2025 - 18:35:26: Server cvar "decalfrequency" = "3"
L 11/24/2025 - 18:35:26: Server cvar "sv_maxrate" = "250000"
L 11/24/2025 - 18:35:26: Server cvar "sv_minrate" = "25000"
L 11/24/2025 - 18:35:26: Server cvar "sv_aim" = "0"
L 11/24/2025 - 18:35:26: Server cvar "sv_maxspeed" = "320"
L 11/24/2025 - 18:35:26: Server cvar "mp_timelimit" = "15"
L 11/24/2025 - 18:35:26: Server cvar "mp_roundtime" = "2"
L 11/24/2025 - 18:35:26: Server cvar "mp_freezetime" = "0.5"
L 11/24/2025 - 18:35:26: Server cvar "mp_friendlyfire" = "1"
L 11/24/2025 - 18:35:26: Server cvar "sv_maxspeed" = "900"
L 11/24/2025 - 18:35:26: Server cvar "amx_nextmap" = "de_dust2_2006"
L 11/24/2025 - 18:35:26: Server cvar "sv_accelerate" = "5"
L 11/24/2025 - 18:35:26: Server cvar "sv_stopspeed" = "75"
L 11/24/2025 - 18:35:26: Started map "de_dust2" (CRC "1159425449")
L 11/24/2025 - 18:35:26: Server cvar "sv_aim" = "1.000000"
L 11/24/2025 - 18:35:26: Server cvar "sv_aim" = "0"
L 11/24/2025 - 18:35:26: Server cvar "sv_maxspeed" = "320"
L 11/24/2025 - 18:35:30: ".Ｃʏʙᴇʀ’Ｆｏχ<1><STEAM_0:1:97036452><>" connected, address "84.159.156.244:27005"
L 11/24/2025 - 18:35:30: ".Ｃʏʙᴇʀ’Ｆｏχ<1><STEAM_0:1:97036452><>" STEAM USERID validated
L 11/24/2025 - 18:35:31: "DI@BLO<2><STEAM_0:1:9095168><>" entered the game
L 11/24/2025 - 18:35:31: "DI@BLO<2><STEAM_0:1:9095168><>" joined team "TERRORIST"
L 11/24/2025 - 18:35:31: "DI@BLO<2><STEAM_0:1:9095168><TERRORIST>" triggered "Spawned_With_The_Bomb"
L 11/24/2025 - 18:35:31: "odothesed<3><STEAM_0:1:15636992><>" entered the game
L 11/24/2025 - 18:35:32: "odothesed<3><STEAM_0:1:15636992><>" joined team "CT"
L 11/24/2025 - 18:35:32: World triggered "Game_Commencing"
L 11/24/2025 - 18:35:32: World triggered "Game_Commencing" (CT "0") (T "0")
L 11/24/2025 - 18:35:32: World triggered "Round_End"
L 11/24/2025 - 18:35:32: ".Ｃʏʙᴇʀ’Ｆｏχ<1><STEAM_0:1:97036452><>" entered the game
L 11/24/2025 - 18:35:33: ".Ｃʏʙᴇʀ’Ｆｏχ<1><STEAM_0:1:97036452><>" joined team "TERRORIST"
L 11/24/2025 - 18:35:33: Kick: "DI@BLO<2><STEAM_0:0:0><>" was kicked by "Console"
L 11/24/2025 - 18:35:33: "DI@BLO<2><BOT><TERRORIST>" disconnected
L 11/24/2025 - 18:35:35: ".Ｃʏʙᴇʀ’Ｆｏχ<1><STEAM_0:1:97036452><TERRORIST>" triggered "Spawned_With_The_Bomb"
L 11/24/2025 - 18:35:35: World triggered "Round_Start"
L 11/24/2025 - 18:35:35: ".Ｃʏʙᴇʀ’Ｆｏχ<1><STEAM_0:1:97036452><TERRORIST>" say "aim_1"
L 11/24/2025 - 18:35:37: ".Ｃʏʙᴇʀ’Ｆｏχ<1><STEAM_0:1:97036452><TERRORIST>" say "aim_"
L 11/24/2025 - 18:35:47: ".Ｃʏʙᴇʀ’Ｆｏχ<1><STEAM_0:1:97036452><TERRORIST>" say "aim:"
L 11/24/2025 - 18:35:48: ".Ｃʏʙᴇʀ’Ｆｏχ<1><STEAM_0:1:97036452><TERRORIST>" say "aim_"
L 11/24/2025 - 18:35:53: ".Ｃʏʙᴇʀ’Ｆｏχ<1><STEAM_0:1:97036452><TERRORIST>" say "aim_"
L 11/24/2025 - 18:36:05: ".Ｃʏʙᴇʀ’Ｆｏχ<1><STEAM_0:1:97036452><TERRORIST>" triggered "Dropped_The_Bomb"
L 11/24/2025 - 18:37:29: "odothesed<3><BOT><CT>" disconnected
L 11/24/2025 - 18:37:29: ".Ｃʏʙᴇʀ’Ｆｏχ<1><STEAM_0:1:97036452><TERRORIST>" triggered "time" (time "1:56")
L 11/24/2025 - 18:37:29: ".Ｃʏʙᴇʀ’Ｆｏχ<1><STEAM_0:1:97036452><TERRORIST>" triggered "latency" (ping "23")
L 11/24/2025 - 18:37:29: [META] ini: Begin re-reading plugins list: c:/~dl/sonstz/gameshit/cs 1.6 shit/_falconz-cs16-server/cstrike/addons/metamod/plugins.ini
L 11/24/2025 - 18:37:29: [META] ini: Read plugin config for: AMX Mod X
L 11/24/2025 - 18:37:29: [META] ini: Read plugin config for: Rechecker
L 11/24/2025 - 18:37:29: [META] ini: Read plugin config for: ReSemiclip
L 11/24/2025 - 18:37:29: [META] ini: Read plugin config for: HitBox Fix
L 11/24/2025 - 18:37:29: [META] ini: Read plugin config for: YaPB
L 11/24/2025 - 18:37:29: [META] ini: Finished reading plugins list: c:/~dl/sonstz/gameshit/cs 1.6 shit/_falconz-cs16-server/cstrike/addons/metamod/plugins.ini; Found 5 plugins
L 11/24/2025 - 18:37:29: [META] dll: Updating plugins...
L 11/24/2025 - 18:37:29: [META] dll: Finished updating 16 plugins; kept 5, loaded 0, unloaded 0, reloaded 0, delayed 0
L 11/24/2025 - 18:37:29: [META] dll: Rebuilding callbacks...
L 11/24/2025 - 18:37:29: [META] dll: Callbacks rebuilded.
L 11/24/2025 - 18:37:29: ".Ｃʏʙᴇʀ’Ｆｏχ<1><STEAM_0:1:97036452><TERRORIST>" disconnected
L 11/24/2025 - 18:37:29: World triggered "Round_Draw" (CT "0") (T "0")
L 11/24/2025 - 18:37:29: World triggered "Round_End"
L 11/24/2025 - 18:37:29: Log file closed
