L 11/24/2025 - 18:40:09: Log file started (file "logs\L1124050.log") (game "cstrike") (version "48/1.1.2.7/Stdio/4002")
L 11/24/2025 - 18:40:09: Loading map "aim_1on1map"
L 11/24/2025 - 18:40:09: Server cvars start
L 11/24/2025 - 18:40:09: Server cvar "allow_spectators" = "1.0"
L 11/24/2025 - 18:40:09: Server cvar "amx_client_languages" = "1"
L 11/24/2025 - 18:40:09: Server cvar "amx_language" = "en"
L 11/24/2025 - 18:40:09: Server cvar "amx_nextmap" = "aim_1on1map"
L 11/24/2025 - 18:40:09: Server cvar "amxmodx_version" = "1.9.0.5294"
L 11/24/2025 - 18:40:09: Server cvar "coop" = "0"
L 11/24/2025 - 18:40:09: Server cvar "deathmatch" = "1"
L 11/24/2025 - 18:40:09: Server cvar "decalfrequency" = "3"
L 11/24/2025 - 18:40:09: Server cvar "edgefriction" = "2"
L 11/24/2025 - 18:40:09: Server cvar "ff_damage_reduction_bullets" = "0.35"
L 11/24/2025 - 18:40:09: Server cvar "ff_damage_reduction_grenade" = "0.25"
L 11/24/2025 - 18:40:09: Server cvar "ff_damage_reduction_grenade_self" = "1.0"
L 11/24/2025 - 18:40:09: Server cvar "ff_damage_reduction_other" = "0.35"
L 11/24/2025 - 18:40:09: Server cvar "game_version" = "5.28.0.756-dev"
L 11/24/2025 - 18:40:09: Server cvar "hbf_debug" = "0"
L 11/24/2025 - 18:40:09: Server cvar "hbf_enabled" = "1"
L 11/24/2025 - 18:40:09: Server cvar "humans_join_team" = "any"
L 11/24/2025 - 18:40:09: Server cvar "jtp10181" = "gore,wa"
L 11/24/2025 - 18:40:09: Server cvar "mapm_admin_menu_delay" = "1"
L 11/24/2025 - 18:40:09: Server cvar "mapm_admin_menu_maplist" = "maps.ini"
L 11/24/2025 - 18:40:09: Server cvar "mapm_version" = "3.3.1"
L 11/24/2025 - 18:40:09: Server cvar "max_queries_sec" = "3.0"
L 11/24/2025 - 18:40:09: Server cvar "max_queries_sec_global" = "30"
L 11/24/2025 - 18:40:09: Server cvar "max_queries_window" = "60"
L 11/24/2025 - 18:40:09: Server cvar "metamod_version" = "1.3.0.149"
L 11/24/2025 - 18:40:09: Server cvar "mp_afk_bomb_drop_time" = "15"
L 11/24/2025 - 18:40:09: Server cvar "mp_ammo_respawn_time" = "20"
L 11/24/2025 - 18:40:09: Server cvar "mp_autokick" = "1"
L 11/24/2025 - 18:40:09: Server cvar "mp_autokick_timeout" = "-1"
L 11/24/2025 - 18:40:09: Server cvar "mp_autoteambalance" = "0"
L 11/24/2025 - 18:40:09: Server cvar "mp_buy_anywhere" = "0"
L 11/24/2025 - 18:40:09: Server cvar "mp_buytime" = "1.5"
L 11/24/2025 - 18:40:09: Server cvar "mp_c4timer" = "45"
L 11/24/2025 - 18:40:09: Server cvar "mp_chattime" = "10.000000"
L 11/24/2025 - 18:40:09: Server cvar "mp_consistency" = "1"
L 11/24/2025 - 18:40:09: Server cvar "mp_fadetoblack" = "0"
L 11/24/2025 - 18:40:09: Server cvar "mp_falldamage" = "1"
L 11/24/2025 - 18:40:09: Server cvar "mp_flashlight" = "0"
L 11/24/2025 - 18:40:09: Server cvar "mp_footsteps" = "1"
L 11/24/2025 - 18:40:09: Server cvar "mp_forcecamera" = "0"
L 11/24/2025 - 18:40:09: Server cvar "mp_forcechasecam" = "0"
L 11/24/2025 - 18:40:09: Server cvar "mp_forcerespawn" = "0"
L 11/24/2025 - 18:40:09: Server cvar "mp_fraglimit" = "0"
L 11/24/2025 - 18:40:09: Server cvar "mp_fragsleft" = "0"
L 11/24/2025 - 18:40:09: Server cvar "mp_freeforall" = "0"
L 11/24/2025 - 18:40:09: Server cvar "mp_freezetime" = "0.5"
L 11/24/2025 - 18:40:09: Server cvar "mp_friendlyfire" = "1"
L 11/24/2025 - 18:40:09: Server cvar "mp_give_player_c4" = "1"
L 11/24/2025 - 18:40:09: Server cvar "mp_hostage_hurtable" = "1"
L 11/24/2025 - 18:40:09: Server cvar "mp_hostagepenalty" = "13"
L 11/24/2025 - 18:40:09: Server cvar "mp_infinite_ammo" = "0"
L 11/24/2025 - 18:40:09: Server cvar "mp_infinite_grenades" = "0"
L 11/24/2025 - 18:40:09: Server cvar "mp_item_respawn_time" = "30"
L 11/24/2025 - 18:40:09: Server cvar "mp_item_staytime" = "300"
L 11/24/2025 - 18:40:09: Server cvar "mp_kickpercent" = "0.66"
L 11/24/2025 - 18:40:09: Server cvar "mp_limitteams" = "2"
L 11/24/2025 - 18:40:09: Server cvar "mp_logdetail" = "0"
L 11/24/2025 - 18:40:09: Server cvar "mp_logfile" = "1"
L 11/24/2025 - 18:40:09: Server cvar "mp_logmessages" = "1"
L 11/24/2025 - 18:40:09: Server cvar "mp_mapvoteratio" = "0.66"
L 11/24/2025 - 18:40:09: Server cvar "mp_maxmoney" = "32000"
L 11/24/2025 - 18:40:09: Server cvar "mp_maxrounds" = "0"
L 11/24/2025 - 18:40:09: Server cvar "mp_playerid" = "0"
L 11/24/2025 - 18:40:09: Server cvar "mp_radio_maxinround" = "60"
L 11/24/2025 - 18:40:09: Server cvar "mp_radio_timeout" = "0"
L 11/24/2025 - 18:40:09: Server cvar "mp_respawn_immunity_effects" = "1"
L 11/24/2025 - 18:40:09: Server cvar "mp_respawn_immunity_force_unset" = "1"
L 11/24/2025 - 18:40:09: Server cvar "mp_respawn_immunitytime" = "0"
L 11/24/2025 - 18:40:09: Server cvar "mp_round_infinite" = "0"
L 11/24/2025 - 18:40:09: Server cvar "mp_round_restart_delay" = "3"
L 11/24/2025 - 18:40:09: Server cvar "mp_roundover" = "0"
L 11/24/2025 - 18:40:09: Server cvar "mp_roundtime" = "2"
L 11/24/2025 - 18:40:09: Server cvar "mp_scoreboard_showdefkit" = "1"
L 11/24/2025 - 18:40:09: Server cvar "mp_scoreboard_showhealth" = "5"
L 11/24/2025 - 18:40:09: Server cvar "mp_scoreboard_showmoney" = "5"
L 11/24/2025 - 18:40:09: Server cvar "mp_show_scenarioicon" = "1"
L 11/24/2025 - 18:40:09: Server cvar "mp_startmoney" = "800"
L 11/24/2025 - 18:40:09: Server cvar "mp_timeleft" = "14:21"
L 11/24/2025 - 18:40:09: Server cvar "mp_timelimit" = "15"
L 11/24/2025 - 18:40:09: Server cvar "mp_tkpunish" = "0"
L 11/24/2025 - 18:40:09: Server cvar "mp_weapon_respawn_time" = "20"
L 11/24/2025 - 18:40:09: Server cvar "mp_weapons_allow_map_placed" = "1"
L 11/24/2025 - 18:40:09: Server cvar "mp_windifference" = "1"
L 11/24/2025 - 18:40:09: Server cvar "mp_winlimit" = "0"
L 11/24/2025 - 18:40:09: Server cvar "pausable" = "0"
L 11/24/2025 - 18:40:09: Server cvar "resemiclip_version" = "2.4.3"
L 11/24/2025 - 18:40:09: Server cvar "sv_accelerate" = "5"
L 11/24/2025 - 18:40:09: Server cvar "sv_aim" = "0"
L 11/24/2025 - 18:40:09: Server cvar "sv_airaccelerate" = "10"
L 11/24/2025 - 18:40:09: Server cvar "sv_allow_autoaim" = "1"
L 11/24/2025 - 18:40:09: Server cvar "sv_allowupload" = "1"
L 11/24/2025 - 18:40:09: Server cvar "sv_alltalk" = "1"
L 11/24/2025 - 18:40:09: Server cvar "sv_bounce" = "1"
L 11/24/2025 - 18:40:09: Server cvar "sv_cheats" = "0"
L 11/24/2025 - 18:40:09: Server cvar "sv_clienttrace" = "1"
L 11/24/2025 - 18:40:09: Server cvar "sv_contact" = ""
L 11/24/2025 - 18:40:09: Server cvar "sv_friction" = "4"
L 11/24/2025 - 18:40:09: Server cvar "sv_gravity" = "800"
L 11/24/2025 - 18:40:09: Server cvar "sv_logblocks" = "0"
L 11/24/2025 - 18:40:09: Server cvar "sv_maxrate" = "250000"
L 11/24/2025 - 18:40:09: Server cvar "sv_maxspeed" = "900"
L 11/24/2025 - 18:40:09: Server cvar "sv_minrate" = "25000"
L 11/24/2025 - 18:40:09: Server cvar "sv_password" = ""
L 11/24/2025 - 18:40:09: Server cvar "sv_proxies" = "1"
L 11/24/2025 - 18:40:09: Server cvar "sv_restart" = "0"
L 11/24/2025 - 18:40:09: Server cvar "sv_restartround" = "0"
L 11/24/2025 - 18:40:09: Server cvar "sv_stepsize" = "18"
L 11/24/2025 - 18:40:09: Server cvar "sv_stopspeed" = "75"
L 11/24/2025 - 18:40:09: Server cvar "sv_uploadmax" = "7.77"
L 11/24/2025 - 18:40:09: Server cvar "sv_version" = "1.1.2.7/Stdio,48,4002"
L 11/24/2025 - 18:40:09: Server cvar "sv_voiceenable" = "1"
L 11/24/2025 - 18:40:09: Server cvar "sv_wateraccelerate" = "10"
L 11/24/2025 - 18:40:09: Server cvar "sv_waterfriction" = "1"
L 11/24/2025 - 18:40:09: Server cvar "UAIO (Admin Menu)" = "1.50"
L 11/24/2025 - 18:40:09: Server cvar "weaponarena_version" = "2.0.4"
L 11/24/2025 - 18:40:09: Server cvar "yb_version" = "4.4.957"
L 11/24/2025 - 18:40:09: Server cvars end
L 11/24/2025 - 18:40:09: Server cvar "mp_timelimit" = "20"
L 11/24/2025 - 18:40:09: Server cvar "sv_maxspeed" = "320"
L 11/24/2025 - 18:40:09: Server cvar "mp_timelimit" = "15"
L 11/24/2025 - 18:40:09: Server cvar "sv_maxspeed" = "900"
L 11/24/2025 - 18:40:09: Server cvar "amx_nextmap" = "aim_99"
L 11/24/2025 - 18:40:10: Started map "aim_1on1map" (CRC "1246600518")
L 11/24/2025 - 18:40:11: World triggered "Round_Start"
L 11/24/2025 - 18:40:12: ".Ｃʏʙᴇʀ’Ｆｏχ<7><STEAM_0:1:97036452><>" connected, address "84.159.156.244:27005"
L 11/24/2025 - 18:40:13: ".Ｃʏʙᴇʀ’Ｆｏχ<7><STEAM_0:1:97036452><>" STEAM USERID validated
L 11/24/2025 - 18:40:15: "Shinobi<8><STEAM_0:1:2033408><>" entered the game
L 11/24/2025 - 18:40:15: "Shinobi<8><STEAM_0:1:2033408><>" joined team "TERRORIST"
L 11/24/2025 - 18:40:16: "MarvinTa<9><STEAM_0:1:10619392><>" entered the game
L 11/24/2025 - 18:40:16: "MarvinTa<9><STEAM_0:1:10619392><>" joined team "CT"
L 11/24/2025 - 18:40:16: World triggered "Game_Commencing"
L 11/24/2025 - 18:40:16: World triggered "Game_Commencing" (CT "0") (T "0")
L 11/24/2025 - 18:40:16: World triggered "Round_End"
L 11/24/2025 - 18:40:16: "Snip<10><STEAM_0:1:11894528><>" entered the game
L 11/24/2025 - 18:40:16: "Snip<10><STEAM_0:1:11894528><>" joined team "TERRORIST"
L 11/24/2025 - 18:40:17: "pyr0`<11><STEAM_0:1:3635200><>" entered the game
L 11/24/2025 - 18:40:17: "pyr0`<11><STEAM_0:1:3635200><>" joined team "CT"
L 11/24/2025 - 18:40:17: "??? Marsel???<12><STEAM_0:1:2925056><>" entered the game
L 11/24/2025 - 18:40:17: "??? Marsel???<12><STEAM_0:1:2925056><>" joined team "CT"
L 11/24/2025 - 18:40:17: "Boofarkalielo<13><STEAM_0:1:15309312><>" entered the game
L 11/24/2025 - 18:40:17: "Boofarkalielo<13><STEAM_0:1:15309312><>" joined team "TERRORIST"
L 11/24/2025 - 18:40:18: "bobjones<14><STEAM_0:1:8321280><>" entered the game
L 11/24/2025 - 18:40:18: "bobjones<14><STEAM_0:1:8321280><>" joined team "CT"
L 11/24/2025 - 18:40:18: "Viperion<15><STEAM_0:1:7286016><>" entered the game
L 11/24/2025 - 18:40:18: "Viperion<15><STEAM_0:1:7286016><>" joined team "TERRORIST"
L 11/24/2025 - 18:40:19: "Слесарь<16><STEAM_0:1:3477760><>" entered the game
L 11/24/2025 - 18:40:19: "Слесарь<16><STEAM_0:1:3477760><>" joined team "TERRORIST"
L 11/24/2025 - 18:40:19: World triggered "Round_Start"
L 11/24/2025 - 18:40:25: "Слесарь<16><STEAM_0:1:3477760><TERRORIST>" killed "pyr0`<11><STEAM_0:1:3635200><CT>" with "m4a1"
L 11/24/2025 - 18:40:28: "Shinobi<8><STEAM_0:1:2033408><TERRORIST>" killed "??? Marsel???<12><STEAM_0:1:2925056><CT>" with "m4a1"
L 11/24/2025 - 18:40:28: "Shinobi<8><STEAM_0:1:2033408><TERRORIST>" say "yu bot ??? Marsel????"
L 11/24/2025 - 18:40:29: "bobjones<14><STEAM_0:1:8321280><CT>" killed "Viperion<15><STEAM_0:1:7286016><TERRORIST>" with "m4a1"
L 11/24/2025 - 18:40:31: "Слесарь<16><STEAM_0:1:3477760><TERRORIST>" killed "bobjones<14><STEAM_0:1:8321280><CT>" with "m4a1"
L 11/24/2025 - 18:40:34: "pyr0`<11><STEAM_0:1:3635200><CT>" say "MarvinTa noob" (dead)
L 11/24/2025 - 18:40:37: "Snip<10><STEAM_0:1:11894528><TERRORIST>" killed "MarvinTa<9><STEAM_0:1:10619392><CT>" with "m4a1"
L 11/24/2025 - 18:40:37: Team "TERRORIST" triggered "Terrorists_Win" (CT "0") (T "1")
L 11/24/2025 - 18:40:37: World triggered "Round_End"
L 11/24/2025 - 18:40:37: "Snip<10><STEAM_0:1:11894528><TERRORIST>" say "hahahaha"
L 11/24/2025 - 18:40:40: World triggered "Round_Start"
L 11/24/2025 - 18:40:44: "MarvinTa<9><STEAM_0:1:10619392><CT>" killed "Viperion<15><STEAM_0:1:7286016><TERRORIST>" with "m4a1"
L 11/24/2025 - 18:40:45: "Слесарь<16><STEAM_0:1:3477760><TERRORIST>" killed "??? Marsel???<12><STEAM_0:1:2925056><CT>" with "m4a1"
L 11/24/2025 - 18:40:46: "Слесарь<16><STEAM_0:1:3477760><TERRORIST>" killed "pyr0`<11><STEAM_0:1:3635200><CT>" with "m4a1"
L 11/24/2025 - 18:40:49: "Shinobi<8><STEAM_0:1:2033408><TERRORIST>" killed "bobjones<14><STEAM_0:1:8321280><CT>" with "m4a1"
L 11/24/2025 - 18:40:54: "Слесарь<16><STEAM_0:1:3477760><TERRORIST>" killed "MarvinTa<9><STEAM_0:1:10619392><CT>" with "m4a1"
L 11/24/2025 - 18:40:54: Team "TERRORIST" triggered "Terrorists_Win" (CT "0") (T "2")
L 11/24/2025 - 18:40:54: World triggered "Round_End"
L 11/24/2025 - 18:40:57: World triggered "Round_Start"
L 11/24/2025 - 18:40:57: "Snip<10><STEAM_0:1:11894528><TERRORIST>" say "moin"
L 11/24/2025 - 18:41:01: "MarvinTa<9><STEAM_0:1:10619392><CT>" killed "Viperion<15><STEAM_0:1:7286016><TERRORIST>" with "m4a1"
L 11/24/2025 - 18:41:04: "Shinobi<8><STEAM_0:1:2033408><TERRORIST>" killed "MarvinTa<9><STEAM_0:1:10619392><CT>" with "m4a1"
L 11/24/2025 - 18:41:05: "??? Marsel???<12><STEAM_0:1:2925056><CT>" killed "Boofarkalielo<13><STEAM_0:1:15309312><TERRORIST>" with "m4a1"
L 11/24/2025 - 18:41:07: