L 11/24/2025 - 19:38:44: Log file started (file "logs\L1124059.log") (game "cstrike") (version "48/1.1.2.7/Stdio/4002")
L 11/24/2025 - 19:38:44: Loading map "aim_color"
L 11/24/2025 - 19:38:44: Server cvars start
L 11/24/2025 - 19:38:44: Server cvar "allow_spectators" = "1.0"
L 11/24/2025 - 19:38:44: Server cvar "amx_client_languages" = "1"
L 11/24/2025 - 19:38:44: Server cvar "amx_language" = "en"
L 11/24/2025 - 19:38:44: Server cvar "amx_nextmap" = "aim_color"
L 11/24/2025 - 19:38:44: Server cvar "amxmodx_version" = "1.9.0.5294"
L 11/24/2025 - 19:38:44: Server cvar "coop" = "0"
L 11/24/2025 - 19:38:44: Server cvar "deathmatch" = "1"
L 11/24/2025 - 19:38:44: Server cvar "decalfrequency" = "3"
L 11/24/2025 - 19:38:44: Server cvar "edgefriction" = "2"
L 11/24/2025 - 19:38:44: Server cvar "ff_damage_reduction_bullets" = "0.35"
L 11/24/2025 - 19:38:44: Server cvar "ff_damage_reduction_grenade" = "0.25"
L 11/24/2025 - 19:38:44: Server cvar "ff_damage_reduction_grenade_self" = "1.0"
L 11/24/2025 - 19:38:44: Server cvar "ff_damage_reduction_other" = "0.35"
L 11/24/2025 - 19:38:44: Server cvar "game_version" = "5.28.0.756-dev"
L 11/24/2025 - 19:38:44: Server cvar "hbf_debug" = "0"
L 11/24/2025 - 19:38:44: Server cvar "hbf_enabled" = "1"
L 11/24/2025 - 19:38:44: Server cvar "humans_join_team" = "any"
L 11/24/2025 - 19:38:44: Server cvar "jtp10181" = "gore,wa"
L 11/24/2025 - 19:38:44: Server cvar "mapm_admin_menu_delay" = "1"
L 11/24/2025 - 19:38:44: Server cvar "mapm_admin_menu_maplist" = "maps.ini"
L 11/24/2025 - 19:38:44: Server cvar "mapm_version" = "3.3.1"
L 11/24/2025 - 19:38:44: Server cvar "max_queries_sec" = "3.0"
L 11/24/2025 - 19:38:44: Server cvar "max_queries_sec_global" = "30"
L 11/24/2025 - 19:38:44: Server cvar "max_queries_window" = "60"
L 11/24/2025 - 19:38:44: Server cvar "metamod_version" = "1.3.0.149"
L 11/24/2025 - 19:38:44: Server cvar "mp_afk_bomb_drop_time" = "15"
L 11/24/2025 - 19:38:44: Server cvar "mp_ammo_respawn_time" = "20"
L 11/24/2025 - 19:38:44: Server cvar "mp_autokick" = "1"
L 11/24/2025 - 19:38:44: Server cvar "mp_autokick_timeout" = "-1"
L 11/24/2025 - 19:38:44: Server cvar "mp_autoteambalance" = "0"
L 11/24/2025 - 19:38:44: Server cvar "mp_buy_anywhere" = "0"
L 11/24/2025 - 19:38:44: Server cvar "mp_buytime" = "1.5"
L 11/24/2025 - 19:38:44: Server cvar "mp_c4timer" = "45"
L 11/24/2025 - 19:38:44: Server cvar "mp_chattime" = "10.000000"
L 11/24/2025 - 19:38:44: Server cvar "mp_consistency" = "1"
L 11/24/2025 - 19:38:44: Server cvar "mp_fadetoblack" = "0"
L 11/24/2025 - 19:38:44: Server cvar "mp_falldamage" = "1"
L 11/24/2025 - 19:38:44: Server cvar "mp_flashlight" = "0"
L 11/24/2025 - 19:38:44: Server cvar "mp_footsteps" = "1"
L 11/24/2025 - 19:38:44: Server cvar "mp_forcecamera" = "0"
L 11/24/2025 - 19:38:44: Server cvar "mp_forcechasecam" = "0"
L 11/24/2025 - 19:38:44: Server cvar "mp_forcerespawn" = "0"
L 11/24/2025 - 19:38:44: Server cvar "mp_fraglimit" = "0"
L 11/24/2025 - 19:38:44: Server cvar "mp_fragsleft" = "0"
L 11/24/2025 - 19:38:44: Server cvar "mp_freeforall" = "0"
L 11/24/2025 - 19:38:44: Server cvar "mp_freezetime" = "0.5"
L 11/24/2025 - 19:38:44: Server cvar "mp_friendlyfire" = "1"
L 11/24/2025 - 19:38:44: Server cvar "mp_give_player_c4" = "1"
L 11/24/2025 - 19:38:44: Server cvar "mp_hostage_hurtable" = "1"
L 11/24/2025 - 19:38:44: Server cvar "mp_hostagepenalty" = "13"
L 11/24/2025 - 19:38:44: Server cvar "mp_infinite_ammo" = "0"
L 11/24/2025 - 19:38:44: Server cvar "mp_infinite_grenades" = "0"
L 11/24/2025 - 19:38:44: Server cvar "mp_item_respawn_time" = "30"
L 11/24/2025 - 19:38:44: Server cvar "mp_item_staytime" = "300"
L 11/24/2025 - 19:38:44: Server cvar "mp_kickpercent" = "0.66"
L 11/24/2025 - 19:38:44: Server cvar "mp_limitteams" = "2"
L 11/24/2025 - 19:38:44: Server cvar "mp_logdetail" = "0"
L 11/24/2025 - 19:38:44: Server cvar "mp_logfile" = "1"
L 11/24/2025 - 19:38:44: Server cvar "mp_logmessages" = "1"
L 11/24/2025 - 19:38:44: Server cvar "mp_mapvoteratio" = "0.66"
L 11/24/2025 - 19:38:44: Server cvar "mp_maxmoney" = "32000"
L 11/24/2025 - 19:38:44: Server cvar "mp_maxrounds" = "0"
L 11/24/2025 - 19:38:44: Server cvar "mp_playerid" = "0"
L 11/24/2025 - 19:38:44: Server cvar "mp_radio_maxinround" = "60"
L 11/24/2025 - 19:38:44: Server cvar "mp_radio_timeout" = "0"
L 11/24/2025 - 19:38:44: Server cvar "mp_respawn_immunity_effects" = "1"
L 11/24/2025 - 19:38:44: Server cvar "mp_respawn_immunity_force_unset" = "1"
L 11/24/2025 - 19:38:44: Server cvar "mp_respawn_immunitytime" = "0"
L 11/24/2025 - 19:38:44: Server cvar "mp_round_infinite" = "0"
L 11/24/2025 - 19:38:44: Server cvar "mp_round_restart_delay" = "3"
L 11/24/2025 - 19:38:44: Server cvar "mp_roundover" = "0"
L 11/24/2025 - 19:38:44: Server cvar "mp_roundtime" = "2"
L 11/24/2025 - 19:38:44: Server cvar "mp_scoreboard_showdefkit" = "1"
L 11/24/2025 - 19:38:44: Server cvar "mp_scoreboard_showhealth" = "5"
L 11/24/2025 - 19:38:44: Server cvar "mp_scoreboard_showmoney" = "5"
L 11/24/2025 - 19:38:44: Server cvar "mp_show_scenarioicon" = "1"
L 11/24/2025 - 19:38:44: Server cvar "mp_startmoney" = "800"
L 11/24/2025 - 19:38:44: Server cvar "mp_timeleft" = "14:09"
L 11/24/2025 - 19:38:44: Server cvar "mp_timelimit" = "15"
L 11/24/2025 - 19:38:44: Server cvar "mp_tkpunish" = "0"
L 11/24/2025 - 19:38:44: Server cvar "mp_weapon_respawn_time" = "20"
L 11/24/2025 - 19:38:44: Server cvar "mp_weapons_allow_map_placed" = "1"
L 11/24/2025 - 19:38:44: Server cvar "mp_windifference" = "1"
L 11/24/2025 - 19:38:44: Server cvar "mp_winlimit" = "0"
L 11/24/2025 - 19:38:44: Server cvar "pausable" = "0"
L 11/24/2025 - 19:38:44: Server cvar "resemiclip_version" = "2.4.3"
L 11/24/2025 - 19:38:44: Server cvar "sv_accelerate" = "5"
L 11/24/2025 - 19:38:44: Server cvar "sv_aim" = "0"
L 11/24/2025 - 19:38:44: Server cvar "sv_airaccelerate" = "10"
L 11/24/2025 - 19:38:44: Server cvar "sv_allow_autoaim" = "1"
L 11/24/2025 - 19:38:44: Server cvar "sv_allowupload" = "1"
L 11/24/2025 - 19:38:44: Server cvar "sv_alltalk" = "1"
L 11/24/2025 - 19:38:44: Server cvar "sv_bounce" = "1"
L 11/24/2025 - 19:38:44: Server cvar "sv_cheats" = "0"
L 11/24/2025 - 19:38:44: Server cvar "sv_clienttrace" = "1"
L 11/24/2025 - 19:38:44: Server cvar "sv_contact" = ""
L 11/24/2025 - 19:38:44: Server cvar "sv_friction" = "4"
L 11/24/2025 - 19:38:44: Server cvar "sv_gravity" = "800"
L 11/24/2025 - 19:38:44: Server cvar "sv_logblocks" = "0"
L 11/24/2025 - 19:38:44: Server cvar "sv_maxrate" = "250000"
L 11/24/2025 - 19:38:44: Server cvar "sv_maxspeed" = "900"
L 11/24/2025 - 19:38:44: Server cvar "sv_minrate" = "25000"
L 11/24/2025 - 19:38:44: Server cvar "sv_password" = ""
L 11/24/2025 - 19:38:44: Server cvar "sv_proxies" = "1"
L 11/24/2025 - 19:38:44: Server cvar "sv_restart" = "0"
L 11/24/2025 - 19:38:44: Server cvar "sv_restartround" = "0"
L 11/24/2025 - 19:38:44: Server cvar "sv_stepsize" = "18"
L 11/24/2025 - 19:38:44: Server cvar "sv_stopspeed" = "75"
L 11/24/2025 - 19:38:44: Server cvar "sv_uploadmax" = "7.77"
L 11/24/2025 - 19:38:44: Server cvar "sv_version" = "1.1.2.7/Stdio,48,4002"
L 11/24/2025 - 19:38:44: Server cvar "sv_voiceenable" = "1"
L 11/24/2025 - 19:38:44: Server cvar "sv_wateraccelerate" = "10"
L 11/24/2025 - 19:38:44: Server cvar "sv_waterfriction" = "1"
L 11/24/2025 - 19:38:44: Server cvar "UAIO (Admin Menu)" = "1.50"
L 11/24/2025 - 19:38:44: Server cvar "weaponarena_version" = "2.0.4"
L 11/24/2025 - 19:38:44: Server cvar "yb_version" = "4.4.957"
L 11/24/2025 - 19:38:44: Server cvars end
L 11/24/2025 - 19:38:44: Server cvar "mp_timelimit" = "20"
L 11/24/2025 - 19:38:44: Server cvar "sv_maxspeed" = "320"
L 11/24/2025 - 19:38:44: Server cvar "mp_timelimit" = "15"
L 11/24/2025 - 19:38:44: Server cvar "sv_maxspeed" = "900"
L 11/24/2025 - 19:38:44: Server cvar "amx_nextmap" = "aim_crazyjump"
L 11/24/2025 - 19:38:44: Started map "aim_color" (CRC "-2112587359")
L 11/24/2025 - 19:38:45: World triggered "Round_Start"
L 11/24/2025 - 19:38:46: "s|<1LL3D<95><STEAM_0:1:23986766><>" connected, address "178.26.154.106:27005"
L 11/24/2025 - 19:38:46: ".Ｃʏʙᴇʀ’Ｆｏχ<96><STEAM_0:1:97036452><>" connected, address "84.159.156.244:27005"
L 11/24/2025 - 19:38:47: "s|<1LL3D<95><STEAM_0:1:23986766><>" STEAM USERID validated
L 11/24/2025 - 19:38:47: ".Ｃʏʙᴇʀ’Ｆｏχ<96><STEAM_0:1:97036452><>" STEAM USERID validated
L 11/24/2025 - 19:38:48: "s|<1LL3D<95><STEAM_0:1:23986766><>" entered the game
L 11/24/2025 - 19:38:49: "k0h0<97><STEAM_0:1:7095296><>" entered the game
L 11/24/2025 - 19:38:49: "k0h0<97><STEAM_0:1:7095296><>" joined team "CT"
L 11/24/2025 - 19:38:49: "isvalentinis<98><STEAM_0:1:15198208><>" entered the game
L 11/24/2025 - 19:38:49: "isvalentinis<98><STEAM_0:1:15198208><>" joined team "TERRORIST"
L 11/24/2025 - 19:38:49: World triggered "Game_Commencing"
L 11/24/2025 - 19:38:49: World triggered "Game_Commencing" (CT "0") (T "0")
L 11/24/2025 - 19:38:49: World triggered "Round_End"
L 11/24/2025 - 19:38:50: "FatManMGS2<99><STEAM_0:1:11995904><>" entered the game
L 11/24/2025 - 19:38:50: "FatManMGS2<99><STEAM_0:1:11995904><>" joined team "TERRORIST"
L 11/24/2025 - 19:38:50: ".Ｃʏʙᴇʀ’Ｆｏχ<96><STEAM_0:1:97036452><>" entered the game
L 11/24/2025 - 19:38:50: "Дмитрий<100><STEAM_0:1:1763072><>" entered the game
L 11/24/2025 - 19:38:50: "Дмитрий<100><STEAM_0:1:1763072><>" joined team "CT"
L 11/24/2025 - 19:38:50: "Skelos<101><STEAM_0:1:622848><>" entered the game
L 11/24/2025 - 19:38:50: "Skelos<101><STEAM_0:1:622848><>" joined team "CT"
L 11/24/2025 - 19:38:51: "fox33km<102><STEAM_0:1:6514688><>" entered the game
L 11/24/2025 - 19:38:51: "fox33km<102><STEAM_0:1:6514688><>" joined team "TERRORIST"
L 11/24/2025 - 19:38:51: "s|<1LL3D<95><STEAM_0:1:23986766><>" joined team "TERRORIST"
L 11/24/2025 - 19:38:51: "peopleRpoop<103><STEAM_0:1:2433536><>" entered the game
L 11/24/2025 - 19:38:51: "peopleRpoop<103><STEAM_0:1:2433536><>" joined team "CT"
L 11/24/2025 - 19:38:52: "Nicolay.Myasnikov<104><STEAM_0:1:7098112><>" entered the game
L 11/24/2025 - 19:38:52: "Nicolay.Myasnikov<104><STEAM_0:1:7098112><>" joined team "TERRORIST"
L 11/24/2025 - 19:38:52: World triggered "Round_Start"
L 11/24/2025 - 19:38:55: "Nicolay.Myasnikov<104><STEAM_0:1:7098112><TERRORIST>" killed "peopleRpoop<103><STEAM_0:1:2433536><CT>" with "ak47"
L 11/24/2025 - 19:38:58: "Skelos<101><STEAM_0:1:622848><CT>" killed "s|<1LL3D<95><STEAM_0:1:23986766><TERRORIST>" with "ak47"
L 11/24/2025 - 19:38:59: "k0h0<97><STEAM_0:1:7095296><CT>" killed "FatManMGS2<99><STEAM_0:1:11995904><TERRORIST>" with "ak47"
L 11/24/2025 - 19:39:00: "Дмитрий<100><STEAM_0:1:1763072><CT>" committed suicide with "trigger_hurt" (world)
L 11/24/2025 - 19:39:01: "peopleRpoop<103><STEAM_0:1:2433536><CT>" say "change aim_color please!" (dead)
L 11/24/2025 - 19:39:01: "k0h0<97><STEAM_0:1:7095296><CT>" committed suicide with "ak47" (world)
L 11/24/2025 - 19:39:01: "isvalentinis<98><STEAM_0:1:15198208><TERRORIST>" committed suicide with "m4a1" (world)
L 11/24/2025 - 19:39:01: "Skelos<101><STEAM_0:1:622848><CT>" committed suicide with "m4a1" (world)
L 11/24/2025 - 19:39:01: Team "TERRORIST" triggered "Terrorists_Win" (CT "0") (T "1")
L 11/24/2025 - 19:39:01: World triggered "Round_End"
L 11/24/2025 - 19:39:01: "fox33km<102><STEAM_0:1:6514688><TERRORIST>" committed suicide with "m4a1" (world)
L 11/24/2025 - 19:39:01: "Nicolay.Myasnikov<104><STEAM_0:1:7098112><TERRORIST>" committed suicide with "ak47" (world)
L 11/24/2025 - 19:39:04: World triggered "Round_Start"
L 11/24/2025 - 19:39:08: "peopleRpoop<103><STEAM_0:1:2433536><CT>" killed "isvalentinis<98><STEAM_0:1:15198208><TERRORIST>" with "usp"
L 11/24/2025 - 19:39:08: "fox33km<102><STEAM_0:1:6514688><TERRORIST>" committed suicide with "trigger_hurt" (world)
L 11/24/2025 - 19:39:08: "Skelos<101><STEAM_0:1:622848><CT>" killed "Nicolay.Myasnikov<104><STEAM_0:1:7098112><TERRORIST>" with "m4a1"
L 11/24/2025 - 19:39:09: "s|<1LL3D<95><STEAM_0:1:23986766><TERRORIST>" killed "Дмитрий<100><STEAM_0:1:1763072><CT>" with "glock18"
L 11/24/2025 - 19:39:10: "FatManMGS2<99><STEAM_0:1:11995904><TERRORIST>" killed "Skelos<101><STEAM_0:1:622848><CT>" with "ak47"
L 11/24/2025 - 19:39:11: "Skelos<101><STEAM_0:1:622848><CT>" say "idiot" (dead)
L 11/24/2025 - 19:39:12: "s|<1LL3D<95><STEAM_0:1:23986766><TERRORIST>" killed "peopleRpoop<103><STEAM_0:1:2433536><CT>" with "m4a1"
L 11/24/2025 - 19:39:13: "k0h0<97><STEAM_0:1:7095296><CT>" committed suicide with "trigger_hurt" (world)
L 11/24/2025 - 19:39:13: Team "TERRORIST" triggered "Terrorists_Win" (CT "0") (T "2")
L 11/24/2025 - 19:39:13: World triggered "Round_End"
L 11/24/2025 - 19:39:14: "fox33km<102><STEAM_0:1:6514688><TERRORIST>" say "gj" (dead)
L 11/24/2025 - 19:39:16: World triggered "Round_Start"
L 11/24/2025 - 19:39:19: "peopleRpoop<103><STEAM_0:1:2433536><CT>" killed "Nicolay.Myasnikov<104><STEAM_0:1:7098112><TERRORIST>" with "ak47"
L 11/24/2025 - 19:39:19: "Дмитрий<100><STEAM_0:1:1763072><CT>" killed "s|<1LL3D<95><STEAM_0:1:23986766><TERRORIST>" with "m4a1"
L 11/24/2025 - 19:39:21: "FatManMGS2<99><STEAM_0:1:11995904><TERRORIST>" killed "k0h0<97><STEAM_0:1:7095296><CT>" with "m4a1"
L 11/24/2025 - 19:39:21: "FatManMGS2<99><STEAM_0:1:11995904><TERRORIST>" say "you bot k0h0"
L 11/24/2025 - 19:39:22: "isvalentinis<98><STEAM_0:1:15198208><TERRORIST>" committed suicide with "m4a1" (world)
L 11/24/2025 - 19:39:22: "FatManMGS2<99><STEAM_0:1:11995904><TERRORIST>" committed suicide with "m4a1" (world)
L 11/24/2025 - 19:39:22: "Дмитрий<100><STEAM_0:1:1763072><CT>" committed suicide with "ak47" (world)
L 11/24/2025 - 19:39:22: "Skelos<101><STEAM_0:1:622848><CT>" committed suicide with "m4a1" (world)
L 11/24/2025 - 19:39:22: "fox33km<102><STEAM_0:1:6514688><TERRORIST>" committed suicide with "m4a1" (world)
L 11/24/2025 - 19:39:22: Team "CT" triggered "CTs_Win" (CT "1") (T "2")
L 11/24/2025 - 19:39:22: World triggered "Round_End"
L 11/24/2025 - 19:39:22: "peopleRpoop<103><STEAM_0:1:2433536><CT>" committed suicide with "m4a1" (world)
L 11/24/2025 - 19:39:24: "Nicolay.Myasnikov<104><STEAM_0:1:7098112><TERRORIST>" say "tere is bots in this server??" (dead)
L 11/24/2025 - 19:39:25: "s|<1LL3D<95><STEAM_0:1:23986766><TERRORIST>" say "aim" (dead)
L 11/24/2025 - 19:39:25: World triggered "Round_Start"
L 11/24/2025 - 19:39:30: "Skelos<101><STEAM_0:1:622848><CT>" committed suicide with "trigger_hurt" (world)
L 11/24/2025 - 19:39:32: "isvalentinis<98><STEAM_0:1:15198208><TERRORIST>" killed "k0h0<97><STEAM_0:1:7095296><CT>" with "glock18"
L 11/24/2025 - 19:39:32: "isvalentinis<98><STEAM_0:1:15198208><TERRORIST>" killed "peopleRpoop<103><STEAM_0:1:2433536><CT>" with "glock18"
L 11/24/2025 - 19:39:33: "Дмитрий<100><STEAM_0:1:1763072><CT>" killed "FatManMGS2<99><STEAM_0:1:11995904><TERRORIST>" with "ak47"
L 11/24/2025 - 19:39:34: "Nicolay.Myasnikov<104><STEAM_0:1:7098112><TERRORIST>" killed "Дмитрий<100><STEAM_0:1:1763072><CT>" with "ak47"
L 11/24/2025 - 19:39:34: Team "TERRORIST" triggered "Terrorists_Win" (CT "1") (T "3")
L 11/24/2025 - 19:39:34: World triggered "Round_End"
L 11/24/2025 - 19:39:37: World triggered "Round_Start"
L 11/24/2025 - 19:39:41: "FatManMGS2<99><STEAM_0:1:11995904><TERRORIST>" killed "Дмитрий<100><STEAM_0:1:1763072><CT>" with "m4a1"
L 11/24/2025 - 19:39:41: "k0h0<97><STEAM_0:1:7095296><CT>" killed "Nicolay.Myasnikov<104><STEAM_0:1:7098112><TERRORIST>" with "usp"
L 11/24/2025 - 19:39:43: "isvalentinis<98><STEAM_0:1:15198208><TERRORIST>" killed "peopleRpoop<103><STEAM_0:1:2433536><CT>" with "m4a1"
L 11/24/2025 - 19:39:43: "Skelos<101><STEAM_0:1:622848><CT>" committed suicide with "trigger_hurt" (world)
L 11/24/2025 - 19:39:46: "isvalentinis<98><STEAM_0:1:15198208><TERRORIST>" committed suicide with "trigger_hurt" (world)
L 11/24/2025 - 19:39:48: "FatManMGS2<99><STEAM_0:1:11995904><TERRORIST>" committed suicide with "trigger_hurt" (world)
L 11/24/2025 - 19:39:49: ".Ｃʏʙᴇʀ’Ｆｏχ<96><STEAM_0:1:97036452><>" joined team "CT"
L 11/24/2025 - 19:39:49: "s|<1LL3D<95><STEAM_0:1:23986766><TERRORIST>" killed "k0h0<97><STEAM_0:1:7095296><CT>" with "m4a1"
L 11/24/2025 - 19:39:49: Team "TERRORIST" triggered "Terrorists_Win" (CT "1") (T "4")
L 11/24/2025 - 19:39:49: World triggered "Round_End"
L 11/24/2025 - 19:39:49: Kick: "k0h0<97><STEAM_0:1:37><>" was kicked by "Console"
L 11/24/2025 - 19:39:49: "k0h0<97><BOT><CT>" disconnected
L 11/24/2025 - 19:39:52: World triggered "Round_Start"
L 11/24/2025 - 19:39:55: "Skelos<101><STEAM_0:1:622848><CT>" killed "isvalentinis<98><STEAM_0:1:15198208><TERRORIST>" with "m4a1"
L 11/24/2025 - 19:39:55: "fox33km<102><STEAM_0:1:6514688><TERRORIST>" killed ".Ｃʏʙᴇʀ’Ｆｏχ<96><STEAM_0:1:97036452><CT>" with "m4a1"
L 11/24/2025 - 19:39:56: "Дмитрий<100><STEAM_0:1:1763072><CT>" killed "s|<1LL3D<95><STEAM_0:1:23986766><TERRORIST>" with "usp"
L 11/24/2025 - 19:39:57: Kick: "isvalentinis<98><STEAM_0:0:38><>" was kicked by "Console"
L 11/24/2025 - 19:39:57: "isvalentinis<98><BOT><TERRORIST>" disconnected
L 11/24/2025 - 19:39:58: "Nicolay.Myasnikov<104><STEAM_0:1:7098112><TERRORIST>" killed "Дмитрий<100><STEAM_0:1:1763072><CT>" with "glock18"
L 11/24/2025 - 19:39:58: Kick: "Дмитрий<100><STEAM_0:0:39><>" was kicked by "Console"
L 11/24/2025 - 19:39:58: "Дмитрий<100><BOT><CT>" disconnected
L 11/24/2025 - 19:39:58: Kick: "fox33km<102><STEAM_0:0:40><>" was kicked by "Console"
L 11/24/2025 - 19:39:58: "fox33km<102><BOT><TERRORIST>" disconnected
L 11/24/2025 - 19:39:59: Kick: "peopleRpoop<103><STEAM_0:1:40><>" was kicked by "Console"
L 11/24/2025 - 19:39:59: "peopleRpoop<103><BOT><CT>" disconnected
L 11/24/2025 - 19:39:59: Kick: "FatManMGS2<99><STEAM_0:1:38><>" was kicked by "Console"
L 11/24/2025 - 19:39:59: "FatManMGS2<99><BOT><TERRORIST>" disconnected
L 11/24/2025 - 19:39:59: Kick: "Skelos<101><STEAM_0:1:39><>" was kicked by "Console"
L 11/24/2025 - 19:39:59: "Skelos<101><BOT><CT>" disconnected
L 11/24/2025 - 19:39:59: Team "TERRORIST" triggered "Terrorists_Win" (CT "1") (T "5")
L 11/24/2025 - 19:39:59: World triggered "Round_End"
L 11/24/2025 - 19:40:00: Kick: "Nicolay.Myasnikov<104><STEAM_0:0:41><>" was kicked by "Console"
L 11/24/2025 - 19:40:00: "Nicolay.Myasnikov<104><BOT><TERRORIST>" disconnected
L 11/24/2025 - 19:40:02: World triggered "Round_Start"
L 11/24/2025 - 19:40:07: ".Ｃʏʙᴇʀ’Ｆｏχ<96><STEAM_0:1:97036452><CT>" killed "s|<1LL3D<95><STEAM_0:1:23986766><TERRORIST>" with "m4a1"
L 11/24/2025 - 19:40:07: Team "CT" triggered "CTs_Win" (CT "2") (T "5")
L 11/24/2025 - 19:40:07: World triggered "Round_End"
L 11/24/2025 - 19:40:10: World triggered "Round_Start"
L 11/24/2025 - 19:40:15: ".Ｃʏʙᴇʀ’Ｆｏχ<96><STEAM_0:1:97036452><CT>" killed "s|<1LL3D<95><STEAM_0:1:23986766><TERRORIST>" with "m4a1"
L 11/24/2025 - 19:40:15: Team "CT" triggered "CTs_Win" (CT "3") (T "5")
L 11/24/2025 - 19:40:15: World triggered "Round_End"
L 11/24/2025 - 19:40:18: World triggered "Round_Start"
L 11/24/2025 - 19:40:25: ".Ｃʏʙᴇʀ’Ｆｏχ<96><STEAM_0:1:97036452><CT>" killed "s|<1LL3D<95><STEAM_0:1:23986766><TERRORIST>" with "m4a1"
L 11/24/2025 - 19:40:25: Team "CT" triggered "CTs_Win" (CT "4") (T "5")
L 11/24/2025 - 19:40:25: World triggered "Round_End"
L 11/24/2025 - 19:40:28: World triggered "Round_Start"
L 11/24/2025 - 19:40:32: ".Ｃʏʙᴇʀ’Ｆｏχ<96><STEAM_0:1:97036452><CT>" killed "s|<1LL3D<95><STEAM_0:1:23986766><TERRORIST>" with "m4a1"
L 11/24/2025 - 19:40:32: Team "CT" triggered "CTs_Win" (CT "5") (T "5")
L 11/24/2025 - 19:40:32: World triggered "Round_End"
L 11/24/2025 - 19:40:35: World triggered "Round_Start"
L 11/24/2025 - 19:40:36: "s|<1LL3D<95><STEAM_0:1:23986766><TERRORIST>" triggered "weaponstats" (weapon "glock18") (shots "24") (hits "0") (kills "0") (headshots "0") (tks "0") (damage "0") (deaths "1")
L 11/24/2025 - 19:40:36: "s|<1LL3D<95><STEAM_0:1:23986766><TERRORIST>" triggered "weaponstats2" (weapon "glock18") (head "0") (chest "0") (stomach "0") (leftarm "0") (rightarm "0") (leftleg "0") (rightleg "0")
L 11/24/2025 - 19:40:36: "s|<1LL3D<95><STEAM_0:1:23986766><TERRORIST>" triggered "weaponstats" (weapon "m4a1") (shots "64") (hits "3") (kills "0") (headshots "0") (tks "0") (damage "73") (deaths "3")
L 11/24/2025 - 19:40:36: "s|<1LL3D<95><STEAM_0:1:23986766><TERRORIST>" triggered "weaponstats2" (weapon "m4a1") (head "0") (chest "0") (stomach "0") (leftarm "3") (rightarm "0") (leftleg "0") (rightleg "0")
L 11/24/2025 - 19:40:36: "s|<1LL3D<95><STEAM_0:1:23986766><TERRORIST>" triggered "weaponstats" (weapon "ak47") (shots "6") (hits "0") (kills "0") (headshots "0") (tks "0") (damage "0") (deaths "0")
L 11/24/2025 - 19:40:36: "s|<1LL3D<95><STEAM_0:1:23986766><TERRORIST>" triggered "weaponstats2" (weapon "ak47") (head "0") (chest "0") (stomach "0") (leftarm "0") (rightarm "0") (leftleg "0") (rightleg "0")
L 11/24/2025 - 19:40:36: "s|<1LL3D<95><STEAM_0:1:23986766><TERRORIST>" triggered "time" (time "1:47")
L 11/24/2025 - 19:40:36: "s|<1LL3D<95><STEAM_0:1:23986766><TERRORIST>" triggered "latency" (ping "36")
L 11/24/2025 - 19:40:36: "s|<1LL3D<95><STEAM_0:1:23986766><TERRORIST>" disconnected
L 11/24/2025 - 19:40:36: "Unjin<105><STEAM_0:1:4338944><>" entered the game
L 11/24/2025 - 19:40:36: "Unjin<105><STEAM_0:1:4338944><>" joined team "TERRORIST"
L 11/24/2025 - 19:40:36: World triggered "Game_Commencing"
L 11/24/2025 - 19:40:36: World triggered "Game_Commencing" (CT "5") (T "5")
L 11/24/2025 - 19:40:36: World triggered "Round_End"
L 11/24/2025 - 19:40:39: World triggered "Round_Start"
L 11/24/2025 - 19:40:51: "Unjin<105><STEAM_0:1:4338944><TERRORIST>" killed ".Ｃʏʙᴇʀ’Ｆｏχ<96><STEAM_0:1:97036452><CT>" with "ak47"
L 11/24/2025 - 19:40:51: Team "TERRORIST" triggered "Terrorists_Win" (CT "0") (T "1")
L 11/24/2025 - 19:40:51: World triggered "Round_End"
L 11/24/2025 - 19:40:54: World triggered "Round_Start"
L 11/24/2025 - 19:40:58: "Unjin<105><STEAM_0:1:4338944><TERRORIST>" killed ".Ｃʏʙᴇʀ’Ｆｏχ<96><STEAM_0:1:97036452><CT>" with "ak47"
L 11/24/2025 - 19:40:58: Team "TERRORIST" triggered "Terrorists_Win" (CT "0") (T "2")
L 11/24/2025 - 19:40:58: World triggered "Round_End"
L 11/24/2025 - 19:41:01: World triggered "Round_Start"
L 11/24/2025 - 19:41:08: Rcon: "rcon 712472742 "mischung420" unban s|<1LL3D" from "84.159.156.244:27005"
L 11/24/2025 - 19:41:11: "Unjin<105><STEAM_0:1:4338944><TERRORIST>" killed ".Ｃʏʙᴇʀ’Ｆｏχ<96><STEAM_0:1:97036452><CT>" with "ak47"
L 11/24/2025 - 19:41:11: Team "TERRORIST" triggered "Terrorists_Win" (CT "0") (T "3")
L 11/24/2025 - 19:41:11: World triggered "Round_End"
L 11/24/2025 - 19:41:12: Rcon: "rcon 712472742 "mischung420" unban s|<1LL3D" from "84.159.156.244:27005"
L 11/24/2025 - 19:41:13: Rcon: "rcon 712472742 "mischung420" unban s|<1LL3D" from "84.159.156.244:27005"
L 11/24/2025 - 19:41:13: "Unjin<105><STEAM_0:1:4338944><TERRORIST>" committed suicide with "trigger_hurt" (world)
L 11/24/2025 - 19:41:14: World triggered "Round_Start"
L 11/24/2025 - 19:41:24: ".Ｃʏʙᴇʀ’Ｆｏχ<96><STEAM_0:1:97036452><CT>" killed "Unjin<105><STEAM_0:1:4338944><TERRORIST>" with "m4a1"
L 11/24/2025 - 19:41:24: Team "CT" triggered "CTs_Win" (CT "1") (T "3")
L 11/24/2025 - 19:41:24: World triggered "Round_End"
L 11/24/2025 - 19:41:27: World triggered "Round_Start"
L 11/24/2025 - 19:41:46: "Unjin<105><STEAM_0:1:4338944><TERRORIST>" committed suicide with "trigger_hurt" (world)
L 11/24/2025 - 19:41:46: Team "CT" triggered "CTs_Win" (CT "2") (T "3")
L 11/24/2025 - 19:41:46: World triggered "Round_End"
L 11/24/2025 - 19:41:48: Rcon: "rcon 712472742 "mischung420" unban STEAM_0:1:23986766" from "84.159.156.244:27005"
L 11/24/2025 - 19:41:49: World triggered "Round_Start"
L 11/24/2025 - 19:42:00: ".Ｃʏʙᴇʀ’Ｆｏχ<96><STEAM_0:1:97036452><CT>" say "^"
L 11/24/2025 - 19:42:12: ".Ｃʏʙᴇʀ’Ｆｏχ<96><STEAM_0:1:97036452><CT>" say "Objective persistence invariant, exertion subsumed into null-space attractor."
L 11/24/2025 - 19:42:16: "Unjin<105><STEAM_0:1:4338944><TERRORIST>" killed ".Ｃʏʙᴇʀ’Ｆｏχ<96><STEAM_0:1:97036452><CT>" with "ak47"
L 11/24/2025 - 19:42:16: Team "TERRORIST" triggered "Terrorists_Win" (CT "2") (T "4")
L 11/24/2025 - 19:42:16: World triggered "Round_End"
L 11/24/2025 - 19:42:19: World triggered "Round_Start"
L 11/24/2025 - 19:42:20: ".Ｃʏʙᴇʀ’Ｆｏχ<96><STEAM_0:1:97036452><CT>" say "^"
L 11/24/2025 - 19:42:34: "Unjin<105><STEAM_0:1:4338944><TERRORIST>" committed suicide with "trigger_hurt" (world)
L 11/24/2025 - 19:42:34: Team "CT" triggered "CTs_Win" (CT "3") (T "4")
L 11/24/2025 - 19:42:34: World triggered "Round_End"
L 11/24/2025 - 19:42:37: World triggered "Round_Start"
L 11/24/2025 - 19:42:46: "Unjin<105><STEAM_0:1:4338944><TERRORIST>" killed ".Ｃʏʙᴇʀ’Ｆｏχ<96><STEAM_0:1:97036452><CT>" with "ak47"
L 11/24/2025 - 19:42:46: Team "TERRORIST" triggered "Terrorists_Win" (CT "3") (T "5")
L 11/24/2025 - 19:42:46: World triggered "Round_End"
L 11/24/2025 - 19:42:49: World triggered "Round_Start"
L 11/24/2025 - 19:42:59: "Unjin<105><STEAM_0:1:4338944><TERRORIST>" killed ".Ｃʏʙᴇʀ’Ｆｏχ<96><STEAM_0:1:97036452><CT>" with "ak47"
L 11/24/2025 - 19:42:59: Team "TERRORIST" triggered "Terrorists_Win" (CT "3") (T "6")
L 11/24/2025 - 19:42:59: World triggered "Round_End"
L 11/24/2025 - 19:43:01: "Unjin<105><STEAM_0:1:4338944><TERRORIST>" committed suicide with "trigger_hurt" (world)
L 11/24/2025 - 19:43:02: World triggered "Round_Start"
L 11/24/2025 - 19:43:03: ".Ｃʏʙᴇʀ’Ｆｏχ<96><STEAM_0:1:97036452><CT>" triggered "weaponstats" (weapon "m4a1") (shots "72") (hits "15") (kills "4") (headshots "1") (tks "0") (damage "528") (deaths "0")
L 11/24/2025 - 19:43:03: ".Ｃʏʙᴇʀ’Ｆｏχ<96><STEAM_0:1:97036452><CT>" triggered "weaponstats2" (weapon "m4a1") (head "1") (chest "0") (stomach "5") (leftarm "4") (rightarm "0") (leftleg "1") (rightleg "4")
L 11/24/2025 - 19:43:03: ".Ｃʏʙᴇʀ’Ｆｏχ<96><STEAM_0:1:97036452><CT>" triggered "time" (time "4:13")
L 11/24/2025 - 19:43:03: ".Ｃʏʙᴇʀ’Ｆｏχ<96><STEAM_0:1:97036452><CT>" triggered "latency" (ping "14")
L 11/24/2025 - 19:43:03: ".Ｃʏʙᴇʀ’Ｆｏχ<96><STEAM_0:1:97036452><CT>" disconnected
L 11/24/2025 - 19:43:03: "MishaPavlov<106><STEAM_0:1:9203200><>" entered the game
L 11/24/2025 - 19:43:03: "MishaPavlov<106><STEAM_0:1:9203200><>" joined team "CT"
L 11/24/2025 - 19:43:03: World triggered "Game_Commencing"
L 11/24/2025 - 19:43:03: World triggered "Game_Commencing" (CT "3") (T "6")
L 11/24/2025 - 19:43:03: World triggered "Round_End"
L 11/24/2025 - 19:43:06: World triggered "Round_Start"
L 11/24/2025 - 19:43:11: [META] ini: Begin re-reading plugins list: c:/~dl/sonstz/gameshit/cs 1.6 shit/_falconz-cs16-server/cstrike/addons/metamod/plugins.ini
L 11/24/2025 - 19:43:11: [META] ini: Read plugin config for: AMX Mod X
L 11/24/2025 - 19:43:11: [META] ini: Read plugin config for: Rechecker
L 11/24/2025 - 19:43:11: [META] ini: Read plugin config for: ReSemiclip
L 11/24/2025 - 19:43:11: [META] ini: Read plugin config for: HitBox Fix
L 11/24/2025 - 19:43:11: [META] ini: Read plugin config for: YaPB
L 11/24/2025 - 19:43:11: [META] ini: Finished reading plugins list: c:/~dl/sonstz/gameshit/cs 1.6 shit/_falconz-cs16-server/cstrike/addons/metamod/plugins.ini; Found 5 plugins
L 11/24/2025 - 19:43:11: [META] dll: Updating plugins...
L 11/24/2025 - 19:43:11: [META] dll: Finished updating 16 plugins; kept 5, loaded 0, unloaded 0, reloaded 0, delayed 0
L 11/24/2025 - 19:43:11: [META] dll: Rebuilding callbacks...
L 11/24/2025 - 19:43:11: [META] dll: Callbacks rebuilded.
L 11/24/2025 - 19:43:11: "Unjin<-1><><TERRORIST>" disconnected
L 11/24/2025 - 19:43:11: "MishaPavlov<-1><><CT>" disconnected
L 11/24/2025 - 19:43:11: World triggered "Round_Draw" (CT "0") (T "0")
L 11/24/2025 - 19:43:11: World triggered "Round_End"
L 11/24/2025 - 19:43:11: Server shutdown
L 11/24/2025 - 19:43:11: Log file closed
