L 11/27/2025 - 19:40:03: Log file started (file "logs\L1127015.log") (game "cstrike") (version "48/1.1.2.7/Stdio/4002")
L 11/27/2025 - 19:40:03: Loading map "de_dust2"
L 11/27/2025 - 19:40:03: Server cvars start
L 11/27/2025 - 19:40:03: Server cvar "allow_spectators" = "1.0"
L 11/27/2025 - 19:40:03: Server cvar "amx_client_languages" = "1"
L 11/27/2025 - 19:40:03: Server cvar "amx_language" = "en"
L 11/27/2025 - 19:40:03: Server cvar "amx_nextmap" = "de_dust2"
L 11/27/2025 - 19:40:03: Server cvar "amxmodx_version" = "1.9.0.5294"
L 11/27/2025 - 19:40:03: Server cvar "coop" = "0"
L 11/27/2025 - 19:40:03: Server cvar "deathmatch" = "1"
L 11/27/2025 - 19:40:03: Server cvar "decalfrequency" = "3"
L 11/27/2025 - 19:40:03: Server cvar "edgefriction" = "2"
L 11/27/2025 - 19:40:03: Server cvar "ff_damage_reduction_bullets" = "0.35"
L 11/27/2025 - 19:40:03: Server cvar "ff_damage_reduction_grenade" = "0.25"
L 11/27/2025 - 19:40:03: Server cvar "ff_damage_reduction_grenade_self" = "1.0"
L 11/27/2025 - 19:40:03: Server cvar "ff_damage_reduction_other" = "0.35"
L 11/27/2025 - 19:40:03: Server cvar "game_version" = "5.28.0.756-dev"
L 11/27/2025 - 19:40:03: Server cvar "hbf_debug" = "0"
L 11/27/2025 - 19:40:03: Server cvar "hbf_enabled" = "1"
L 11/27/2025 - 19:40:03: Server cvar "humans_join_team" = "any"
L 11/27/2025 - 19:40:03: Server cvar "jtp10181" = "gore,wa"
L 11/27/2025 - 19:40:03: Server cvar "mapm_admin_menu_delay" = "1"
L 11/27/2025 - 19:40:03: Server cvar "mapm_admin_menu_maplist" = "maps.ini"
L 11/27/2025 - 19:40:03: Server cvar "mapm_version" = "3.3.1"
L 11/27/2025 - 19:40:03: Server cvar "max_queries_sec" = "3.0"
L 11/27/2025 - 19:40:03: Server cvar "max_queries_sec_global" = "30"
L 11/27/2025 - 19:40:03: Server cvar "max_queries_window" = "60"
L 11/27/2025 - 19:40:03: Server cvar "metamod_version" = "1.3.0.149"
L 11/27/2025 - 19:40:03: Server cvar "mp_afk_bomb_drop_time" = "15"
L 11/27/2025 - 19:40:03: Server cvar "mp_ammo_respawn_time" = "20"
L 11/27/2025 - 19:40:03: Server cvar "mp_autokick" = "1"
L 11/27/2025 - 19:40:03: Server cvar "mp_autokick_timeout" = "-1"
L 11/27/2025 - 19:40:03: Server cvar "mp_autoteambalance" = "0"
L 11/27/2025 - 19:40:03: Server cvar "mp_buy_anywhere" = "0"
L 11/27/2025 - 19:40:03: Server cvar "mp_buytime" = "1.5"
L 11/27/2025 - 19:40:03: Server cvar "mp_c4timer" = "45"
L 11/27/2025 - 19:40:03: Server cvar "mp_chattime" = "10.000000"
L 11/27/2025 - 19:40:03: Server cvar "mp_consistency" = "1"
L 11/27/2025 - 19:40:03: Server cvar "mp_fadetoblack" = "0"
L 11/27/2025 - 19:40:03: Server cvar "mp_falldamage" = "1"
L 11/27/2025 - 19:40:03: Server cvar "mp_flashlight" = "0"
L 11/27/2025 - 19:40:03: Server cvar "mp_footsteps" = "1"
L 11/27/2025 - 19:40:03: Server cvar "mp_forcecamera" = "0"
L 11/27/2025 - 19:40:03: Server cvar "mp_forcechasecam" = "0"
L 11/27/2025 - 19:40:03: Server cvar "mp_forcerespawn" = "0"
L 11/27/2025 - 19:40:03: Server cvar "mp_fraglimit" = "0"
L 11/27/2025 - 19:40:03: Server cvar "mp_fragsleft" = "0"
L 11/27/2025 - 19:40:03: Server cvar "mp_freeforall" = "0"
L 11/27/2025 - 19:40:03: Server cvar "mp_freezetime" = "0.5"
L 11/27/2025 - 19:40:03: Server cvar "mp_friendlyfire" = "1"
L 11/27/2025 - 19:40:03: Server cvar "mp_give_player_c4" = "1"
L 11/27/2025 - 19:40:03: Server cvar "mp_hostage_hurtable" = "1"
L 11/27/2025 - 19:40:03: Server cvar "mp_hostagepenalty" = "13"
L 11/27/2025 - 19:40:03: Server cvar "mp_infinite_ammo" = "0"
L 11/27/2025 - 19:40:03: Server cvar "mp_infinite_grenades" = "0"
L 11/27/2025 - 19:40:03: Server cvar "mp_item_respawn_time" = "30"
L 11/27/2025 - 19:40:03: Server cvar "mp_item_staytime" = "300"
L 11/27/2025 - 19:40:03: Server cvar "mp_kickpercent" = "0.66"
L 11/27/2025 - 19:40:03: Server cvar "mp_limitteams" = "2"
L 11/27/2025 - 19:40:03: Server cvar "mp_logdetail" = "0"
L 11/27/2025 - 19:40:03: Server cvar "mp_logfile" = "1"
L 11/27/2025 - 19:40:03: Server cvar "mp_logmessages" = "1"
L 11/27/2025 - 19:40:03: Server cvar "mp_mapvoteratio" = "0.66"
L 11/27/2025 - 19:40:03: Server cvar "mp_maxmoney" = "32000"
L 11/27/2025 - 19:40:03: Server cvar "mp_maxrounds" = "0"
L 11/27/2025 - 19:40:03: Server cvar "mp_playerid" = "0"
L 11/27/2025 - 19:40:03: Server cvar "mp_radio_maxinround" = "60"
L 11/27/2025 - 19:40:03: Server cvar "mp_radio_timeout" = "0"
L 11/27/2025 - 19:40:03: Server cvar "mp_respawn_immunity_effects" = "1"
L 11/27/2025 - 19:40:03: Server cvar "mp_respawn_immunity_force_unset" = "1"
L 11/27/2025 - 19:40:03: Server cvar "mp_respawn_immunitytime" = "0"
L 11/27/2025 - 19:40:03: Server cvar "mp_round_infinite" = "0"
L 11/27/2025 - 19:40:03: Server cvar "mp_round_restart_delay" = "3"
L 11/27/2025 - 19:40:03: Server cvar "mp_roundover" = "0"
L 11/27/2025 - 19:40:03: Server cvar "mp_roundtime" = "2"
L 11/27/2025 - 19:40:03: Server cvar "mp_scoreboard_showdefkit" = "1"
L 11/27/2025 - 19:40:03: Server cvar "mp_scoreboard_showhealth" = "5"
L 11/27/2025 - 19:40:03: Server cvar "mp_scoreboard_showmoney" = "5"
L 11/27/2025 - 19:40:03: Server cvar "mp_show_scenarioicon" = "1"
L 11/27/2025 - 19:40:03: Server cvar "mp_startmoney" = "800"
L 11/27/2025 - 19:40:03: Server cvar "mp_timeleft" = "06:53"
L 11/27/2025 - 19:40:03: Server cvar "mp_timelimit" = "15"
L 11/27/2025 - 19:40:03: Server cvar "mp_tkpunish" = "0"
L 11/27/2025 - 19:40:03: Server cvar "mp_weapon_respawn_time" = "20"
L 11/27/2025 - 19:40:03: Server cvar "mp_weapons_allow_map_placed" = "1"
L 11/27/2025 - 19:40:03: Server cvar "mp_windifference" = "1"
L 11/27/2025 - 19:40:03: Server cvar "mp_winlimit" = "0"
L 11/27/2025 - 19:40:03: Server cvar "pausable" = "0"
L 11/27/2025 - 19:40:03: Server cvar "resemiclip_version" = "2.4.3"
L 11/27/2025 - 19:40:03: Server cvar "sv_accelerate" = "5"
L 11/27/2025 - 19:40:03: Server cvar "sv_aim" = "0"
L 11/27/2025 - 19:40:03: Server cvar "sv_airaccelerate" = "10"
L 11/27/2025 - 19:40:03: Server cvar "sv_allow_autoaim" = "1"
L 11/27/2025 - 19:40:03: Server cvar "sv_allowupload" = "1"
L 11/27/2025 - 19:40:03: Server cvar "sv_alltalk" = "1"
L 11/27/2025 - 19:40:03: Server cvar "sv_bounce" = "1"
L 11/27/2025 - 19:40:03: Server cvar "sv_cheats" = "0"
L 11/27/2025 - 19:40:03: Server cvar "sv_clienttrace" = "1"
L 11/27/2025 - 19:40:03: Server cvar "sv_contact" = ""
L 11/27/2025 - 19:40:03: Server cvar "sv_friction" = "4"
L 11/27/2025 - 19:40:03: Server cvar "sv_gravity" = "800"
L 11/27/2025 - 19:40:03: Server cvar "sv_logblocks" = "0"
L 11/27/2025 - 19:40:03: Server cvar "sv_maxrate" = "250000"
L 11/27/2025 - 19:40:03: Server cvar "sv_maxspeed" = "900"
L 11/27/2025 - 19:40:03: Server cvar "sv_minrate" = "25000"
L 11/27/2025 - 19:40:03: Server cvar "sv_password" = ""
L 11/27/2025 - 19:40:03: Server cvar "sv_proxies" = "1"
L 11/27/2025 - 19:40:03: Server cvar "sv_restart" = "0"
L 11/27/2025 - 19:40:03: Server cvar "sv_restartround" = "0"
L 11/27/2025 - 19:40:03: Server cvar "sv_stepsize" = "18"
L 11/27/2025 - 19:40:03: Server cvar "sv_stopspeed" = "75"
L 11/27/2025 - 19:40:03: Server cvar "sv_uploadmax" = "7.77"
L 11/27/2025 - 19:40:03: Server cvar "sv_version" = "1.1.2.7/Stdio,48,4002"
L 11/27/2025 - 19:40:03: Server cvar "sv_voiceenable" = "1"
L 11/27/2025 - 19:40:03: Server cvar "sv_wateraccelerate" = "10"
L 11/27/2025 - 19:40:03: Server cvar "sv_waterfriction" = "1"
L 11/27/2025 - 19:40:03: Server cvar "UAIO (Admin Menu)" = "1.50"
L 11/27/2025 - 19:40:03: Server cvar "weaponarena_version" = "2.0.4"
L 11/27/2025 - 19:40:03: Server cvar "yb_version" = "4.4.957"
L 11/27/2025 - 19:40:03: Server cvars end
L 11/27/2025 - 19:40:03: Server cvar "mp_timelimit" = "20"
L 11/27/2025 - 19:40:03: Server cvar "sv_maxspeed" = "320"
L 11/27/2025 - 19:40:03: Server cvar "mp_timelimit" = "15"
L 11/27/2025 - 19:40:03: Server cvar "sv_maxspeed" = "900"
L 11/27/2025 - 19:40:03: Server cvar "amx_nextmap" = "de_dust2002"
L 11/27/2025 - 19:40:03: Started map "de_dust2" (CRC "1159425449")
L 11/27/2025 - 19:40:04: World triggered "Round_Start"
L 11/27/2025 - 19:40:07: "AssassinCCCP<38><STEAM_0:1:9255936><>" entered the game
L 11/27/2025 - 19:40:07: "AssassinCCCP<38><STEAM_0:1:9255936><>" joined team "CT"
L 11/27/2025 - 19:40:08: "Zachalicious<39><STEAM_0:1:14586880><>" entered the game
L 11/27/2025 - 19:40:08: "Zachalicious<39><STEAM_0:1:14586880><>" joined team "TERRORIST"
L 11/27/2025 - 19:40:08: World triggered "Game_Commencing"
L 11/27/2025 - 19:40:08: World triggered "Game_Commencing" (CT "0") (T "0")
L 11/27/2025 - 19:40:08: World triggered "Round_End"
L 11/27/2025 - 19:40:11: "Zachalicious<39><STEAM_0:1:14586880><TERRORIST>" triggered "Spawned_With_The_Bomb"
L 11/27/2025 - 19:40:11: World triggered "Round_Start"
L 11/27/2025 - 19:40:51: "Zachalicious<39><STEAM_0:1:14586880><TERRORIST>" triggered "Planted_The_Bomb"
L 11/27/2025 - 19:40:52: "AssassinCCCP<38><STEAM_0:1:9255936><CT>" say "Cme on zachalicious,,"
L 11/27/2025 - 19:40:55: "Zachalicious<39><STEAM_0:1:14586880><TERRORIST>" killed "AssassinCCCP<38><STEAM_0:1:9255936><CT>" with "glock18"
L 11/27/2025 - 19:40:55: Team "TERRORIST" triggered "Terrorists_Win" (CT "0") (T "1")
L 11/27/2025 - 19:40:55: World triggered "Round_End"
L 11/27/2025 - 19:40:58: "Zachalicious<39><STEAM_0:1:14586880><TERRORIST>" triggered "Spawned_With_The_Bomb"
L 11/27/2025 - 19:40:58: World triggered "Round_Start"
L 11/27/2025 - 19:41:36: "Zachalicious<39><STEAM_0:1:14586880><TERRORIST>" triggered "Planted_The_Bomb"
L 11/27/2025 - 19:41:36: "AssassinCCCP<38><STEAM_0:1:9255936><CT>" say "Come on Zachalicious,"
L 11/27/2025 - 19:41:41: "AssassinCCCP<38><STEAM_0:1:9255936><CT>" killed "Zachalicious<39><STEAM_0:1:14586880><TERRORIST>" with "usp"
L 11/27/2025 - 19:41:59: "AssassinCCCP<38><STEAM_0:1:9255936><CT>" triggered "Begin_Bomb_Defuse_With_Kit"
L 11/27/2025 - 19:42:00: "Zachalicious<39><STEAM_0:1:14586880><TERRORIST>" say "SHIT" (dead)
L 11/27/2025 - 19:42:04: "AssassinCCCP<38><STEAM_0:1:9255936><CT>" triggered "Defused_The_Bomb"
L 11/27/2025 - 19:42:04: Team "CT" triggered "Bomb_Defused" (CT "1") (T "1")
L 11/27/2025 - 19:42:04: World triggered "Round_End"
L 11/27/2025 - 19:42:07: "Zachalicious<39><STEAM_0:1:14586880><TERRORIST>" triggered "Spawned_With_The_Bomb"
L 11/27/2025 - 19:42:07: World triggered "Round_Start"
L 11/27/2025 - 19:42:26: "AssassinCCCP<38><STEAM_0:1:9255936><CT>" killed "Zachalicious<39><STEAM_0:1:14586880><TERRORIST>" with "ak47"
L 11/27/2025 - 19:42:26: Team "CT" triggered "CTs_Win" (CT "2") (T "1")
L 11/27/2025 - 19:42:26: World triggered "Round_End"
L 11/27/2025 - 19:42:26: "AssassinCCCP<38><STEAM_0:1:9255936><CT>" say "you bot zachalicious"
L 11/27/2025 - 19:42:29: "Zachalicious<39><STEAM_0:1:14586880><TERRORIST>" triggered "Spawned_With_The_Bomb"
L 11/27/2025 - 19:42:29: World triggered "Round_Start"
L 11/27/2025 - 19:43:02: "Zachalicious<39><STEAM_0:1:14586880><TERRORIST>" triggered "Planted_The_Bomb"
L 11/27/2025 - 19:43:02: "AssassinCCCP<38><STEAM_0:1:9255936><CT>" say "Come on Zachalicious,"
L 11/27/2025 - 19:43:18: "AssassinCCCP<38><STEAM_0:1:9255936><CT>" killed "Zachalicious<39><STEAM_0:1:14586880><TERRORIST>" with "ak47"
L 11/27/2025 - 19:43:25: "AssassinCCCP<38><STEAM_0:1:9255936><CT>" triggered "Begin_Bomb_Defuse_With_Kit"
L 11/27/2025 - 19:43:30: "AssassinCCCP<38><STEAM_0:1:9255936><CT>" triggered "Defused_The_Bomb"
L 11/27/2025 - 19:43:30: Team "CT" triggered "Bomb_Defused" (CT "3") (T "1")
L 11/27/2025 - 19:43:30: World triggered "Round_End"
L 11/27/2025 - 19:43:33: "Zachalicious<39><STEAM_0:1:14586880><TERRORIST>" triggered "Spawned_With_The_Bomb"
L 11/27/2025 - 19:43:33: World triggered "Round_Start"
L 11/27/2025 - 19:44:01: "Zachalicious<39><STEAM_0:1:14586880><TERRORIST>" triggered "Planted_The_Bomb"
L 11/27/2025 - 19:44:01: "AssassinCCCP<38><STEAM_0:1:9255936><CT>" say "Come on zachalicious,"
L 11/27/2025 - 19:44:15: "Zachalicious<39><STEAM_0:1:14586880><TERRORIST>" killed "AssassinCCCP<38><STEAM_0:1:9255936><CT>" with "galil"
L 11/27/2025 - 19:44:15: Team "TERRORIST" triggered "Terrorists_Win" (CT "3") (T "2")
L 11/27/2025 - 19:44:15: World triggered "Round_End"
L 11/27/2025 - 19:44:18: "Zachalicious<39><STEAM_0:1:14586880><TERRORIST>" triggered "Spawned_With_The_Bomb"
L 11/27/2025 - 19:44:18: World triggered "Round_Start"
L 11/27/2025 - 19:45:02: "Zachalicious<39><STEAM_0:1:14586880><TERRORIST>" triggered "Planted_The_Bomb"
L 11/27/2025 - 19:45:02: "AssassinCCCP<38><STEAM_0:1:9255936><CT>" say "Come on Zachalicious,"
L 11/27/2025 - 19:45:19: "AssassinCCCP<38><STEAM_0:1:9255936><CT>" killed "Zachalicious<39><STEAM_0:1:14586880><TERRORIST>" with "m249"
L 11/27/2025 - 19:45:22: "Zachalicious<39><STEAM_0:1:14586880><TERRORIST>" say "^^" (dead)
L 11/27/2025 - 19:45:33: "AssassinCCCP<38><STEAM_0:1:9255936><CT>" triggered "Begin_Bomb_Defuse_With_Kit"
L 11/27/2025 - 19:45:38: "AssassinCCCP<38><STEAM_0:1:9255936><CT>" triggered "Defused_The_Bomb"
L 11/27/2025 - 19:45:38: Team "CT" triggered "Bomb_Defused" (CT "4") (T "2")
L 11/27/2025 - 19:45:38: World triggered "Round_End"
L 11/27/2025 - 19:45:41: "Zachalicious<39><STEAM_0:1:14586880><TERRORIST>" triggered "Spawned_With_The_Bomb"
L 11/27/2025 - 19:45:41: World triggered "Round_Start"
L 11/27/2025 - 19:46:07: "Zachalicious<39><STEAM_0:1:14586880><TERRORIST>" killed "AssassinCCCP<38><STEAM_0:1:9255936><CT>" with "ak47"
L 11/27/2025 - 19:46:07: Team "TERRORIST" triggered "Terrorists_Win" (CT "4") (T "3")
L 11/27/2025 - 19:46:07: World triggered "Round_End"
L 11/27/2025 - 19:46:10: "Zachalicious<39><STEAM_0:1:14586880><TERRORIST>" triggered "Spawned_With_The_Bomb"
L 11/27/2025 - 19:46:10: World triggered "Round_Start"
L 11/27/2025 - 19:46:40: "Zachalicious<39><STEAM_0:1:14586880><TERRORIST>" triggered "Planted_The_Bomb"
L 11/27/2025 - 19:46:40: "AssassinCCCP<38><STEAM_0:1:9255936><CT>" say "Coem on Zachalicious,"
L 11/27/2025 - 19:46:59: "Zachalicious<39><STEAM_0:1:14586880><TERRORIST>" killed "AssassinCCCP<38><STEAM_0:1:9255936><CT>" with "ak47"
L 11/27/2025 - 19:46:59: Team "TERRORIST" triggered "Terrorists_Win" (CT "4") (T "4")
L 11/27/2025 - 19:46:59: World triggered "Round_End"
L 11/27/2025 - 19:47:02: "Zachalicious<39><STEAM_0:1:14586880><TERRORIST>" triggered "Spawned_With_The_Bomb"
L 11/27/2025 - 19:47:02: World triggered "Round_Start"
L 11/27/2025 - 19:47:39: "Zachalicious<39><STEAM_0:1:14586880><TERRORIST>" triggered "Planted_The_Bomb"
L 11/27/2025 - 19:47:39: "AssassinCCCP<38><STEAM_0:1:9255936><CT>" say "Cme on zachalicious,,"
L 11/27/2025 - 19:47:40: Kick: "AssassinCCCP<38><STEAM_0:0:15><>" was kicked by "Console"
L 11/27/2025 - 19:47:40: "AssassinCCCP<38><BOT><CT>" disconnected
L 11/27/2025 - 19:47:41: "{0,0}<40><STEAM_0:1:13647104><>" entered the game
L 11/27/2025 - 19:47:41: "{0,0}<40><STEAM_0:1:13647104><>" joined team "CT"
L 11/27/2025 - 19:47:41: World triggered "Game_Commencing"
L 11/27/2025 - 19:47:41: World triggered "Game_Commencing" (CT "4") (T "4")
L 11/27/2025 - 19:47:41: World triggered "Round_End"
L 11/27/2025 - 19:47:44: "Zachalicious<39><STEAM_0:1:14586880><TERRORIST>" triggered "Spawned_With_The_Bomb"
L 11/27/2025 - 19:47:44: World triggered "Round_Start"
L 11/27/2025 - 19:48:07: "{0,0}<40><STEAM_0:1:13647104><CT>" killed "Zachalicious<39><STEAM_0:1:14586880><TERRORIST>" with "deagle"
L 11/27/2025 - 19:48:07: Team "CT" triggered "CTs_Win" (CT "1") (T "0")
L 11/27/2025 - 19:48:07: World triggered "Round_End"
L 11/27/2025 - 19:48:10: "Zachalicious<39><STEAM_0:1:14586880><TERRORIST>" triggered "Spawned_With_The_Bomb"
L 11/27/2025 - 19:48:10: World triggered "Round_Start"
L 11/27/2025 - 19:48:37: "Zachalicious<39><STEAM_0:1:14586880><TERRORIST>" triggered "Planted_The_Bomb"
L 11/27/2025 - 19:48:37: "{0,0}<40><STEAM_0:1:13647104><CT>" say "come on zachalicious,"
L 11/27/2025 - 19:49:04: "{0,0}<40><STEAM_0:1:13647104><CT>" killed "Zachalicious<39><STEAM_0:1:14586880><TERRORIST>" with "deagle"
L 11/27/2025 - 19:49:11: "{0,0}<40><STEAM_0:1:13647104><CT>" triggered "Begin_Bomb_Defuse_With_Kit"
L 11/27/2025 - 19:49:16: "{0,0}<40><STEAM_0:1:13647104><CT>" triggered "Defused_The_Bomb"
L 11/27/2025 - 19:49:16: Team "CT" triggered "Bomb_Defused" (CT "2") (T "0")
L 11/27/2025 - 19:49:16: World triggered "Round_End"
L 11/27/2025 - 19:49:19: "Zachalicious<39><STEAM_0:1:14586880><TERRORIST>" say "HEY  f YOU DAMN CHEATER!" (dead)
L 11/27/2025 - 19:49:19: "Zachalicious<39><STEAM_0:1:14586880><TERRORIST>" triggered "Spawned_With_The_Bomb"
L 11/27/2025 - 19:49:19: World triggered "Round_Start"
L 11/27/2025 - 19:49:50: "Zachalicious<39><STEAM_0:1:14586880><TERRORIST>" triggered "Planted_The_Bomb"
L 11/27/2025 - 19:49:50: "{0,0}<40><STEAM_0:1:13647104><CT>" say "Come on Zachalicious,"
L 11/27/2025 - 19:50:10: "{0,0}<40><STEAM_0:1:13647104><CT>" killed "Zachalicious<39><STEAM_0:1:14586880><TERRORIST>" with "deagle"
L 11/27/2025 - 19:50:15: "{0,0}<40><STEAM_0:1:13647104><CT>" triggered "Begin_Bomb_Defuse_With_Kit"
L 11/27/2025 - 19:50:20: "{0,0}<40><STEAM_0:1:13647104><CT>" triggered "Defused_The_Bomb"
L 11/27/2025 - 19:50:20: Team "CT" triggered "Bomb_Defused" (CT "3") (T "0")
L 11/27/2025 - 19:50:20: World triggered "Round_End"
L 11/27/2025 - 19:50:23: "Zachalicious<39><STEAM_0:1:14586880><TERRORIST>" triggered "Spawned_With_The_Bomb"
L 11/27/2025 - 19:50:23: World triggered "Round_Start"
L 11/27/2025 - 19:50:55: "Zachalicious<39><STEAM_0:1:14586880><TERRORIST>" killed "{0,0}<40><STEAM_0:1:13647104><CT>" with "mp5navy"
L 11/27/2025 - 19:50:55: Team "TERRORIST" triggered "Terrorists_Win" (CT "3") (T "1")
L 11/27/2025 - 19:50:55: World triggered "Round_End"
L 11/27/2025 - 19:50:55: "Zachalicious<39><STEAM_0:1:14586880><TERRORIST>" say " v you bot"
L 11/27/2025 - 19:50:58: "Zachalicious<39><STEAM_0:1:14586880><TERRORIST>" triggered "Spawned_With_The_Bomb"
L 11/27/2025 - 19:50:58: World triggered "Round_Start"
L 11/27/2025 - 19:51:42: "Zachalicious<39><STEAM_0:1:14586880><TERRORIST>" killed "{0,0}<40><STEAM_0:1:13647104><CT>" with "deagle"
L 11/27/2025 - 19:51:42: Team "TERRORIST" triggered "Terrorists_Win" (CT "3") (T "2")
L 11/27/2025 - 19:51:42: World triggered "Round_End"
L 11/27/2025 - 19:51:45: "Zachalicious<39><STEAM_0:1:14586880><TERRORIST>" triggered "Spawned_With_The_Bomb"
L 11/27/2025 - 19:51:45: World triggered "Round_Start"
L 11/27/2025 - 19:52:11: [META] ini: Begin re-reading plugins list: c:/~dl/sonstz/gameshit/cs 1.6 shit/_falconz-cs16-server/cstrike/addons/metamod/plugins.ini
L 11/27/2025 - 19:52:11: [META] ini: Read plugin config for: AMX Mod X
L 11/27/2025 - 19:52:11: [META] ini: Read plugin config for: Rechecker
L 11/27/2025 - 19:52:11: [META] ini: Read plugin config for: ReSemiclip
L 11/27/2025 - 19:52:11: [META] ini: Read plugin config for: HitBox Fix
L 11/27/2025 - 19:52:11: [META] ini: Read plugin config for: YaPB
L 11/27/2025 - 19:52:11: [META] ini: Finished reading plugins list: c:/~dl/sonstz/gameshit/cs 1.6 shit/_falconz-cs16-server/cstrike/addons/metamod/plugins.ini; Found 5 plugins
L 11/27/2025 - 19:52:11: [META] dll: Updating plugins...
L 11/27/2025 - 19:52:11: [META] dll: Finished updating 16 plugins; kept 5, loaded 0, unloaded 0, reloaded 0, delayed 0
L 11/27/2025 - 19:52:11: [META] dll: Rebuilding callbacks...
L 11/27/2025 - 19:52:11: [META] dll: Callbacks rebuilded.
L 11/27/2025 - 19:52:11: "{0,0}<-1><><CT>" disconnected
L 11/27/2025 - 19:52:11: "Zachalicious<-1><><TERRORIST>" triggered "Dropped_The_Bomb"
L 11/27/2025 - 19:52:11: "Zachalicious<-1><><TERRORIST>" disconnected
L 11/27/2025 - 19:52:11: World triggered "Round_Draw" (CT "3") (T "2")
L 11/27/2025 - 19:52:11: World triggered "Round_End"
L 11/27/2025 - 19:52:11: Server shutdown
L 11/27/2025 - 19:52:11: Log file closed
