L 11/27/2025 - 18:05:26: Log file started (file "logs\L1127009.log") (game "cstrike") (version "48/1.1.2.7/Stdio/4002")
L 11/27/2025 - 18:05:26: Loading map "aim_ak_colt"
L 11/27/2025 - 18:05:26: Server cvars start
L 11/27/2025 - 18:05:26: Server cvar "allow_spectators" = "1.0"
L 11/27/2025 - 18:05:26: Server cvar "amx_client_languages" = "1"
L 11/27/2025 - 18:05:26: Server cvar "amx_language" = "en"
L 11/27/2025 - 18:05:26: Server cvar "amx_nextmap" = "aim_ak_colt"
L 11/27/2025 - 18:05:26: Server cvar "amxmodx_version" = "1.9.0.5294"
L 11/27/2025 - 18:05:26: Server cvar "coop" = "0"
L 11/27/2025 - 18:05:26: Server cvar "deathmatch" = "1"
L 11/27/2025 - 18:05:26: Server cvar "decalfrequency" = "3"
L 11/27/2025 - 18:05:26: Server cvar "edgefriction" = "2"
L 11/27/2025 - 18:05:26: Server cvar "ff_damage_reduction_bullets" = "0.35"
L 11/27/2025 - 18:05:26: Server cvar "ff_damage_reduction_grenade" = "0.25"
L 11/27/2025 - 18:05:26: Server cvar "ff_damage_reduction_grenade_self" = "1.0"
L 11/27/2025 - 18:05:26: Server cvar "ff_damage_reduction_other" = "0.35"
L 11/27/2025 - 18:05:26: Server cvar "game_version" = "5.28.0.756-dev"
L 11/27/2025 - 18:05:26: Server cvar "hbf_debug" = "0"
L 11/27/2025 - 18:05:26: Server cvar "hbf_enabled" = "1"
L 11/27/2025 - 18:05:26: Server cvar "humans_join_team" = "any"
L 11/27/2025 - 18:05:26: Server cvar "jtp10181" = "gore,wa"
L 11/27/2025 - 18:05:26: Server cvar "mapm_admin_menu_delay" = "1"
L 11/27/2025 - 18:05:26: Server cvar "mapm_admin_menu_maplist" = "maps.ini"
L 11/27/2025 - 18:05:26: Server cvar "mapm_version" = "3.3.1"
L 11/27/2025 - 18:05:26: Server cvar "max_queries_sec" = "3.0"
L 11/27/2025 - 18:05:26: Server cvar "max_queries_sec_global" = "30"
L 11/27/2025 - 18:05:26: Server cvar "max_queries_window" = "60"
L 11/27/2025 - 18:05:26: Server cvar "metamod_version" = "1.3.0.149"
L 11/27/2025 - 18:05:26: Server cvar "mp_afk_bomb_drop_time" = "15"
L 11/27/2025 - 18:05:26: Server cvar "mp_ammo_respawn_time" = "20"
L 11/27/2025 - 18:05:26: Server cvar "mp_autokick" = "1"
L 11/27/2025 - 18:05:26: Server cvar "mp_autokick_timeout" = "-1"
L 11/27/2025 - 18:05:26: Server cvar "mp_autoteambalance" = "0"
L 11/27/2025 - 18:05:26: Server cvar "mp_buy_anywhere" = "0"
L 11/27/2025 - 18:05:26: Server cvar "mp_buytime" = "1.5"
L 11/27/2025 - 18:05:26: Server cvar "mp_c4timer" = "45"
L 11/27/2025 - 18:05:26: Server cvar "mp_chattime" = "10.000000"
L 11/27/2025 - 18:05:26: Server cvar "mp_consistency" = "1"
L 11/27/2025 - 18:05:26: Server cvar "mp_fadetoblack" = "0"
L 11/27/2025 - 18:05:26: Server cvar "mp_falldamage" = "1"
L 11/27/2025 - 18:05:26: Server cvar "mp_flashlight" = "0"
L 11/27/2025 - 18:05:26: Server cvar "mp_footsteps" = "1"
L 11/27/2025 - 18:05:26: Server cvar "mp_forcecamera" = "0"
L 11/27/2025 - 18:05:26: Server cvar "mp_forcechasecam" = "0"
L 11/27/2025 - 18:05:26: Server cvar "mp_forcerespawn" = "0"
L 11/27/2025 - 18:05:26: Server cvar "mp_fraglimit" = "0"
L 11/27/2025 - 18:05:26: Server cvar "mp_fragsleft" = "0"
L 11/27/2025 - 18:05:26: Server cvar "mp_freeforall" = "0"
L 11/27/2025 - 18:05:26: Server cvar "mp_freezetime" = "0.5"
L 11/27/2025 - 18:05:26: Server cvar "mp_friendlyfire" = "1"
L 11/27/2025 - 18:05:26: Server cvar "mp_give_player_c4" = "1"
L 11/27/2025 - 18:05:26: Server cvar "mp_hostage_hurtable" = "1"
L 11/27/2025 - 18:05:26: Server cvar "mp_hostagepenalty" = "13"
L 11/27/2025 - 18:05:26: Server cvar "mp_infinite_ammo" = "0"
L 11/27/2025 - 18:05:26: Server cvar "mp_infinite_grenades" = "0"
L 11/27/2025 - 18:05:26: Server cvar "mp_item_respawn_time" = "30"
L 11/27/2025 - 18:05:26: Server cvar "mp_item_staytime" = "300"
L 11/27/2025 - 18:05:26: Server cvar "mp_kickpercent" = "0.66"
L 11/27/2025 - 18:05:26: Server cvar "mp_limitteams" = "2"
L 11/27/2025 - 18:05:26: Server cvar "mp_logdetail" = "0"
L 11/27/2025 - 18:05:26: Server cvar "mp_logfile" = "1"
L 11/27/2025 - 18:05:26: Server cvar "mp_logmessages" = "1"
L 11/27/2025 - 18:05:26: Server cvar "mp_mapvoteratio" = "0.66"
L 11/27/2025 - 18:05:26: Server cvar "mp_maxmoney" = "32000"
L 11/27/2025 - 18:05:26: Server cvar "mp_maxrounds" = "0"
L 11/27/2025 - 18:05:26: Server cvar "mp_playerid" = "0"
L 11/27/2025 - 18:05:26: Server cvar "mp_radio_maxinround" = "60"
L 11/27/2025 - 18:05:26: Server cvar "mp_radio_timeout" = "0"
L 11/27/2025 - 18:05:26: Server cvar "mp_respawn_immunity_effects" = "1"
L 11/27/2025 - 18:05:26: Server cvar "mp_respawn_immunity_force_unset" = "1"
L 11/27/2025 - 18:05:26: Server cvar "mp_respawn_immunitytime" = "0"
L 11/27/2025 - 18:05:26: Server cvar "mp_round_infinite" = "0"
L 11/27/2025 - 18:05:26: Server cvar "mp_round_restart_delay" = "3"
L 11/27/2025 - 18:05:26: Server cvar "mp_roundover" = "0"
L 11/27/2025 - 18:05:26: Server cvar "mp_roundtime" = "2"
L 11/27/2025 - 18:05:26: Server cvar "mp_scoreboard_showdefkit" = "1"
L 11/27/2025 - 18:05:26: Server cvar "mp_scoreboard_showhealth" = "5"
L 11/27/2025 - 18:05:26: Server cvar "mp_scoreboard_showmoney" = "5"
L 11/27/2025 - 18:05:26: Server cvar "mp_show_scenarioicon" = "1"
L 11/27/2025 - 18:05:26: Server cvar "mp_startmoney" = "800"
L 11/27/2025 - 18:05:26: Server cvar "mp_timeleft" = "00:30"
L 11/27/2025 - 18:05:26: Server cvar "mp_timelimit" = "15"
L 11/27/2025 - 18:05:26: Server cvar "mp_tkpunish" = "0"
L 11/27/2025 - 18:05:26: Server cvar "mp_weapon_respawn_time" = "20"
L 11/27/2025 - 18:05:26: Server cvar "mp_weapons_allow_map_placed" = "1"
L 11/27/2025 - 18:05:26: Server cvar "mp_windifference" = "1"
L 11/27/2025 - 18:05:26: Server cvar "mp_winlimit" = "0"
L 11/27/2025 - 18:05:26: Server cvar "pausable" = "0"
L 11/27/2025 - 18:05:26: Server cvar "resemiclip_version" = "2.4.3"
L 11/27/2025 - 18:05:26: Server cvar "sv_accelerate" = "5"
L 11/27/2025 - 18:05:26: Server cvar "sv_aim" = "0"
L 11/27/2025 - 18:05:26: Server cvar "sv_airaccelerate" = "10"
L 11/27/2025 - 18:05:26: Server cvar "sv_allow_autoaim" = "1"
L 11/27/2025 - 18:05:26: Server cvar "sv_allowupload" = "1"
L 11/27/2025 - 18:05:26: Server cvar "sv_alltalk" = "1"
L 11/27/2025 - 18:05:26: Server cvar "sv_bounce" = "1"
L 11/27/2025 - 18:05:26: Server cvar "sv_cheats" = "0"
L 11/27/2025 - 18:05:26: Server cvar "sv_clienttrace" = "1"
L 11/27/2025 - 18:05:26: Server cvar "sv_contact" = ""
L 11/27/2025 - 18:05:26: Server cvar "sv_friction" = "4"
L 11/27/2025 - 18:05:26: Server cvar "sv_gravity" = "800"
L 11/27/2025 - 18:05:26: Server cvar "sv_logblocks" = "0"
L 11/27/2025 - 18:05:26: Server cvar "sv_maxrate" = "250000"
L 11/27/2025 - 18:05:26: Server cvar "sv_maxspeed" = "900"
L 11/27/2025 - 18:05:26: Server cvar "sv_minrate" = "25000"
L 11/27/2025 - 18:05:26: Server cvar "sv_password" = ""
L 11/27/2025 - 18:05:26: Server cvar "sv_proxies" = "1"
L 11/27/2025 - 18:05:26: Server cvar "sv_restart" = "0"
L 11/27/2025 - 18:05:26: Server cvar "sv_restartround" = "0"
L 11/27/2025 - 18:05:26: Server cvar "sv_stepsize" = "18"
L 11/27/2025 - 18:05:26: Server cvar "sv_stopspeed" = "75"
L 11/27/2025 - 18:05:26: Server cvar "sv_uploadmax" = "7.77"
L 11/27/2025 - 18:05:26: Server cvar "sv_version" = "1.1.2.7/Stdio,48,4002"
L 11/27/2025 - 18:05:26: Server cvar "sv_voiceenable" = "1"
L 11/27/2025 - 18:05:26: Server cvar "sv_wateraccelerate" = "10"
L 11/27/2025 - 18:05:26: Server cvar "sv_waterfriction" = "1"
L 11/27/2025 - 18:05:26: Server cvar "UAIO (Admin Menu)" = "1.50"
L 11/27/2025 - 18:05:26: Server cvar "weaponarena_version" = "2.0.4"
L 11/27/2025 - 18:05:26: Server cvar "yb_version" = "4.4.957"
L 11/27/2025 - 18:05:26: Server cvars end
L 11/27/2025 - 18:05:26: Server cvar "mp_timelimit" = "20"
L 11/27/2025 - 18:05:26: Server cvar "sv_maxspeed" = "320"
L 11/27/2025 - 18:05:26: Server cvar "mp_timelimit" = "15"
L 11/27/2025 - 18:05:26: Server cvar "sv_maxspeed" = "900"
L 11/27/2025 - 18:05:26: Server cvar "amx_nextmap" = "aim_aspect"
L 11/27/2025 - 18:05:27: Started map "aim_ak_colt" (CRC "-1819010972")
L 11/27/2025 - 18:05:28: World triggered "Round_Start"
L 11/27/2025 - 18:05:28: "s|<1LL3D<11><STEAM_0:1:23986766><>" connected, address "178.26.154.106:27005"
L 11/27/2025 - 18:05:28: "s|<1LL3D<11><STEAM_0:1:23986766><>" STEAM USERID validated
L 11/27/2025 - 18:05:29: "s|<1LL3D<11><STEAM_0:1:23986766><>" entered the game
L 11/27/2025 - 18:05:30: "Cʏвer'Fσχ<5><STEAM_0:1:97036452><>" entered the game
L 11/27/2025 - 18:05:31: "Inspire<12><STEAM_0:1:14101248><>" entered the game
L 11/27/2025 - 18:05:31: "Inspire<12><STEAM_0:1:14101248><>" joined team "CT"
L 11/27/2025 - 18:05:31: "pernamently<13><STEAM_0:1:11100416><>" entered the game
L 11/27/2025 - 18:05:31: "pernamently<13><STEAM_0:1:11100416><>" joined team "TERRORIST"
L 11/27/2025 - 18:05:31: World triggered "Game_Commencing"
L 11/27/2025 - 18:05:31: World triggered "Game_Commencing" (CT "0") (T "0")
L 11/27/2025 - 18:05:31: World triggered "Round_End"
L 11/27/2025 - 18:05:32: "Cʏвer'Fσχ<5><STEAM_0:1:97036452><>" joined team "TERRORIST"
L 11/27/2025 - 18:05:32: Kick: "pernamently<13><STEAM_0:0:4><>" was kicked by "Console"
L 11/27/2025 - 18:05:32: "pernamently<13><BOT><TERRORIST>" disconnected
L 11/27/2025 - 18:05:34: World triggered "Round_Start"
L 11/27/2025 - 18:05:35: "s|<1LL3D<11><STEAM_0:1:23986766><>" joined team "TERRORIST"
L 11/27/2025 - 18:05:35: Kick: "Inspire<12><STEAM_0:1:3><>" was kicked by "Console"
L 11/27/2025 - 18:05:35: "Inspire<12><BOT><CT>" disconnected
L 11/27/2025 - 18:05:36: "s|<1LL3D<11><STEAM_0:1:23986766><TERRORIST>" killed "Cʏвer'Fσχ<5><STEAM_0:1:97036452><TERRORIST>" with "ak47"
L 11/27/2025 - 18:05:38: "s|<1LL3D<11><STEAM_0:1:23986766><TERRORIST>" committed suicide with "world"
L 11/27/2025 - 18:05:38: World triggered "Round_Draw" (CT "0") (T "0")
L 11/27/2025 - 18:05:38: World triggered "Round_End"
L 11/27/2025 - 18:05:38: "s|<1LL3D<11><STEAM_0:1:23986766><TERRORIST>" joined team "CT"
L 11/27/2025 - 18:05:38: "Cʏвer'Fσχ<5><STEAM_0:1:97036452><TERRORIST>" joined team "CT"
L 11/27/2025 - 18:05:41: World triggered "Round_Start"
L 11/27/2025 - 18:05:43: "s|<1LL3D<11><STEAM_0:1:23986766><CT>" killed "Cʏвer'Fσχ<5><STEAM_0:1:97036452><CT>" with "m4a1"
L 11/27/2025 - 18:05:44: "Cʏвer'Fσχ<5><STEAM_0:1:97036452><CT>" joined team "TERRORIST"
L 11/27/2025 - 18:05:44: World triggered "Game_Commencing"
L 11/27/2025 - 18:05:44: World triggered "Game_Commencing" (CT "0") (T "0")
L 11/27/2025 - 18:05:44: World triggered "Round_End"
L 11/27/2025 - 18:05:47: World triggered "Round_Start"
L 11/27/2025 - 18:05:55: "Cʏвer'Fσχ<5><STEAM_0:1:97036452><TERRORIST>" killed "s|<1LL3D<11><STEAM_0:1:23986766><CT>" with "ak47"
L 11/27/2025 - 18:05:55: Team "TERRORIST" triggered "Terrorists_Win" (CT "0") (T "1")
L 11/27/2025 - 18:05:55: World triggered "Round_End"
L 11/27/2025 - 18:05:58: World triggered "Round_Start"
L 11/27/2025 - 18:06:05: "Cʏвer'Fσχ<5><STEAM_0:1:97036452><TERRORIST>" killed "s|<1LL3D<11><STEAM_0:1:23986766><CT>" with "ak47"
L 11/27/2025 - 18:06:05: Team "TERRORIST" triggered "Terrorists_Win" (CT "0") (T "2")
L 11/27/2025 - 18:06:05: World triggered "Round_End"
L 11/27/2025 - 18:06:08: World triggered "Round_Start"
L 11/27/2025 - 18:06:08: "Cʏвer'Fσχ<5><STEAM_0:1:97036452><TERRORIST>" say "1 hp hahah"
L 11/27/2025 - 18:06:12: "Cʏвer'Fσχ<5><STEAM_0:1:97036452><TERRORIST>" killed "s|<1LL3D<11><STEAM_0:1:23986766><CT>" with "ak47"
L 11/27/2025 - 18:06:12: Team "TERRORIST" triggered "Terrorists_Win" (CT "0") (T "3")
L 11/27/2025 - 18:06:12: World triggered "Round_End"
L 11/27/2025 - 18:06:15: World triggered "Round_Start"
L 11/27/2025 - 18:06:16: "Cʏвer'Fσχ<5><STEAM_0:1:97036452><TERRORIST>" killed "s|<1LL3D<11><STEAM_0:1:23986766><CT>" with "ak47"
L 11/27/2025 - 18:06:16: Team "TERRORIST" triggered "Terrorists_Win" (CT "0") (T "4")
L 11/27/2025 - 18:06:16: World triggered "Round_End"
L 11/27/2025 - 18:06:19: "Sickz<14><STEAM_0:1:26517501><>" connected, address "46.82.87.169:27005"
L 11/27/2025 - 18:06:19: "Sickz<14><STEAM_0:1:26517501><>" STEAM USERID validated
L 11/27/2025 - 18:06:19: World triggered "Round_Start"
L 11/27/2025 - 18:06:21: "Sickz<15><STEAM_0:1:26517501><>" connected, address "46.82.87.169:27005"
L 11/27/2025 - 18:06:21: "Sickz<15><STEAM_0:1:26517501><>" STEAM USERID validated
L 11/27/2025 - 18:06:24: "Cʏвer'Fσχ<5><STEAM_0:1:97036452><TERRORIST>" killed "s|<1LL3D<11><STEAM_0:1:23986766><CT>" with "ak47"
L 11/27/2025 - 18:06:24: Team "TERRORIST" triggered "Terrorists_Win" (CT "0") (T "5")
L 11/27/2025 - 18:06:24: World triggered "Round_End"
L 11/27/2025 - 18:06:24: "Sickz<15><STEAM_0:1:26517501><>" entered the game
L 11/27/2025 - 18:06:27: World triggered "Round_Start"
L 11/27/2025 - 18:06:30: "s|<1LL3D<11><STEAM_0:1:23986766><CT>" killed "Cʏвer'Fσχ<5><STEAM_0:1:97036452><TERRORIST>" with "ak47"
L 11/27/2025 - 18:06:30: Team "CT" triggered "CTs_Win" (CT "1") (T "5")
L 11/27/2025 - 18:06:30: World triggered "Round_End"
L 11/27/2025 - 18:06:33: "Sickz<15><STEAM_0:1:26517501><>" joined team "CT"
L 11/27/2025 - 18:06:33: World triggered "Round_Start"
L 11/27/2025 - 18:06:37: "Cʏвer'Fσχ<5><STEAM_0:1:97036452><TERRORIST>" killed "s|<1LL3D<11><STEAM_0:1:23986766><CT>" with "ak47"
L 11/27/2025 - 18:06:48: "Sickz<15><STEAM_0:1:26517501><CT>" killed "Cʏвer'Fσχ<5><STEAM_0:1:97036452><TERRORIST>" with "ak47"
L 11/27/2025 - 18:06:48: Team "CT" triggered "CTs_Win" (CT "2") (T "5")
L 11/27/2025 - 18:06:48: World triggered "Round_End"
L 11/27/2025 - 18:06:51: World triggered "Round_Start"
L 11/27/2025 - 18:06:55: "Cʏвer'Fσχ<5><STEAM_0:1:97036452><TERRORIST>" killed "Sickz<15><STEAM_0:1:26517501><CT>" with "ak47"
L 11/27/2025 - 18:06:58: "s|<1LL3D<11><STEAM_0:1:23986766><CT>" killed "Cʏвer'Fσχ<5><STEAM_0:1:97036452><TERRORIST>" with "ak47"
L 11/27/2025 - 18:06:58: Team "CT" triggered "CTs_Win" (CT "3") (T "5")
L 11/27/2025 - 18:06:58: World triggered "Round_End"
L 11/27/2025 - 18:07:01: World triggered "Round_Start"
L 11/27/2025 - 18:07:06: "s|<1LL3D<11><STEAM_0:1:23986766><CT>" killed "Cʏвer'Fσχ<5><STEAM_0:1:97036452><TERRORIST>" with "ak47"
L 11/27/2025 - 18:07:06: Team "CT" triggered "CTs_Win" (CT "4") (T "5")
L 11/27/2025 - 18:07:06: World triggered "Round_End"
L 11/27/2025 - 18:07:06: "Cʏвer'Fσχ<5><STEAM_0:1:97036452><TERRORIST>" say "avdaaddsasdas" (dead)
L 11/27/2025 - 18:07:09: World triggered "Round_Start"
L 11/27/2025 - 18:07:11: "Cʏвer'Fσχ<5><STEAM_0:1:97036452><TERRORIST>" say "aaha war am schreiben"
L 11/27/2025 - 18:07:20: "Sickz<15><STEAM_0:1:26517501><CT>" killed "Cʏвer'Fσχ<5><STEAM_0:1:97036452><TERRORIST>" with "ak47"
L 11/27/2025 - 18:07:20: Team "CT" triggered "CTs_Win" (CT "5") (T "5")
L 11/27/2025 - 18:07:20: World triggered "Round_End"
L 11/27/2025 - 18:07:23: World triggered "Round_Start"
L 11/27/2025 - 18:07:27: "Cʏвer'Fσχ<5><STEAM_0:1:97036452><TERRORIST>" killed "s|<1LL3D<11><STEAM_0:1:23986766><CT>" with "ak47"
L 11/27/2025 - 18:07:33: "Cʏвer'Fσχ<5><STEAM_0:1:97036452><TERRORIST>" killed "Sickz<15><STEAM_0:1:26517501><CT>" with "ak47"
L 11/27/2025 - 18:07:33: Team "TERRORIST" triggered "Terrorists_Win" (CT "5") (T "6")
L 11/27/2025 - 18:07:33: World triggered "Round_End"
L 11/27/2025 - 18:07:36: World triggered "Round_Start"
L 11/27/2025 - 18:07:39: "Cʏвer'Fσχ<5><STEAM_0:1:97036452><TERRORIST>" killed "Sickz<15><STEAM_0:1:26517501><CT>" with "ak47"
L 11/27/2025 - 18:07:42: "s|<1LL3D<11><STEAM_0:1:23986766><CT>" killed "Cʏвer'Fσχ<5><STEAM_0:1:97036452><TERRORIST>" with "ak47"
L 11/27/2025 - 18:07:42: Team "CT" triggered "CTs_Win" (CT "6") (T "6")
L 11/27/2025 - 18:07:42: World triggered "Round_End"
L 11/27/2025 - 18:07:45: World triggered "Round_Start"
L 11/27/2025 - 18:07:48: "Sickz<15><STEAM_0:1:26517501><CT>" triggered "weaponstats" (weapon "ak47") (shots "35") (hits "7") (kills "2") (headshots "2") (tks "0") (damage "404") (deaths "3")
L 11/27/2025 - 18:07:48: "Sickz<15><STEAM_0:1:26517501><CT>" triggered "weaponstats2" (weapon "ak47") (head "2") (chest "0") (stomach "2") (leftarm "0") (rightarm "1") (leftleg "1") (rightleg "1")
L 11/27/2025 - 18:07:48: "Sickz<15><STEAM_0:1:26517501><CT>" triggered "weaponstats" (weapon "knife") (shots "1") (hits "0") (kills "0") (headshots "0") (tks "0") (damage "0") (deaths "0")
L 11/27/2025 - 18:07:48: "Sickz<15><STEAM_0:1:26517501><CT>" triggered "weaponstats2" (weapon "knife") (head "0") (chest "0") (stomach "0") (leftarm "0") (rightarm "0") (leftleg "0") (rightleg "0")
L 11/27/2025 - 18:07:48: "Sickz<15><STEAM_0:1:26517501><CT>" triggered "time" (time "1:24")
L 11/27/2025 - 18:07:48: "Sickz<15><STEAM_0:1:26517501><CT>" triggered "latency" (ping "20")
L 11/27/2025 - 18:07:48: "Sickz<15><STEAM_0:1:26517501><CT>" disconnected
L 11/27/2025 - 18:07:55: "Cʏвer'Fσχ<5><STEAM_0:1:97036452><TERRORIST>" killed "s|<1LL3D<11><STEAM_0:1:23986766><CT>" with "ak47"
L 11/27/2025 - 18:07:55: Team "TERRORIST" triggered "Terrorists_Win" (CT "6") (T "7")
L 11/27/2025 - 18:07:55: World triggered "Round_End"
L 11/27/2025 - 18:07:58: World triggered "Round_Start"
L 11/27/2025 - 18:08:02: "s|<1LL3D<11><STEAM_0:1:23986766><CT>" killed "Cʏвer'Fσχ<5><STEAM_0:1:97036452><TERRORIST>" with "ak47"
L 11/27/2025 - 18:08:02: Team "CT" triggered "CTs_Win" (CT "7") (T "7")
L 11/27/2025 - 18:08:02: World triggered "Round_End"
L 11/27/2025 - 18:08:05: World triggered "Round_Start"
L 11/27/2025 - 18:08:18: "s|<1LL3D<11><STEAM_0:1:23986766><CT>" killed "Cʏвer'Fσχ<5><STEAM_0:1:97036452><TERRORIST>" with "ak47"
L 11/27/2025 - 18:08:18: Team "CT" triggered "CTs_Win" (CT "8") (T "7")
L 11/27/2025 - 18:08:18: World triggered "Round_End"
L 11/27/2025 - 18:08:19: Kick: "Cʏвer'Fσχ<5><STEAM_0:1:97036452><>" was kicked by "Console"
L 11/27/2025 - 18:08:19: "Cʏвer'Fσχ<5><STEAM_0:1:97036452><TERRORIST>" triggered "weaponstats" (weapon "m4a1") (shots "4") (hits "0") (kills "0") (headshots "0") (tks "0") (damage "0") (deaths "1")
L 11/27/2025 - 18:08:19: "Cʏвer'Fσχ<5><STEAM_0:1:97036452><TERRORIST>" triggered "weaponstats2" (weapon "m4a1") (head "0") (chest "0") (stomach "0") (leftarm "0") (rightarm "0") (leftleg "0") (rightleg "0")
L 11/27/2025 - 18:08:19: "Cʏвer'Fσχ<5><STEAM_0:1:97036452><TERRORIST>" triggered "weaponstats" (weapon "ak47") (shots "113") (hits "46") (kills "11") (headshots "2") (tks "0") (damage "1679") (deaths "9")
L 11/27/2025 - 18:08:19: "Cʏвer'Fσχ<5><STEAM_0:1:97036452><TERRORIST>" triggered "weaponstats2" (weapon "ak47") (head "2") (chest "4") (stomach "9") (leftarm "18") (rightarm "3") (leftleg "5") (rightleg "5")
L 11/27/2025 - 18:08:19: "Cʏвer'Fσχ<5><STEAM_0:1:97036452><TERRORIST>" triggered "time" (time "2:48")
L 11/27/2025 - 18:08:19: "Cʏвer'Fσχ<5><STEAM_0:1:97036452><TERRORIST>" triggered "latency" (ping "9")
L 11/27/2025 - 18:08:19: "Cʏвer'Fσχ<5><STEAM_0:1:97036452><TERRORIST>" disconnected
L 11/27/2025 - 18:08:19: "4bone<16><STEAM_0:1:14607360><>" entered the game
L 11/27/2025 - 18:08:19: "4bone<16><STEAM_0:1:14607360><>" joined team "TERRORIST"
L 11/27/2025 - 18:08:21: World triggered "Round_Start"
L 11/27/2025 - 18:08:22: "s|<1LL3D<11><STEAM_0:1:23986766><CT>" triggered "weaponstats" (weapon "m4a1") (shots "8") (hits "3") (kills "1") (headshots "1") (tks "1") (damage "129") (deaths "0")
L 11/27/2025 - 18:08:22: "s|<1LL3D<11><STEAM_0:1:23986766><CT>" triggered "weaponstats2" (weapon "m4a1") (head "3") (chest "0") (stomach "0") (leftarm "0") (rightarm "0") (leftleg "0") (rightleg "0")
L 11/27/2025 - 18:08:22: "s|<1LL3D<11><STEAM_0:1:23986766><CT>" triggered "weaponstats" (weapon "ak47") (shots "179") (hits "34") (kills "7") (headshots "2") (tks "1") (damage "1234") (deaths "8")
L 11/27/2025 - 18:08:22: "s|<1LL3D<11><STEAM_0:1:23986766><CT>" triggered "weaponstats2" (weapon "ak47") (head "5") (chest "8") (stomach "0") (leftarm "15") (rightarm "2") (leftleg "2") (rightleg "2")
L 11/27/2025 - 18:08:22: "s|<1LL3D<11><STEAM_0:1:23986766><CT>" triggered "time" (time "2:53")
L 11/27/2025 - 18:08:22: "s|<1LL3D<11><STEAM_0:1:23986766><CT>" triggered "latency" (ping "33")
L 11/27/2025 - 18:08:22: "s|<1LL3D<11><STEAM_0:1:23986766><CT>" disconnected
L 11/27/2025 - 18:08:22: "Анна-Рысь<17><STEAM_0:1:1268224><>" entered the game
L 11/27/2025 - 18:08:22: "Анна-Рысь<17><STEAM_0:1:1268224><>" joined team "CT"
L 11/27/2025 - 18:08:22: World triggered "Game_Commencing"
L 11/27/2025 - 18:08:22: World triggered "Game_Commencing" (CT "8") (T "7")
L 11/27/2025 - 18:08:22: World triggered "Round_End"
L 11/27/2025 - 18:08:25: World triggered "Round_Start"
L 11/27/2025 - 18:08:27: "Cʏвer'Fσχ<18><STEAM_0:1:97036452><>" connected, address "79.235.164.13:27005"
L 11/27/2025 - 18:08:27: "Cʏвer'Fσχ<18><STEAM_0:1:97036452><>" STEAM USERID validated
L 11/27/2025 - 18:08:29: "Cʏвer'Fσχ<18><STEAM_0:1:97036452><>" entered the game
L 11/27/2025 - 18:08:31: "Cʏвer'Fσχ<18><STEAM_0:1:97036452><>" joined team "TERRORIST"
L 11/27/2025 - 18:08:31: Kick: "4bone<16><STEAM_0:1:4><>" was kicked by "Console"
L 11/27/2025 - 18:08:31: "4bone<16><BOT><TERRORIST>" disconnected
L 11/27/2025 - 18:08:40: "Анна-Рысь<17><STEAM_0:1:1268224><CT>" killed "Cʏвer'Fσχ<18><STEAM_0:1:97036452><TERRORIST>" with "ak47"
L 11/27/2025 - 18:08:40: Team "CT" triggered "CTs_Win" (CT "1") (T "0")
L 11/27/2025 - 18:08:40: World triggered "Round_End"
L 11/27/2025 - 18:08:41: "Cʏвer'Fσχ<18><STEAM_0:1:97036452><TERRORIST>" triggered "weaponstats" (weapon "ak47") (shots "3") (hits "0") (kills "0") (headshots "0") (tks "0") (damage "0") (deaths "0")
L 11/27/2025 - 18:08:41: "Cʏвer'Fσχ<18><STEAM_0:1:97036452><TERRORIST>" triggered "weaponstats2" (weapon "ak47") (head "0") (chest "0") (stomach "0") (leftarm "0") (rightarm "0") (leftleg "0") (rightleg "0")
L 11/27/2025 - 18:08:41: "Cʏвer'Fσχ<18><STEAM_0:1:97036452><TERRORIST>" triggered "time" (time "0:12")
L 11/27/2025 - 18:08:41: "Cʏвer'Fσχ<18><STEAM_0:1:97036452><TERRORIST>" triggered "latency" (ping "0")
L 11/27/2025 - 18:08:41: "Cʏвer'Fσχ<18><STEAM_0:1:97036452><TERRORIST>" disconnected
L 11/27/2025 - 18:08:42: "radeoneella<19><STEAM_0:1:6427648><>" entered the game
L 11/27/2025 - 18:08:42: "radeoneella<19><STEAM_0:1:6427648><>" joined team "TERRORIST"
L 11/27/2025 - 18:08:43: World triggered "Round_Start"
L 11/27/2025 - 18:08:52: "radeoneella<19><STEAM_0:1:6427648><TERRORIST>" killed "Анна-Рысь<17><STEAM_0:1:1268224><CT>" with "ak47"
L 11/27/2025 - 18:08:52: Team "TERRORIST" triggered "Terrorists_Win" (CT "1") (T "1")
L 11/27/2025 - 18:08:52: World triggered "Round_End"
L 11/27/2025 - 18:08:55: World triggered "Round_Start"
L 11/27/2025 - 18:09:00: Kick: "radeoneella<19><STEAM_0:1:5><>" was kicked by "Console"
L 11/27/2025 - 18:09:00: "radeoneella<19><BOT><TERRORIST>" disconnected
L 11/27/2025 - 18:09:00: "radeoneella<20><STEAM_0:1:6427648><>" entered the game
L 11/27/2025 - 18:09:00: "radeoneella<20><STEAM_0:1:6427648><>" joined team "TERRORIST"
L 11/27/2025 - 18:09:00: World triggered "Game_Commencing"
L 11/27/2025 - 18:09:00: World triggered "Game_Commencing" (CT "1") (T "1")
L 11/27/2025 - 18:09:00: World triggered "Round_End"
L 11/27/2025 - 18:09:03: "Анна-Рысь<17><STEAM_0:1:1268224><CT>" killed "radeoneella<20><STEAM_0:1:6427648><TERRORIST>" with "ak47"
L 11/27/2025 - 18:09:03: World triggered "Round_Start"
L 11/27/2025 - 18:09:14: "Анна-Рысь<17><STEAM_0:1:1268224><CT>" killed "radeoneella<20><STEAM_0:1:6427648><TERRORIST>" with "ak47"
L 11/27/2025 - 18:09:14: Team "CT" triggered "CTs_Win" (CT "1") (T "0")
L 11/27/2025 - 18:09:14: World triggered "Round_End"
L 11/27/2025 - 18:09:14: "Анна-Рысь<17><STEAM_0:1:1268224><CT>" say "radeoneella, stupid"
L 11/27/2025 - 18:09:17: World triggered "Round_Start"
L 11/27/2025 - 18:09:40: "Анна-Рысь<17><STEAM_0:1:1268224><CT>" killed "radeoneella<20><STEAM_0:1:6427648><TERRORIST>" with "ak47"
L 11/27/2025 - 18:09:40: Team "CT" triggered "CTs_Win" (CT "2") (T "0")
L 11/27/2025 - 18:09:40: World triggered "Round_End"
L 11/27/2025 - 18:09:43: World triggered "Round_Start"
L 11/27/2025 - 18:09:50: "Анна-Рысь<17><STEAM_0:1:1268224><CT>" killed "radeoneella<20><STEAM_0:1:6427648><TERRORIST>" with "ak47"
L 11/27/2025 - 18:09:50: Team "CT" triggered "CTs_Win" (CT "3") (T "0")
L 11/27/2025 - 18:09:50: World triggered "Round_End"
L 11/27/2025 - 18:09:53: World triggered "Round_Start"
L 11/27/2025 - 18:09:59: "radeoneella<20><STEAM_0:1:6427648><TERRORIST>" killed "Анна-Рысь<17><STEAM_0:1:1268224><CT>" with "ak47"
L 11/27/2025 - 18:09:59: Team "TERRORIST" triggered "Terrorists_Win" (CT "3") (T "1")
L 11/27/2025 - 18:09:59: World triggered "Round_End"
L 11/27/2025 - 18:10:02: World triggered "Round_Start"
L 11/27/2025 - 18:10:10: "radeoneella<20><STEAM_0:1:6427648><TERRORIST>" killed "Анна-Рысь<17><STEAM_0:1:1268224><CT>" with "ak47"
L 11/27/2025 - 18:10:10: Team "TERRORIST" triggered "Terrorists_Win" (CT "3") (T "2")
L 11/27/2025 - 18:10:10: World triggered "Round_End"
L 11/27/2025 - 18:10:13: World triggered "Round_Start"
L 11/27/2025 - 18:10:23: "Анна-Рысь<17><STEAM_0:1:1268224><CT>" killed "radeoneella<20><STEAM_0:1:6427648><TERRORIST>" with "ak47"
L 11/27/2025 - 18:10:23: Team "CT" triggered "CTs_Win" (CT "4") (T "2")
L 11/27/2025 - 18:10:23: World triggered "Round_End"
L 11/27/2025 - 18:10:26: World triggered "Round_Start"
L 11/27/2025 - 18:10:33: "radeoneella<20><STEAM_0:1:6427648><TERRORIST>" killed "Анна-Рысь<17><STEAM_0:1:1268224><CT>" with "ak47"
L 11/27/2025 - 18:10:33: Team "TERRORIST" triggered "Terrorists_Win" (CT "4") (T "3")
L 11/27/2025 - 18:10:33: World triggered "Round_End"
L 11/27/2025 - 18:10:36: World triggered "Round_Start"
L 11/27/2025 - 18:10:45: "Анна-Рысь<17><STEAM_0:1:1268224><CT>" killed "radeoneella<20><STEAM_0:1:6427648><TERRORIST>" with "ak47"
L 11/27/2025 - 18:10:45: Team "CT" triggered "CTs_Win" (CT "5") (T "3")
L 11/27/2025 - 18:10:45: World triggered "Round_End"
L 11/27/2025 - 18:10:45: "Анна-Рысь<17><STEAM_0:1:1268224><CT>" say "radeoneella you bot"
L 11/27/2025 - 18:10:48: World triggered "Round_Start"
L 11/27/2025 - 18:10:53: "Анна-Рысь<17><STEAM_0:1:1268224><CT>" killed "radeoneella<20><STEAM_0:1:6427648><TERRORIST>" with "ak47"
L 11/27/2025 - 18:10:53: Team "CT" triggered "CTs_Win" (CT "6") (T "3")
L 11/27/2025 - 18:10:53: World triggered "Round_End"
L 11/27/2025 - 18:10:56: World triggered "Round_Start"
L 11/27/2025 - 18:11:05: "radeoneella<20><STEAM_0:1:6427648><TERRORIST>" killed "Анна-Рысь<17><STEAM_0:1:1268224><CT>" with "ak47"
L 11/27/2025 - 18:11:05: Team "TERRORIST" triggered "Terrorists_Win" (CT "6") (T "4")
L 11/27/2025 - 18:11:05: World triggered "Round_End"
L 11/27/2025 - 18:11:08: World triggered "Round_Start"
L 11/27/2025 - 18:11:16: "radeoneella<20><STEAM_0:1:6427648><TERRORIST>" killed "Анна-Рысь<17><STEAM_0:1:1268224><CT>" with "ak47"
L 11/27/2025 - 18:11:16: Team "TERRORIST" triggered "Terrorists_Win" (CT "6") (T "5")
L 11/27/2025 - 18:11:16: World triggered "Round_End"
L 11/27/2025 - 18:11:19: World triggered "Round_Start"
L 11/27/2025 - 18:11:28: "radeoneella<20><STEAM_0:1:6427648><TERRORIST>" killed "Анна-Рысь<17><STEAM_0:1:1268224><CT>" with "ak47"
L 11/27/2025 - 18:11:28: Team "TERRORIST" triggered "Terrorists_Win" (CT "6") (T "6")
L 11/27/2025 - 18:11:28: World triggered "Round_End"
L 11/27/2025 - 18:11:31: World triggered "Round_Start"
L 11/27/2025 - 18:11:39: "radeoneella<20><STEAM_0:1:6427648><TERRORIST>" killed "Анна-Рысь<17><STEAM_0:1:1268224><CT>" with "ak47"
L 11/27/2025 - 18:11:39: Team "TERRORIST" triggered "Terrorists_Win" (CT "6") (T "7")
L 11/27/2025 - 18:11:39: World triggered "Round_End"
L 11/27/2025 - 18:11:42: World triggered "Round_Start"
L 11/27/2025 - 18:12:01: "Анна-Рысь<17><STEAM_0:1:1268224><CT>" killed "radeoneella<20><STEAM_0:1:6427648><TERRORIST>" with "ak47"
L 11/27/2025 - 18:12:01: Team "CT" triggered "CTs_Win" (CT "7") (T "7")
L 11/27/2025 - 18:12:01: World triggered "Round_End"
L 11/27/2025 - 18:12:01: "Анна-Рысь<17><STEAM_0:1:1268224><CT>" say "radeoneella, stupid"
L 11/27/2025 - 18:12:04: World triggered "Round_Start"
L 11/27/2025 - 18:12:11: "radeoneella<20><STEAM_0:1:6427648><TERRORIST>" killed "Анна-Рысь<17><STEAM_0:1:1268224><CT>" with "ak47"
L 11/27/2025 - 18:12:11: Team "TERRORIST" triggered "Terrorists_Win" (CT "7") (T "8")
L 11/27/2025 - 18:12:11: World triggered "Round_End"
L 11/27/2025 - 18:12:11: "radeoneella<20><STEAM_0:1:6427648><TERRORIST>" say "Анна-Рысь you bot"
L 11/27/2025 - 18:12:14: World triggered "Round_Start"
L 11/27/2025 - 18:12:22: "Анна-Рысь<17><STEAM_0:1:1268224><CT>" killed "radeoneella<20><STEAM_0:1:6427648><TERRORIST>" with "ak47"
L 11/27/2025 - 18:12:22: Team "CT" triggered "CTs_Win" (CT "8") (T "8")
L 11/27/2025 - 18:12:22: World triggered "Round_End"
L 11/27/2025 - 18:12:22: "Анна-Рысь<17><STEAM_0:1:1268224><CT>" say "hahahaha"
L 11/27/2025 - 18:12:23: Kick: "radeoneella<20><STEAM_0:0:6><>" was kicked by "Console"
L 11/27/2025 - 18:12:23: "radeoneella<20><BOT><TERRORIST>" disconnected
L 11/27/2025 - 18:12:23: "Floralina<21><STEAM_0:1:642560><>" entered the game
L 11/27/2025 - 18:12:23: "Floralina<21><STEAM_0:1:642560><>" joined team "TERRORIST"
L 11/27/2025 - 18:12:25: World triggered "Round_Start"
L 11/27/2025 - 18:12:55: "Floralina<21><STEAM_0:1:642560><TERRORIST>" killed "Анна-Рысь<17><STEAM_0:1:1268224><CT>" with "ak47"
L 11/27/2025 - 18:12:55: Team "TERRORIST" triggered "Terrorists_Win" (CT "8") (T "9")
L 11/27/2025 - 18:12:55: World triggered "Round_End"
L 11/27/2025 - 18:12:58: World triggered "Round_Start"
L 11/27/2025 - 18:13:05: "Floralina<21><STEAM_0:1:642560><TERRORIST>" killed "Анна-Рысь<17><STEAM_0:1:1268224><CT>" with "ak47"
L 11/27/2025 - 18:13:05: Team "TERRORIST" triggered "Terrorists_Win" (CT "8") (T "10")
L 11/27/2025 - 18:13:05: World triggered "Round_End"
L 11/27/2025 - 18:13:08: World triggered "Round_Start"
L 11/27/2025 - 18:13:18: "Анна-Рысь<17><STEAM_0:1:1268224><CT>" killed "Floralina<21><STEAM_0:1:642560><TERRORIST>" with "ak47"
L 11/27/2025 - 18:13:18: Team "CT" triggered "CTs_Win" (CT "9") (T "10")
L 11/27/2025 - 18:13:18: World triggered "Round_End"
L 11/27/2025 - 18:13:21: World triggered "Round_Start"
L 11/27/2025 - 18:13:28: "Анна-Рысь<17><STEAM_0:1:1268224><CT>" killed "Floralina<21><STEAM_0:1:642560><TERRORIST>" with "ak47"
L 11/27/2025 - 18:13:28: Team "CT" triggered "CTs_Win" (CT "10") (T "10")
L 11/27/2025 - 18:13:28: World triggered "Round_End"
L 11/27/2025 - 18:13:31: World triggered "Round_Start"
L 11/27/2025 - 18:13:53: "Анна-Рысь<17><STEAM_0:1:1268224><CT>" killed "Floralina<21><STEAM_0:1:642560><TERRORIST>" with "ak47"
L 11/27/2025 - 18:13:53: Team "CT" triggered "CTs_Win" (CT "11") (T "10")
L 11/27/2025 - 18:13:53: World triggered "Round_End"
L 11/27/2025 - 18:13:56: World triggered "Round_Start"
L 11/27/2025 - 18:13:59: "Floralina<21><STEAM_0:1:642560><TERRORIST>" killed "Анна-Рысь<17><STEAM_0:1:1268224><CT>" with "ak47"
L 11/27/2025 - 18:13:59: Team "TERRORIST" triggered "Terrorists_Win" (CT "11") (T "11")
L 11/27/2025 - 18:13:59: World triggered "Round_End"
L 11/27/2025 - 18:13:59: "Floralina<21><STEAM_0:1:642560><TERRORIST>" say "you bot Анна-Рысь"
L 11/27/2025 - 18:14:02: World triggered "Round_Start"
L 11/27/2025 - 18:14:15: "Анна-Рысь<17><STEAM_0:1:1268224><CT>" killed "Floralina<21><STEAM_0:1:642560><TERRORIST>" with "ak47"
L 11/27/2025 - 18:14:15: Team "CT" triggered "CTs_Win" (CT "12") (T "11")
L 11/27/2025 - 18:14:15: World triggered "Round_End"
L 11/27/2025 - 18:14:15: "Анна-Рысь<17><STEAM_0:1:1268224><CT>" say "hahahaha"
L 11/27/2025 - 18:14:18: World triggered "Round_Start"
L 11/27/2025 - 18:14:26: "Анна-Рысь<17><STEAM_0:1:1268224><CT>" killed "Floralina<21><STEAM_0:1:642560><TERRORIST>" with "ak47"
L 11/27/2025 - 18:14:26: Team "CT" triggered "CTs_Win" (CT "13") (T "11")
L 11/27/2025 - 18:14:26: World triggered "Round_End"
L 11/27/2025 - 18:14:29: World triggered "Round_Start"
L 11/27/2025 - 18:14:38: "Floralina<21><STEAM_0:1:642560><TERRORIST>" killed "Анна-Рысь<17><STEAM_0:1:1268224><CT>" with "ak47"
L 11/27/2025 - 18:14:38: Team "TERRORIST" triggered "Terrorists_Win" (CT "13") (T "12")
L 11/27/2025 - 18:14:38: World triggered "Round_End"
L 11/27/2025 - 18:14:41: World triggered "Round_Start"
L 11/27/2025 - 18:15:18: "Анна-Рысь<17><STEAM_0:1:1268224><CT>" killed "Floralina<21><STEAM_0:1:642560><TERRORIST>" with "ak47"
L 11/27/2025 - 18:15:18: Team "CT" triggered "CTs_Win" (CT "14") (T "12")
L 11/27/2025 - 18:15:18: World triggered "Round_End"
L 11/27/2025 - 18:15:21: World triggered "Round_Start"
L 11/27/2025 - 18:15:22: Kick: "Floralina<21><STEAM_0:1:6><>" was kicked by "Console"
L 11/27/2025 - 18:15:22: "Floralina<21><BOT><TERRORIST>" disconnected
L 11/27/2025 - 18:15:22: "Aleksandr.Popov<22><STEAM_0:1:9348096><>" entered the game
L 11/27/2025 - 18:15:22: "Aleksandr.Popov<22><STEAM_0:1:9348096><>" joined team "TERRORIST"
L 11/27/2025 - 18:15:22: World triggered "Game_Commencing"
L 11/27/2025 - 18:15:22: World triggered "Game_Commencing" (CT "14") (T "12")
L 11/27/2025 - 18:15:22: World triggered "Round_End"
L 11/27/2025 - 18:15:25: World triggered "Round_Start"
L 11/27/2025 - 18:15:45: "Aleksandr.Popov<22><STEAM_0:1:9348096><TERRORIST>" killed "Анна-Рысь<17><STEAM_0:1:1268224><CT>" with "ak47"
L 11/27/2025 - 18:15:45: Team "TERRORIST" triggered "Terrorists_Win" (CT "0") (T "1")
L 11/27/2025 - 18:15:45: World triggered "Round_End"
L 11/27/2025 - 18:15:45: "Анна-Рысь<17><STEAM_0:1:1268224><CT>" say "01:41 left" (dead)
L 11/27/2025 - 18:15:48: World triggered "Round_Start"
L 11/27/2025 - 18:15:57: "Анна-Рысь<17><STEAM_0:1:1268224><CT>" killed "Aleksandr.Popov<22><STEAM_0:1:9348096><TERRORIST>" with "ak47"
L 11/27/2025 - 18:15:57: Team "CT" triggered "CTs_Win" (CT "1") (T "1")
L 11/27/2025 - 18:15:57: World triggered "Round_End"
L 11/27/2025 - 18:16:00: World triggered "Round_Start"
L 11/27/2025 - 18:16:07: "Анна-Рысь<17><STEAM_0:1:1268224><CT>" killed "Aleksandr.Popov<22><STEAM_0:1:9348096><TERRORIST>" with "ak47"
L 11/27/2025 - 18:16:07: Team "CT" triggered "CTs_Win" (CT "2") (T "1")
L 11/27/2025 - 18:16:07: World triggered "Round_End"
L 11/27/2025 - 18:16:10: World triggered "Round_Start"
L 11/27/2025 - 18:16:17: "Aleksandr.Popov<22><STEAM_0:1:9348096><TERRORIST>" killed "Анна-Рысь<17><STEAM_0:1:1268224><CT>" with "ak47"
L 11/27/2025 - 18:16:17: Team "TERRORIST" triggered "Terrorists_Win" (CT "2") (T "2")
L 11/27/2025 - 18:16:17: World triggered "Round_End"
L 11/27/2025 - 18:16:20: World triggered "Round_Start"
L 11/27/2025 - 18:16:28: "Анна-Рысь<17><STEAM_0:1:1268224><CT>" killed "Aleksandr.Popov<22><STEAM_0:1:9348096><TERRORIST>" with "ak47"
L 11/27/2025 - 18:16:28: Team "CT" triggered "CTs_Win" (CT "3") (T "2")
L 11/27/2025 - 18:16:28: World triggered "Round_End"
L 11/27/2025 - 18:16:31: World triggered "Round_Start"
L 11/27/2025 - 18:16:41: Server cvar "amx_nextmap" = "de_dust2"
L 11/27/2025 - 18:16:41: Server cvar "mp_chattime" = "11.000000"
L 11/27/2025 - 18:16:51: Server cvar "mp_chattime" = "10.000000"
L 11/27/2025 - 18:16:52: "Aleksandr.Popov<22><BOT><TERRORIST>" disconnected
L 11/27/2025 - 18:16:52: "Анна-Рысь<17><BOT><CT>" disconnected
L 11/27/2025 - 18:16:52: World triggered "Round_Draw" (CT "3") (T "2")
L 11/27/2025 - 18:16:52: World triggered "Round_End"
L 11/27/2025 - 18:16:52: [META] ini: Begin re-reading plugins list: c:/~dl/sonstz/gameshit/cs 1.6 shit/_falconz-cs16-server/cstrike/addons/metamod/plugins.ini
L 11/27/2025 - 18:16:52: [META] ini: Read plugin config for: AMX Mod X
L 11/27/2025 - 18:16:52: [META] ini: Read plugin config for: Rechecker
L 11/27/2025 - 18:16:52: [META] ini: Read plugin config for: ReSemiclip
L 11/27/2025 - 18:16:52: [META] ini: Read plugin config for: HitBox Fix
L 11/27/2025 - 18:16:52: [META] ini: Read plugin config for: YaPB
L 11/27/2025 - 18:16:52: [META] ini: Finished reading plugins list: c:/~dl/sonstz/gameshit/cs 1.6 shit/_falconz-cs16-server/cstrike/addons/metamod/plugins.ini; Found 5 plugins
L 11/27/2025 - 18:16:52: [META] dll: Updating plugins...
L 11/27/2025 - 18:16:52: [META] dll: Finished updating 16 plugins; kept 5, loaded 0, unloaded 0, reloaded 0, delayed 0
L 11/27/2025 - 18:16:52: [META] dll: Rebuilding callbacks...
L 11/27/2025 - 18:16:52: [META] dll: Callbacks rebuilded.
L 11/27/2025 - 18:16:52: Log file closed
