L 11/27/2025 - 19:08:25: Log file started (file "logs\L1127013.log") (game "cstrike") (version "48/1.1.2.7/Stdio/4002")
L 11/27/2025 - 19:08:25: Loading map "de_dust2"
L 11/27/2025 - 19:08:25: Server cvars start
L 11/27/2025 - 19:08:25: Server cvar "allow_spectators" = "1.0"
L 11/27/2025 - 19:08:25: Server cvar "amx_client_languages" = "1"
L 11/27/2025 - 19:08:25: Server cvar "amx_language" = "en"
L 11/27/2025 - 19:08:25: Server cvar "amx_nextmap" = "de_dust2"
L 11/27/2025 - 19:08:25: Server cvar "amxmodx_version" = "1.9.0.5294"
L 11/27/2025 - 19:08:25: Server cvar "coop" = "0"
L 11/27/2025 - 19:08:25: Server cvar "deathmatch" = "1"
L 11/27/2025 - 19:08:25: Server cvar "decalfrequency" = "3"
L 11/27/2025 - 19:08:25: Server cvar "edgefriction" = "2"
L 11/27/2025 - 19:08:25: Server cvar "ff_damage_reduction_bullets" = "0.35"
L 11/27/2025 - 19:08:25: Server cvar "ff_damage_reduction_grenade" = "0.25"
L 11/27/2025 - 19:08:25: Server cvar "ff_damage_reduction_grenade_self" = "1.0"
L 11/27/2025 - 19:08:25: Server cvar "ff_damage_reduction_other" = "0.35"
L 11/27/2025 - 19:08:25: Server cvar "game_version" = "5.28.0.756-dev"
L 11/27/2025 - 19:08:25: Server cvar "hbf_debug" = "0"
L 11/27/2025 - 19:08:25: Server cvar "hbf_enabled" = "1"
L 11/27/2025 - 19:08:25: Server cvar "humans_join_team" = "any"
L 11/27/2025 - 19:08:25: Server cvar "jtp10181" = "gore,wa"
L 11/27/2025 - 19:08:25: Server cvar "mapm_admin_menu_delay" = "1"
L 11/27/2025 - 19:08:25: Server cvar "mapm_admin_menu_maplist" = "maps.ini"
L 11/27/2025 - 19:08:25: Server cvar "mapm_version" = "3.3.1"
L 11/27/2025 - 19:08:25: Server cvar "max_queries_sec" = "3.0"
L 11/27/2025 - 19:08:25: Server cvar "max_queries_sec_global" = "30"
L 11/27/2025 - 19:08:25: Server cvar "max_queries_window" = "60"
L 11/27/2025 - 19:08:25: Server cvar "metamod_version" = "1.3.0.149"
L 11/27/2025 - 19:08:25: Server cvar "mp_afk_bomb_drop_time" = "15"
L 11/27/2025 - 19:08:25: Server cvar "mp_ammo_respawn_time" = "20"
L 11/27/2025 - 19:08:25: Server cvar "mp_autokick" = "1"
L 11/27/2025 - 19:08:25: Server cvar "mp_autokick_timeout" = "-1"
L 11/27/2025 - 19:08:25: Server cvar "mp_autoteambalance" = "0"
L 11/27/2025 - 19:08:25: Server cvar "mp_buy_anywhere" = "0"
L 11/27/2025 - 19:08:25: Server cvar "mp_buytime" = "1.5"
L 11/27/2025 - 19:08:25: Server cvar "mp_c4timer" = "45"
L 11/27/2025 - 19:08:25: Server cvar "mp_chattime" = "10.000000"
L 11/27/2025 - 19:08:25: Server cvar "mp_consistency" = "1"
L 11/27/2025 - 19:08:25: Server cvar "mp_fadetoblack" = "0"
L 11/27/2025 - 19:08:25: Server cvar "mp_falldamage" = "1"
L 11/27/2025 - 19:08:25: Server cvar "mp_flashlight" = "0"
L 11/27/2025 - 19:08:25: Server cvar "mp_footsteps" = "1"
L 11/27/2025 - 19:08:25: Server cvar "mp_forcecamera" = "0"
L 11/27/2025 - 19:08:25: Server cvar "mp_forcechasecam" = "0"
L 11/27/2025 - 19:08:25: Server cvar "mp_forcerespawn" = "0"
L 11/27/2025 - 19:08:25: Server cvar "mp_fraglimit" = "0"
L 11/27/2025 - 19:08:25: Server cvar "mp_fragsleft" = "0"
L 11/27/2025 - 19:08:25: Server cvar "mp_freeforall" = "0"
L 11/27/2025 - 19:08:25: Server cvar "mp_freezetime" = "0.5"
L 11/27/2025 - 19:08:25: Server cvar "mp_friendlyfire" = "1"
L 11/27/2025 - 19:08:25: Server cvar "mp_give_player_c4" = "1"
L 11/27/2025 - 19:08:25: Server cvar "mp_hostage_hurtable" = "1"
L 11/27/2025 - 19:08:25: Server cvar "mp_hostagepenalty" = "13"
L 11/27/2025 - 19:08:25: Server cvar "mp_infinite_ammo" = "0"
L 11/27/2025 - 19:08:25: Server cvar "mp_infinite_grenades" = "0"
L 11/27/2025 - 19:08:25: Server cvar "mp_item_respawn_time" = "30"
L 11/27/2025 - 19:08:25: Server cvar "mp_item_staytime" = "300"
L 11/27/2025 - 19:08:25: Server cvar "mp_kickpercent" = "0.66"
L 11/27/2025 - 19:08:25: Server cvar "mp_limitteams" = "2"
L 11/27/2025 - 19:08:25: Server cvar "mp_logdetail" = "0"
L 11/27/2025 - 19:08:25: Server cvar "mp_logfile" = "1"
L 11/27/2025 - 19:08:25: Server cvar "mp_logmessages" = "1"
L 11/27/2025 - 19:08:25: Server cvar "mp_mapvoteratio" = "0.66"
L 11/27/2025 - 19:08:25: Server cvar "mp_maxmoney" = "32000"
L 11/27/2025 - 19:08:25: Server cvar "mp_maxrounds" = "0"
L 11/27/2025 - 19:08:25: Server cvar "mp_playerid" = "0"
L 11/27/2025 - 19:08:25: Server cvar "mp_radio_maxinround" = "60"
L 11/27/2025 - 19:08:25: Server cvar "mp_radio_timeout" = "0"
L 11/27/2025 - 19:08:25: Server cvar "mp_respawn_immunity_effects" = "1"
L 11/27/2025 - 19:08:25: Server cvar "mp_respawn_immunity_force_unset" = "1"
L 11/27/2025 - 19:08:25: Server cvar "mp_respawn_immunitytime" = "0"
L 11/27/2025 - 19:08:25: Server cvar "mp_round_infinite" = "0"
L 11/27/2025 - 19:08:25: Server cvar "mp_round_restart_delay" = "3"
L 11/27/2025 - 19:08:25: Server cvar "mp_roundover" = "0"
L 11/27/2025 - 19:08:25: Server cvar "mp_roundtime" = "2"
L 11/27/2025 - 19:08:25: Server cvar "mp_scoreboard_showdefkit" = "1"
L 11/27/2025 - 19:08:25: Server cvar "mp_scoreboard_showhealth" = "5"
L 11/27/2025 - 19:08:25: Server cvar "mp_scoreboard_showmoney" = "5"
L 11/27/2025 - 19:08:25: Server cvar "mp_show_scenarioicon" = "1"
L 11/27/2025 - 19:08:25: Server cvar "mp_startmoney" = "800"
L 11/27/2025 - 19:08:25: Server cvar "mp_timeleft" = "06:53"
L 11/27/2025 - 19:08:25: Server cvar "mp_timelimit" = "15"
L 11/27/2025 - 19:08:25: Server cvar "mp_tkpunish" = "0"
L 11/27/2025 - 19:08:25: Server cvar "mp_weapon_respawn_time" = "20"
L 11/27/2025 - 19:08:25: Server cvar "mp_weapons_allow_map_placed" = "1"
L 11/27/2025 - 19:08:25: Server cvar "mp_windifference" = "1"
L 11/27/2025 - 19:08:25: Server cvar "mp_winlimit" = "0"
L 11/27/2025 - 19:08:25: Server cvar "pausable" = "0"
L 11/27/2025 - 19:08:25: Server cvar "resemiclip_version" = "2.4.3"
L 11/27/2025 - 19:08:25: Server cvar "sv_accelerate" = "5"
L 11/27/2025 - 19:08:25: Server cvar "sv_aim" = "0"
L 11/27/2025 - 19:08:25: Server cvar "sv_airaccelerate" = "10"
L 11/27/2025 - 19:08:25: Server cvar "sv_allow_autoaim" = "1"
L 11/27/2025 - 19:08:25: Server cvar "sv_allowupload" = "1"
L 11/27/2025 - 19:08:25: Server cvar "sv_alltalk" = "1"
L 11/27/2025 - 19:08:25: Server cvar "sv_bounce" = "1"
L 11/27/2025 - 19:08:25: Server cvar "sv_cheats" = "0"
L 11/27/2025 - 19:08:25: Server cvar "sv_clienttrace" = "1"
L 11/27/2025 - 19:08:25: Server cvar "sv_contact" = ""
L 11/27/2025 - 19:08:25: Server cvar "sv_friction" = "4"
L 11/27/2025 - 19:08:25: Server cvar "sv_gravity" = "800"
L 11/27/2025 - 19:08:25: Server cvar "sv_logblocks" = "0"
L 11/27/2025 - 19:08:25: Server cvar "sv_maxrate" = "250000"
L 11/27/2025 - 19:08:25: Server cvar "sv_maxspeed" = "900"
L 11/27/2025 - 19:08:25: Server cvar "sv_minrate" = "25000"
L 11/27/2025 - 19:08:25: Server cvar "sv_password" = ""
L 11/27/2025 - 19:08:25: Server cvar "sv_proxies" = "1"
L 11/27/2025 - 19:08:25: Server cvar "sv_restart" = "0"
L 11/27/2025 - 19:08:25: Server cvar "sv_restartround" = "0"
L 11/27/2025 - 19:08:25: Server cvar "sv_stepsize" = "18"
L 11/27/2025 - 19:08:25: Server cvar "sv_stopspeed" = "75"
L 11/27/2025 - 19:08:25: Server cvar "sv_uploadmax" = "7.77"
L 11/27/2025 - 19:08:25: Server cvar "sv_version" = "1.1.2.7/Stdio,48,4002"
L 11/27/2025 - 19:08:25: Server cvar "sv_voiceenable" = "1"
L 11/27/2025 - 19:08:25: Server cvar "sv_wateraccelerate" = "10"
L 11/27/2025 - 19:08:25: Server cvar "sv_waterfriction" = "1"
L 11/27/2025 - 19:08:25: Server cvar "UAIO (Admin Menu)" = "1.50"
L 11/27/2025 - 19:08:25: Server cvar "weaponarena_version" = "2.0.4"
L 11/27/2025 - 19:08:25: Server cvar "yb_version" = "4.4.957"
L 11/27/2025 - 19:08:25: Server cvars end
L 11/27/2025 - 19:08:26: Server cvar "mp_timelimit" = "20"
L 11/27/2025 - 19:08:28: Server cvar "sv_maxspeed" = "320"
L 11/27/2025 - 19:08:28: Server cvar "mp_timelimit" = "15"
L 11/27/2025 - 19:08:28: Server cvar "sv_maxspeed" = "900"
L 11/27/2025 - 19:08:28: Server cvar "amx_nextmap" = "de_dust2002"
L 11/27/2025 - 19:08:28: Started map "de_dust2" (CRC "1159425449")
L 11/27/2025 - 19:08:29: World triggered "Round_Start"
L 11/27/2025 - 19:08:32: "AssassinCCCP<33><STEAM_0:1:9255936><>" entered the game
L 11/27/2025 - 19:08:32: "AssassinCCCP<33><STEAM_0:1:9255936><>" joined team "CT"
L 11/27/2025 - 19:08:33: "unfineano<34><STEAM_0:1:5208064><>" entered the game
L 11/27/2025 - 19:08:33: "unfineano<34><STEAM_0:1:5208064><>" joined team "TERRORIST"
L 11/27/2025 - 19:08:33: World triggered "Game_Commencing"
L 11/27/2025 - 19:08:33: World triggered "Game_Commencing" (CT "0") (T "0")
L 11/27/2025 - 19:08:33: World triggered "Round_End"
L 11/27/2025 - 19:08:36: "unfineano<34><STEAM_0:1:5208064><TERRORIST>" triggered "Spawned_With_The_Bomb"
L 11/27/2025 - 19:08:36: World triggered "Round_Start"
L 11/27/2025 - 19:09:15: "unfineano<34><STEAM_0:1:5208064><TERRORIST>" triggered "Planted_The_Bomb"
L 11/27/2025 - 19:09:16: "AssassinCCCP<33><STEAM_0:1:9255936><CT>" say "Come on unfineano,"
L 11/27/2025 - 19:09:18: "unfineano<34><STEAM_0:1:5208064><TERRORIST>" killed "AssassinCCCP<33><STEAM_0:1:9255936><CT>" with "glock18"
L 11/27/2025 - 19:09:18: Team "TERRORIST" triggered "Terrorists_Win" (CT "0") (T "1")
L 11/27/2025 - 19:09:18: World triggered "Round_End"
L 11/27/2025 - 19:09:21: "unfineano<34><STEAM_0:1:5208064><TERRORIST>" triggered "Spawned_With_The_Bomb"
L 11/27/2025 - 19:09:21: World triggered "Round_Start"
L 11/27/2025 - 19:09:41: "unfineano<34><STEAM_0:1:5208064><TERRORIST>" killed "AssassinCCCP<33><STEAM_0:1:9255936><CT>" with "ak47"
L 11/27/2025 - 19:09:41: Team "TERRORIST" triggered "Terrorists_Win" (CT "0") (T "2")
L 11/27/2025 - 19:09:41: World triggered "Round_End"
L 11/27/2025 - 19:09:44: "unfineano<34><STEAM_0:1:5208064><TERRORIST>" triggered "Spawned_With_The_Bomb"
L 11/27/2025 - 19:09:44: World triggered "Round_Start"
L 11/27/2025 - 19:10:05: "unfineano<34><STEAM_0:1:5208064><TERRORIST>" killed "AssassinCCCP<33><STEAM_0:1:9255936><CT>" with "ak47"
L 11/27/2025 - 19:10:05: Team "TERRORIST" triggered "Terrorists_Win" (CT "0") (T "3")
L 11/27/2025 - 19:10:05: World triggered "Round_End"
L 11/27/2025 - 19:10:08: "unfineano<34><STEAM_0:1:5208064><TERRORIST>" triggered "Spawned_With_The_Bomb"
L 11/27/2025 - 19:10:08: World triggered "Round_Start"
L 11/27/2025 - 19:10:29: "unfineano<34><STEAM_0:1:5208064><TERRORIST>" killed "AssassinCCCP<33><STEAM_0:1:9255936><CT>" with "ak47"
L 11/27/2025 - 19:10:29: Team "TERRORIST" triggered "Terrorists_Win" (CT "0") (T "4")
L 11/27/2025 - 19:10:29: World triggered "Round_End"
L 11/27/2025 - 19:10:32: "unfineano<34><STEAM_0:1:5208064><TERRORIST>" triggered "Spawned_With_The_Bomb"
L 11/27/2025 - 19:10:32: World triggered "Round_Start"
L 11/27/2025 - 19:10:56: "unfineano<34><STEAM_0:1:5208064><TERRORIST>" killed "AssassinCCCP<33><STEAM_0:1:9255936><CT>" with "ak47"
L 11/27/2025 - 19:10:56: Team "TERRORIST" triggered "Terrorists_Win" (CT "0") (T "5")
L 11/27/2025 - 19:10:56: World triggered "Round_End"
L 11/27/2025 - 19:10:59: "unfineano<34><STEAM_0:1:5208064><TERRORIST>" triggered "Spawned_With_The_Bomb"
L 11/27/2025 - 19:10:59: World triggered "Round_Start"
L 11/27/2025 - 19:11:25: "AssassinCCCP<33><STEAM_0:1:9255936><CT>" killed "unfineano<34><STEAM_0:1:5208064><TERRORIST>" with "usp"
L 11/27/2025 - 19:11:25: Team "CT" triggered "CTs_Win" (CT "1") (T "5")
L 11/27/2025 - 19:11:25: World triggered "Round_End"
L 11/27/2025 - 19:11:28: "unfineano<34><STEAM_0:1:5208064><TERRORIST>" triggered "Spawned_With_The_Bomb"
L 11/27/2025 - 19:11:28: World triggered "Round_Start"
L 11/27/2025 - 19:11:56: "AssassinCCCP<33><STEAM_0:1:9255936><CT>" killed "unfineano<34><STEAM_0:1:5208064><TERRORIST>" with "ak47"
L 11/27/2025 - 19:11:56: Team "CT" triggered "CTs_Win" (CT "2") (T "5")
L 11/27/2025 - 19:11:56: World triggered "Round_End"
L 11/27/2025 - 19:11:59: "unfineano<34><STEAM_0:1:5208064><TERRORIST>" triggered "Spawned_With_The_Bomb"
L 11/27/2025 - 19:11:59: World triggered "Round_Start"
L 11/27/2025 - 19:12:31: "unfineano<34><STEAM_0:1:5208064><TERRORIST>" triggered "Planted_The_Bomb"
L 11/27/2025 - 19:12:31: "AssassinCCCP<33><STEAM_0:1:9255936><CT>" say "Come on unfineano,"
L 11/27/2025 - 19:12:47: "unfineano<34><STEAM_0:1:5208064><TERRORIST>" killed "AssassinCCCP<33><STEAM_0:1:9255936><CT>" with "galil"
L 11/27/2025 - 19:12:47: Team "TERRORIST" triggered "Terrorists_Win" (CT "2") (T "6")
L 11/27/2025 - 19:12:47: World triggered "Round_End"
L 11/27/2025 - 19:12:50: "unfineano<34><STEAM_0:1:5208064><TERRORIST>" triggered "Spawned_With_The_Bomb"
L 11/27/2025 - 19:12:50: World triggered "Round_Start"
L 11/27/2025 - 19:13:21: "unfineano<34><STEAM_0:1:5208064><TERRORIST>" triggered "Planted_The_Bomb"
L 11/27/2025 - 19:13:21: "AssassinCCCP<33><STEAM_0:1:9255936><CT>" say "Come on unfineano,"
L 11/27/2025 - 19:13:39: "unfineano<34><STEAM_0:1:5208064><TERRORIST>" killed "AssassinCCCP<33><STEAM_0:1:9255936><CT>" with "galil"
L 11/27/2025 - 19:13:39: Team "TERRORIST" triggered "Terrorists_Win" (CT "2") (T "7")
L 11/27/2025 - 19:13:39: World triggered "Round_End"
L 11/27/2025 - 19:13:42: "unfineano<34><STEAM_0:1:5208064><TERRORIST>" triggered "Spawned_With_The_Bomb"
L 11/27/2025 - 19:13:42: World triggered "Round_Start"
L 11/27/2025 - 19:14:10: "unfineano<34><STEAM_0:1:5208064><TERRORIST>" triggered "Planted_The_Bomb"
L 11/27/2025 - 19:14:10: "AssassinCCCP<33><STEAM_0:1:9255936><CT>" say "Come on unfineano,"
L 11/27/2025 - 19:14:40: "unfineano<34><STEAM_0:1:5208064><TERRORIST>" killed "AssassinCCCP<33><STEAM_0:1:9255936><CT>" with "galil"
L 11/27/2025 - 19:14:40: Team "TERRORIST" triggered "Terrorists_Win" (CT "2") (T "8")
L 11/27/2025 - 19:14:40: World triggered "Round_End"
L 11/27/2025 - 19:14:43: "unfineano<34><STEAM_0:1:5208064><TERRORIST>" triggered "Spawned_With_The_Bomb"
L 11/27/2025 - 19:14:43: World triggered "Round_Start"
L 11/27/2025 - 19:15:17: "unfineano<34><STEAM_0:1:5208064><TERRORIST>" triggered "Planted_The_Bomb"
L 11/27/2025 - 19:15:17: "AssassinCCCP<33><STEAM_0:1:9255936><CT>" say "Come on unfineano,"
L 11/27/2025 - 19:15:33: "AssassinCCCP<33><STEAM_0:1:9255936><CT>" killed "unfineano<34><STEAM_0:1:5208064><TERRORIST>" with "mp5navy"
L 11/27/2025 - 19:15:37: "AssassinCCCP<33><STEAM_0:1:9255936><CT>" triggered "Begin_Bomb_Defuse_With_Kit"
L 11/27/2025 - 19:15:42: "AssassinCCCP<33><STEAM_0:1:9255936><CT>" triggered "Defused_The_Bomb"
L 11/27/2025 - 19:15:42: Team "CT" triggered "Bomb_Defused" (CT "3") (T "8")
L 11/27/2025 - 19:15:42: World triggered "Round_End"
L 11/27/2025 - 19:15:45: "unfineano<34><STEAM_0:1:5208064><TERRORIST>" triggered "Spawned_With_The_Bomb"
L 11/27/2025 - 19:15:45: World triggered "Round_Start"
L 11/27/2025 - 19:16:15: "unfineano<34><STEAM_0:1:5208064><TERRORIST>" killed "AssassinCCCP<33><STEAM_0:1:9255936><CT>" with "ak47"
L 11/27/2025 - 19:16:15: Team "TERRORIST" triggered "Terrorists_Win" (CT "3") (T "9")
L 11/27/2025 - 19:16:15: World triggered "Round_End"
L 11/27/2025 - 19:16:16: "AssassinCCCP<33><STEAM_0:1:9255936><CT>" killed "unfineano<34><STEAM_0:1:5208064><TERRORIST>" with "grenade"
L 11/27/2025 - 19:16:18: "unfineano<34><STEAM_0:1:5208064><TERRORIST>" triggered "Spawned_With_The_Bomb"
L 11/27/2025 - 19:16:18: World triggered "Round_Start"
L 11/27/2025 - 19:16:52: "unfineano<34><STEAM_0:1:5208064><TERRORIST>" triggered "Planted_The_Bomb"
L 11/27/2025 - 19:16:52: "AssassinCCCP<33><STEAM_0:1:9255936><CT>" say "Come on unfineano,"
L 11/27/2025 - 19:16:58: "AssassinCCCP<33><STEAM_0:1:9255936><CT>" killed "unfineano<34><STEAM_0:1:5208064><TERRORIST>" with "famas"
L 11/27/2025 - 19:16:58: "AssassinCCCP<33><STEAM_0:1:9255936><CT>" say "unfineano, stupid"
L 11/27/2025 - 19:17:09: "unfineano<34><STEAM_0:1:5208064><TERRORIST>" say "gg" (dead)
L 11/27/2025 - 19:17:16: "AssassinCCCP<33><STEAM_0:1:9255936><CT>" triggered "Begin_Bomb_Defuse_With_Kit"
L 11/27/2025 - 19:17:21: "AssassinCCCP<33><STEAM_0:1:9255936><CT>" triggered "Defused_The_Bomb"
L 11/27/2025 - 19:17:21: Team "CT" triggered "Bomb_Defused" (CT "4") (T "9")
L 11/27/2025 - 19:17:21: World triggered "Round_End"
L 11/27/2025 - 19:17:24: "unfineano<34><STEAM_0:1:5208064><TERRORIST>" triggered "Spawned_With_The_Bomb"
L 11/27/2025 - 19:17:24: World triggered "Round_Start"
L 11/27/2025 - 19:17:24: "unfineano<34><STEAM_0:1:5208064><TERRORIST>" triggered "Dropped_The_Bomb"
L 11/27/2025 - 19:17:28: "unfineano<34><STEAM_0:1:5208064><TERRORIST>" triggered "Got_The_Bomb"
L 11/27/2025 - 19:17:51: "AssassinCCCP<33><STEAM_0:1:9255936><CT>" killed "unfineano<34><STEAM_0:1:5208064><TERRORIST>" with "famas"
L 11/27/2025 - 19:17:51: Team "CT" triggered "CTs_Win" (CT "5") (T "9")
L 11/27/2025 - 19:17:51: World triggered "Round_End"
L 11/27/2025 - 19:17:54: "unfineano<34><STEAM_0:1:5208064><TERRORIST>" triggered "Spawned_With_The_Bomb"
L 11/27/2025 - 19:17:54: World triggered "Round_Start"
L 11/27/2025 - 19:18:17: "AssassinCCCP<33><STEAM_0:1:9255936><CT>" killed "unfineano<34><STEAM_0:1:5208064><TERRORIST>" with "famas"
L 11/27/2025 - 19:18:17: Team "CT" triggered "CTs_Win" (CT "6") (T "9")
L 11/27/2025 - 19:18:17: World triggered "Round_End"
L 11/27/2025 - 19:18:20: "unfineano<34><STEAM_0:1:5208064><TERRORIST>" triggered "Spawned_With_The_Bomb"
L 11/27/2025 - 19:18:20: World triggered "Round_Start"
L 11/27/2025 - 19:18:45: "unfineano<34><STEAM_0:1:5208064><TERRORIST>" triggered "Planted_The_Bomb"
L 11/27/2025 - 19:18:45: "AssassinCCCP<33><STEAM_0:1:9255936><CT>" say "Come on unfineano,"
L 11/27/2025 - 19:18:54: "unfineano<34><STEAM_0:1:5208064><TERRORIST>" killed "AssassinCCCP<33><STEAM_0:1:9255936><CT>" with "ak47"
L 11/27/2025 - 19:18:54: Team "TERRORIST" triggered "Terrorists_Win" (CT "6") (T "10")
L 11/27/2025 - 19:18:54: World triggered "Round_End"
L 11/27/2025 - 19:18:57: "unfineano<34><STEAM_0:1:5208064><TERRORIST>" triggered "Spawned_With_The_Bomb"
L 11/27/2025 - 19:18:57: World triggered "Round_Start"
L 11/27/2025 - 19:19:31: "unfineano<34><STEAM_0:1:5208064><TERRORIST>" killed "AssassinCCCP<33><STEAM_0:1:9255936><CT>" with "ak47"
L 11/27/2025 - 19:19:31: Team "TERRORIST" triggered "Terrorists_Win" (CT "6") (T "11")
L 11/27/2025 - 19:19:31: World triggered "Round_End"
L 11/27/2025 - 19:19:34: "unfineano<34><STEAM_0:1:5208064><TERRORIST>" triggered "Spawned_With_The_Bomb"
L 11/27/2025 - 19:19:34: World triggered "Round_Start"
L 11/27/2025 - 19:20:16: "unfineano<34><STEAM_0:1:5208064><TERRORIST>" triggered "Planted_The_Bomb"
L 11/27/2025 - 19:20:16: "AssassinCCCP<33><STEAM_0:1:9255936><CT>" say "Come on unfineano,"
L 11/27/2025 - 19:20:29: "unfineano<34><STEAM_0:1:5208064><TERRORIST>" killed "AssassinCCCP<33><STEAM_0:1:9255936><CT>" with "ak47"
L 11/27/2025 - 19:20:29: Team "TERRORIST" triggered "Terrorists_Win" (CT "6") (T "12")
L 11/27/2025 - 19:20:29: World triggered "Round_End"
L 11/27/2025 - 19:20:32: "unfineano<34><STEAM_0:1:5208064><TERRORIST>" triggered "Spawned_With_The_Bomb"
L 11/27/2025 - 19:20:32: World triggered "Round_Start"
L 11/27/2025 - 19:21:14: "unfineano<34><STEAM_0:1:5208064><TERRORIST>" triggered "Planted_The_Bomb"
L 11/27/2025 - 19:21:14: "AssassinCCCP<33><STEAM_0:1:9255936><CT>" say "come on unfineano,"
L 11/27/2025 - 19:21:59: Team "TERRORIST" triggered "Target_Bombed" (CT "6") (T "13")
L 11/27/2025 - 19:21:59: World triggered "Round_End"
L 11/27/2025 - 19:22:02: "unfineano<34><STEAM_0:1:5208064><TERRORIST>" triggered "Spawned_With_The_Bomb"
L 11/27/2025 - 19:22:02: World triggered "Round_Start"
L 11/27/2025 - 19:22:23: "unfineano<34><STEAM_0:1:5208064><TERRORIST>" killed "AssassinCCCP<33><STEAM_0:1:9255936><CT>" with "ak47"
L 11/27/2025 - 19:22:23: Team "TERRORIST" triggered "Terrorists_Win" (CT "6") (T "14")
L 11/27/2025 - 19:22:23: World triggered "Round_End"
L 11/27/2025 - 19:22:23: "unfineano<34><STEAM_0:1:5208064><TERRORIST>" say "AssassinCCCP, stupid"
L 11/27/2025 - 19:22:26: "unfineano<34><STEAM_0:1:5208064><TERRORIST>" triggered "Spawned_With_The_Bomb"
L 11/27/2025 - 19:22:26: World triggered "Round_Start"
L 11/27/2025 - 19:22:55: "unfineano<34><STEAM_0:1:5208064><TERRORIST>" triggered "Planted_The_Bomb"
L 11/27/2025 - 19:22:55: "AssassinCCCP<33><STEAM_0:1:9255936><CT>" say "Come on unfineano,"
L 11/27/2025 - 19:23:20: "unfineano<34><STEAM_0:1:5208064><TERRORIST>" killed "AssassinCCCP<33><STEAM_0:1:9255936><CT>" with "ak47"
L 11/27/2025 - 19:23:20: Team "TERRORIST" triggered "Terrorists_Win" (CT "6") (T "15")
L 11/27/2025 - 19:23:20: World triggered "Round_End"
L 11/27/2025 - 19:23:22: "AssassinCCCP<33><STEAM_0:1:9255936><CT>" say "unfineano ggogogogooo!!" (dead)
L 11/27/2025 - 19:23:23: "unfineano<34><STEAM_0:1:5208064><TERRORIST>" triggered "Spawned_With_The_Bomb"
L 11/27/2025 - 19:23:23: World triggered "Round_Start"
L 11/27/2025 - 19:23:36: Team "CT" scored "6" with "1" players
L 11/27/2025 - 19:23:36: Team "TERRORIST" scored "15" with "1" players
L 11/27/2025 - 19:23:36: Server cvar "mp_chattime" = "11.000000"
L 11/27/2025 - 19:23:46: Server cvar "mp_chattime" = "10.000000"
L 11/27/2025 - 19:23:46: [META] ini: Begin re-reading plugins list: c:/~dl/sonstz/gameshit/cs 1.6 shit/_falconz-cs16-server/cstrike/addons/metamod/plugins.ini
L 11/27/2025 - 19:23:46: [META] ini: Read plugin config for: AMX Mod X
L 11/27/2025 - 19:23:46: [META] ini: Read plugin config for: Rechecker
L 11/27/2025 - 19:23:46: [META] ini: Read plugin config for: ReSemiclip
L 11/27/2025 - 19:23:46: [META] ini: Read plugin config for: HitBox Fix
L 11/27/2025 - 19:23:46: [META] ini: Read plugin config for: YaPB
L 11/27/2025 - 19:23:46: [META] ini: Finished reading plugins list: c:/~dl/sonstz/gameshit/cs 1.6 shit/_falconz-cs16-server/cstrike/addons/metamod/plugins.ini; Found 5 plugins
L 11/27/2025 - 19:23:46: [META] dll: Updating plugins...
L 11/27/2025 - 19:23:46: [META] dll: Finished updating 16 plugins; kept 5, loaded 0, unloaded 0, reloaded 0, delayed 0
L 11/27/2025 - 19:23:46: [META] dll: Rebuilding callbacks...
L 11/27/2025 - 19:23:46: [META] dll: Callbacks rebuilded.
L 11/27/2025 - 19:23:46: Log file closed
