L 11/27/2025 - 19:23:46: Log file started (file "logs\L1127014.log") (game "cstrike") (version "48/1.1.2.7/Stdio/4002")
L 11/27/2025 - 19:23:46: Loading map "de_dust2002"
L 11/27/2025 - 19:23:46: Server cvars start
L 11/27/2025 - 19:23:46: Server cvar "allow_spectators" = "1.0"
L 11/27/2025 - 19:23:46: Server cvar "amx_client_languages" = "1"
L 11/27/2025 - 19:23:46: Server cvar "amx_language" = "en"
L 11/27/2025 - 19:23:46: Server cvar "amx_nextmap" = "de_dust2002"
L 11/27/2025 - 19:23:46: Server cvar "amxmodx_version" = "1.9.0.5294"
L 11/27/2025 - 19:23:46: Server cvar "coop" = "0"
L 11/27/2025 - 19:23:46: Server cvar "deathmatch" = "1"
L 11/27/2025 - 19:23:46: Server cvar "decalfrequency" = "3"
L 11/27/2025 - 19:23:46: Server cvar "edgefriction" = "2"
L 11/27/2025 - 19:23:46: Server cvar "ff_damage_reduction_bullets" = "0.35"
L 11/27/2025 - 19:23:46: Server cvar "ff_damage_reduction_grenade" = "0.25"
L 11/27/2025 - 19:23:46: Server cvar "ff_damage_reduction_grenade_self" = "1.0"
L 11/27/2025 - 19:23:46: Server cvar "ff_damage_reduction_other" = "0.35"
L 11/27/2025 - 19:23:46: Server cvar "game_version" = "5.28.0.756-dev"
L 11/27/2025 - 19:23:46: Server cvar "hbf_debug" = "0"
L 11/27/2025 - 19:23:46: Server cvar "hbf_enabled" = "1"
L 11/27/2025 - 19:23:46: Server cvar "humans_join_team" = "any"
L 11/27/2025 - 19:23:46: Server cvar "jtp10181" = "gore,wa"
L 11/27/2025 - 19:23:46: Server cvar "mapm_admin_menu_delay" = "1"
L 11/27/2025 - 19:23:46: Server cvar "mapm_admin_menu_maplist" = "maps.ini"
L 11/27/2025 - 19:23:46: Server cvar "mapm_version" = "3.3.1"
L 11/27/2025 - 19:23:46: Server cvar "max_queries_sec" = "3.0"
L 11/27/2025 - 19:23:46: Server cvar "max_queries_sec_global" = "30"
L 11/27/2025 - 19:23:46: Server cvar "max_queries_window" = "60"
L 11/27/2025 - 19:23:46: Server cvar "metamod_version" = "1.3.0.149"
L 11/27/2025 - 19:23:46: Server cvar "mp_afk_bomb_drop_time" = "15"
L 11/27/2025 - 19:23:46: Server cvar "mp_ammo_respawn_time" = "20"
L 11/27/2025 - 19:23:46: Server cvar "mp_autokick" = "1"
L 11/27/2025 - 19:23:46: Server cvar "mp_autokick_timeout" = "-1"
L 11/27/2025 - 19:23:46: Server cvar "mp_autoteambalance" = "0"
L 11/27/2025 - 19:23:46: Server cvar "mp_buy_anywhere" = "0"
L 11/27/2025 - 19:23:46: Server cvar "mp_buytime" = "1.5"
L 11/27/2025 - 19:23:46: Server cvar "mp_c4timer" = "45"
L 11/27/2025 - 19:23:46: Server cvar "mp_chattime" = "10.000000"
L 11/27/2025 - 19:23:46: Server cvar "mp_consistency" = "1"
L 11/27/2025 - 19:23:46: Server cvar "mp_fadetoblack" = "0"
L 11/27/2025 - 19:23:46: Server cvar "mp_falldamage" = "1"
L 11/27/2025 - 19:23:46: Server cvar "mp_flashlight" = "0"
L 11/27/2025 - 19:23:46: Server cvar "mp_footsteps" = "1"
L 11/27/2025 - 19:23:46: Server cvar "mp_forcecamera" = "0"
L 11/27/2025 - 19:23:46: Server cvar "mp_forcechasecam" = "0"
L 11/27/2025 - 19:23:46: Server cvar "mp_forcerespawn" = "0"
L 11/27/2025 - 19:23:46: Server cvar "mp_fraglimit" = "0"
L 11/27/2025 - 19:23:46: Server cvar "mp_fragsleft" = "0"
L 11/27/2025 - 19:23:46: Server cvar "mp_freeforall" = "0"
L 11/27/2025 - 19:23:46: Server cvar "mp_freezetime" = "0.5"
L 11/27/2025 - 19:23:46: Server cvar "mp_friendlyfire" = "1"
L 11/27/2025 - 19:23:46: Server cvar "mp_give_player_c4" = "1"
L 11/27/2025 - 19:23:46: Server cvar "mp_hostage_hurtable" = "1"
L 11/27/2025 - 19:23:46: Server cvar "mp_hostagepenalty" = "13"
L 11/27/2025 - 19:23:46: Server cvar "mp_infinite_ammo" = "0"
L 11/27/2025 - 19:23:46: Server cvar "mp_infinite_grenades" = "0"
L 11/27/2025 - 19:23:46: Server cvar "mp_item_respawn_time" = "30"
L 11/27/2025 - 19:23:46: Server cvar "mp_item_staytime" = "300"
L 11/27/2025 - 19:23:46: Server cvar "mp_kickpercent" = "0.66"
L 11/27/2025 - 19:23:46: Server cvar "mp_limitteams" = "2"
L 11/27/2025 - 19:23:46: Server cvar "mp_logdetail" = "0"
L 11/27/2025 - 19:23:46: Server cvar "mp_logfile" = "1"
L 11/27/2025 - 19:23:46: Server cvar "mp_logmessages" = "1"
L 11/27/2025 - 19:23:46: Server cvar "mp_mapvoteratio" = "0.66"
L 11/27/2025 - 19:23:46: Server cvar "mp_maxmoney" = "32000"
L 11/27/2025 - 19:23:46: Server cvar "mp_maxrounds" = "0"
L 11/27/2025 - 19:23:46: Server cvar "mp_playerid" = "0"
L 11/27/2025 - 19:23:46: Server cvar "mp_radio_maxinround" = "60"
L 11/27/2025 - 19:23:46: Server cvar "mp_radio_timeout" = "0"
L 11/27/2025 - 19:23:46: Server cvar "mp_respawn_immunity_effects" = "1"
L 11/27/2025 - 19:23:46: Server cvar "mp_respawn_immunity_force_unset" = "1"
L 11/27/2025 - 19:23:46: Server cvar "mp_respawn_immunitytime" = "0"
L 11/27/2025 - 19:23:46: Server cvar "mp_round_infinite" = "0"
L 11/27/2025 - 19:23:46: Server cvar "mp_round_restart_delay" = "3"
L 11/27/2025 - 19:23:46: Server cvar "mp_roundover" = "0"
L 11/27/2025 - 19:23:46: Server cvar "mp_roundtime" = "2"
L 11/27/2025 - 19:23:46: Server cvar "mp_scoreboard_showdefkit" = "1"
L 11/27/2025 - 19:23:46: Server cvar "mp_scoreboard_showhealth" = "5"
L 11/27/2025 - 19:23:46: Server cvar "mp_scoreboard_showmoney" = "5"
L 11/27/2025 - 19:23:46: Server cvar "mp_show_scenarioicon" = "1"
L 11/27/2025 - 19:23:46: Server cvar "mp_startmoney" = "800"
L 11/27/2025 - 19:23:46: Server cvar "mp_timeleft" = "00:00"
L 11/27/2025 - 19:23:46: Server cvar "mp_timelimit" = "15"
L 11/27/2025 - 19:23:46: Server cvar "mp_tkpunish" = "0"
L 11/27/2025 - 19:23:46: Server cvar "mp_weapon_respawn_time" = "20"
L 11/27/2025 - 19:23:46: Server cvar "mp_weapons_allow_map_placed" = "1"
L 11/27/2025 - 19:23:46: Server cvar "mp_windifference" = "1"
L 11/27/2025 - 19:23:46: Server cvar "mp_winlimit" = "0"
L 11/27/2025 - 19:23:46: Server cvar "pausable" = "0"
L 11/27/2025 - 19:23:46: Server cvar "resemiclip_version" = "2.4.3"
L 11/27/2025 - 19:23:46: Server cvar "sv_accelerate" = "5"
L 11/27/2025 - 19:23:46: Server cvar "sv_aim" = "0"
L 11/27/2025 - 19:23:46: Server cvar "sv_airaccelerate" = "10"
L 11/27/2025 - 19:23:46: Server cvar "sv_allow_autoaim" = "1"
L 11/27/2025 - 19:23:46: Server cvar "sv_allowupload" = "1"
L 11/27/2025 - 19:23:46: Server cvar "sv_alltalk" = "1"
L 11/27/2025 - 19:23:46: Server cvar "sv_bounce" = "1"
L 11/27/2025 - 19:23:46: Server cvar "sv_cheats" = "0"
L 11/27/2025 - 19:23:46: Server cvar "sv_clienttrace" = "1"
L 11/27/2025 - 19:23:46: Server cvar "sv_contact" = ""
L 11/27/2025 - 19:23:46: Server cvar "sv_friction" = "4"
L 11/27/2025 - 19:23:46: Server cvar "sv_gravity" = "800"
L 11/27/2025 - 19:23:46: Server cvar "sv_logblocks" = "0"
L 11/27/2025 - 19:23:46: Server cvar "sv_maxrate" = "250000"
L 11/27/2025 - 19:23:46: Server cvar "sv_maxspeed" = "900"
L 11/27/2025 - 19:23:46: Server cvar "sv_minrate" = "25000"
L 11/27/2025 - 19:23:46: Server cvar "sv_password" = ""
L 11/27/2025 - 19:23:46: Server cvar "sv_proxies" = "1"
L 11/27/2025 - 19:23:46: Server cvar "sv_restart" = "0"
L 11/27/2025 - 19:23:46: Server cvar "sv_restartround" = "0"
L 11/27/2025 - 19:23:46: Server cvar "sv_stepsize" = "18"
L 11/27/2025 - 19:23:46: Server cvar "sv_stopspeed" = "75"
L 11/27/2025 - 19:23:46: Server cvar "sv_uploadmax" = "7.77"
L 11/27/2025 - 19:23:46: Server cvar "sv_version" = "1.1.2.7/Stdio,48,4002"
L 11/27/2025 - 19:23:46: Server cvar "sv_voiceenable" = "1"
L 11/27/2025 - 19:23:46: Server cvar "sv_wateraccelerate" = "10"
L 11/27/2025 - 19:23:46: Server cvar "sv_waterfriction" = "1"
L 11/27/2025 - 19:23:46: Server cvar "UAIO (Admin Menu)" = "1.50"
L 11/27/2025 - 19:23:46: Server cvar "weaponarena_version" = "2.0.4"
L 11/27/2025 - 19:23:46: Server cvar "yb_version" = "4.4.957"
L 11/27/2025 - 19:23:46: Server cvars end
L 11/27/2025 - 19:23:46: Server cvar "mp_timelimit" = "20"
L 11/27/2025 - 19:23:46: Server cvar "sv_maxspeed" = "320"
L 11/27/2025 - 19:23:46: Server cvar "mp_timelimit" = "15"
L 11/27/2025 - 19:23:46: Server cvar "sv_maxspeed" = "900"
L 11/27/2025 - 19:23:46: Server cvar "amx_nextmap" = "de_dust2x2"
L 11/27/2025 - 19:23:47: Started map "de_dust2002" (CRC "-1944149521")
L 11/27/2025 - 19:23:48: World triggered "Round_Start"
L 11/27/2025 - 19:23:51: "AssassinCCCP<35><STEAM_0:1:9255936><>" entered the game
L 11/27/2025 - 19:23:51: "AssassinCCCP<35><STEAM_0:1:9255936><>" joined team "CT"
L 11/27/2025 - 19:23:51: "unfineano<36><STEAM_0:1:5208064><>" entered the game
L 11/27/2025 - 19:23:51: "unfineano<36><STEAM_0:1:5208064><>" joined team "TERRORIST"
L 11/27/2025 - 19:23:51: World triggered "Game_Commencing"
L 11/27/2025 - 19:23:51: World triggered "Game_Commencing" (CT "0") (T "0")
L 11/27/2025 - 19:23:51: World triggered "Round_End"
L 11/27/2025 - 19:23:54: "unfineano<36><STEAM_0:1:5208064><TERRORIST>" triggered "Spawned_With_The_Bomb"
L 11/27/2025 - 19:23:54: World triggered "Round_Start"
L 11/27/2025 - 19:24:48: "AssassinCCCP<35><STEAM_0:1:9255936><CT>" killed "unfineano<36><STEAM_0:1:5208064><TERRORIST>" with "deagle"
L 11/27/2025 - 19:24:48: Team "CT" triggered "CTs_Win" (CT "1") (T "0")
L 11/27/2025 - 19:24:48: World triggered "Round_End"
L 11/27/2025 - 19:24:51: "unfineano<36><STEAM_0:1:5208064><TERRORIST>" triggered "Spawned_With_The_Bomb"
L 11/27/2025 - 19:24:51: World triggered "Round_Start"
L 11/27/2025 - 19:25:18: "AssassinCCCP<35><STEAM_0:1:9255936><CT>" killed "unfineano<36><STEAM_0:1:5208064><TERRORIST>" with "mp5navy"
L 11/27/2025 - 19:25:18: Team "CT" triggered "CTs_Win" (CT "2") (T "0")
L 11/27/2025 - 19:25:18: World triggered "Round_End"
L 11/27/2025 - 19:25:21: "unfineano<36><STEAM_0:1:5208064><TERRORIST>" triggered "Spawned_With_The_Bomb"
L 11/27/2025 - 19:25:21: World triggered "Round_Start"
L 11/27/2025 - 19:26:24: "AssassinCCCP<35><STEAM_0:1:9255936><CT>" killed "unfineano<36><STEAM_0:1:5208064><TERRORIST>" with "mp5navy"
L 11/27/2025 - 19:26:24: Team "CT" triggered "CTs_Win" (CT "3") (T "0")
L 11/27/2025 - 19:26:24: World triggered "Round_End"
L 11/27/2025 - 19:26:27: "unfineano<36><STEAM_0:1:5208064><TERRORIST>" triggered "Spawned_With_The_Bomb"
L 11/27/2025 - 19:26:27: World triggered "Round_Start"
L 11/27/2025 - 19:27:14: "unfineano<36><STEAM_0:1:5208064><TERRORIST>" triggered "Planted_The_Bomb"
L 11/27/2025 - 19:27:14: "AssassinCCCP<35><STEAM_0:1:9255936><CT>" say "Come on unfineano,"
L 11/27/2025 - 19:27:42: "AssassinCCCP<35><STEAM_0:1:9255936><CT>" killed "unfineano<36><STEAM_0:1:5208064><TERRORIST>" with "mp5navy"
L 11/27/2025 - 19:27:42: "AssassinCCCP<35><STEAM_0:1:9255936><CT>" say "unfineano you bot"
L 11/27/2025 - 19:27:59: Team "TERRORIST" triggered "Target_Bombed" (CT "3") (T "1")
L 11/27/2025 - 19:27:59: World triggered "Round_End"
L 11/27/2025 - 19:28:01: "unfineano<36><STEAM_0:1:5208064><TERRORIST>" say "change de_dust2002 please!" (dead)
L 11/27/2025 - 19:28:02: "unfineano<36><STEAM_0:1:5208064><TERRORIST>" triggered "Spawned_With_The_Bomb"
L 11/27/2025 - 19:28:02: World triggered "Round_Start"
L 11/27/2025 - 19:28:16: "AssassinCCCP<35><STEAM_0:1:9255936><CT>" killed "unfineano<36><STEAM_0:1:5208064><TERRORIST>" with "m4a1"
L 11/27/2025 - 19:28:16: Team "CT" triggered "CTs_Win" (CT "4") (T "1")
L 11/27/2025 - 19:28:16: World triggered "Round_End"
L 11/27/2025 - 19:28:19: "unfineano<36><STEAM_0:1:5208064><TERRORIST>" triggered "Spawned_With_The_Bomb"
L 11/27/2025 - 19:28:19: World triggered "Round_Start"
L 11/27/2025 - 19:29:19: "unfineano<36><STEAM_0:1:5208064><TERRORIST>" triggered "Planted_The_Bomb"
L 11/27/2025 - 19:29:30: "AssassinCCCP<35><STEAM_0:1:9255936><CT>" say "Come on unfineano,"
L 11/27/2025 - 19:29:42: "AssassinCCCP<35><STEAM_0:1:9255936><CT>" killed "unfineano<36><STEAM_0:1:5208064><TERRORIST>" with "m4a1"
L 11/27/2025 - 19:29:42: "AssassinCCCP<35><STEAM_0:1:9255936><CT>" say "unfineano, stupid"
L 11/27/2025 - 19:29:50: "AssassinCCCP<35><STEAM_0:1:9255936><CT>" triggered "Begin_Bomb_Defuse_With_Kit"
L 11/27/2025 - 19:29:55: "AssassinCCCP<35><STEAM_0:1:9255936><CT>" triggered "Defused_The_Bomb"
L 11/27/2025 - 19:29:55: Team "CT" triggered "Bomb_Defused" (CT "5") (T "1")
L 11/27/2025 - 19:29:55: World triggered "Round_End"
L 11/27/2025 - 19:29:57: "unfineano<36><STEAM_0:1:5208064><TERRORIST>" say "AssassinCCCP bot" (dead)
L 11/27/2025 - 19:29:58: "unfineano<36><STEAM_0:1:5208064><TERRORIST>" triggered "Spawned_With_The_Bomb"
L 11/27/2025 - 19:29:58: World triggered "Round_Start"
L 11/27/2025 - 19:30:36: "unfineano<36><STEAM_0:1:5208064><TERRORIST>" triggered "Planted_The_Bomb"
L 11/27/2025 - 19:30:36: "AssassinCCCP<35><STEAM_0:1:9255936><CT>" say "Come on unfineano,"
L 11/27/2025 - 19:31:21: Team "TERRORIST" triggered "Target_Bombed" (CT "5") (T "2")
L 11/27/2025 - 19:31:21: World triggered "Round_End"
L 11/27/2025 - 19:31:24: "unfineano<36><STEAM_0:1:5208064><TERRORIST>" triggered "Spawned_With_The_Bomb"
L 11/27/2025 - 19:31:24: World triggered "Round_Start"
L 11/27/2025 - 19:31:53: Kick: "unfineano<36><STEAM_0:0:14><>" was kicked by "Console"
L 11/27/2025 - 19:31:53: "unfineano<36><BOT><TERRORIST>" triggered "Dropped_The_Bomb"
L 11/27/2025 - 19:31:53: "unfineano<36><BOT><TERRORIST>" disconnected
L 11/27/2025 - 19:31:53: "Zachalicious<37><STEAM_0:1:14586880><>" entered the game
L 11/27/2025 - 19:31:53: "Zachalicious<37><STEAM_0:1:14586880><>" joined team "TERRORIST"
L 11/27/2025 - 19:31:53: World triggered "Game_Commencing"
L 11/27/2025 - 19:31:53: World triggered "Game_Commencing" (CT "5") (T "2")
L 11/27/2025 - 19:31:53: World triggered "Round_End"
L 11/27/2025 - 19:31:56: "Zachalicious<37><STEAM_0:1:14586880><TERRORIST>" triggered "Spawned_With_The_Bomb"
L 11/27/2025 - 19:31:56: World triggered "Round_Start"
L 11/27/2025 - 19:32:27: "Zachalicious<37><STEAM_0:1:14586880><TERRORIST>" triggered "Planted_The_Bomb"
L 11/27/2025 - 19:32:27: "AssassinCCCP<35><STEAM_0:1:9255936><CT>" say "Come on Zachalicious,"
L 11/27/2025 - 19:32:55: "Zachalicious<37><STEAM_0:1:14586880><TERRORIST>" killed "AssassinCCCP<35><STEAM_0:1:9255936><CT>" with "glock18"
L 11/27/2025 - 19:32:55: Team "TERRORIST" triggered "Terrorists_Win" (CT "0") (T "1")
L 11/27/2025 - 19:32:55: World triggered "Round_End"
L 11/27/2025 - 19:32:55: "Zachalicious<37><STEAM_0:1:14586880><TERRORIST>" say "hahahaha"
L 11/27/2025 - 19:32:58: "Zachalicious<37><STEAM_0:1:14586880><TERRORIST>" triggered "Spawned_With_The_Bomb"
L 11/27/2025 - 19:32:58: World triggered "Round_Start"
L 11/27/2025 - 19:33:31: "Zachalicious<37><STEAM_0:1:14586880><TERRORIST>" triggered "Planted_The_Bomb"
L 11/27/2025 - 19:33:31: "AssassinCCCP<35><STEAM_0:1:9255936><CT>" say "Come on Zachalicious,"
L 11/27/2025 - 19:33:54: "Zachalicious<37><STEAM_0:1:14586880><TERRORIST>" killed "AssassinCCCP<35><STEAM_0:1:9255936><CT>" with "sg552"
L 11/27/2025 - 19:33:54: Team "TERRORIST" triggered "Terrorists_Win" (CT "0") (T "2")
L 11/27/2025 - 19:33:54: World triggered "Round_End"
L 11/27/2025 - 19:33:57: "Zachalicious<37><STEAM_0:1:14586880><TERRORIST>" triggered "Spawned_With_The_Bomb"
L 11/27/2025 - 19:33:57: World triggered "Round_Start"
L 11/27/2025 - 19:34:26: "AssassinCCCP<35><STEAM_0:1:9255936><CT>" killed "Zachalicious<37><STEAM_0:1:14586880><TERRORIST>" with "mp5navy"
L 11/27/2025 - 19:34:26: Team "CT" triggered "CTs_Win" (CT "1") (T "2")
L 11/27/2025 - 19:34:26: World triggered "Round_End"
L 11/27/2025 - 19:34:29: "Zachalicious<37><STEAM_0:1:14586880><TERRORIST>" triggered "Spawned_With_The_Bomb"
L 11/27/2025 - 19:34:29: World triggered "Round_Start"
L 11/27/2025 - 19:35:21: "Zachalicious<37><STEAM_0:1:14586880><TERRORIST>" triggered "Planted_The_Bomb"
L 11/27/2025 - 19:35:21: "AssassinCCCP<35><STEAM_0:1:9255936><CT>" say "Come on Zachalicious,"
L 11/27/2025 - 19:35:33: "Zachalicious<37><STEAM_0:1:14586880><TERRORIST>" killed "AssassinCCCP<35><STEAM_0:1:9255936><CT>" with "mp5navy"
L 11/27/2025 - 19:35:33: Team "TERRORIST" triggered "Terrorists_Win" (CT "1") (T "3")
L 11/27/2025 - 19:35:33: World triggered "Round_End"
L 11/27/2025 - 19:35:36: "Zachalicious<37><STEAM_0:1:14586880><TERRORIST>" triggered "Spawned_With_The_Bomb"
L 11/27/2025 - 19:35:36: World triggered "Round_Start"
L 11/27/2025 - 19:35:54: "AssassinCCCP<35><STEAM_0:1:9255936><CT>" killed "Zachalicious<37><STEAM_0:1:14586880><TERRORIST>" with "p90"
L 11/27/2025 - 19:35:54: Team "CT" triggered "CTs_Win" (CT "2") (T "3")
L 11/27/2025 - 19:35:54: World triggered "Round_End"
L 11/27/2025 - 19:35:57: "Zachalicious<37><STEAM_0:1:14586880><TERRORIST>" triggered "Spawned_With_The_Bomb"
L 11/27/2025 - 19:35:57: World triggered "Round_Start"
L 11/27/2025 - 19:36:39: "Zachalicious<37><STEAM_0:1:14586880><TERRORIST>" triggered "Planted_The_Bomb"
L 11/27/2025 - 19:36:39: "AssassinCCCP<35><STEAM_0:1:9255936><CT>" say "Come on Zachalicious,"
L 11/27/2025 - 19:36:44: "Zachalicious<37><STEAM_0:1:14586880><TERRORIST>" killed "AssassinCCCP<35><STEAM_0:1:9255936><CT>" with "sg552"
L 11/27/2025 - 19:36:44: Team "TERRORIST" triggered "Terrorists_Win" (CT "2") (T "4")
L 11/27/2025 - 19:36:44: World triggered "Round_End"
L 11/27/2025 - 19:36:47: "Zachalicious<37><STEAM_0:1:14586880><TERRORIST>" triggered "Spawned_With_The_Bomb"
L 11/27/2025 - 19:36:47: World triggered "Round_Start"
L 11/27/2025 - 19:37:14: "Zachalicious<37><STEAM_0:1:14586880><TERRORIST>" killed "AssassinCCCP<35><STEAM_0:1:9255936><CT>" with "sg552"
L 11/27/2025 - 19:37:14: Team "TERRORIST" triggered "Terrorists_Win" (CT "2") (T "5")
L 11/27/2025 - 19:37:14: World triggered "Round_End"
L 11/27/2025 - 19:37:17: "Zachalicious<37><STEAM_0:1:14586880><TERRORIST>" triggered "Spawned_With_The_Bomb"
L 11/27/2025 - 19:37:17: World triggered "Round_Start"
L 11/27/2025 - 19:37:39: "Zachalicious<37><STEAM_0:1:14586880><TERRORIST>" killed "AssassinCCCP<35><STEAM_0:1:9255936><CT>" with "sg552"
L 11/27/2025 - 19:37:39: Team "TERRORIST" triggered "Terrorists_Win" (CT "2") (T "6")
L 11/27/2025 - 19:37:39: World triggered "Round_End"
L 11/27/2025 - 19:37:42: "Zachalicious<37><STEAM_0:1:14586880><TERRORIST>" triggered "Spawned_With_The_Bomb"
L 11/27/2025 - 19:37:42: World triggered "Round_Start"
L 11/27/2025 - 19:37:54: "Zachalicious<37><STEAM_0:1:14586880><TERRORIST>" killed "AssassinCCCP<35><STEAM_0:1:9255936><CT>" with "sg552"
L 11/27/2025 - 19:37:54: Team "TERRORIST" triggered "Terrorists_Win" (CT "2") (T "7")
L 11/27/2025 - 19:37:54: World triggered "Round_End"
L 11/27/2025 - 19:37:57: "Zachalicious<37><STEAM_0:1:14586880><TERRORIST>" triggered "Spawned_With_The_Bomb"
L 11/27/2025 - 19:37:57: World triggered "Round_Start"
L 11/27/2025 - 19:38:14: "AssassinCCCP<35><STEAM_0:1:9255936><CT>" killed "Zachalicious<37><STEAM_0:1:14586880><TERRORIST>" with "mp5navy"
L 11/27/2025 - 19:38:14: Team "CT" triggered "CTs_Win" (CT "3") (T "7")
L 11/27/2025 - 19:38:14: World triggered "Round_End"
L 11/27/2025 - 19:38:17: "Zachalicious<37><STEAM_0:1:14586880><TERRORIST>" triggered "Spawned_With_The_Bomb"
L 11/27/2025 - 19:38:17: World triggered "Round_Start"
L 11/27/2025 - 19:38:35: "Zachalicious<37><STEAM_0:1:14586880><TERRORIST>" killed "AssassinCCCP<35><STEAM_0:1:9255936><CT>" with "ak47"
L 11/27/2025 - 19:38:35: Team "TERRORIST" triggered "Terrorists_Win" (CT "3") (T "8")
L 11/27/2025 - 19:38:35: World triggered "Round_End"
L 11/27/2025 - 19:38:38: "Zachalicious<37><STEAM_0:1:14586880><TERRORIST>" triggered "Spawned_With_The_Bomb"
L 11/27/2025 - 19:38:38: World triggered "Round_Start"
L 11/27/2025 - 19:38:52: "AssassinCCCP<35><STEAM_0:1:9255936><CT>" killed "Zachalicious<37><STEAM_0:1:14586880><TERRORIST>" with "m4a1"
L 11/27/2025 - 19:38:52: Team "CT" triggered "CTs_Win" (CT "4") (T "8")
L 11/27/2025 - 19:38:52: World triggered "Round_End"
L 11/27/2025 - 19:38:55: "Zachalicious<37><STEAM_0:1:14586880><TERRORIST>" triggered "Spawned_With_The_Bomb"
L 11/27/2025 - 19:38:55: World triggered "Round_Start"
L 11/27/2025 - 19:39:15: "AssassinCCCP<35><STEAM_0:1:9255936><CT>" killed "Zachalicious<37><STEAM_0:1:14586880><TERRORIST>" with "m4a1"
L 11/27/2025 - 19:39:15: Team "CT" triggered "CTs_Win" (CT "5") (T "8")
L 11/27/2025 - 19:39:15: World triggered "Round_End"
L 11/27/2025 - 19:39:18: "Zachalicious<37><STEAM_0:1:14586880><TERRORIST>" triggered "Spawned_With_The_Bomb"
L 11/27/2025 - 19:39:18: World triggered "Round_Start"
L 11/27/2025 - 19:39:49: "Zachalicious<37><STEAM_0:1:14586880><TERRORIST>" triggered "Planted_The_Bomb"
L 11/27/2025 - 19:39:49: "AssassinCCCP<35><STEAM_0:1:9255936><CT>" say "Com eon Zachalicious,"
L 11/27/2025 - 19:39:53: Server cvar "amx_nextmap" = "de_dust2"
L 11/27/2025 - 19:39:53: Server cvar "mp_chattime" = "11.000000"
L 11/27/2025 - 19:40:03: Server cvar "mp_chattime" = "10.000000"
L 11/27/2025 - 19:40:03: "AssassinCCCP<35><BOT><CT>" disconnected
L 11/27/2025 - 19:40:03: "Zachalicious<37><BOT><TERRORIST>" disconnected
L 11/27/2025 - 19:40:03: World triggered "Round_Draw" (CT "5") (T "8")
L 11/27/2025 - 19:40:03: World triggered "Round_End"
L 11/27/2025 - 19:40:03: [META] ini: Begin re-reading plugins list: c:/~dl/sonstz/gameshit/cs 1.6 shit/_falconz-cs16-server/cstrike/addons/metamod/plugins.ini
L 11/27/2025 - 19:40:03: [META] ini: Read plugin config for: AMX Mod X
L 11/27/2025 - 19:40:03: [META] ini: Read plugin config for: Rechecker
L 11/27/2025 - 19:40:03: [META] ini: Read plugin config for: ReSemiclip
L 11/27/2025 - 19:40:03: [META] ini: Read plugin config for: HitBox Fix
L 11/27/2025 - 19:40:03: [META] ini: Read plugin config for: YaPB
L 11/27/2025 - 19:40:03: [META] ini: Finished reading plugins list: c:/~dl/sonstz/gameshit/cs 1.6 shit/_falconz-cs16-server/cstrike/addons/metamod/plugins.ini; Found 5 plugins
L 11/27/2025 - 19:40:03: [META] dll: Updating plugins...
L 11/27/2025 - 19:40:03: [META] dll: Finished updating 16 plugins; kept 5, loaded 0, unloaded 0, reloaded 0, delayed 0
L 11/27/2025 - 19:40:03: [META] dll: Rebuilding callbacks...
L 11/27/2025 - 19:40:03: [META] dll: Callbacks rebuilded.
L 11/27/2025 - 19:40:03: Log file closed
