L 11/24/2025 - 12:59:39: Log file started (file "logs\L1124019.log") (game "cstrike") (version "48/1.1.2.7/Stdio/4002")
L 11/24/2025 - 12:59:39: Server cvar "sv_maxspeed" = "320"
L 11/24/2025 - 12:59:39: Server cvar "mp_timelimit" = "15"
L 11/24/2025 - 12:59:39: Server cvar "sv_maxspeed" = "900"
L 11/24/2025 - 12:59:39: Server cvar "amx_nextmap" = "de_dust2_2006"
L 11/24/2025 - 12:59:39: Started map "de_dust2" (CRC "1159425449")
L 11/24/2025 - 12:59:40: World triggered "Round_Start"
L 11/24/2025 - 12:59:43: "BoOm<26><STEAM_0:1:2390016><>" entered the game
L 11/24/2025 - 12:59:43: "BoOm<26><STEAM_0:1:2390016><>" joined team "CT"
L 11/24/2025 - 12:59:44: "Dmitriy.Velikiy<27><STEAM_0:1:4039424><>" entered the game
L 11/24/2025 - 12:59:44: "Dmitriy.Velikiy<27><STEAM_0:1:4039424><>" joined team "TERRORIST"
L 11/24/2025 - 12:59:44: World triggered "Game_Commencing"
L 11/24/2025 - 12:59:44: World triggered "Game_Commencing" (CT "0") (T "0")
L 11/24/2025 - 12:59:44: World triggered "Round_End"
L 11/24/2025 - 12:59:47: "Dmitriy.Velikiy<27><STEAM_0:1:4039424><TERRORIST>" triggered "Spawned_With_The_Bomb"
L 11/24/2025 - 12:59:47: World triggered "Round_Start"
L 11/24/2025 - 13:00:12: "Dmitriy.Velikiy<27><STEAM_0:1:4039424><TERRORIST>" triggered "Planted_The_Bomb"
L 11/24/2025 - 13:00:12: "BoOm<26><STEAM_0:1:2390016><CT>" say "Come on Dmitriy.Velikiy,"
L 11/24/2025 - 13:00:33: "Dmitriy.Velikiy<27><STEAM_0:1:4039424><TERRORIST>" killed "BoOm<26><STEAM_0:1:2390016><CT>" with "usp"
L 11/24/2025 - 13:00:33: Team "TERRORIST" triggered "Terrorists_Win" (CT "0") (T "1")
L 11/24/2025 - 13:00:33: World triggered "Round_End"
L 11/24/2025 - 13:00:36: "Dmitriy.Velikiy<27><STEAM_0:1:4039424><TERRORIST>" triggered "Spawned_With_The_Bomb"
L 11/24/2025 - 13:00:36: World triggered "Round_Start"
L 11/24/2025 - 13:01:04: "Dmitriy.Velikiy<27><STEAM_0:1:4039424><TERRORIST>" triggered "Planted_The_Bomb"
L 11/24/2025 - 13:01:04: "BoOm<26><STEAM_0:1:2390016><CT>" say "come on dmitriy.velikiy,"
L 11/24/2025 - 13:01:13: "Dmitriy.Velikiy<27><STEAM_0:1:4039424><TERRORIST>" killed "BoOm<26><STEAM_0:1:2390016><CT>" with "ak47"
L 11/24/2025 - 13:01:13: Team "TERRORIST" triggered "Terrorists_Win" (CT "0") (T "2")
L 11/24/2025 - 13:01:13: World triggered "Round_End"
L 11/24/2025 - 13:01:16: "Dmitriy.Velikiy<27><STEAM_0:1:4039424><TERRORIST>" triggered "Spawned_With_The_Bomb"
L 11/24/2025 - 13:01:16: World triggered "Round_Start"
L 11/24/2025 - 13:01:38: "Dmitriy.Velikiy<27><STEAM_0:1:4039424><TERRORIST>" killed "BoOm<26><STEAM_0:1:2390016><CT>" with "ak47"
L 11/24/2025 - 13:01:38: Team "TERRORIST" triggered "Terrorists_Win" (CT "0") (T "3")
L 11/24/2025 - 13:01:38: World triggered "Round_End"
L 11/24/2025 - 13:01:41: "Dmitriy.Velikiy<27><STEAM_0:1:4039424><TERRORIST>" triggered "Spawned_With_The_Bomb"
L 11/24/2025 - 13:01:41: World triggered "Round_Start"
L 11/24/2025 - 13:02:16: "Dmitriy.Velikiy<27><STEAM_0:1:4039424><TERRORIST>" triggered "Planted_The_Bomb"
L 11/24/2025 - 13:02:34: "BoOm<26><STEAM_0:1:2390016><CT>" say "Come on Dmitriy.Velikiy,"
L 11/24/2025 - 13:03:01: Team "TERRORIST" triggered "Target_Bombed" (CT "0") (T "4")
L 11/24/2025 - 13:03:01: World triggered "Round_End"
L 11/24/2025 - 13:03:04: "Dmitriy.Velikiy<27><STEAM_0:1:4039424><TERRORIST>" triggered "Spawned_With_The_Bomb"
L 11/24/2025 - 13:03:04: World triggered "Round_Start"
L 11/24/2025 - 13:03:28: "BoOm<26><STEAM_0:1:2390016><CT>" killed "Dmitriy.Velikiy<27><STEAM_0:1:4039424><TERRORIST>" with "mp5navy"
L 11/24/2025 - 13:03:28: Team "CT" triggered "CTs_Win" (CT "1") (T "4")
L 11/24/2025 - 13:03:28: World triggered "Round_End"
L 11/24/2025 - 13:03:31: "Dmitriy.Velikiy<27><STEAM_0:1:4039424><TERRORIST>" triggered "Spawned_With_The_Bomb"
L 11/24/2025 - 13:03:31: World triggered "Round_Start"
L 11/24/2025 - 13:04:02: "Dmitriy.Velikiy<27><STEAM_0:1:4039424><TERRORIST>" triggered "Planted_The_Bomb"
L 11/24/2025 - 13:04:03: "BoOm<26><STEAM_0:1:2390016><CT>" say "Come on Dmitriy.Velikiy,"
L 11/24/2025 - 13:04:16: "Dmitriy.Velikiy<27><STEAM_0:1:4039424><TERRORIST>" killed "BoOm<26><STEAM_0:1:2390016><CT>" with "ak47"
L 11/24/2025 - 13:04:16: Team "TERRORIST" triggered "Terrorists_Win" (CT "1") (T "5")
L 11/24/2025 - 13:04:16: World triggered "Round_End"
L 11/24/2025 - 13:04:19: "Dmitriy.Velikiy<27><STEAM_0:1:4039424><TERRORIST>" triggered "Spawned_With_The_Bomb"
L 11/24/2025 - 13:04:19: World triggered "Round_Start"
L 11/24/2025 - 13:04:39: "Dmitriy.Velikiy<27><STEAM_0:1:4039424><TERRORIST>" triggered "Dropped_The_Bomb"
L 11/24/2025 - 13:04:40: "Dmitriy.Velikiy<27><STEAM_0:1:4039424><TERRORIST>" triggered "Got_The_Bomb"
L 11/24/2025 - 13:04:49: "Dmitriy.Velikiy<27><STEAM_0:1:4039424><TERRORIST>" triggered "Planted_The_Bomb"
L 11/24/2025 - 13:04:49: "BoOm<26><STEAM_0:1:2390016><CT>" say "Come on Dmitriy.Velikiy,"
L 11/24/2025 - 13:04:54: "BoOm<26><STEAM_0:1:2390016><CT>" killed "Dmitriy.Velikiy<27><STEAM_0:1:4039424><TERRORIST>" with "m4a1"
L 11/24/2025 - 13:05:14: "BoOm<26><STEAM_0:1:2390016><CT>" triggered "Begin_Bomb_Defuse_With_Kit"
L 11/24/2025 - 13:05:19: "BoOm<26><STEAM_0:1:2390016><CT>" triggered "Defused_The_Bomb"
L 11/24/2025 - 13:05:19: Team "CT" triggered "Bomb_Defused" (CT "2") (T "5")
L 11/24/2025 - 13:05:19: World triggered "Round_End"
L 11/24/2025 - 13:05:22: "Dmitriy.Velikiy<27><STEAM_0:1:4039424><TERRORIST>" triggered "Spawned_With_The_Bomb"
L 11/24/2025 - 13:05:22: World triggered "Round_Start"
L 11/24/2025 - 13:05:58: "Dmitriy.Velikiy<27><STEAM_0:1:4039424><TERRORIST>" killed "BoOm<26><STEAM_0:1:2390016><CT>" with "ak47"
L 11/24/2025 - 13:05:58: Team "TERRORIST" triggered "Terrorists_Win" (CT "2") (T "6")
L 11/24/2025 - 13:05:58: World triggered "Round_End"
L 11/24/2025 - 13:06:01: "Dmitriy.Velikiy<27><STEAM_0:1:4039424><TERRORIST>" triggered "Spawned_With_The_Bomb"
L 11/24/2025 - 13:06:01: World triggered "Round_Start"
L 11/24/2025 - 13:06:19: "Dmitriy.Velikiy<27><STEAM_0:1:4039424><TERRORIST>" killed "BoOm<26><STEAM_0:1:2390016><CT>" with "ak47"
L 11/24/2025 - 13:06:19: Team "TERRORIST" triggered "Terrorists_Win" (CT "2") (T "7")
L 11/24/2025 - 13:06:19: World triggered "Round_End"
L 11/24/2025 - 13:06:19: "Dmitriy.Velikiy<27><STEAM_0:1:4039424><TERRORIST>" say "you bot BoOm"
L 11/24/2025 - 13:06:22: "Dmitriy.Velikiy<27><STEAM_0:1:4039424><TERRORIST>" triggered "Spawned_With_The_Bomb"
L 11/24/2025 - 13:06:22: World triggered "Round_Start"
L 11/24/2025 - 13:06:48: "Dmitriy.Velikiy<27><STEAM_0:1:4039424><TERRORIST>" triggered "Planted_The_Bomb"
L 11/24/2025 - 13:06:57: "BoOm<26><STEAM_0:1:2390016><CT>" say "Come on Dmitriy.Velikiy,"
L 11/24/2025 - 13:07:14: "Dmitriy.Velikiy<27><STEAM_0:1:4039424><TERRORIST>" killed "BoOm<26><STEAM_0:1:2390016><CT>" with "ak47"
L 11/24/2025 - 13:07:14: Team "TERRORIST" triggered "Terrorists_Win" (CT "2") (T "8")
L 11/24/2025 - 13:07:14: World triggered "Round_End"
L 11/24/2025 - 13:07:17: "Dmitriy.Velikiy<27><STEAM_0:1:4039424><TERRORIST>" triggered "Spawned_With_The_Bomb"
L 11/24/2025 - 13:07:17: World triggered "Round_Start"
L 11/24/2025 - 13:07:48: "BoOm<26><STEAM_0:1:2390016><CT>" killed "Dmitriy.Velikiy<27><STEAM_0:1:4039424><TERRORIST>" with "famas"
L 11/24/2025 - 13:07:48: Team "CT" triggered "CTs_Win" (CT "3") (T "8")
L 11/24/2025 - 13:07:48: World triggered "Round_End"
L 11/24/2025 - 13:07:51: "Dmitriy.Velikiy<27><STEAM_0:1:4039424><TERRORIST>" triggered "Spawned_With_The_Bomb"
L 11/24/2025 - 13:07:51: World triggered "Round_Start"
L 11/24/2025 - 13:08:18: "Dmitriy.Velikiy<27><STEAM_0:1:4039424><TERRORIST>" triggered "Planted_The_Bomb"
L 11/24/2025 - 13:08:21: "BoOm<26><STEAM_0:1:2390016><CT>" say "come on dmitriy.velikiy,"
L 11/24/2025 - 13:08:39: "Dmitriy.Velikiy<27><STEAM_0:1:4039424><TERRORIST>" killed "BoOm<26><STEAM_0:1:2390016><CT>" with "ak47"
L 11/24/2025 - 13:08:39: Team "TERRORIST" triggered "Terrorists_Win" (CT "3") (T "9")
L 11/24/2025 - 13:08:39: World triggered "Round_End"
L 11/24/2025 - 13:08:42: "Dmitriy.Velikiy<27><STEAM_0:1:4039424><TERRORIST>" triggered "Spawned_With_The_Bomb"
L 11/24/2025 - 13:08:42: World triggered "Round_Start"
L 11/24/2025 - 13:09:27: "BoOm<26><STEAM_0:1:2390016><CT>" killed "Dmitriy.Velikiy<27><STEAM_0:1:4039424><TERRORIST>" with "famas"
L 11/24/2025 - 13:09:27: Team "CT" triggered "CTs_Win" (CT "4") (T "9")
L 11/24/2025 - 13:09:27: World triggered "Round_End"
L 11/24/2025 - 13:09:30: "Dmitriy.Velikiy<27><STEAM_0:1:4039424><TERRORIST>" triggered "Spawned_With_The_Bomb"
L 11/24/2025 - 13:09:30: World triggered "Round_Start"
L 11/24/2025 - 13:10:00: "Dmitriy.Velikiy<27><STEAM_0:1:4039424><TERRORIST>" triggered "Planted_The_Bomb"
L 11/24/2025 - 13:10:00: "BoOm<26><STEAM_0:1:2390016><CT>" say "Cme on Dmitriy.Velikiy,,"
L 11/24/2025 - 13:10:22: "BoOm<26><STEAM_0:1:2390016><CT>" killed "Dmitriy.Velikiy<27><STEAM_0:1:4039424><TERRORIST>" with "ak47"
L 11/24/2025 - 13:10:27: "Dmitriy.Velikiy<27><STEAM_0:1:4039424><TERRORIST>" say "stupid" (dead)
L 11/24/2025 - 13:10:27: "BoOm<26><STEAM_0:1:2390016><CT>" triggered "Begin_Bomb_Defuse_With_Kit"
L 11/24/2025 - 13:10:32: "BoOm<26><STEAM_0:1:2390016><CT>" triggered "Defused_The_Bomb"
L 11/24/2025 - 13:10:32: Team "CT" triggered "Bomb_Defused" (CT "5") (T "9")
L 11/24/2025 - 13:10:32: World triggered "Round_End"
L 11/24/2025 - 13:10:35: "Dmitriy.Velikiy<27><STEAM_0:1:4039424><TERRORIST>" triggered "Spawned_With_The_Bomb"
L 11/24/2025 - 13:10:35: World triggered "Round_Start"
L 11/24/2025 - 13:11:07: "Dmitriy.Velikiy<27><STEAM_0:1:4039424><TERRORIST>" triggered "Planted_The_Bomb"
L 11/24/2025 - 13:11:07: "BoOm<26><STEAM_0:1:2390016><CT>" say "Cme on Dmitriy.Velikiy,,"
L 11/24/2025 - 13:11:36: "Dmitriy.Velikiy<27><STEAM_0:1:4039424><TERRORIST>" killed "BoOm<26><STEAM_0:1:2390016><CT>" with "ak47"
L 11/24/2025 - 13:11:36: Team "TERRORIST" triggered "Terrorists_Win" (CT "5") (T "10")
L 11/24/2025 - 13:11:36: World triggered "Round_End"
L 11/24/2025 - 13:11:39: "Dmitriy.Velikiy<27><STEAM_0:1:4039424><TERRORIST>" triggered "Spawned_With_The_Bomb"
L 11/24/2025 - 13:11:39: World triggered "Round_Start"
L 11/24/2025 - 13:12:10: Kick: "BoOm<26><STEAM_0:0:11><>" was kicked by "Console"
L 11/24/2025 - 13:12:10: "BoOm<26><BOT><CT>" disconnected
L 11/24/2025 - 13:12:10: "Felix<28><STEAM_0:1:16713728><>" entered the game
L 11/24/2025 - 13:12:10: "Felix<28><STEAM_0:1:16713728><>" joined team "CT"
L 11/24/2025 - 13:12:10: World triggered "Game_Commencing"
L 11/24/2025 - 13:12:10: World triggered "Game_Commencing" (CT "5") (T "10")
L 11/24/2025 - 13:12:10: World triggered "Round_End"
L 11/24/2025 - 13:12:13: "Dmitriy.Velikiy<27><STEAM_0:1:4039424><TERRORIST>" triggered "Spawned_With_The_Bomb"
L 11/24/2025 - 13:12:13: World triggered "Round_Start"
L 11/24/2025 - 13:12:45: "Dmitriy.Velikiy<27><STEAM_0:1:4039424><TERRORIST>" triggered "Planted_The_Bomb"
L 11/24/2025 - 13:12:45: "Felix<28><STEAM_0:1:16713728><CT>" say "cme on dmitriy.velikiy,,"
L 11/24/2025 - 13:13:15: "Dmitriy.Velikiy<27><STEAM_0:1:4039424><TERRORIST>" killed "Felix<28><STEAM_0:1:16713728><CT>" with "deagle"
L 11/24/2025 - 13:13:15: Team "TERRORIST" triggered "Terrorists_Win" (CT "0") (T "1")
L 11/24/2025 - 13:13:15: World triggered "Round_End"
L 11/24/2025 - 13:13:18: "Dmitriy.Velikiy<27><STEAM_0:1:4039424><TERRORIST>" triggered "Spawned_With_The_Bomb"
L 11/24/2025 - 13:13:18: World triggered "Round_Start"
L 11/24/2025 - 13:13:48: "Dmitriy.Velikiy<27><STEAM_0:1:4039424><TERRORIST>" triggered "Planted_The_Bomb"
L 11/24/2025 - 13:13:48: "Felix<28><STEAM_0:1:16713728><CT>" say "comeo n dmitriy.velikiy,"
L 11/24/2025 - 13:14:07: "Dmitriy.Velikiy<27><STEAM_0:1:4039424><TERRORIST>" killed "Felix<28><STEAM_0:1:16713728><CT>" with "ak47"
L 11/24/2025 - 13:14:07: Team "TERRORIST" triggered "Terrorists_Win" (CT "0") (T "2")
L 11/24/2025 - 13:14:07: World triggered "Round_End"
L 11/24/2025 - 13:14:10: "Dmitriy.Velikiy<27><STEAM_0:1:4039424><TERRORIST>" triggered "Spawned_With_The_Bomb"
L 11/24/2025 - 13:14:10: World triggered "Round_Start"
L 11/24/2025 - 13:14:42: "Dmitriy.Velikiy<27><STEAM_0:1:4039424><TERRORIST>" triggered "Planted_The_Bomb"
L 11/24/2025 - 13:14:42: "Felix<28><STEAM_0:1:16713728><CT>" say "come on dmitriy.velikiy,"
L 11/24/2025 - 13:14:53: "Dmitriy.Velikiy<27><STEAM_0:1:4039424><TERRORIST>" killed "Felix<28><STEAM_0:1:16713728><CT>" with "ak47"
L 11/24/2025 - 13:14:53: Team "TERRORIST" triggered "Terrorists_Win" (CT "0") (T "3")
L 11/24/2025 - 13:14:53: World triggered "Round_End"
L 11/24/2025 - 13:14:56: "Dmitriy.Velikiy<27><STEAM_0:1:4039424><TERRORIST>" triggered "Spawned_With_The_Bomb"
L 11/24/2025 - 13:14:56: World triggered "Round_Start"
L 11/24/2025 - 13:15:03: Kick: "Dmitriy.Velikiy<27><STEAM_0:1:11><>" was kicked by "Console"
L 11/24/2025 - 13:15:03: "Dmitriy.Velikiy<27><BOT><TERRORIST>" triggered "Dropped_The_Bomb"
L 11/24/2025 - 13:15:03: "Dmitriy.Velikiy<27><BOT><TERRORIST>" disconnected
L 11/24/2025 - 13:15:03: "Fomich<29><STEAM_0:1:4450560><>" entered the game
L 11/24/2025 - 13:15:03: "Fomich<29><STEAM_0:1:4450560><>" joined team "TERRORIST"
L 11/24/2025 - 13:15:03: World triggered "Game_Commencing"
L 11/24/2025 - 13:15:03: World triggered "Game_Commencing" (CT "0") (T "3")
L 11/24/2025 - 13:15:03: World triggered "Round_End"
L 11/24/2025 - 13:15:06: "Fomich<29><STEAM_0:1:4450560><TERRORIST>" triggered "Spawned_With_The_Bomb"
L 11/24/2025 - 13:15:06: World triggered "Round_Start"
L 11/24/2025 - 13:15:45: "Fomich<29><STEAM_0:1:4450560><TERRORIST>" triggered "Planted_The_Bomb"
L 11/24/2025 - 13:15:45: "Felix<28><STEAM_0:1:16713728><CT>" say "Come on Fomich,"
L 11/24/2025 - 13:15:52: "Fomich<29><STEAM_0:1:4450560><TERRORIST>" killed "Felix<28><STEAM_0:1:16713728><CT>" with "usp"
L 11/24/2025 - 13:15:52: Team "TERRORIST" triggered "Terrorists_Win" (CT "0") (T "1")
L 11/24/2025 - 13:15:52: World triggered "Round_End"
L 11/24/2025 - 13:15:55: "Fomich<29><STEAM_0:1:4450560><TERRORIST>" triggered "Spawned_With_The_Bomb"
L 11/24/2025 - 13:15:55: World triggered "Round_Start"
L 11/24/2025 - 13:16:20: "Fomich<29><STEAM_0:1:4450560><TERRORIST>" killed "Felix<28><STEAM_0:1:16713728><CT>" with "galil"
L 11/24/2025 - 13:16:20: Team "TERRORIST" triggered "Terrorists_Win" (CT "0") (T "2")
L 11/24/2025 - 13:16:20: World triggered "Round_End"
L 11/24/2025 - 13:16:23: "Fomich<29><STEAM_0:1:4450560><TERRORIST>" triggered "Spawned_With_The_Bomb"
L 11/24/2025 - 13:16:23: World triggered "Round_Start"
L 11/24/2025 - 13:16:47: "Fomich<29><STEAM_0:1:4450560><TERRORIST>" killed "Felix<28><STEAM_0:1:16713728><CT>" with "galil"
L 11/24/2025 - 13:16:47: Team "TERRORIST" triggered "Terrorists_Win" (CT "0") (T "3")
L 11/24/2025 - 13:16:47: World triggered "Round_End"
L 11/24/2025 - 13:16:50: "Fomich<29><STEAM_0:1:4450560><TERRORIST>" triggered "Spawned_With_The_Bomb"
L 11/24/2025 - 13:16:50: World triggered "Round_Start"
L 11/24/2025 - 13:17:20: "Fomich<29><STEAM_0:1:4450560><TERRORIST>" triggered "Planted_The_Bomb"
L 11/24/2025 - 13:17:20: "Felix<28><STEAM_0:1:16713728><CT>" say "Come on Fomich,"
L 11/24/2025 - 13:17:39: "Fomich<29><STEAM_0:1:4450560><TERRORIST>" killed "Felix<28><STEAM_0:1:16713728><CT>" with "galil"
L 11/24/2025 - 13:17:39: Team "TERRORIST" triggered "Terrorists_Win" (CT "0") (T "4")
L 11/24/2025 - 13:17:39: World triggered "Round_End"
L 11/24/2025 - 13:17:39: "Fomich<29><STEAM_0:1:4450560><TERRORIST>" say "Felix you bot"
L 11/24/2025 - 13:17:42: "Fomich<29><STEAM_0:1:4450560><TERRORIST>" triggered "Spawned_With_The_Bomb"
L 11/24/2025 - 13:17:42: World triggered "Round_Start"
L 11/24/2025 - 13:18:13: "Fomich<29><STEAM_0:1:4450560><TERRORIST>" triggered "Planted_The_Bomb"
L 11/24/2025 - 13:18:13: "Felix<28><STEAM_0:1:16713728><CT>" say "Come on Fomich,"
L 11/24/2025 - 13:18:26: "Fomich<29><STEAM_0:1:4450560><TERRORIST>" killed "Felix<28><STEAM_0:1:16713728><CT>" with "galil"
L 11/24/2025 - 13:18:26: Team "TERRORIST" triggered "Terrorists_Win" (CT "0") (T "5")
L 11/24/2025 - 13:18:26: World triggered "Round_End"
L 11/24/2025 - 13:18:29: "Fomich<29><STEAM_0:1:4450560><TERRORIST>" triggered "Spawned_With_The_Bomb"
L 11/24/2025 - 13:18:29: World triggered "Round_Start"
L 11/24/2025 - 13:18:51: "Fomich<29><STEAM_0:1:4450560><TERRORIST>" killed "Felix<28><STEAM_0:1:16713728><CT>" with "galil"
L 11/24/2025 - 13:18:51: Team "TERRORIST" triggered "Terrorists_Win" (CT "0") (T "6")
L 11/24/2025 - 13:18:51: World triggered "Round_End"
L 11/24/2025 - 13:18:54: "Fomich<29><STEAM_0:1:4450560><TERRORIST>" triggered "Spawned_With_The_Bomb"
L 11/24/2025 - 13:18:54: World triggered "Round_Start"
L 11/24/2025 - 13:19:32: "Fomich<29><STEAM_0:1:4450560><TERRORIST>" triggered "Planted_The_Bomb"
L 11/24/2025 - 13:19:32: "Felix<28><STEAM_0:1:16713728><CT>" say "Come on Fomich,"
L 11/24/2025 - 13:19:37: "Felix<28><STEAM_0:1:16713728><CT>" killed "Fomich<29><STEAM_0:1:4450560><TERRORIST>" with "famas"
L 11/24/2025 - 13:19:54: "Felix<28><STEAM_0:1:16713728><CT>" triggered "Begin_Bomb_Defuse_With_Kit"
L 11/24/2025 - 13:19:59: "Felix<28><STEAM_0:1:16713728><CT>" triggered "Defused_The_Bomb"
L 11/24/2025 - 13:19:59: Team "CT" triggered "Bomb_Defused" (CT "1") (T "6")
L 11/24/2025 - 13:19:59: World triggered "Round_End"
L 11/24/2025 - 13:20:02: "Fomich<29><STEAM_0:1:4450560><TERRORIST>" triggered "Spawned_With_The_Bomb"
L 11/24/2025 - 13:20:02: World triggered "Round_Start"
L 11/24/2025 - 13:20:10: Server cvar "amx_nextmap" = "de_dust2"
L 11/24/2025 - 13:20:10: Server cvar "mp_chattime" = "11.000000"
L 11/24/2025 - 13:20:20: Server cvar "mp_chattime" = "10.000000"
L 11/24/2025 - 13:20:20: "Felix<28><BOT><CT>" disconnected
L 11/24/2025 - 13:20:20: "Fomich<29><BOT><TERRORIST>" triggered "Dropped_The_Bomb"
L 11/24/2025 - 13:20:20: "Fomich<29><BOT><TERRORIST>" disconnected
L 11/24/2025 - 13:20:20: World triggered "Round_Draw" (CT "1") (T "6")
L 11/24/2025 - 13:20:20: World triggered "Round_End"
L 11/24/2025 - 13:20:20: [META] ini: Begin re-reading plugins list: c:/~dl/sonstz/gameshit/cs 1.6 shit/_falconz-cs16-server/cstrike/addons/metamod/plugins.ini
L 11/24/2025 - 13:20:20: [META] ini: Read plugin config for: AMX Mod X
L 11/24/2025 - 13:20:20: [META] ini: Read plugin config for: Rechecker
L 11/24/2025 - 13:20:20: [META] ini: Read plugin config for: ReSemiclip
L 11/24/2025 - 13:20:20: [META] ini: Read plugin config for: HitBox Fix
L 11/24/2025 - 13:20:20: [META] ini: Read plugin config for: YaPB
L 11/24/2025 - 13:20:20: [META] ini: Finished reading plugins list: c:/~dl/sonstz/gameshit/cs 1.6 shit/_falconz-cs16-server/cstrike/addons/metamod/plugins.ini; Found 5 plugins
L 11/24/2025 - 13:20:20: [META] dll: Updating plugins...
L 11/24/2025 - 13:20:20: [META] dll: Finished updating 16 plugins; kept 5, loaded 0, unloaded 0, reloaded 0, delayed 0
L 11/24/2025 - 13:20:20: [META] dll: Rebuilding callbacks...
L 11/24/2025 - 13:20:20: [META] dll: Callbacks rebuilded.
L 11/24/2025 - 13:20:20: Log file closed
