L 11/27/2025 - 17:42:52: Log file started (file "logs\L1127007.log") (game "cstrike") (version "48/1.1.2.7/Stdio/4002")
L 11/27/2025 - 17:42:52: Loading map "aim_map"
L 11/27/2025 - 17:42:52: Server cvars start
L 11/27/2025 - 17:42:52: Server cvar "allow_spectators" = "1.0"
L 11/27/2025 - 17:42:52: Server cvar "amx_client_languages" = "1"
L 11/27/2025 - 17:42:52: Server cvar "amx_language" = "en"
L 11/27/2025 - 17:42:52: Server cvar "amx_nextmap" = "de_dust2002"
L 11/27/2025 - 17:42:52: Server cvar "amxmodx_version" = "1.9.0.5294"
L 11/27/2025 - 17:42:52: Server cvar "coop" = "0"
L 11/27/2025 - 17:42:52: Server cvar "deathmatch" = "1"
L 11/27/2025 - 17:42:52: Server cvar "decalfrequency" = "3"
L 11/27/2025 - 17:42:52: Server cvar "edgefriction" = "2"
L 11/27/2025 - 17:42:52: Server cvar "ff_damage_reduction_bullets" = "0.35"
L 11/27/2025 - 17:42:52: Server cvar "ff_damage_reduction_grenade" = "0.25"
L 11/27/2025 - 17:42:52: Server cvar "ff_damage_reduction_grenade_self" = "1.0"
L 11/27/2025 - 17:42:52: Server cvar "ff_damage_reduction_other" = "0.35"
L 11/27/2025 - 17:42:52: Server cvar "game_version" = "5.28.0.756-dev"
L 11/27/2025 - 17:42:52: Server cvar "hbf_debug" = "0"
L 11/27/2025 - 17:42:52: Server cvar "hbf_enabled" = "1"
L 11/27/2025 - 17:42:52: Server cvar "humans_join_team" = "any"
L 11/27/2025 - 17:42:52: Server cvar "jtp10181" = "gore,wa"
L 11/27/2025 - 17:42:52: Server cvar "mapm_version" = "3.3.1"
L 11/27/2025 - 17:42:52: Server cvar "max_queries_sec" = "3.0"
L 11/27/2025 - 17:42:52: Server cvar "max_queries_sec_global" = "30"
L 11/27/2025 - 17:42:52: Server cvar "max_queries_window" = "60"
L 11/27/2025 - 17:42:52: Server cvar "metamod_version" = "1.3.0.149"
L 11/27/2025 - 17:42:52: Server cvar "mp_afk_bomb_drop_time" = "15"
L 11/27/2025 - 17:42:52: Server cvar "mp_ammo_respawn_time" = "20"
L 11/27/2025 - 17:42:52: Server cvar "mp_autokick" = "1"
L 11/27/2025 - 17:42:52: Server cvar "mp_autokick_timeout" = "-1"
L 11/27/2025 - 17:42:52: Server cvar "mp_autoteambalance" = "0"
L 11/27/2025 - 17:42:52: Server cvar "mp_buy_anywhere" = "0"
L 11/27/2025 - 17:42:52: Server cvar "mp_buytime" = "1.5"
L 11/27/2025 - 17:42:52: Server cvar "mp_c4timer" = "45"
L 11/27/2025 - 17:42:52: Server cvar "mp_chattime" = "10"
L 11/27/2025 - 17:42:52: Server cvar "mp_consistency" = "1"
L 11/27/2025 - 17:42:52: Server cvar "mp_fadetoblack" = "0"
L 11/27/2025 - 17:42:52: Server cvar "mp_falldamage" = "1"
L 11/27/2025 - 17:42:52: Server cvar "mp_flashlight" = "0"
L 11/27/2025 - 17:42:52: Server cvar "mp_footsteps" = "1"
L 11/27/2025 - 17:42:52: Server cvar "mp_forcecamera" = "0"
L 11/27/2025 - 17:42:52: Server cvar "mp_forcechasecam" = "0"
L 11/27/2025 - 17:42:52: Server cvar "mp_forcerespawn" = "0"
L 11/27/2025 - 17:42:52: Server cvar "mp_fraglimit" = "0"
L 11/27/2025 - 17:42:52: Server cvar "mp_fragsleft" = "0"
L 11/27/2025 - 17:42:52: Server cvar "mp_freeforall" = "0"
L 11/27/2025 - 17:42:52: Server cvar "mp_freezetime" = "0.5"
L 11/27/2025 - 17:42:52: Server cvar "mp_friendlyfire" = "1"
L 11/27/2025 - 17:42:52: Server cvar "mp_give_player_c4" = "1"
L 11/27/2025 - 17:42:52: Server cvar "mp_hostage_hurtable" = "1"
L 11/27/2025 - 17:42:52: Server cvar "mp_hostagepenalty" = "13"
L 11/27/2025 - 17:42:52: Server cvar "mp_infinite_ammo" = "0"
L 11/27/2025 - 17:42:52: Server cvar "mp_infinite_grenades" = "0"
L 11/27/2025 - 17:42:52: Server cvar "mp_item_respawn_time" = "30"
L 11/27/2025 - 17:42:52: Server cvar "mp_item_staytime" = "300"
L 11/27/2025 - 17:42:52: Server cvar "mp_kickpercent" = "0.66"
L 11/27/2025 - 17:42:52: Server cvar "mp_limitteams" = "2"
L 11/27/2025 - 17:42:52: Server cvar "mp_logdetail" = "0"
L 11/27/2025 - 17:42:52: Server cvar "mp_logfile" = "1"
L 11/27/2025 - 17:42:52: Server cvar "mp_logmessages" = "1"
L 11/27/2025 - 17:42:52: Server cvar "mp_mapvoteratio" = "0.66"
L 11/27/2025 - 17:42:52: Server cvar "mp_maxmoney" = "32000"
L 11/27/2025 - 17:42:52: Server cvar "mp_maxrounds" = "0"
L 11/27/2025 - 17:42:52: Server cvar "mp_playerid" = "0"
L 11/27/2025 - 17:42:52: Server cvar "mp_radio_maxinround" = "60"
L 11/27/2025 - 17:42:52: Server cvar "mp_radio_timeout" = "0"
L 11/27/2025 - 17:42:52: Server cvar "mp_respawn_immunity_effects" = "1"
L 11/27/2025 - 17:42:52: Server cvar "mp_respawn_immunity_force_unset" = "1"
L 11/27/2025 - 17:42:52: Server cvar "mp_respawn_immunitytime" = "0"
L 11/27/2025 - 17:42:52: Server cvar "mp_round_infinite" = "0"
L 11/27/2025 - 17:42:52: Server cvar "mp_round_restart_delay" = "5.0"
L 11/27/2025 - 17:42:52: Server cvar "mp_roundover" = "0"
L 11/27/2025 - 17:42:52: Server cvar "mp_roundtime" = "2"
L 11/27/2025 - 17:42:52: Server cvar "mp_scoreboard_showdefkit" = "1"
L 11/27/2025 - 17:42:52: Server cvar "mp_scoreboard_showhealth" = "5"
L 11/27/2025 - 17:42:52: Server cvar "mp_scoreboard_showmoney" = "5"
L 11/27/2025 - 17:42:52: Server cvar "mp_show_scenarioicon" = "1"
L 11/27/2025 - 17:42:52: Server cvar "mp_startmoney" = "800"
L 11/27/2025 - 17:42:52: Server cvar "mp_timeleft" = "14:57"
L 11/27/2025 - 17:42:52: Server cvar "mp_timelimit" = "15"
L 11/27/2025 - 17:42:52: Server cvar "mp_tkpunish" = "0"
L 11/27/2025 - 17:42:52: Server cvar "mp_weapon_respawn_time" = "20"
L 11/27/2025 - 17:42:52: Server cvar "mp_weapons_allow_map_placed" = "1"
L 11/27/2025 - 17:42:52: Server cvar "mp_windifference" = "1"
L 11/27/2025 - 17:42:52: Server cvar "mp_winlimit" = "0"
L 11/27/2025 - 17:42:52: Server cvar "pausable" = "0"
L 11/27/2025 - 17:42:52: Server cvar "resemiclip_version" = "2.4.3"
L 11/27/2025 - 17:42:52: Server cvar "sv_accelerate" = "5"
L 11/27/2025 - 17:42:52: Server cvar "sv_aim" = "0"
L 11/27/2025 - 17:42:52: Server cvar "sv_airaccelerate" = "10"
L 11/27/2025 - 17:42:52: Server cvar "sv_allow_autoaim" = "1"
L 11/27/2025 - 17:42:52: Server cvar "sv_allowupload" = "1"
L 11/27/2025 - 17:42:52: Server cvar "sv_alltalk" = "1"
L 11/27/2025 - 17:42:52: Server cvar "sv_bounce" = "1"
L 11/27/2025 - 17:42:52: Server cvar "sv_cheats" = "0"
L 11/27/2025 - 17:42:52: Server cvar "sv_clienttrace" = "1"
L 11/27/2025 - 17:42:52: Server cvar "sv_contact" = ""
L 11/27/2025 - 17:42:52: Server cvar "sv_friction" = "4"
L 11/27/2025 - 17:42:52: Server cvar "sv_gravity" = "800"
L 11/27/2025 - 17:42:52: Server cvar "sv_logblocks" = "0"
L 11/27/2025 - 17:42:52: Server cvar "sv_maxrate" = "250000"
L 11/27/2025 - 17:42:52: Server cvar "sv_maxspeed" = "320"
L 11/27/2025 - 17:42:52: Server cvar "sv_minrate" = "25000"
L 11/27/2025 - 17:42:52: Server cvar "sv_password" = ""
L 11/27/2025 - 17:42:52: Server cvar "sv_proxies" = "1"
L 11/27/2025 - 17:42:52: Server cvar "sv_restart" = "0"
L 11/27/2025 - 17:42:52: Server cvar "sv_restartround" = "0"
L 11/27/2025 - 17:42:52: Server cvar "sv_stepsize" = "18"
L 11/27/2025 - 17:42:52: Server cvar "sv_stopspeed" = "75"
L 11/27/2025 - 17:42:52: Server cvar "sv_uploadmax" = "7.77"
L 11/27/2025 - 17:42:52: Server cvar "sv_version" = "1.1.2.7/Stdio,48,4002"
L 11/27/2025 - 17:42:52: Server cvar "sv_voiceenable" = "1"
L 11/27/2025 - 17:42:52: Server cvar "sv_wateraccelerate" = "10"
L 11/27/2025 - 17:42:52: Server cvar "sv_waterfriction" = "1"
L 11/27/2025 - 17:42:52: Server cvar "UAIO (Admin Menu)" = "1.50"
L 11/27/2025 - 17:42:52: Server cvar "weaponarena_version" = "2.0.4"
L 11/27/2025 - 17:42:52: Server cvar "yb_version" = "4.4.957"
L 11/27/2025 - 17:42:52: Server cvars end
L 11/27/2025 - 17:42:52: Server cvar "sv_maxspeed" = "900"
L 11/27/2025 - 17:42:52: Server cvar "mp_round_restart_delay" = "3"
L 11/27/2025 - 17:42:52: Server cvar "mp_timelimit" = "20"
L 11/27/2025 - 17:42:52: Server cvar "mapm_admin_menu_maplist" = "maps.ini"
L 11/27/2025 - 17:42:52: Server cvar "mapm_admin_menu_delay" = "1"
L 11/27/2025 - 17:42:52: Server cvar "sv_maxspeed" = "320"
L 11/27/2025 - 17:42:52: Server cvar "mp_timelimit" = "15"
L 11/27/2025 - 17:42:52: Server cvar "sv_maxspeed" = "900"
L 11/27/2025 - 17:42:52: Server cvar "amx_nextmap" = "aim_map_2010"
L 11/27/2025 - 17:42:52: Started map "aim_map" (CRC "1228290203")
L 11/27/2025 - 17:42:53: World triggered "Round_Start"
L 11/27/2025 - 17:42:56: "DI@BLO<3><STEAM_0:1:9095168><>" entered the game
L 11/27/2025 - 17:42:56: "DI@BLO<3><STEAM_0:1:9095168><>" joined team "TERRORIST"
L 11/27/2025 - 17:42:57: "odothesed<4><STEAM_0:1:15636992><>" entered the game
L 11/27/2025 - 17:42:57: "odothesed<4><STEAM_0:1:15636992><>" joined team "CT"
L 11/27/2025 - 17:42:57: World triggered "Game_Commencing"
L 11/27/2025 - 17:42:57: World triggered "Game_Commencing" (CT "0") (T "0")
L 11/27/2025 - 17:42:57: World triggered "Round_End"
L 11/27/2025 - 17:43:00: World triggered "Round_Start"
L 11/27/2025 - 17:43:04: "odothesed<4><STEAM_0:1:15636992><CT>" killed "DI@BLO<3><STEAM_0:1:9095168><TERRORIST>" with "usp"
L 11/27/2025 - 17:43:04: Team "CT" triggered "CTs_Win" (CT "1") (T "0")
L 11/27/2025 - 17:43:04: World triggered "Round_End"
L 11/27/2025 - 17:43:07: "Cʏвer'Fσχ<5><STEAM_0:1:97036452><>" connected, address "79.235.164.13:27005"
L 11/27/2025 - 17:43:07: "Cʏвer'Fσχ<5><STEAM_0:1:97036452><>" STEAM USERID validated
L 11/27/2025 - 17:43:07: World triggered "Round_Start"
L 11/27/2025 - 17:43:09: "Cʏвer'Fσχ<5><STEAM_0:1:97036452><>" entered the game
L 11/27/2025 - 17:43:12: "odothesed<4><STEAM_0:1:15636992><CT>" killed "DI@BLO<3><STEAM_0:1:9095168><TERRORIST>" with "ak47"
L 11/27/2025 - 17:43:12: Team "CT" triggered "CTs_Win" (CT "2") (T "0")
L 11/27/2025 - 17:43:12: World triggered "Round_End"
L 11/27/2025 - 17:43:15: World triggered "Round_Start"
L 11/27/2025 - 17:43:25: "DI@BLO<3><STEAM_0:1:9095168><TERRORIST>" killed "odothesed<4><STEAM_0:1:15636992><CT>" with "m4a1"
L 11/27/2025 - 17:43:25: Team "TERRORIST" triggered "Terrorists_Win" (CT "2") (T "1")
L 11/27/2025 - 17:43:25: World triggered "Round_End"
L 11/27/2025 - 17:43:28: World triggered "Round_Start"
L 11/27/2025 - 17:43:34: "DI@BLO<3><STEAM_0:1:9095168><TERRORIST>" killed "odothesed<4><STEAM_0:1:15636992><CT>" with "m4a1"
L 11/27/2025 - 17:43:34: Team "TERRORIST" triggered "Terrorists_Win" (CT "2") (T "2")
L 11/27/2025 - 17:43:34: World triggered "Round_End"
L 11/27/2025 - 17:43:37: World triggered "Round_Start"
L 11/27/2025 - 17:43:40: "DI@BLO<3><STEAM_0:1:9095168><TERRORIST>" killed "odothesed<4><STEAM_0:1:15636992><CT>" with "m4a1"
L 11/27/2025 - 17:43:40: Team "TERRORIST" triggered "Terrorists_Win" (CT "2") (T "3")
L 11/27/2025 - 17:43:40: World triggered "Round_End"
L 11/27/2025 - 17:43:43: World triggered "Round_Start"
L 11/27/2025 - 17:43:47: "odothesed<4><STEAM_0:1:15636992><CT>" killed "DI@BLO<3><STEAM_0:1:9095168><TERRORIST>" with "usp"
L 11/27/2025 - 17:43:47: Team "CT" triggered "CTs_Win" (CT "3") (T "3")
L 11/27/2025 - 17:43:47: World triggered "Round_End"
L 11/27/2025 - 17:43:50: World triggered "Round_Start"
L 11/27/2025 - 17:43:58: "odothesed<4><STEAM_0:1:15636992><CT>" killed "DI@BLO<3><STEAM_0:1:9095168><TERRORIST>" with "ak47"
L 11/27/2025 - 17:43:58: Team "CT" triggered "CTs_Win" (CT "4") (T "3")
L 11/27/2025 - 17:43:58: World triggered "Round_End"
L 11/27/2025 - 17:44:01: World triggered "Round_Start"
L 11/27/2025 - 17:44:08: "Cʏвer'Fσχ<5><STEAM_0:1:97036452><>" say "Operational vector collapsed into hyperbolic manifold of negligible causal efficacy." (dead)
L 11/27/2025 - 17:44:09: "odothesed<4><STEAM_0:1:15636992><CT>" killed "DI@BLO<3><STEAM_0:1:9095168><TERRORIST>" with "ak47"
L 11/27/2025 - 17:44:09: Team "CT" triggered "CTs_Win" (CT "5") (T "3")
L 11/27/2025 - 17:44:09: World triggered "Round_End"
L 11/27/2025 - 17:44:09: "odothesed<4><STEAM_0:1:15636992><CT>" say "hahahaha"
L 11/27/2025 - 17:44:11: "Cʏвer'Fσχ<5><STEAM_0:1:97036452><>" say "Mission continuum degenerated into epistemic noise, agency dissolved in stochastic entropy." (dead)
L 11/27/2025 - 17:44:12: World triggered "Round_Start"
L 11/27/2025 - 17:44:13: "Cʏвer'Fσχ<5><STEAM_0:1:97036452><>" say "Objective persistence invariant, exertion subsumed into null-space attractor." (dead)
L 11/27/2025 - 17:44:14: "Cʏвer'Fσχ<5><STEAM_0:1:97036452><>" say "Crossfire matrix reoriented into probabilistic clusters, maximizing early-contact eigenvalues." (dead)
L 11/27/2025 - 17:44:15: "Cʏвer'Fσχ<5><STEAM_0:1:97036452><>" say "Audio telemetry filtered through Kalman recursion, anchoring variance convergence." (dead)
L 11/27/2025 - 17:44:16: "Cʏвer'Fσχ<5><STEAM_0:1:97036452><>" say "Rotations quantized into silent micro-moves, minimizing info leakage." (dead)
L 11/27/2025 - 17:44:17: "Cʏвer'Fσχ<5><STEAM_0:1:97036452><>" say "Goal state bifurcated into paradoxical superposition, engagement collapsed into quantum indeterminacy." (dead)
L 11/27/2025 - 17:44:18: "DI@BLO<3><STEAM_0:1:9095168><TERRORIST>" killed "odothesed<4><STEAM_0:1:15636992><CT>" with "m4a1"
L 11/27/2025 - 17:44:18: Team "TERRORIST" triggered "Terrorists_Win" (CT "5") (T "4")
L 11/27/2025 - 17:44:18: World triggered "Round_End"
L 11/27/2025 - 17:44:19: "Cʏвer'Fσχ<5><STEAM_0:1:97036452><>" say "thetime" (dead)
L 11/27/2025 - 17:44:21: "Cʏвer'Fσχ<5><STEAM_0:1:97036452><>" say "currentmap" (dead)
L 11/27/2025 - 17:44:21: World triggered "Round_Start"
L 11/27/2025 - 17:44:47: "odothesed<4><STEAM_0:1:15636992><CT>" killed "DI@BLO<3><STEAM_0:1:9095168><TERRORIST>" with "ak47"
L 11/27/2025 - 17:44:47: Team "CT" triggered "CTs_Win" (CT "6") (T "4")
L 11/27/2025 - 17:44:47: World triggered "Round_End"
L 11/27/2025 - 17:44:50: World triggered "Round_Start"
L 11/27/2025 - 17:45:15: "s|<1LL3D<6><STEAM_0:1:23986766><>" connected, address "178.26.154.106:27005"
L 11/27/2025 - 17:45:15: "s|<1LL3D<6><STEAM_0:1:23986766><>" STEAM USERID validated
L 11/27/2025 - 17:45:18: "s|<1LL3D<6><STEAM_0:1:23986766><>" entered the game
L 11/27/2025 - 17:45:18: "DI@BLO<3><STEAM_0:1:9095168><TERRORIST>" killed "odothesed<4><STEAM_0:1:15636992><CT>" with "m4a1"
L 11/27/2025 - 17:45:18: Team "TERRORIST" triggered "Terrorists_Win" (CT "6") (T "5")
L 11/27/2025 - 17:45:18: World triggered "Round_End"
L 11/27/2025 - 17:45:21: World triggered "Round_Start"
L 11/27/2025 - 17:45:24: "s|<1LL3D<6><STEAM_0:1:23986766><>" joined team "TERRORIST"
L 11/27/2025 - 17:45:24: Kick: "DI@BLO<3><STEAM_0:0:1><>" was kicked by "Console"
L 11/27/2025 - 17:45:24: "DI@BLO<3><BOT><TERRORIST>" disconnected
L 11/27/2025 - 17:45:26: "Cʏвer'Fσχ<5><STEAM_0:1:97036452><>" joined team "CT"
L 11/27/2025 - 17:45:26: Kick: "odothesed<4><STEAM_0:1:1><>" was kicked by "Console"
L 11/27/2025 - 17:45:26: "odothesed<4><BOT><CT>" disconnected
L 11/27/2025 - 17:45:26: World triggered "Game_Commencing"
L 11/27/2025 - 17:45:26: World triggered "Game_Commencing" (CT "6") (T "5")
L 11/27/2025 - 17:45:26: World triggered "Round_End"
L 11/27/2025 - 17:45:29: "s|<1LL3D<6><STEAM_0:1:23986766><TERRORIST>" killed "Cʏвer'Fσχ<5><STEAM_0:1:97036452><CT>" with "ak47"
L 11/27/2025 - 17:45:29: World triggered "Round_Start"
L 11/27/2025 - 17:45:31: "s|<1LL3D<6><STEAM_0:1:23986766><TERRORIST>" triggered "weaponstats" (weapon "ak47") (shots "9") (hits "3") (kills "1") (headshots "0") (tks "0") (damage "102") (deaths "0")
L 11/27/2025 - 17:45:31: "s|<1LL3D<6><STEAM_0:1:23986766><TERRORIST>" triggered "weaponstats2" (weapon "ak47") (head "0") (chest "1") (stomach "0") (leftarm "2") (rightarm "0") (leftleg "0") (rightleg "0")
L 11/27/2025 - 17:45:31: "s|<1LL3D<6><STEAM_0:1:23986766><TERRORIST>" triggered "time" (time "0:12")
L 11/27/2025 - 17:45:31: "s|<1LL3D<6><STEAM_0:1:23986766><TERRORIST>" triggered "latency" (ping "0")
L 11/27/2025 - 17:45:31: "s|<1LL3D<6><STEAM_0:1:23986766><TERRORIST>" disconnected
L 11/27/2025 - 17:45:31: "articwolf<7><STEAM_0:1:4119040><>" entered the game
L 11/27/2025 - 17:45:31: "articwolf<7><STEAM_0:1:4119040><>" joined team "TERRORIST"
L 11/27/2025 - 17:45:31: World triggered "Game_Commencing"
L 11/27/2025 - 17:45:31: World triggered "Game_Commencing" (CT "0") (T "0")
L 11/27/2025 - 17:45:31: World triggered "Round_End"
L 11/27/2025 - 17:45:32: "Cʏвer'Fσχ<5><STEAM_0:1:97036452><CT>" killed "articwolf<7><STEAM_0:1:4119040><TERRORIST>" with "ak47"
L 11/27/2025 - 17:45:34: World triggered "Round_Start"
L 11/27/2025 - 17:46:06: "articwolf<7><STEAM_0:1:4119040><TERRORIST>" killed "Cʏвer'Fσχ<5><STEAM_0:1:97036452><CT>" with "ak47"
L 11/27/2025 - 17:46:06: Team "TERRORIST" triggered "Terrorists_Win" (CT "0") (T "1")
L 11/27/2025 - 17:46:06: World triggered "Round_End"
L 11/27/2025 - 17:46:08: "Cʏвer'Fσχ<5><STEAM_0:1:97036452><CT>" joined team "SPECTATOR"
L 11/27/2025 - 17:46:08: "Exception<8><STEAM_0:1:16480768><>" entered the game
L 11/27/2025 - 17:46:08: "Exception<8><STEAM_0:1:16480768><>" joined team "CT"
L 11/27/2025 - 17:46:09: World triggered "Round_Start"
L 11/27/2025 - 17:46:13: "articwolf<7><STEAM_0:1:4119040><TERRORIST>" killed "Exception<8><STEAM_0:1:16480768><CT>" with "m4a1"
L 11/27/2025 - 17:46:13: Team "TERRORIST" triggered "Terrorists_Win" (CT "0") (T "2")
L 11/27/2025 - 17:46:13: World triggered "Round_End"
L 11/27/2025 - 17:46:16: World triggered "Round_Start"
L 11/27/2025 - 17:46:21: "articwolf<7><STEAM_0:1:4119040><TERRORIST>" killed "Exception<8><STEAM_0:1:16480768><CT>" with "m4a1"
L 11/27/2025 - 17:46:21: Team "TERRORIST" triggered "Terrorists_Win" (CT "0") (T "3")
L 11/27/2025 - 17:46:21: World triggered "Round_End"
L 11/27/2025 - 17:46:24: World triggered "Round_Start"
L 11/27/2025 - 17:46:36: "articwolf<7><STEAM_0:1:4119040><TERRORIST>" killed "Exception<8><STEAM_0:1:16480768><CT>" with "m4a1"
L 11/27/2025 - 17:46:36: Team "TERRORIST" triggered "Terrorists_Win" (CT "0") (T "4")
L 11/27/2025 - 17:46:36: World triggered "Round_End"
L 11/27/2025 - 17:46:39: World triggered "Round_Start"
L 11/27/2025 - 17:46:44: "articwolf<7><STEAM_0:1:4119040><TERRORIST>" killed "Exception<8><STEAM_0:1:16480768><CT>" with "m4a1"
L 11/27/2025 - 17:46:44: Team "TERRORIST" triggered "Terrorists_Win" (CT "0") (T "5")
L 11/27/2025 - 17:46:44: World triggered "Round_End"
L 11/27/2025 - 17:46:47: World triggered "Round_Start"
L 11/27/2025 - 17:46:53: "articwolf<7><STEAM_0:1:4119040><TERRORIST>" killed "Exception<8><STEAM_0:1:16480768><CT>" with "m4a1"
L 11/27/2025 - 17:46:53: Team "TERRORIST" triggered "Terrorists_Win" (CT "0") (T "6")
L 11/27/2025 - 17:46:53: World triggered "Round_End"
L 11/27/2025 - 17:46:56: World triggered "Round_Start"
L 11/27/2025 - 17:47:07: "articwolf<7><STEAM_0:1:4119040><TERRORIST>" killed "Exception<8><STEAM_0:1:16480768><CT>" with "m4a1"
L 11/27/2025 - 17:47:07: Team "TERRORIST" triggered "Terrorists_Win" (CT "0") (T "7")
L 11/27/2025 - 17:47:07: World triggered "Round_End"
L 11/27/2025 - 17:47:10: World triggered "Round_Start"
L 11/27/2025 - 17:47:20: "articwolf<7><STEAM_0:1:4119040><TERRORIST>" killed "Exception<8><STEAM_0:1:16480768><CT>" with "m4a1"
L 11/27/2025 - 17:47:20: Team "TERRORIST" triggered "Terrorists_Win" (CT "0") (T "8")
L 11/27/2025 - 17:47:20: World triggered "Round_End"
L 11/27/2025 - 17:47:21: "Exception<8><STEAM_0:1:16480768><CT>" say "noob articwolf" (dead)
L 11/27/2025 - 17:47:23: World triggered "Round_Start"
L 11/27/2025 - 17:47:27: "Exception<8><STEAM_0:1:16480768><CT>" killed "articwolf<7><STEAM_0:1:4119040><TERRORIST>" with "ak47"
L 11/27/2025 - 17:47:27: Team "CT" triggered "CTs_Win" (CT "1") (T "8")
L 11/27/2025 - 17:47:27: World triggered "Round_End"
L 11/27/2025 - 17:47:30: World triggered "Round_Start"
L 11/27/2025 - 17:47:35: "Exception<8><STEAM_0:1:16480768><CT>" killed "articwolf<7><STEAM_0:1:4119040><TERRORIST>" with "ak47"
L 11/27/2025 - 17:47:35: Team "CT" triggered "CTs_Win" (CT "2") (T "8")
L 11/27/2025 - 17:47:35: World triggered "Round_End"
L 11/27/2025 - 17:47:38: World triggered "Round_Start"
L 11/27/2025 - 17:48:06: "articwolf<7><STEAM_0:1:4119040><TERRORIST>" killed "Exception<8><STEAM_0:1:16480768><CT>" with "m4a1"
L 11/27/2025 - 17:48:06: Team "TERRORIST" triggered "Terrorists_Win" (CT "2") (T "9")
L 11/27/2025 - 17:48:06: World triggered "Round_End"
L 11/27/2025 - 17:48:09: World triggered "Round_Start"
L 11/27/2025 - 17:48:13: "articwolf<7><STEAM_0:1:4119040><TERRORIST>" killed "Exception<8><STEAM_0:1:16480768><CT>" with "m4a1"
L 11/27/2025 - 17:48:13: Team "TERRORIST" triggered "Terrorists_Win" (CT "2") (T "10")
L 11/27/2025 - 17:48:13: World triggered "Round_End"
L 11/27/2025 - 17:48:16: World triggered "Round_Start"
L 11/27/2025 - 17:48:23: "Exception<8><STEAM_0:1:16480768><CT>" killed "articwolf<7><STEAM_0:1:4119040><TERRORIST>" with "m4a1"
L 11/27/2025 - 17:48:23: Team "CT" triggered "CTs_Win" (CT "3") (T "10")
L 11/27/2025 - 17:48:23: World triggered "Round_End"
L 11/27/2025 - 17:48:26: World triggered "Round_Start"
L 11/27/2025 - 17:48:33: "Exception<8><STEAM_0:1:16480768><CT>" killed "articwolf<7><STEAM_0:1:4119040><TERRORIST>" with "ak47"
L 11/27/2025 - 17:48:33: Team "CT" triggered "CTs_Win" (CT "4") (T "10")
L 11/27/2025 - 17:48:33: World triggered "Round_End"
L 11/27/2025 - 17:48:33: "Exception<8><STEAM_0:1:16480768><CT>" say "you bot articwolf"
L 11/27/2025 - 17:48:36: World triggered "Round_Start"
L 11/27/2025 - 17:48:46: "articwolf<7><STEAM_0:1:4119040><TERRORIST>" killed "Exception<8><STEAM_0:1:16480768><CT>" with "m4a1"
L 11/27/2025 - 17:48:46: Team "TERRORIST" triggered "Terrorists_Win" (CT "4") (T "11")
L 11/27/2025 - 17:48:46: World triggered "Round_End"
L 11/27/2025 - 17:48:49: World triggered "Round_Start"
L 11/27/2025 - 17:48:52: "articwolf<7><STEAM_0:1:4119040><TERRORIST>" killed "Exception<8><STEAM_0:1:16480768><CT>" with "m4a1"
L 11/27/2025 - 17:48:52: Team "TERRORIST" triggered "Terrorists_Win" (CT "4") (T "12")
L 11/27/2025 - 17:48:52: World triggered "Round_End"
L 11/27/2025 - 17:48:55: World triggered "Round_Start"
L 11/27/2025 - 17:48:59: "Exception<8><STEAM_0:1:16480768><CT>" killed "articwolf<7><STEAM_0:1:4119040><TERRORIST>" with "ak47"
L 11/27/2025 - 17:48:59: Team "CT" triggered "CTs_Win" (CT "5") (T "12")
L 11/27/2025 - 17:48:59: World triggered "Round_End"
L 11/27/2025 - 17:49:02: World triggered "Round_Start"
L 11/27/2025 - 17:49:07: "articwolf<7><STEAM_0:1:4119040><TERRORIST>" killed "Exception<8><STEAM_0:1:16480768><CT>" with "m4a1"
L 11/27/2025 - 17:49:07: Team "TERRORIST" triggered "Terrorists_Win" (CT "5") (T "13")
L 11/27/2025 - 17:49:07: World triggered "Round_End"
L 11/27/2025 - 17:49:10: World triggered "Round_Start"
L 11/27/2025 - 17:49:14: "articwolf<7><STEAM_0:1:4119040><TERRORIST>" killed "Exception<8><STEAM_0:1:16480768><CT>" with "m4a1"
L 11/27/2025 - 17:49:14: Team "TERRORIST" triggered "Terrorists_Win" (CT "5") (T "14")
L 11/27/2025 - 17:49:14: World triggered "Round_End"
L 11/27/2025 - 17:49:17: World triggered "Round_Start"
L 11/27/2025 - 17:49:30: "articwolf<7><STEAM_0:1:4119040><TERRORIST>" killed "Exception<8><STEAM_0:1:16480768><CT>" with "m4a1"
L 11/27/2025 - 17:49:30: Team "TERRORIST" triggered "Terrorists_Win" (CT "5") (T "15")
L 11/27/2025 - 17:49:30: World triggered "Round_End"
L 11/27/2025 - 17:49:33: World triggered "Round_Start"
L 11/27/2025 - 17:49:38: "Exception<8><STEAM_0:1:16480768><CT>" killed "articwolf<7><STEAM_0:1:4119040><TERRORIST>" with "ak47"
L 11/27/2025 - 17:49:40: Team "CT" triggered "CTs_Win" (CT "6") (T "15")
L 11/27/2025 - 17:49:40: World triggered "Round_End"
L 11/27/2025 - 17:49:43: World triggered "Round_Start"
L 11/27/2025 - 17:49:45: "articwolf<7><STEAM_0:1:4119040><TERRORIST>" killed "Exception<8><STEAM_0:1:16480768><CT>" with "ak47"
L 11/27/2025 - 17:49:45: Team "TERRORIST" triggered "Terrorists_Win" (CT "6") (T "16")
L 11/27/2025 - 17:49:45: World triggered "Round_End"
L 11/27/2025 - 17:49:48: World triggered "Round_Start"
L 11/27/2025 - 17:49:51: "Exception<8><STEAM_0:1:16480768><CT>" killed "articwolf<7><STEAM_0:1:4119040><TERRORIST>" with "m4a1"
L 11/27/2025 - 17:49:51: Team "CT" triggered "CTs_Win" (CT "7") (T "16")
L 11/27/2025 - 17:49:51: World triggered "Round_End"
L 11/27/2025 - 17:49:54: World triggered "Round_Start"
L 11/27/2025 - 17:49:59: "Exception<8><STEAM_0:1:16480768><CT>" killed "articwolf<7><STEAM_0:1:4119040><TERRORIST>" with "ak47"
L 11/27/2025 - 17:49:59: Team "CT" triggered "CTs_Win" (CT "8") (T "16")
L 11/27/2025 - 17:49:59: World triggered "Round_End"
L 11/27/2025 - 17:50:02: World triggered "Round_Start"
L 11/27/2025 - 17:50:09: "Exception<8><STEAM_0:1:16480768><CT>" killed "articwolf<7><STEAM_0:1:4119040><TERRORIST>" with "ak47"
L 11/27/2025 - 17:50:09: Team "CT" triggered "CTs_Win" (CT "9") (T "16")
L 11/27/2025 - 17:50:09: World triggered "Round_End"
L 11/27/2025 - 17:50:12: World triggered "Round_Start"
L 11/27/2025 - 17:50:16: "Exception<8><STEAM_0:1:16480768><CT>" killed "articwolf<7><STEAM_0:1:4119040><TERRORIST>" with "ak47"
L 11/27/2025 - 17:50:16: Team "CT" triggered "CTs_Win" (CT "10") (T "16")
L 11/27/2025 - 17:50:16: World triggered "Round_End"
L 11/27/2025 - 17:50:19: World triggered "Round_Start"
L 11/27/2025 - 17:50:33: "Exception<8><STEAM_0:1:16480768><CT>" killed "articwolf<7><STEAM_0:1:4119040><TERRORIST>" with "ak47"
L 11/27/2025 - 17:50:33: Team "CT" triggered "CTs_Win" (CT "11") (T "16")
L 11/27/2025 - 17:50:33: World triggered "Round_End"
L 11/27/2025 - 17:50:34: "s|<1LL3D<9><STEAM_0:1:23986766><>" connected, address "178.26.154.106:27005"
L 11/27/2025 - 17:50:34: "s|<1LL3D<9><STEAM_0:1:23986766><>" STEAM USERID validated
L 11/27/2025 - 17:50:36: World triggered "Round_Start"
L 11/27/2025 - 17:50:36: "s|<1LL3D<9><STEAM_0:1:23986766><>" entered the game
L 11/27/2025 - 17:50:39: "Exception<8><STEAM_0:1:16480768><CT>" killed "articwolf<7><STEAM_0:1:4119040><TERRORIST>" with "ak47"
L 11/27/2025 - 17:50:39: Team "CT" triggered "CTs_Win" (CT "12") (T "16")
L 11/27/2025 - 17:50:39: World triggered "Round_End"
L 11/27/2025 - 17:50:41: "s|<1LL3D<9><STEAM_0:1:23986766><>" joined team "TERRORIST"
L 11/27/2025 - 17:50:41: Kick: "articwolf<7><STEAM_0:0:2><>" was kicked by "Console"
L 11/27/2025 - 17:50:41: "articwolf<7><BOT><TERRORIST>" disconnected
L 11/27/2025 - 17:50:42: World triggered "Round_Start"
L 11/27/2025 - 17:50:45: "Exception<8><BOT><CT>" disconnected
L 11/27/2025 - 17:50:45: "Cʏвer'Fσχ<5><STEAM_0:1:97036452><SPECTATOR>" triggered "weaponstats" (weapon "m4a1") (shots "1") (hits "0") (kills "0") (headshots "0") (tks "0") (damage "0") (deaths "1")
L 11/27/2025 - 17:50:45: "Cʏвer'Fσχ<5><STEAM_0:1:97036452><SPECTATOR>" triggered "weaponstats2" (weapon "m4a1") (head "0") (chest "0") (stomach "0") (leftarm "0") (rightarm "0") (leftleg "0") (rightleg "0")
L 11/27/2025 - 17:50:45: "Cʏвer'Fσχ<5><STEAM_0:1:97036452><SPECTATOR>" triggered "weaponstats" (weapon "ak47") (shots "7") (hits "0") (kills "0") (headshots "0") (tks "0") (damage "0") (deaths "0")
L 11/27/2025 - 17:50:45: "Cʏвer'Fσχ<5><STEAM_0:1:97036452><SPECTATOR>" triggered "weaponstats2" (weapon "ak47") (head "0") (chest "0") (stomach "0") (leftarm "0") (rightarm "0") (leftleg "0") (rightleg "0")
L 11/27/2025 - 17:50:45: "Cʏвer'Fσχ<5><STEAM_0:1:97036452><SPECTATOR>" triggered "weaponstats" (weapon "knife") (shots "1") (hits "0") (kills "0") (headshots "0") (tks "0") (damage "0") (deaths "0")
L 11/27/2025 - 17:50:45: "Cʏвer'Fσχ<5><STEAM_0:1:97036452><SPECTATOR>" triggered "weaponstats2" (weapon "knife") (head "0") (chest "0") (stomach "0") (leftarm "0") (rightarm "0") (leftleg "0") (rightleg "0")
L 11/27/2025 - 17:50:45: "Cʏвer'Fσχ<5><STEAM_0:1:97036452><SPECTATOR>" triggered "time" (time "7:34")
L 11/27/2025 - 17:50:45: "Cʏвer'Fσχ<5><STEAM_0:1:97036452><SPECTATOR>" triggered "latency" (ping "23")
L 11/27/2025 - 17:50:45: "s|<1LL3D<9><STEAM_0:1:23986766><TERRORIST>" triggered "weaponstats" (weapon "ak47") (shots "4") (hits "0") (kills "0") (headshots "0") (tks "0") (damage "0") (deaths "0")
L 11/27/2025 - 17:50:45: "s|<1LL3D<9><STEAM_0:1:23986766><TERRORIST>" triggered "weaponstats2" (weapon "ak47") (head "0") (chest "0") (stomach "0") (leftarm "0") (rightarm "0") (leftleg "0") (rightleg "0")
L 11/27/2025 - 17:50:45: "s|<1LL3D<9><STEAM_0:1:23986766><TERRORIST>" triggered "time" (time "0:09")
L 11/27/2025 - 17:50:45: "s|<1LL3D<9><STEAM_0:1:23986766><TERRORIST>" triggered "latency" (ping "0")
L 11/27/2025 - 17:50:45: [META] ini: Begin re-reading plugins list: c:/~dl/sonstz/gameshit/cs 1.6 shit/_falconz-cs16-server/cstrike/addons/metamod/plugins.ini
L 11/27/2025 - 17:50:45: [META] ini: Read plugin config for: AMX Mod X
L 11/27/2025 - 17:50:45: [META] ini: Read plugin config for: Rechecker
L 11/27/2025 - 17:50:45: [META] ini: Read plugin config for: ReSemiclip
L 11/27/2025 - 17:50:45: [META] ini: Read plugin config for: HitBox Fix
L 11/27/2025 - 17:50:45: [META] ini: Read plugin config for: YaPB
L 11/27/2025 - 17:50:45: [META] ini: Finished reading plugins list: c:/~dl/sonstz/gameshit/cs 1.6 shit/_falconz-cs16-server/cstrike/addons/metamod/plugins.ini; Found 5 plugins
L 11/27/2025 - 17:50:45: [META] dll: Updating plugins...
L 11/27/2025 - 17:50:45: [META] dll: Finished updating 16 plugins; kept 5, loaded 0, unloaded 0, reloaded 0, delayed 0
L 11/27/2025 - 17:50:45: [META] dll: Rebuilding callbacks...
L 11/27/2025 - 17:50:45: [META] dll: Callbacks rebuilded.
L 11/27/2025 - 17:50:45: "Cʏвer'Fσχ<5><STEAM_0:1:97036452><SPECTATOR>" disconnected
L 11/27/2025 - 17:50:45: "s|<1LL3D<9><STEAM_0:1:23986766><TERRORIST>" disconnected
L 11/27/2025 - 17:50:45: World triggered "Round_Draw" (CT "12") (T "16")
L 11/27/2025 - 17:50:45: World triggered "Round_End"
L 11/27/2025 - 17:50:45: Log file closed
