L 11/24/2025 - 20:18:24: Log file started (file "logs\L1124063.log") (game "cstrike") (version "48/1.1.2.7/Stdio/4002")
L 11/24/2025 - 20:18:24: Loading map "cs_17b_assault"
L 11/24/2025 - 20:18:24: Server cvars start
L 11/24/2025 - 20:18:24: Server cvar "allow_spectators" = "1.0"
L 11/24/2025 - 20:18:24: Server cvar "amx_client_languages" = "1"
L 11/24/2025 - 20:18:24: Server cvar "amx_language" = "en"
L 11/24/2025 - 20:18:24: Server cvar "amx_nextmap" = "cs_17b_assault"
L 11/24/2025 - 20:18:24: Server cvar "amxmodx_version" = "1.9.0.5294"
L 11/24/2025 - 20:18:24: Server cvar "coop" = "0"
L 11/24/2025 - 20:18:24: Server cvar "deathmatch" = "1"
L 11/24/2025 - 20:18:24: Server cvar "decalfrequency" = "3"
L 11/24/2025 - 20:18:24: Server cvar "edgefriction" = "2"
L 11/24/2025 - 20:18:24: Server cvar "ff_damage_reduction_bullets" = "0.35"
L 11/24/2025 - 20:18:24: Server cvar "ff_damage_reduction_grenade" = "0.25"
L 11/24/2025 - 20:18:24: Server cvar "ff_damage_reduction_grenade_self" = "1.0"
L 11/24/2025 - 20:18:24: Server cvar "ff_damage_reduction_other" = "0.35"
L 11/24/2025 - 20:18:24: Server cvar "game_version" = "5.28.0.756-dev"
L 11/24/2025 - 20:18:24: Server cvar "hbf_debug" = "0"
L 11/24/2025 - 20:18:24: Server cvar "hbf_enabled" = "1"
L 11/24/2025 - 20:18:24: Server cvar "humans_join_team" = "any"
L 11/24/2025 - 20:18:24: Server cvar "jtp10181" = "gore,wa"
L 11/24/2025 - 20:18:24: Server cvar "mapm_admin_menu_delay" = "1"
L 11/24/2025 - 20:18:24: Server cvar "mapm_admin_menu_maplist" = "maps.ini"
L 11/24/2025 - 20:18:24: Server cvar "mapm_version" = "3.3.1"
L 11/24/2025 - 20:18:24: Server cvar "max_queries_sec" = "3.0"
L 11/24/2025 - 20:18:24: Server cvar "max_queries_sec_global" = "30"
L 11/24/2025 - 20:18:24: Server cvar "max_queries_window" = "60"
L 11/24/2025 - 20:18:24: Server cvar "metamod_version" = "1.3.0.149"
L 11/24/2025 - 20:18:24: Server cvar "mp_afk_bomb_drop_time" = "15"
L 11/24/2025 - 20:18:24: Server cvar "mp_ammo_respawn_time" = "20"
L 11/24/2025 - 20:18:24: Server cvar "mp_autokick" = "1"
L 11/24/2025 - 20:18:24: Server cvar "mp_autokick_timeout" = "-1"
L 11/24/2025 - 20:18:24: Server cvar "mp_autoteambalance" = "0"
L 11/24/2025 - 20:18:24: Server cvar "mp_buy_anywhere" = "0"
L 11/24/2025 - 20:18:24: Server cvar "mp_buytime" = "1.5"
L 11/24/2025 - 20:18:24: Server cvar "mp_c4timer" = "45"
L 11/24/2025 - 20:18:24: Server cvar "mp_chattime" = "10.000000"
L 11/24/2025 - 20:18:24: Server cvar "mp_consistency" = "1"
L 11/24/2025 - 20:18:24: Server cvar "mp_fadetoblack" = "0"
L 11/24/2025 - 20:18:24: Server cvar "mp_falldamage" = "1"
L 11/24/2025 - 20:18:24: Server cvar "mp_flashlight" = "0"
L 11/24/2025 - 20:18:24: Server cvar "mp_footsteps" = "1"
L 11/24/2025 - 20:18:24: Server cvar "mp_forcecamera" = "0"
L 11/24/2025 - 20:18:24: Server cvar "mp_forcechasecam" = "0"
L 11/24/2025 - 20:18:24: Server cvar "mp_forcerespawn" = "0"
L 11/24/2025 - 20:18:24: Server cvar "mp_fraglimit" = "0"
L 11/24/2025 - 20:18:24: Server cvar "mp_fragsleft" = "0"
L 11/24/2025 - 20:18:24: Server cvar "mp_freeforall" = "0"
L 11/24/2025 - 20:18:24: Server cvar "mp_freezetime" = "0.5"
L 11/24/2025 - 20:18:24: Server cvar "mp_friendlyfire" = "1"
L 11/24/2025 - 20:18:24: Server cvar "mp_give_player_c4" = "1"
L 11/24/2025 - 20:18:24: Server cvar "mp_hostage_hurtable" = "1"
L 11/24/2025 - 20:18:24: Server cvar "mp_hostagepenalty" = "13"
L 11/24/2025 - 20:18:24: Server cvar "mp_infinite_ammo" = "0"
L 11/24/2025 - 20:18:24: Server cvar "mp_infinite_grenades" = "0"
L 11/24/2025 - 20:18:24: Server cvar "mp_item_respawn_time" = "30"
L 11/24/2025 - 20:18:24: Server cvar "mp_item_staytime" = "300"
L 11/24/2025 - 20:18:24: Server cvar "mp_kickpercent" = "0.66"
L 11/24/2025 - 20:18:24: Server cvar "mp_limitteams" = "2"
L 11/24/2025 - 20:18:24: Server cvar "mp_logdetail" = "0"
L 11/24/2025 - 20:18:24: Server cvar "mp_logfile" = "1"
L 11/24/2025 - 20:18:24: Server cvar "mp_logmessages" = "1"
L 11/24/2025 - 20:18:24: Server cvar "mp_mapvoteratio" = "0.66"
L 11/24/2025 - 20:18:24: Server cvar "mp_maxmoney" = "32000"
L 11/24/2025 - 20:18:24: Server cvar "mp_maxrounds" = "0"
L 11/24/2025 - 20:18:24: Server cvar "mp_playerid" = "0"
L 11/24/2025 - 20:18:24: Server cvar "mp_radio_maxinround" = "60"
L 11/24/2025 - 20:18:24: Server cvar "mp_radio_timeout" = "0"
L 11/24/2025 - 20:18:24: Server cvar "mp_respawn_immunity_effects" = "1"
L 11/24/2025 - 20:18:24: Server cvar "mp_respawn_immunity_force_unset" = "1"
L 11/24/2025 - 20:18:24: Server cvar "mp_respawn_immunitytime" = "0"
L 11/24/2025 - 20:18:24: Server cvar "mp_round_infinite" = "0"
L 11/24/2025 - 20:18:24: Server cvar "mp_round_restart_delay" = "3"
L 11/24/2025 - 20:18:24: Server cvar "mp_roundover" = "0"
L 11/24/2025 - 20:18:24: Server cvar "mp_roundtime" = "2"
L 11/24/2025 - 20:18:24: Server cvar "mp_scoreboard_showdefkit" = "1"
L 11/24/2025 - 20:18:24: Server cvar "mp_scoreboard_showhealth" = "5"
L 11/24/2025 - 20:18:24: Server cvar "mp_scoreboard_showmoney" = "5"
L 11/24/2025 - 20:18:24: Server cvar "mp_show_scenarioicon" = "1"
L 11/24/2025 - 20:18:24: Server cvar "mp_startmoney" = "800"
L 11/24/2025 - 20:18:24: Server cvar "mp_timeleft" = "00:34"
L 11/24/2025 - 20:18:24: Server cvar "mp_timelimit" = "15"
L 11/24/2025 - 20:18:24: Server cvar "mp_tkpunish" = "0"
L 11/24/2025 - 20:18:24: Server cvar "mp_weapon_respawn_time" = "20"
L 11/24/2025 - 20:18:24: Server cvar "mp_weapons_allow_map_placed" = "1"
L 11/24/2025 - 20:18:24: Server cvar "mp_windifference" = "1"
L 11/24/2025 - 20:18:24: Server cvar "mp_winlimit" = "0"
L 11/24/2025 - 20:18:24: Server cvar "pausable" = "0"
L 11/24/2025 - 20:18:24: Server cvar "resemiclip_version" = "2.4.3"
L 11/24/2025 - 20:18:24: Server cvar "sv_accelerate" = "5"
L 11/24/2025 - 20:18:24: Server cvar "sv_aim" = "0"
L 11/24/2025 - 20:18:24: Server cvar "sv_airaccelerate" = "10"
L 11/24/2025 - 20:18:24: Server cvar "sv_allow_autoaim" = "1"
L 11/24/2025 - 20:18:24: Server cvar "sv_allowupload" = "1"
L 11/24/2025 - 20:18:24: Server cvar "sv_alltalk" = "1"
L 11/24/2025 - 20:18:24: Server cvar "sv_bounce" = "1"
L 11/24/2025 - 20:18:24: Server cvar "sv_cheats" = "0"
L 11/24/2025 - 20:18:24: Server cvar "sv_clienttrace" = "1"
L 11/24/2025 - 20:18:24: Server cvar "sv_contact" = ""
L 11/24/2025 - 20:18:24: Server cvar "sv_friction" = "4"
L 11/24/2025 - 20:18:24: Server cvar "sv_gravity" = "800"
L 11/24/2025 - 20:18:24: Server cvar "sv_logblocks" = "0"
L 11/24/2025 - 20:18:24: Server cvar "sv_maxrate" = "250000"
L 11/24/2025 - 20:18:24: Server cvar "sv_maxspeed" = "900"
L 11/24/2025 - 20:18:24: Server cvar "sv_minrate" = "25000"
L 11/24/2025 - 20:18:24: Server cvar "sv_password" = ""
L 11/24/2025 - 20:18:24: Server cvar "sv_proxies" = "1"
L 11/24/2025 - 20:18:24: Server cvar "sv_restart" = "0"
L 11/24/2025 - 20:18:24: Server cvar "sv_restartround" = "0"
L 11/24/2025 - 20:18:24: Server cvar "sv_stepsize" = "18"
L 11/24/2025 - 20:18:24: Server cvar "sv_stopspeed" = "75"
L 11/24/2025 - 20:18:24: Server cvar "sv_uploadmax" = "7.77"
L 11/24/2025 - 20:18:24: Server cvar "sv_version" = "1.1.2.7/Stdio,48,4002"
L 11/24/2025 - 20:18:24: Server cvar "sv_voiceenable" = "1"
L 11/24/2025 - 20:18:24: Server cvar "sv_wateraccelerate" = "10"
L 11/24/2025 - 20:18:24: Server cvar "sv_waterfriction" = "1"
L 11/24/2025 - 20:18:24: Server cvar "UAIO (Admin Menu)" = "1.50"
L 11/24/2025 - 20:18:24: Server cvar "weaponarena_version" = "2.0.4"
L 11/24/2025 - 20:18:24: Server cvar "yb_version" = "4.4.957"
L 11/24/2025 - 20:18:24: Server cvars end
L 11/24/2025 - 20:18:24: Server cvar "mp_timelimit" = "20"
L 11/24/2025 - 20:18:25: Server cvar "sv_maxspeed" = "320"
L 11/24/2025 - 20:18:25: Server cvar "mp_timelimit" = "15"
L 11/24/2025 - 20:18:25: Server cvar "sv_maxspeed" = "900"
L 11/24/2025 - 20:18:25: Server cvar "amx_nextmap" = "cs_747"
L 11/24/2025 - 20:18:26: Started map "cs_17b_assault" (CRC "-933023065")
L 11/24/2025 - 20:18:26: World triggered "Round_Start"
L 11/24/2025 - 20:18:28: ".Ｃʏʙᴇʀ’Ｆｏχ<11><STEAM_0:1:97036452><>" connected, address "84.159.156.244:27005"
L 11/24/2025 - 20:18:28: "s|<1LL3D<12><STEAM_0:1:23986766><>" connected, address "178.26.154.106:27005"
L 11/24/2025 - 20:18:29: ".Ｃʏʙᴇʀ’Ｆｏχ<11><STEAM_0:1:97036452><>" STEAM USERID validated
L 11/24/2025 - 20:18:29: "s|<1LL3D<12><STEAM_0:1:23986766><>" STEAM USERID validated
L 11/24/2025 - 20:18:29: "Dave<13><STEAM_0:1:5107456><>" entered the game
L 11/24/2025 - 20:18:29: "Dave<13><STEAM_0:1:5107456><>" joined team "TERRORIST"
L 11/24/2025 - 20:18:30: "BigMann<14><STEAM_0:1:15889920><>" entered the game
L 11/24/2025 - 20:18:30: "BigMann<14><STEAM_0:1:15889920><>" joined team "CT"
L 11/24/2025 - 20:18:30: World triggered "Game_Commencing"
L 11/24/2025 - 20:18:30: World triggered "Game_Commencing" (CT "0") (T "0")
L 11/24/2025 - 20:18:30: World triggered "Round_End"
L 11/24/2025 - 20:18:30: ".Ｃʏʙᴇʀ’Ｆｏχ<11><STEAM_0:1:97036452><>" entered the game
L 11/24/2025 - 20:18:31: "s|<1LL3D<12><STEAM_0:1:23986766><>" entered the game
L 11/24/2025 - 20:18:33: "s|<1LL3D<12><STEAM_0:1:23986766><>" joined team "TERRORIST"
L 11/24/2025 - 20:18:33: Kick: "Dave<13><STEAM_0:0:2><>" was kicked by "Console"
L 11/24/2025 - 20:18:33: "Dave<13><BOT><TERRORIST>" disconnected
L 11/24/2025 - 20:18:33: ".Ｃʏʙᴇʀ’Ｆｏχ<11><STEAM_0:1:97036452><>" joined team "TERRORIST"
L 11/24/2025 - 20:18:33: World triggered "Round_Start"
L 11/24/2025 - 20:18:33: Kick: "BigMann<14><STEAM_0:1:2><>" was kicked by "Console"
L 11/24/2025 - 20:18:33: "BigMann<14><BOT><CT>" disconnected
L 11/24/2025 - 20:18:47: ".Ｃʏʙᴇʀ’Ｆｏχ<11><STEAM_0:1:97036452><TERRORIST>" killed "s|<1LL3D<12><STEAM_0:1:23986766><TERRORIST>" with "knife"
L 11/24/2025 - 20:18:48: ".Ｃʏʙᴇʀ’Ｆｏχ<11><STEAM_0:1:97036452><TERRORIST>" committed suicide with "world"
L 11/24/2025 - 20:18:48: World triggered "Round_Draw" (CT "0") (T "0")
L 11/24/2025 - 20:18:48: World triggered "Round_End"
L 11/24/2025 - 20:18:48: ".Ｃʏʙᴇʀ’Ｆｏχ<11><STEAM_0:1:97036452><TERRORIST>" joined team "CT"
L 11/24/2025 - 20:18:51: World triggered "Round_Start"
L 11/24/2025 - 20:18:55: "s|<1LL3D<12><STEAM_0:1:23986766><TERRORIST>" triggered "Killed_A_Hostage"
L 11/24/2025 - 20:18:55: World triggered "Game_Commencing"
L 11/24/2025 - 20:18:55: World triggered "Game_Commencing" (CT "0") (T "0")
L 11/24/2025 - 20:18:55: World triggered "Round_End"
L 11/24/2025 - 20:18:56: "s|<1LL3D<12><STEAM_0:1:23986766><TERRORIST>" triggered "Killed_A_Hostage"
L 11/24/2025 - 20:18:58: "s|<1LL3D<12><STEAM_0:1:23986766><TERRORIST>" triggered "Killed_A_Hostage"
L 11/24/2025 - 20:18:58: World triggered "Round_Start"
L 11/24/2025 - 20:19:09: "s|<1LL3D<12><STEAM_0:1:23986766><TERRORIST>" triggered "Killed_A_Hostage"
L 11/24/2025 - 20:19:11: "s|<1LL3D<12><STEAM_0:1:23986766><TERRORIST>" triggered "Killed_A_Hostage"
L 11/24/2025 - 20:19:12: "s|<1LL3D<12><STEAM_0:1:23986766><TERRORIST>" triggered "Killed_A_Hostage"
L 11/24/2025 - 20:19:13: "s|<1LL3D<12><STEAM_0:1:23986766><TERRORIST>" triggered "Killed_A_Hostage"
L 11/24/2025 - 20:20:07: ".Ｃʏʙᴇʀ’Ｆｏχ<11><STEAM_0:1:97036452><CT>" killed "s|<1LL3D<12><STEAM_0:1:23986766><TERRORIST>" with "usp"
L 11/24/2025 - 20:20:07: Team "CT" triggered "CTs_Win" (CT "1") (T "0")
L 11/24/2025 - 20:20:07: World triggered "Round_End"
L 11/24/2025 - 20:20:10: World triggered "Round_Start"
L 11/24/2025 - 20:20:17: ".Ｃʏʙᴇʀ’Ｆｏχ<11><STEAM_0:1:97036452><CT>" killed "s|<1LL3D<12><STEAM_0:1:23986766><TERRORIST>" with "m4a1"
L 11/24/2025 - 20:20:17: Team "CT" triggered "CTs_Win" (CT "2") (T "0")
L 11/24/2025 - 20:20:17: World triggered "Round_End"
L 11/24/2025 - 20:20:20: World triggered "Round_Start"
L 11/24/2025 - 20:20:29: "s|<1LL3D<12><STEAM_0:1:23986766><TERRORIST>" killed ".Ｃʏʙᴇʀ’Ｆｏχ<11><STEAM_0:1:97036452><CT>" with "deagle"
L 11/24/2025 - 20:20:29: Team "TERRORIST" triggered "Terrorists_Win" (CT "2") (T "1")
L 11/24/2025 - 20:20:29: World triggered "Round_End"
L 11/24/2025 - 20:20:32: World triggered "Round_Start"
L 11/24/2025 - 20:20:50: ".Ｃʏʙᴇʀ’Ｆｏχ<11><STEAM_0:1:97036452><CT>" killed "s|<1LL3D<12><STEAM_0:1:23986766><TERRORIST>" with "m4a1"
L 11/24/2025 - 20:20:50: Team "CT" triggered "CTs_Win" (CT "3") (T "1")
L 11/24/2025 - 20:20:50: World triggered "Round_End"
L 11/24/2025 - 20:20:53: World triggered "Round_Start"
L 11/24/2025 - 20:21:26: ".Ｃʏʙᴇʀ’Ｆｏχ<11><STEAM_0:1:97036452><CT>" killed "s|<1LL3D<12><STEAM_0:1:23986766><TERRORIST>" with "m4a1"
L 11/24/2025 - 20:21:26: Team "CT" triggered "CTs_Win" (CT "4") (T "1")
L 11/24/2025 - 20:21:26: World triggered "Round_End"
L 11/24/2025 - 20:21:29: World triggered "Round_Start"
L 11/24/2025 - 20:21:41: ".Ｃʏʙᴇʀ’Ｆｏχ<11><STEAM_0:1:97036452><CT>" killed "s|<1LL3D<12><STEAM_0:1:23986766><TERRORIST>" with "m4a1"
L 11/24/2025 - 20:21:41: Team "CT" triggered "CTs_Win" (CT "5") (T "1")
L 11/24/2025 - 20:21:41: World triggered "Round_End"
L 11/24/2025 - 20:21:44: World triggered "Round_Start"
L 11/24/2025 - 20:22:35: "s|<1LL3D<12><STEAM_0:1:23986766><TERRORIST>" killed ".Ｃʏʙᴇʀ’Ｆｏχ<11><STEAM_0:1:97036452><CT>" with "ak47"
L 11/24/2025 - 20:22:35: Team "TERRORIST" triggered "Terrorists_Win" (CT "5") (T "2")
L 11/24/2025 - 20:22:35: World triggered "Round_End"
L 11/24/2025 - 20:22:38: World triggered "Round_Start"
L 11/24/2025 - 20:23:04: ".Ｃʏʙᴇʀ’Ｆｏχ<11><STEAM_0:1:97036452><CT>" killed "s|<1LL3D<12><STEAM_0:1:23986766><TERRORIST>" with "deagle"
L 11/24/2025 - 20:23:04: Team "CT" triggered "CTs_Win" (CT "6") (T "2")
L 11/24/2025 - 20:23:04: World triggered "Round_End"
L 11/24/2025 - 20:23:07: World triggered "Round_Start"
L 11/24/2025 - 20:23:16: ".Ｃʏʙᴇʀ’Ｆｏχ<11><STEAM_0:1:97036452><CT>" killed "s|<1LL3D<12><STEAM_0:1:23986766><TERRORIST>" with "m4a1"
L 11/24/2025 - 20:23:16: Team "CT" triggered "CTs_Win" (CT "7") (T "2")
L 11/24/2025 - 20:23:16: World triggered "Round_End"
L 11/24/2025 - 20:23:19: World triggered "Round_Start"
L 11/24/2025 - 20:23:40: ".Ｃʏʙᴇʀ’Ｆｏχ<11><STEAM_0:1:97036452><CT>" killed "s|<1LL3D<12><STEAM_0:1:23986766><TERRORIST>" with "m249"
L 11/24/2025 - 20:23:40: Team "CT" triggered "CTs_Win" (CT "8") (T "2")
L 11/24/2025 - 20:23:40: World triggered "Round_End"
L 11/24/2025 - 20:23:43: World triggered "Round_Start"
L 11/24/2025 - 20:23:43: "s|<1LL3D<12><STEAM_0:1:23986766><TERRORIST>" triggered "weaponstats" (weapon "grenade") (shots "1") (hits "0") (kills "0") (headshots "0") (tks "0") (damage "0") (deaths "0")
L 11/24/2025 - 20:23:43: "s|<1LL3D<12><STEAM_0:1:23986766><TERRORIST>" triggered "weaponstats2" (weapon "grenade") (head "0") (chest "0") (stomach "0") (leftarm "0") (rightarm "0") (leftleg "0") (rightleg "0")
L 11/24/2025 - 20:23:43: "s|<1LL3D<12><STEAM_0:1:23986766><TERRORIST>" triggered "weaponstats" (weapon "galil") (shots "1") (hits "0") (kills "0") (headshots "0") (tks "0") (damage "0") (deaths "1")
L 11/24/2025 - 20:23:43: "s|<1LL3D<12><STEAM_0:1:23986766><TERRORIST>" triggered "weaponstats2" (weapon "galil") (head "0") (chest "0") (stomach "0") (leftarm "0") (rightarm "0") (leftleg "0") (rightleg "0")
L 11/24/2025 - 20:23:43: "s|<1LL3D<12><STEAM_0:1:23986766><TERRORIST>" triggered "weaponstats" (weapon "glock18") (shots "32") (hits "3") (kills "0") (headshots "0") (tks "0") (damage "22") (deaths "2")
L 11/24/2025 - 20:23:43: "s|<1LL3D<12><STEAM_0:1:23986766><TERRORIST>" triggered "weaponstats2" (weapon "glock18") (head "0") (chest "1") (stomach "0") (leftarm "1") (rightarm "1") (leftleg "0") (rightleg "0")
L 11/24/2025 - 20:23:43: "s|<1LL3D<12><STEAM_0:1:23986766><TERRORIST>" triggered "weaponstats" (weapon "mp5navy") (shots "3") (hits "0") (kills "0") (headshots "0") (tks "0") (damage "0") (deaths "1")
L 11/24/2025 - 20:23:43: "s|<1LL3D<12><STEAM_0:1:23986766><TERRORIST>" triggered "weaponstats2" (weapon "mp5navy") (head "0") (chest "0") (stomach "0") (leftarm "0") (rightarm "0") (leftleg "0") (rightleg "0")
L 11/24/2025 - 20:23:43: "s|<1LL3D<12><STEAM_0:1:23986766><TERRORIST>" triggered "weaponstats" (weapon "m4a1") (shots "33") (hits "8") (kills "0") (headshots "0") (tks "0") (damage "99") (deaths "1")
L 11/24/2025 - 20:23:43: "s|<1LL3D<12><STEAM_0:1:23986766><TERRORIST>" triggered "weaponstats2" (weapon "m4a1") (head "0") (chest "0") (stomach "0") (leftarm "1") (rightarm "2") (leftleg "1") (rightleg "4")
L 11/24/2025 - 20:23:43: "s|<1LL3D<12><STEAM_0:1:23986766><TERRORIST>" triggered "weaponstats" (weapon "deagle") (shots "29") (hits "2") (kills "1") (headshots "1") (tks "0") (damage "185") (deaths "4")
L 11/24/2025 - 20:23:43: "s|<1LL3D<12><STEAM_0:1:23986766><TERRORIST>" triggered "weaponstats2" (weapon "deagle") (head "1") (chest "0") (stomach "0") (leftarm "0") (rightarm "0") (leftleg "1") (rightleg "0")
L 11/24/2025 - 20:23:43: "s|<1LL3D<12><STEAM_0:1:23986766><TERRORIST>" triggered "weaponstats" (weapon "ak47") (shots "21") (hits "4") (kills "1") (headshots "0") (tks "0") (damage "104") (deaths "0")
L 11/24/2025 - 20:23:43: "s|<1LL3D<12><STEAM_0:1:23986766><TERRORIST>" triggered "weaponstats2" (weapon "ak47") (head "0") (chest "1") (stomach "0") (leftarm "0") (rightarm "0") (leftleg "1") (rightleg "2")
L 11/24/2025 - 20:23:43: "s|<1LL3D<12><STEAM_0:1:23986766><TERRORIST>" triggered "time" (time "5:12")
L 11/24/2025 - 20:23:43: "s|<1LL3D<12><STEAM_0:1:23986766><TERRORIST>" triggered "latency" (ping "32")
L 11/24/2025 - 20:23:43: "s|<1LL3D<12><STEAM_0:1:23986766><TERRORIST>" disconnected
L 11/24/2025 - 20:23:43: "pillman<15><STEAM_0:1:10803200><>" entered the game
L 11/24/2025 - 20:23:43: "pillman<15><STEAM_0:1:10803200><>" joined team "TERRORIST"
L 11/24/2025 - 20:23:43: World triggered "Game_Commencing"
L 11/24/2025 - 20:23:43: World triggered "Game_Commencing" (CT "8") (T "2")
L 11/24/2025 - 20:23:43: World triggered "Round_End"
L 11/24/2025 - 20:23:46: World triggered "Round_Start"
L 11/24/2025 - 20:23:56: ".Ｃʏʙᴇʀ’Ｆｏχ<11><STEAM_0:1:97036452><CT>" killed "pillman<15><STEAM_0:1:10803200><TERRORIST>" with "fiveseven"
L 11/24/2025 - 20:23:56: Team "CT" triggered "CTs_Win" (CT "1") (T "0")
L 11/24/2025 - 20:23:56: World triggered "Round_End"
L 11/24/2025 - 20:23:59: World triggered "Round_Start"
L 11/24/2025 - 20:24:15: ".Ｃʏʙᴇʀ’Ｆｏχ<11><STEAM_0:1:97036452><CT>" killed "pillman<15><STEAM_0:1:10803200><TERRORIST>" with "aug"
L 11/24/2025 - 20:24:15: Team "CT" triggered "CTs_Win" (CT "2") (T "0")
L 11/24/2025 - 20:24:15: World triggered "Round_End"
L 11/24/2025 - 20:24:18: World triggered "Round_Start"
L 11/24/2025 - 20:24:55: ".Ｃʏʙᴇʀ’Ｆｏχ<11><STEAM_0:1:97036452><CT>" triggered "weaponstats" (weapon "p228") (shots "15") (hits "0") (kills "0") (headshots "0") (tks "0") (damage "0") (deaths "1")
L 11/24/2025 - 20:24:55: ".Ｃʏʙᴇʀ’Ｆｏχ<11><STEAM_0:1:97036452><CT>" triggered "weaponstats2" (weapon "p228") (head "0") (chest "0") (stomach "0") (leftarm "0") (rightarm "0") (leftleg "0") (rightleg "0")
L 11/24/2025 - 20:24:55: ".Ｃʏʙᴇʀ’Ｆｏχ<11><STEAM_0:1:97036452><CT>" triggered "weaponstats" (weapon "aug") (shots "92") (hits "0") (kills "0") (headshots "0") (tks "0") (damage "0") (deaths "0")
L 11/24/2025 - 20:24:55: ".Ｃʏʙᴇʀ’Ｆｏχ<11><STEAM_0:1:97036452><CT>" triggered "weaponstats2" (weapon "aug") (head "0") (chest "0") (stomach "0") (leftarm "0") (rightarm "0") (leftleg "0") (rightleg "0")
L 11/24/2025 - 20:24:55: ".Ｃʏʙᴇʀ’Ｆｏχ<11><STEAM_0:1:97036452><CT>" triggered "weaponstats" (weapon "fiveseven") (shots "15") (hits "0") (kills "0") (headshots "0") (tks "0") (damage "0") (deaths "0")
L 11/24/2025 - 20:24:55: ".Ｃʏʙᴇʀ’Ｆｏχ<11><STEAM_0:1:97036452><CT>" triggered "weaponstats2" (weapon "fiveseven") (head "0") (chest "0") (stomach "0") (leftarm "0") (rightarm "0") (leftleg "0") (rightleg "0")
L 11/24/2025 - 20:24:55: ".Ｃʏʙᴇʀ’Ｆｏχ<11><STEAM_0:1:97036452><CT>" triggered "weaponstats" (weapon "usp") (shots "7") (hits "2") (kills "1") (headshots "1") (tks "0") (damage "135") (deaths "0")
L 11/24/2025 - 20:24:55: ".Ｃʏʙᴇʀ’Ｆｏχ<11><STEAM_0:1:97036452><CT>" triggered "weaponstats2" (weapon "usp") (head "1") (chest "0") (stomach "0") (leftarm "1") (rightarm "0") (leftleg "0") (rightleg "0")
L 11/24/2025 - 20:24:55: ".Ｃʏʙᴇʀ’Ｆｏχ<11><STEAM_0:1:97036452><CT>" triggered "weaponstats" (weapon "glock18") (shots "20") (hits "7") (kills "0") (headshots "0") (tks "0") (damage "78") (deaths "0")
L 11/24/2025 - 20:24:55: ".Ｃʏʙᴇʀ’Ｆｏχ<11><STEAM_0:1:97036452><CT>" triggered "weaponstats2" (weapon "glock18") (head "2") (chest "2") (stomach "1") (leftarm "0") (rightarm "2") (leftleg "0") (rightleg "0")
L 11/24/2025 - 20:24:55: ".Ｃʏʙᴇʀ’Ｆｏχ<11><STEAM_0:1:97036452><CT>" triggered "weaponstats" (weapon "m249") (shots "39") (hits "5") (kills "1") (headshots "0") (tks "0") (damage "132") (deaths "0")
L 11/24/2025 - 20:24:55: ".Ｃʏʙᴇʀ’Ｆｏχ<11><STEAM_0:1:97036452><CT>" triggered "weaponstats2" (weapon "m249") (head "0") (chest "1") (stomach "1") (leftarm "1") (rightarm "1") (leftleg "1") (rightleg "0")
L 11/24/2025 - 20:24:55: ".Ｃʏʙᴇʀ’Ｆｏχ<11><STEAM_0:1:97036452><CT>" triggered "weaponstats" (weapon "m4a1") (shots "246") (hits "17") (kills "5") (headshots "0") (tks "0") (damage "545") (deaths "1")
L 11/24/2025 - 20:24:55: ".Ｃʏʙᴇʀ’Ｆｏχ<11><STEAM_0:1:97036452><CT>" triggered "weaponstats2" (weapon "m4a1") (head "1") (chest "3") (stomach "1") (leftarm "10") (rightarm "1") (leftleg "1") (rightleg "0")
L 11/24/2025 - 20:24:55: ".Ｃʏʙᴇʀ’Ｆｏχ<11><STEAM_0:1:97036452><CT>" triggered "weaponstats" (weapon "deagle") (shots "6") (hits "1") (kills "1") (headshots "1") (tks "0") (damage "102") (deaths "0")
L 11/24/2025 - 20:24:55: ".Ｃʏʙᴇʀ’Ｆｏχ<11><STEAM_0:1:97036452><CT>" triggered "weaponstats2" (weapon "deagle") (head "1") (chest "0") (stomach "0") (leftarm "0") (rightarm "0") (leftleg "0") (rightleg "0")
L 11/24/2025 - 20:24:55: ".Ｃʏʙᴇʀ’Ｆｏχ<11><STEAM_0:1:97036452><CT>" triggered "weaponstats" (weapon "knife") (shots "2") (hits "1") (kills "1") (headshots "0") (tks "1") (damage "22") (deaths "0")
L 11/24/2025 - 20:24:55: ".Ｃʏʙᴇʀ’Ｆｏχ<11><STEAM_0:1:97036452><CT>" triggered "weaponstats2" (weapon "knife") (head "0") (chest "0") (stomach "0") (leftarm "0") (rightarm "0") (leftleg "0") (rightleg "0")
L 11/24/2025 - 20:24:55: ".Ｃʏʙᴇʀ’Ｆｏχ<11><STEAM_0:1:97036452><CT>" triggered "time" (time "6:24")
L 11/24/2025 - 20:24:55: ".Ｃʏʙᴇʀ’Ｆｏχ<11><STEAM_0:1:97036452><CT>" triggered "latency" (ping "6")
L 11/24/2025 - 20:24:55: ".Ｃʏʙᴇʀ’Ｆｏχ<11><STEAM_0:1:97036452><CT>" disconnected
L 11/24/2025 - 20:24:55: "John Dorian<16><STEAM_0:1:8447232><>" entered the game
L 11/24/2025 - 20:24:55: "John Dorian<16><STEAM_0:1:8447232><>" joined team "CT"
L 11/24/2025 - 20:24:55: World triggered "Game_Commencing"
L 11/24/2025 - 20:24:55: World triggered "Game_Commencing" (CT "2") (T "0")
L 11/24/2025 - 20:24:55: World triggered "Round_End"
L 11/24/2025 - 20:24:58: World triggered "Round_Start"
L 11/24/2025 - 20:25:02: [META] ini: Begin re-reading plugins list: c:/~dl/sonstz/gameshit/cs 1.6 shit/_falconz-cs16-server/cstrike/addons/metamod/plugins.ini
L 11/24/2025 - 20:25:02: [META] ini: Read plugin config for: AMX Mod X
L 11/24/2025 - 20:25:02: [META] ini: Read plugin config for: Rechecker
L 11/24/2025 - 20:25:02: [META] ini: Read plugin config for: ReSemiclip
L 11/24/2025 - 20:25:02: [META] ini: Read plugin config for: HitBox Fix
L 11/24/2025 - 20:25:02: [META] ini: Read plugin config for: YaPB
L 11/24/2025 - 20:25:02: [META] ini: Finished reading plugins list: c:/~dl/sonstz/gameshit/cs 1.6 shit/_falconz-cs16-server/cstrike/addons/metamod/plugins.ini; Found 5 plugins
L 11/24/2025 - 20:25:02: [META] dll: Updating plugins...
L 11/24/2025 - 20:25:02: [META] dll: Finished updating 16 plugins; kept 5, loaded 0, unloaded 0, reloaded 0, delayed 0
L 11/24/2025 - 20:25:02: [META] dll: Rebuilding callbacks...
L 11/24/2025 - 20:25:02: [META] dll: Callbacks rebuilded.
L 11/24/2025 - 20:25:02: "pillman<-1><><TERRORIST>" disconnected
L 11/24/2025 - 20:25:02: "John Dorian<-1><><CT>" disconnected
L 11/24/2025 - 20:25:02: World triggered "Round_Draw" (CT "0") (T "0")
L 11/24/2025 - 20:25:02: World triggered "Round_End"
L 11/24/2025 - 20:25:02: Server shutdown
L 11/24/2025 - 20:25:02: Log file closed
