L 11/24/2025 - 18:11:17: Log file started (file "logs\L1124044.log") (game "cstrike") (version "48/1.1.2.7/Stdio/4002")
L 11/24/2025 - 18:11:17: Loading map "de_dust2"
L 11/24/2025 - 18:11:17: Server cvars start
L 11/24/2025 - 18:11:17: Server cvar "allow_spectators" = "1.0"
L 11/24/2025 - 18:11:17: Server cvar "amx_client_languages" = "1"
L 11/24/2025 - 18:11:17: Server cvar "amx_language" = "en"
L 11/24/2025 - 18:11:17: Server cvar "amx_nextmap" = "de_dust2_2006"
L 11/24/2025 - 18:11:17: Server cvar "amxmodx_version" = "1.9.0.5294"
L 11/24/2025 - 18:11:17: Server cvar "coop" = "0"
L 11/24/2025 - 18:11:17: Server cvar "deathmatch" = "1"
L 11/24/2025 - 18:11:17: Server cvar "decalfrequency" = "3"
L 11/24/2025 - 18:11:17: Server cvar "edgefriction" = "2"
L 11/24/2025 - 18:11:17: Server cvar "ff_damage_reduction_bullets" = "0.35"
L 11/24/2025 - 18:11:17: Server cvar "ff_damage_reduction_grenade" = "0.25"
L 11/24/2025 - 18:11:17: Server cvar "ff_damage_reduction_grenade_self" = "1.0"
L 11/24/2025 - 18:11:17: Server cvar "ff_damage_reduction_other" = "0.35"
L 11/24/2025 - 18:11:17: Server cvar "game_version" = "5.28.0.756-dev"
L 11/24/2025 - 18:11:17: Server cvar "hbf_debug" = "0"
L 11/24/2025 - 18:11:17: Server cvar "hbf_enabled" = "1"
L 11/24/2025 - 18:11:17: Server cvar "humans_join_team" = "any"
L 11/24/2025 - 18:11:17: Server cvar "jtp10181" = "gore,wa"
L 11/24/2025 - 18:11:17: Server cvar "mapm_admin_menu_delay" = "1"
L 11/24/2025 - 18:11:17: Server cvar "mapm_admin_menu_maplist" = "maps.ini"
L 11/24/2025 - 18:11:17: Server cvar "mapm_version" = "3.3.1"
L 11/24/2025 - 18:11:17: Server cvar "max_queries_sec" = "3.0"
L 11/24/2025 - 18:11:17: Server cvar "max_queries_sec_global" = "30"
L 11/24/2025 - 18:11:17: Server cvar "max_queries_window" = "60"
L 11/24/2025 - 18:11:17: Server cvar "metamod_version" = "1.3.0.149"
L 11/24/2025 - 18:11:17: Server cvar "mp_afk_bomb_drop_time" = "15"
L 11/24/2025 - 18:11:17: Server cvar "mp_ammo_respawn_time" = "20"
L 11/24/2025 - 18:11:17: Server cvar "mp_autokick" = "1"
L 11/24/2025 - 18:11:17: Server cvar "mp_autokick_timeout" = "-1"
L 11/24/2025 - 18:11:17: Server cvar "mp_autoteambalance" = "0"
L 11/24/2025 - 18:11:17: Server cvar "mp_buy_anywhere" = "0"
L 11/24/2025 - 18:11:17: Server cvar "mp_buytime" = "1.5"
L 11/24/2025 - 18:11:17: Server cvar "mp_c4timer" = "45"
L 11/24/2025 - 18:11:17: Server cvar "mp_chattime" = "10.000000"
L 11/24/2025 - 18:11:17: Server cvar "mp_consistency" = "1"
L 11/24/2025 - 18:11:17: Server cvar "mp_fadetoblack" = "0"
L 11/24/2025 - 18:11:17: Server cvar "mp_falldamage" = "1"
L 11/24/2025 - 18:11:17: Server cvar "mp_flashlight" = "0"
L 11/24/2025 - 18:11:17: Server cvar "mp_footsteps" = "1"
L 11/24/2025 - 18:11:17: Server cvar "mp_forcecamera" = "0"
L 11/24/2025 - 18:11:17: Server cvar "mp_forcechasecam" = "0"
L 11/24/2025 - 18:11:17: Server cvar "mp_forcerespawn" = "0"
L 11/24/2025 - 18:11:17: Server cvar "mp_fraglimit" = "0"
L 11/24/2025 - 18:11:17: Server cvar "mp_fragsleft" = "0"
L 11/24/2025 - 18:11:17: Server cvar "mp_freeforall" = "0"
L 11/24/2025 - 18:11:17: Server cvar "mp_freezetime" = "0.5"
L 11/24/2025 - 18:11:17: Server cvar "mp_friendlyfire" = "1"
L 11/24/2025 - 18:11:17: Server cvar "mp_give_player_c4" = "1"
L 11/24/2025 - 18:11:17: Server cvar "mp_hostage_hurtable" = "1"
L 11/24/2025 - 18:11:17: Server cvar "mp_hostagepenalty" = "13"
L 11/24/2025 - 18:11:17: Server cvar "mp_infinite_ammo" = "0"
L 11/24/2025 - 18:11:17: Server cvar "mp_infinite_grenades" = "0"
L 11/24/2025 - 18:11:17: Server cvar "mp_item_respawn_time" = "30"
L 11/24/2025 - 18:11:17: Server cvar "mp_item_staytime" = "300"
L 11/24/2025 - 18:11:17: Server cvar "mp_kickpercent" = "0.66"
L 11/24/2025 - 18:11:17: Server cvar "mp_limitteams" = "2"
L 11/24/2025 - 18:11:17: Server cvar "mp_logdetail" = "0"
L 11/24/2025 - 18:11:17: Server cvar "mp_logfile" = "1"
L 11/24/2025 - 18:11:17: Server cvar "mp_logmessages" = "1"
L 11/24/2025 - 18:11:17: Server cvar "mp_mapvoteratio" = "0.66"
L 11/24/2025 - 18:11:17: Server cvar "mp_maxmoney" = "32000"
L 11/24/2025 - 18:11:17: Server cvar "mp_maxrounds" = "0"
L 11/24/2025 - 18:11:17: Server cvar "mp_playerid" = "0"
L 11/24/2025 - 18:11:17: Server cvar "mp_radio_maxinround" = "60"
L 11/24/2025 - 18:11:17: Server cvar "mp_radio_timeout" = "0"
L 11/24/2025 - 18:11:17: Server cvar "mp_respawn_immunity_effects" = "1"
L 11/24/2025 - 18:11:17: Server cvar "mp_respawn_immunity_force_unset" = "1"
L 11/24/2025 - 18:11:17: Server cvar "mp_respawn_immunitytime" = "0"
L 11/24/2025 - 18:11:17: Server cvar "mp_round_infinite" = "0"
L 11/24/2025 - 18:11:17: Server cvar "mp_round_restart_delay" = "3"
L 11/24/2025 - 18:11:17: Server cvar "mp_roundover" = "0"
L 11/24/2025 - 18:11:17: Server cvar "mp_roundtime" = "2"
L 11/24/2025 - 18:11:17: Server cvar "mp_scoreboard_showdefkit" = "1"
L 11/24/2025 - 18:11:17: Server cvar "mp_scoreboard_showhealth" = "5"
L 11/24/2025 - 18:11:17: Server cvar "mp_scoreboard_showmoney" = "5"
L 11/24/2025 - 18:11:17: Server cvar "mp_show_scenarioicon" = "1"
L 11/24/2025 - 18:11:17: Server cvar "mp_startmoney" = "800"
L 11/24/2025 - 18:11:17: Server cvar "mp_timeleft" = "14:37"
L 11/24/2025 - 18:11:17: Server cvar "mp_timelimit" = "15"
L 11/24/2025 - 18:11:17: Server cvar "mp_tkpunish" = "0"
L 11/24/2025 - 18:11:17: Server cvar "mp_weapon_respawn_time" = "20"
L 11/24/2025 - 18:11:17: Server cvar "mp_weapons_allow_map_placed" = "1"
L 11/24/2025 - 18:11:17: Server cvar "mp_windifference" = "1"
L 11/24/2025 - 18:11:17: Server cvar "mp_winlimit" = "0"
L 11/24/2025 - 18:11:17: Server cvar "pausable" = "0"
L 11/24/2025 - 18:11:17: Server cvar "resemiclip_version" = "2.4.3"
L 11/24/2025 - 18:11:17: Server cvar "sv_accelerate" = "5"
L 11/24/2025 - 18:11:17: Server cvar "sv_aim" = "0"
L 11/24/2025 - 18:11:17: Server cvar "sv_airaccelerate" = "10"
L 11/24/2025 - 18:11:17: Server cvar "sv_allow_autoaim" = "1"
L 11/24/2025 - 18:11:17: Server cvar "sv_allowupload" = "1"
L 11/24/2025 - 18:11:17: Server cvar "sv_alltalk" = "1"
L 11/24/2025 - 18:11:17: Server cvar "sv_bounce" = "1"
L 11/24/2025 - 18:11:17: Server cvar "sv_cheats" = "0"
L 11/24/2025 - 18:11:17: Server cvar "sv_clienttrace" = "1"
L 11/24/2025 - 18:11:17: Server cvar "sv_contact" = ""
L 11/24/2025 - 18:11:17: Server cvar "sv_friction" = "4"
L 11/24/2025 - 18:11:17: Server cvar "sv_gravity" = "800"
L 11/24/2025 - 18:11:17: Server cvar "sv_logblocks" = "0"
L 11/24/2025 - 18:11:17: Server cvar "sv_maxrate" = "250000"
L 11/24/2025 - 18:11:17: Server cvar "sv_maxspeed" = "900"
L 11/24/2025 - 18:11:17: Server cvar "sv_minrate" = "25000"
L 11/24/2025 - 18:11:17: Server cvar "sv_password" = ""
L 11/24/2025 - 18:11:17: Server cvar "sv_proxies" = "1"
L 11/24/2025 - 18:11:17: Server cvar "sv_restart" = "0"
L 11/24/2025 - 18:11:17: Server cvar "sv_restartround" = "0"
L 11/24/2025 - 18:11:17: Server cvar "sv_stepsize" = "18"
L 11/24/2025 - 18:11:17: Server cvar "sv_stopspeed" = "75"
L 11/24/2025 - 18:11:17: Server cvar "sv_uploadmax" = "7.77"
L 11/24/2025 - 18:11:17: Server cvar "sv_version" = "1.1.2.7/Stdio,48,4002"
L 11/24/2025 - 18:11:17: Server cvar "sv_voiceenable" = "1"
L 11/24/2025 - 18:11:17: Server cvar "sv_wateraccelerate" = "10"
L 11/24/2025 - 18:11:17: Server cvar "sv_waterfriction" = "1"
L 11/24/2025 - 18:11:17: Server cvar "UAIO (Admin Menu)" = "1.50"
L 11/24/2025 - 18:11:17: Server cvar "weaponarena_version" = "2.0.4"
L 11/24/2025 - 18:11:17: Server cvar "yb_version" = "4.4.957"
L 11/24/2025 - 18:11:17: Server cvars end
L 11/24/2025 - 18:11:17: Server cvar "mp_timelimit" = "20"
L 11/24/2025 - 18:11:18: Server cvar "sv_maxspeed" = "320"
L 11/24/2025 - 18:11:18: Server cvar "mp_timelimit" = "15"
L 11/24/2025 - 18:11:18: Server cvar "sv_maxspeed" = "900"
L 11/24/2025 - 18:11:18: Started map "de_dust2" (CRC "1159425449")
L 11/24/2025 - 18:11:19: World triggered "Round_Start"
L 11/24/2025 - 18:11:22: "psix<15><STEAM_0:1:658176><>" entered the game
L 11/24/2025 - 18:11:22: "psix<15><STEAM_0:1:658176><>" joined team "TERRORIST"
L 11/24/2025 - 18:11:22: "psix<15><STEAM_0:1:658176><TERRORIST>" triggered "Spawned_With_The_Bomb"
L 11/24/2025 - 18:11:22: "Smoky<16><STEAM_0:1:12701184><>" entered the game
L 11/24/2025 - 18:11:22: "Smoky<16><STEAM_0:1:12701184><>" joined team "CT"
L 11/24/2025 - 18:11:22: World triggered "Game_Commencing"
L 11/24/2025 - 18:11:22: World triggered "Game_Commencing" (CT "0") (T "0")
L 11/24/2025 - 18:11:22: World triggered "Round_End"
L 11/24/2025 - 18:11:25: "psix<15><STEAM_0:1:658176><TERRORIST>" triggered "Spawned_With_The_Bomb"
L 11/24/2025 - 18:11:25: World triggered "Round_Start"
L 11/24/2025 - 18:11:52: "Smoky<16><STEAM_0:1:12701184><CT>" killed "psix<15><STEAM_0:1:658176><TERRORIST>" with "usp"
L 11/24/2025 - 18:11:52: Team "CT" triggered "CTs_Win" (CT "1") (T "0")
L 11/24/2025 - 18:11:52: World triggered "Round_End"
L 11/24/2025 - 18:11:55: "psix<15><STEAM_0:1:658176><TERRORIST>" triggered "Spawned_With_The_Bomb"
L 11/24/2025 - 18:11:55: World triggered "Round_Start"
L 11/24/2025 - 18:12:20: "psix<15><STEAM_0:1:658176><TERRORIST>" triggered "Planted_The_Bomb"
L 11/24/2025 - 18:12:20: "Smoky<16><STEAM_0:1:12701184><CT>" say "Come on psix,"
L 11/24/2025 - 18:12:22: "Falcon<17><STEAM_0:1:97036452><>" connected, address "84.159.156.244:27005"
L 11/24/2025 - 18:12:22: "Falcon<17><STEAM_0:1:97036452><>" STEAM USERID validated
L 11/24/2025 - 18:12:24: "Falcon<18><STEAM_0:1:97036452><>" connected, address "84.159.156.244:27005"
L 11/24/2025 - 18:12:24: "Falcon<18><STEAM_0:1:97036452><>" STEAM USERID validated
L 11/24/2025 - 18:12:26: "Falcon<18><STEAM_0:1:97036452><>" entered the game
L 11/24/2025 - 18:12:27: "Falcon<18><STEAM_0:1:97036452><>" joined team "TERRORIST"
L 11/24/2025 - 18:12:27: Kick: "psix<15><STEAM_0:1:6><>" was kicked by "Console"
L 11/24/2025 - 18:12:27: "psix<15><BOT><TERRORIST>" disconnected
L 11/24/2025 - 18:12:27: World triggered "Game_Commencing"
L 11/24/2025 - 18:12:27: World triggered "Game_Commencing" (CT "1") (T "0")
L 11/24/2025 - 18:12:27: World triggered "Round_End"
L 11/24/2025 - 18:12:30: "Falcon<18><STEAM_0:1:97036452><TERRORIST>" triggered "Spawned_With_The_Bomb"
L 11/24/2025 - 18:12:30: World triggered "Round_Start"
L 11/24/2025 - 18:12:57: "Smoky<16><STEAM_0:1:12701184><CT>" killed "Falcon<18><STEAM_0:1:97036452><TERRORIST>" with "deagle"
L 11/24/2025 - 18:12:57: Team "CT" triggered "CTs_Win" (CT "1") (T "0")
L 11/24/2025 - 18:12:57: World triggered "Round_End"
L 11/24/2025 - 18:13:00: "Falcon<18><STEAM_0:1:97036452><TERRORIST>" triggered "Spawned_With_The_Bomb"
L 11/24/2025 - 18:13:00: World triggered "Round_Start"
L 11/24/2025 - 18:13:58: "Falcon<18><STEAM_0:1:97036452><TERRORIST>" killed "Smoky<16><STEAM_0:1:12701184><CT>" with "glock18"
L 11/24/2025 - 18:13:58: Team "TERRORIST" triggered "Terrorists_Win" (CT "1") (T "1")
L 11/24/2025 - 18:13:58: World triggered "Round_End"
L 11/24/2025 - 18:14:01: "Falcon<18><STEAM_0:1:97036452><TERRORIST>" triggered "Spawned_With_The_Bomb"
L 11/24/2025 - 18:14:02: World triggered "Round_Start"
L 11/24/2025 - 18:14:22: "Falcon<18><STEAM_0:1:97036452><TERRORIST>" triggered "Dropped_The_Bomb"
L 11/24/2025 - 18:15:31: "Falcon<18><STEAM_0:1:97036452><TERRORIST>" killed "Smoky<16><STEAM_0:1:12701184><CT>" with "elite"
L 11/24/2025 - 18:15:31: Team "TERRORIST" triggered "Terrorists_Win" (CT "1") (T "2")
L 11/24/2025 - 18:15:31: World triggered "Round_End"
L 11/24/2025 - 18:15:34: "Falcon<18><STEAM_0:1:97036452><TERRORIST>" triggered "Spawned_With_The_Bomb"
L 11/24/2025 - 18:15:34: World triggered "Round_Start"
L 11/24/2025 - 18:16:10: "Smoky<16><STEAM_0:1:12701184><CT>" killed "Falcon<18><STEAM_0:1:97036452><TERRORIST>" with "mp5navy"
L 11/24/2025 - 18:16:10: Team "CT" triggered "CTs_Win" (CT "2") (T "2")
L 11/24/2025 - 18:16:10: World triggered "Round_End"
L 11/24/2025 - 18:16:13: "Falcon<18><STEAM_0:1:97036452><TERRORIST>" triggered "Spawned_With_The_Bomb"
L 11/24/2025 - 18:16:13: World triggered "Round_Start"
L 11/24/2025 - 18:16:33: "Falcon<18><STEAM_0:1:97036452><TERRORIST>" triggered "Dropped_The_Bomb"
L 11/24/2025 - 18:18:06: "Falcon<18><STEAM_0:1:97036452><TERRORIST>" changed name to ".Ｃʏʙᴇʀ’Ｆｏχ"
L 11/24/2025 - 18:18:13: Team "CT" triggered "Target_Saved" (CT "3") (T "2")
L 11/24/2025 - 18:18:13: World triggered "Round_End"
L 11/24/2025 - 18:18:16: ".Ｃʏʙᴇʀ’Ｆｏχ<18><STEAM_0:1:97036452><TERRORIST>" triggered "Spawned_With_The_Bomb"
L 11/24/2025 - 18:18:16: World triggered "Round_Start"
L 11/24/2025 - 18:18:36: ".Ｃʏʙᴇʀ’Ｆｏχ<18><STEAM_0:1:97036452><TERRORIST>" triggered "Dropped_The_Bomb"
L 11/24/2025 - 18:20:16: Team "CT" triggered "Target_Saved" (CT "4") (T "2")
L 11/24/2025 - 18:20:16: World triggered "Round_End"
L 11/24/2025 - 18:20:19: ".Ｃʏʙᴇʀ’Ｆｏχ<18><STEAM_0:1:97036452><TERRORIST>" triggered "Spawned_With_The_Bomb"
L 11/24/2025 - 18:20:19: World triggered "Round_Start"
L 11/24/2025 - 18:20:24: ".Ｃʏʙᴇʀ’Ｆｏχ<18><STEAM_0:1:97036452><TERRORIST>" triggered "Dropped_The_Bomb"
L 11/24/2025 - 18:22:19: Team "CT" triggered "Target_Saved" (CT "5") (T "2")
L 11/24/2025 - 18:22:19: World triggered "Round_End"
L 11/24/2025 - 18:22:22: ".Ｃʏʙᴇʀ’Ｆｏχ<18><STEAM_0:1:97036452><TERRORIST>" triggered "Spawned_With_The_Bomb"
L 11/24/2025 - 18:22:22: ".Ｃʏʙᴇʀ’Ｆｏχ<18><STEAM_0:1:97036452><TERRORIST>" triggered "Game_idle_kick" (auto)
L 11/24/2025 - 18:22:22: World triggered "Round_Start"
L 11/24/2025 - 18:22:22: Kick: ".Ｃʏʙᴇʀ’Ｆｏχ<18><STEAM_0:1:97036452><>" was kicked by "Console" (message ""Player idle"")
L 11/24/2025 - 18:22:22: ".Ｃʏʙᴇʀ’Ｆｏχ<18><STEAM_0:1:97036452><TERRORIST>" triggered "weaponstats" (weapon "grenade") (shots "1") (hits "0") (kills "0") (headshots "0") (tks "0") (damage "0") (deaths "0")
L 11/24/2025 - 18:22:22: ".Ｃʏʙᴇʀ’Ｆｏχ<18><STEAM_0:1:97036452><TERRORIST>" triggered "weaponstats2" (weapon "grenade") (head "0") (chest "0") (stomach "0") (leftarm "0") (rightarm "0") (leftleg "0") (rightleg "0")
L 11/24/2025 - 18:22:22: ".Ｃʏʙᴇʀ’Ｆｏχ<18><STEAM_0:1:97036452><TERRORIST>" triggered "weaponstats" (weapon "elite") (shots "4") (hits "0") (kills "0") (headshots "0") (tks "0") (damage "0") (deaths "0")
L 11/24/2025 - 18:22:22: ".Ｃʏʙᴇʀ’Ｆｏχ<18><STEAM_0:1:97036452><TERRORIST>" triggered "weaponstats2" (weapon "elite") (head "0") (chest "0") (stomach "0") (leftarm "0") (rightarm "0") (leftleg "0") (rightleg "0")
L 11/24/2025 - 18:22:22: ".Ｃʏʙᴇʀ’Ｆｏχ<18><STEAM_0:1:97036452><TERRORIST>" triggered "weaponstats" (weapon "glock18") (shots "22") (hits "0") (kills "0") (headshots "0") (tks "0") (damage "0") (deaths "0")
L 11/24/2025 - 18:22:22: ".Ｃʏʙᴇʀ’Ｆｏχ<18><STEAM_0:1:97036452><TERRORIST>" triggered "weaponstats2" (weapon "glock18") (head "0") (chest "0") (stomach "0") (leftarm "0") (rightarm "0") (leftleg "0") (rightleg "0")
L 11/24/2025 - 18:22:22: ".Ｃʏʙᴇʀ’Ｆｏχ<18><STEAM_0:1:97036452><TERRORIST>" triggered "time" (time "9:56")
L 11/24/2025 - 18:22:22: ".Ｃʏʙᴇʀ’Ｆｏχ<18><STEAM_0:1:97036452><TERRORIST>" triggered "latency" (ping "52")
L 11/24/2025 - 18:22:22: ".Ｃʏʙᴇʀ’Ｆｏχ<18><STEAM_0:1:97036452><TERRORIST>" triggered "Dropped_The_Bomb"
L 11/24/2025 - 18:22:22: ".Ｃʏʙᴇʀ’Ｆｏχ<18><STEAM_0:1:97036452><TERRORIST>" disconnected
L 11/24/2025 - 18:22:23: "sEmkA<19><STEAM_0:1:1284352><>" entered the game
L 11/24/2025 - 18:22:23: "sEmkA<19><STEAM_0:1:1284352><>" joined team "TERRORIST"
L 11/24/2025 - 18:22:23: World triggered "Game_Commencing"
L 11/24/2025 - 18:22:23: World triggered "Game_Commencing" (CT "5") (T "2")
L 11/24/2025 - 18:22:23: World triggered "Round_End"
L 11/24/2025 - 18:22:25: "sEmkA<19><STEAM_0:1:1284352><TERRORIST>" triggered "Got_The_Bomb"
L 11/24/2025 - 18:22:26: "sEmkA<19><STEAM_0:1:1284352><TERRORIST>" triggered "Spawned_With_The_Bomb"
L 11/24/2025 - 18:22:26: World triggered "Round_Start"
L 11/24/2025 - 18:22:27: ".Ｃʏʙᴇʀ’Ｆｏχ<20><STEAM_0:1:97036452><>" connected, address "84.159.156.244:27005"
L 11/24/2025 - 18:22:27: ".Ｃʏʙᴇʀ’Ｆｏχ<20><STEAM_0:1:97036452><>" STEAM USERID validated
L 11/24/2025 - 18:22:29: "s|<1LL3D<21><STEAM_0:1:23986766><>" connected, address "178.26.154.106:27005"
L 11/24/2025 - 18:22:29: "s|<1LL3D<21><STEAM_0:1:23986766><>" STEAM USERID validated
L 11/24/2025 - 18:22:30: ".Ｃʏʙᴇʀ’Ｆｏχ<20><STEAM_0:1:97036452><>" entered the game
L 11/24/2025 - 18:22:31: ".Ｃʏʙᴇʀ’Ｆｏχ<20><STEAM_0:1:97036452><>" joined team "TERRORIST"
L 11/24/2025 - 18:22:31: Kick: "sEmkA<19><STEAM_0:1:7><>" was kicked by "Console"
L 11/24/2025 - 18:22:31: "sEmkA<19><BOT><TERRORIST>" triggered "Dropped_The_Bomb"
L 11/24/2025 - 18:22:31: "sEmkA<19><BOT><TERRORIST>" disconnected
L 11/24/2025 - 18:22:32: "s|<1LL3D<21><STEAM_0:1:23986766><>" entered the game
L 11/24/2025 - 18:22:37: "s|<1LL3D<21><STEAM_0:1:23986766><>" joined team "CT"
L 11/24/2025 - 18:22:38: Kick: "Smoky<16><STEAM_0:0:7><>" was kicked by "Console"
L 11/24/2025 - 18:22:38: "Smoky<16><BOT><CT>" disconnected
L 11/24/2025 - 18:22:43: ".Ｃʏʙᴇʀ’Ｆｏχ<20><STEAM_0:1:97036452><TERRORIST>" say "du bist doch gar nicht gebannt"
L 11/24/2025 - 18:22:46: ".Ｃʏʙᴇʀ’Ｆｏχ<20><STEAM_0:1:97036452><TERRORIST>" committed suicide with "world"
L 11/24/2025 - 18:22:46: World triggered "Round_Draw" (CT "0") (T "0")
L 11/24/2025 - 18:22:46: World triggered "Round_End"
L 11/24/2025 - 18:22:49: ".Ｃʏʙᴇʀ’Ｆｏχ<20><STEAM_0:1:97036452><TERRORIST>" triggered "Spawned_With_The_Bomb"
L 11/24/2025 - 18:22:49: World triggered "Round_Start"
L 11/24/2025 - 18:23:39: ".Ｃʏʙᴇʀ’Ｆｏχ<20><STEAM_0:1:97036452><TERRORIST>" triggered "Dropped_The_Bomb"
L 11/24/2025 - 18:23:42: ".Ｃʏʙᴇʀ’Ｆｏχ<20><STEAM_0:1:97036452><TERRORIST>" triggered "Got_The_Bomb"
L 11/24/2025 - 18:24:22: ".Ｃʏʙᴇʀ’Ｆｏχ<20><STEAM_0:1:97036452><TERRORIST>" joined team "CT" (auto)
L 11/24/2025 - 18:24:22: "s|<1LL3D<21><STEAM_0:1:23986766><CT>" joined team "TERRORIST" (auto)
L 11/24/2025 - 18:24:22: Server cvar "sv_restartround" = "1"
L 11/24/2025 - 18:24:22: World triggered "Restart_Round_(1_second)"
L 11/24/2025 - 18:24:22: Team "CT" scored "0" with "1" players
L 11/24/2025 - 18:24:22: Team "TERRORIST" scored "0" with "1" players
L 11/24/2025 - 18:24:22: Server cvar "sv_restartround" = "0"
L 11/24/2025 - 18:24:23: World triggered "Round_Start"
L 11/24/2025 - 18:24:33: ".Ｃʏʙᴇʀ’Ｆｏχ<20><STEAM_0:1:97036452><CT>" joined team "TERRORIST" (auto)
L 11/24/2025 - 18:24:33: "s|<1LL3D<21><STEAM_0:1:23986766><TERRORIST>" joined team "CT" (auto)
L 11/24/2025 - 18:24:33: Server cvar "sv_restartround" = "1"
L 11/24/2025 - 18:24:33: World triggered "Restart_Round_(1_second)"
L 11/24/2025 - 18:24:33: Team "CT" scored "0" with "1" players
L 11/24/2025 - 18:24:33: Team "TERRORIST" scored "0" with "1" players
L 11/24/2025 - 18:24:33: Server cvar "sv_restartround" = "0"
L 11/24/2025 - 18:24:34: ".Ｃʏʙᴇʀ’Ｆｏχ<20><STEAM_0:1:97036452><TERRORIST>" triggered "Spawned_With_The_Bomb"
L 11/24/2025 - 18:24:34: World triggered "Round_Start"
L 11/24/2025 - 18:24:44: ".Ｃʏʙᴇʀ’Ｆｏχ<20><STEAM_0:1:97036452><TERRORIST>" triggered "Dropped_The_Bomb"
L 11/24/2025 - 18:26:34: Team "CT" triggered "Target_Saved" (CT "0") (T "0")
L 11/24/2025 - 18:26:34: World triggered "Round_End"
L 11/24/2025 - 18:26:37: ".Ｃʏʙᴇʀ’Ｆｏχ<20><STEAM_0:1:97036452><TERRORIST>" triggered "Spawned_With_The_Bomb"
L 11/24/2025 - 18:26:37: World triggered "Round_Start"
L 11/24/2025 - 18:27:27: ".Ｃʏʙᴇʀ’Ｆｏχ<20><STEAM_0:1:97036452><TERRORIST>" committed suicide with "world"
L 11/24/2025 - 18:27:27: World triggered "Round_Draw" (CT "0") (T "0")
L 11/24/2025 - 18:27:27: World triggered "Round_End"
L 11/24/2025 - 18:27:27: ".Ｃʏʙᴇʀ’Ｆｏχ<20><STEAM_0:1:97036452><TERRORIST>" joined team "TERRORIST"
L 11/24/2025 - 18:27:30: ".Ｃʏʙᴇʀ’Ｆｏχ<20><STEAM_0:1:97036452><TERRORIST>" triggered "Spawned_With_The_Bomb"
L 11/24/2025 - 18:27:30: World triggered "Round_Start"
L 11/24/2025 - 18:27:37: ".Ｃʏʙᴇʀ’Ｆｏχ<20><STEAM_0:1:97036452><TERRORIST>" committed suicide with "world"
L 11/24/2025 - 18:27:37: World triggered "Round_Draw" (CT "0") (T "0")
L 11/24/2025 - 18:27:37: World triggered "Round_End"
L 11/24/2025 - 18:27:37: ".Ｃʏʙᴇʀ’Ｆｏχ<20><STEAM_0:1:97036452><TERRORIST>" joined team "CT"
L 11/24/2025 - 18:27:40: World triggered "Round_Start"
L 11/24/2025 - 18:28:18: ".Ｃʏʙᴇʀ’Ｆｏχ<20><STEAM_0:1:97036452><CT>" say "nom aim"
L 11/24/2025 - 18:28:19: ".Ｃʏʙᴇʀ’Ｆｏχ<20><STEAM_0:1:97036452><CT>" say "aim"
L 11/24/2025 - 18:29:40: Team "CT" triggered "Target_Saved" (CT "0") (T "0")
L 11/24/2025 - 18:29:40: World triggered "Round_End"
L 11/24/2025 - 18:29:43: World triggered "Round_Start"
L 11/24/2025 - 18:31:43: Team "CT" triggered "Target_Saved" (CT "0") (T "0")
L 11/24/2025 - 18:31:43: World triggered "Round_End"
L 11/24/2025 - 18:31:46: World triggered "Round_Start"
L 11/24/2025 - 18:31:56: World triggered "Game_Commencing"
L 11/24/2025 - 18:31:56: World triggered "Game_Commencing" (CT "0") (T "0")
L 11/24/2025 - 18:31:56: World triggered "Round_End"
L 11/24/2025 - 18:31:59: "s|<1LL3D<21><STEAM_0:1:23986766><TERRORIST>" triggered "Spawned_With_The_Bomb"
L 11/24/2025 - 18:31:59: World triggered "Round_Start"
L 11/24/2025 - 18:32:33: ".Ｃʏʙᴇʀ’Ｆｏχ<20><STEAM_0:1:97036452><CT>" killed "s|<1LL3D<21><STEAM_0:1:23986766><TERRORIST>" with "usp"
L 11/24/2025 - 18:32:33: Team "CT" triggered "CTs_Win" (CT "1") (T "0")
L 11/24/2025 - 18:32:33: World triggered "Round_End"
L 11/24/2025 - 18:32:36: "s|<1LL3D<21><STEAM_0:1:23986766><TERRORIST>" triggered "Spawned_With_The_Bomb"
L 11/24/2025 - 18:32:36: World triggered "Round_Start"
L 11/24/2025 - 18:32:47: ".Ｃʏʙᴇʀ’Ｆｏχ<20><STEAM_0:1:97036452><CT>" killed "s|<1LL3D<21><STEAM_0:1:23986766><TERRORIST>" with "m4a1"
L 11/24/2025 - 18:32:47: Team "CT" triggered "CTs_Win" (CT "2") (T "0")
L 11/24/2025 - 18:32:47: World triggered "Round_End"
L 11/24/2025 - 18:32:50: "s|<1LL3D<21><STEAM_0:1:23986766><TERRORIST>" triggered "Spawned_With_The_Bomb"
L 11/24/2025 - 18:32:50: World triggered "Round_Start"
L 11/24/2025 - 18:32:58: "s|<1LL3D<21><STEAM_0:1:23986766><TERRORIST>" killed ".Ｃʏʙᴇʀ’Ｆｏχ<20><STEAM_0:1:97036452><CT>" with "deagle"
L 11/24/2025 - 18:32:58: Team "TERRORIST" triggered "Terrorists_Win" (CT "2") (T "1")
L 11/24/2025 - 18:32:58: World triggered "Round_End"
L 11/24/2025 - 18:33:01: "s|<1LL3D<21><STEAM_0:1:23986766><TERRORIST>" triggered "Spawned_With_The_Bomb"
L 11/24/2025 - 18:33:01: World triggered "Round_Start"
L 11/24/2025 - 18:33:44: "s|<1LL3D<21><STEAM_0:1:23986766><TERRORIST>" killed ".Ｃʏʙᴇʀ’Ｆｏχ<20><STEAM_0:1:97036452><CT>" with "ak47"
L 11/24/2025 - 18:33:44: Team "TERRORIST" triggered "Terrorists_Win" (CT "2") (T "2")
L 11/24/2025 - 18:33:44: World triggered "Round_End"
L 11/24/2025 - 18:33:47: "s|<1LL3D<21><STEAM_0:1:23986766><TERRORIST>" triggered "Spawned_With_The_Bomb"
L 11/24/2025 - 18:33:47: World triggered "Round_Start"
L 11/24/2025 - 18:33:59: ".Ｃʏʙᴇʀ’Ｆｏχ<20><STEAM_0:1:97036452><CT>" killed "s|<1LL3D<21><STEAM_0:1:23986766><TERRORIST>" with "m4a1"
L 11/24/2025 - 18:33:59: Team "CT" triggered "CTs_Win" (CT "3") (T "2")
L 11/24/2025 - 18:33:59: World triggered "Round_End"
L 11/24/2025 - 18:34:02: "s|<1LL3D<21><STEAM_0:1:23986766><TERRORIST>" triggered "Spawned_With_The_Bomb"
L 11/24/2025 - 18:34:02: World triggered "Round_Start"
L 11/24/2025 - 18:34:24: ".Ｃʏʙᴇʀ’Ｆｏχ<20><STEAM_0:1:97036452><CT>" say "aim_1"
L 11/24/2025 - 18:34:30: ".Ｃʏʙᴇʀ’Ｆｏχ<20><STEAM_0:1:97036452><CT>" say "nom aim_"
L 11/24/2025 - 18:34:32: ".Ｃʏʙᴇʀ’Ｆｏχ<20><STEAM_0:1:97036452><CT>" say "aim"
L 11/24/2025 - 18:34:34: ".Ｃʏʙᴇʀ’Ｆｏχ<20><STEAM_0:1:97036452><CT>" say "aim"
L 11/24/2025 - 18:34:37: ".Ｃʏʙᴇʀ’Ｆｏχ<20><STEAM_0:1:97036452><CT>" killed "s|<1LL3D<21><STEAM_0:1:23986766><TERRORIST>" with "m4a1"
L 11/24/2025 - 18:34:37: Team "CT" triggered "CTs_Win" (CT "4") (T "2")
L 11/24/2025 - 18:34:37: World triggered "Round_End"
L 11/24/2025 - 18:34:40: "s|<1LL3D<21><STEAM_0:1:23986766><TERRORIST>" triggered "Spawned_With_The_Bomb"
L 11/24/2025 - 18:34:40: World triggered "Round_Start"
L 11/24/2025 - 18:34:50: ".Ｃʏʙᴇʀ’Ｆｏχ<20><STEAM_0:1:97036452><CT>" say "0"
L 11/24/2025 - 18:34:53: ".Ｃʏʙᴇʀ’Ｆｏχ<20><STEAM_0:1:97036452><CT>" say "aim_1"
L 11/24/2025 - 18:34:54: ".Ｃʏʙᴇʀ’Ｆｏχ<20><STEAM_0:1:97036452><CT>" say "aim_1o"
L 11/24/2025 - 18:35:00: "s|<1LL3D<21><STEAM_0:1:23986766><TERRORIST>" triggered "Dropped_The_Bomb"
L 11/24/2025 - 18:35:00: ".Ｃʏʙᴇʀ’Ｆｏχ<20><STEAM_0:1:97036452><CT>" triggered "weaponstats" (weapon "usp") (shots "28") (hits "11") (kills "1") (headshots "0") (tks "0") (damage "223") (deaths "1")
L 11/24/2025 - 18:35:00: ".Ｃʏʙᴇʀ’Ｆｏχ<20><STEAM_0:1:97036452><CT>" triggered "weaponstats2" (weapon "usp") (head "0") (chest "2") (stomach "2") (leftarm "3") (rightarm "3") (leftleg "1") (rightleg "0")
L 11/24/2025 - 18:35:00: ".Ｃʏʙᴇʀ’Ｆｏχ<20><STEAM_0:1:97036452><CT>" triggered "weaponstats" (weapon "m4a1") (shots "31") (hits "5") (kills "3") (headshots "2") (tks "0") (damage "338") (deaths "1")
L 11/24/2025 - 18:35:00: ".Ｃʏʙᴇʀ’Ｆｏχ<20><STEAM_0:1:97036452><CT>" triggered "weaponstats2" (weapon "m4a1") (head "3") (chest "1") (stomach "0") (leftarm "1") (rightarm "0") (leftleg "0") (rightleg "0")
L 11/24/2025 - 18:35:00: ".Ｃʏʙᴇʀ’Ｆｏχ<20><STEAM_0:1:97036452><CT>" triggered "time" (time "12:30")
L 11/24/2025 - 18:35:00: ".Ｃʏʙᴇʀ’Ｆｏχ<20><STEAM_0:1:97036452><CT>" triggered "latency" (ping "21")
L 11/24/2025 - 18:35:00: "s|<1LL3D<21><STEAM_0:1:23986766><TERRORIST>" triggered "weaponstats" (weapon "deagle") (shots "20") (hits "6") (kills "1") (headshots "1") (tks "0") (damage "270") (deaths "3")
L 11/24/2025 - 18:35:00: "s|<1LL3D<21><STEAM_0:1:23986766><TERRORIST>" triggered "weaponstats2" (weapon "deagle") (head "1") (chest "0") (stomach "0") (leftarm "4") (rightarm "1") (leftleg "0") (rightleg "0")
L 11/24/2025 - 18:35:00: "s|<1LL3D<21><STEAM_0:1:23986766><TERRORIST>" triggered "weaponstats" (weapon "ak47") (shots "42") (hits "4") (kills "1") (headshots "1") (tks "0") (damage "131") (deaths "1")
L 11/24/2025 - 18:35:00: "s|<1LL3D<21><STEAM_0:1:23986766><TERRORIST>" triggered "weaponstats2" (weapon "ak47") (head "1") (chest "0") (stomach "0") (leftarm "2") (rightarm "1") (leftleg "0") (rightleg "0")
L 11/24/2025 - 18:35:00: "s|<1LL3D<21><STEAM_0:1:23986766><TERRORIST>" triggered "time" (time "12:28")
L 11/24/2025 - 18:35:00: "s|<1LL3D<21><STEAM_0:1:23986766><TERRORIST>" triggered "latency" (ping "31")
L 11/24/2025 - 18:35:00: [META] ini: Begin re-reading plugins list: c:/~dl/sonstz/gameshit/cs 1.6 shit/_falconz-cs16-server/cstrike/addons/metamod/plugins.ini
L 11/24/2025 - 18:35:00: [META] ini: Read plugin config for: AMX Mod X
L 11/24/2025 - 18:35:00: [META] ini: Read plugin config for: Rechecker
L 11/24/2025 - 18:35:00: [META] ini: Read plugin config for: ReSemiclip
L 11/24/2025 - 18:35:00: [META] ini: Read plugin config for: HitBox Fix
L 11/24/2025 - 18:35:00: [META] ini: Read plugin config for: YaPB
L 11/24/2025 - 18:35:00: [META] ini: Finished reading plugins list: c:/~dl/sonstz/gameshit/cs 1.6 shit/_falconz-cs16-server/cstrike/addons/metamod/plugins.ini; Found 5 plugins
L 11/24/2025 - 18:35:00: [META] dll: Updating plugins...
L 11/24/2025 - 18:35:00: [META] dll: Finished updating 16 plugins; kept 5, loaded 0, unloaded 0, reloaded 0, delayed 0
L 11/24/2025 - 18:35:00: [META] dll: Rebuilding callbacks...
L 11/24/2025 - 18:35:00: [META] dll: Callbacks rebuilded.
L 11/24/2025 - 18:35:00: ".Ｃʏʙᴇʀ’Ｆｏχ<20><STEAM_0:1:97036452><CT>" disconnected
L 11/24/2025 - 18:35:00: "s|<1LL3D<21><STEAM_0:1:23986766><TERRORIST>" disconnected
L 11/24/2025 - 18:35:00: World triggered "Round_Draw" (CT "4") (T "2")
L 11/24/2025 - 18:35:00: World triggered "Round_End"
L 11/24/2025 - 18:35:00: Log file closed
