L 11/25/2025 - 23:17:40: Log file started (file "logs\L1125021.log") (game "cstrike") (version "48/1.1.2.7/Stdio/4002")
L 11/25/2025 - 23:17:40: Loading map "de_panettone"
L 11/25/2025 - 23:17:40: Server cvars start
L 11/25/2025 - 23:17:40: Server cvar "allow_spectators" = "1.0"
L 11/25/2025 - 23:17:40: Server cvar "amx_client_languages" = "1"
L 11/25/2025 - 23:17:40: Server cvar "amx_language" = "en"
L 11/25/2025 - 23:17:40: Server cvar "amx_nextmap" = "de_panora"
L 11/25/2025 - 23:17:40: Server cvar "amxmodx_version" = "1.9.0.5294"
L 11/25/2025 - 23:17:40: Server cvar "coop" = "0"
L 11/25/2025 - 23:17:40: Server cvar "deathmatch" = "1"
L 11/25/2025 - 23:17:40: Server cvar "decalfrequency" = "3"
L 11/25/2025 - 23:17:40: Server cvar "edgefriction" = "2"
L 11/25/2025 - 23:17:40: Server cvar "ff_damage_reduction_bullets" = "0.35"
L 11/25/2025 - 23:17:40: Server cvar "ff_damage_reduction_grenade" = "0.25"
L 11/25/2025 - 23:17:40: Server cvar "ff_damage_reduction_grenade_self" = "1.0"
L 11/25/2025 - 23:17:40: Server cvar "ff_damage_reduction_other" = "0.35"
L 11/25/2025 - 23:17:40: Server cvar "game_version" = "5.28.0.756-dev"
L 11/25/2025 - 23:17:40: Server cvar "hbf_debug" = "0"
L 11/25/2025 - 23:17:40: Server cvar "hbf_enabled" = "1"
L 11/25/2025 - 23:17:40: Server cvar "humans_join_team" = "any"
L 11/25/2025 - 23:17:40: Server cvar "jtp10181" = "gore,wa"
L 11/25/2025 - 23:17:40: Server cvar "mapm_admin_menu_delay" = "1"
L 11/25/2025 - 23:17:40: Server cvar "mapm_admin_menu_maplist" = "maps.ini"
L 11/25/2025 - 23:17:40: Server cvar "mapm_version" = "3.3.1"
L 11/25/2025 - 23:17:40: Server cvar "max_queries_sec" = "3.0"
L 11/25/2025 - 23:17:40: Server cvar "max_queries_sec_global" = "30"
L 11/25/2025 - 23:17:40: Server cvar "max_queries_window" = "60"
L 11/25/2025 - 23:17:40: Server cvar "metamod_version" = "1.3.0.149"
L 11/25/2025 - 23:17:40: Server cvar "mp_afk_bomb_drop_time" = "15"
L 11/25/2025 - 23:17:40: Server cvar "mp_ammo_respawn_time" = "20"
L 11/25/2025 - 23:17:40: Server cvar "mp_autokick" = "1"
L 11/25/2025 - 23:17:40: Server cvar "mp_autokick_timeout" = "-1"
L 11/25/2025 - 23:17:40: Server cvar "mp_autoteambalance" = "0"
L 11/25/2025 - 23:17:40: Server cvar "mp_buy_anywhere" = "0"
L 11/25/2025 - 23:17:40: Server cvar "mp_buytime" = "1.5"
L 11/25/2025 - 23:17:40: Server cvar "mp_c4timer" = "45"
L 11/25/2025 - 23:17:40: Server cvar "mp_chattime" = "10.000000"
L 11/25/2025 - 23:17:40: Server cvar "mp_consistency" = "1"
L 11/25/2025 - 23:17:40: Server cvar "mp_fadetoblack" = "0"
L 11/25/2025 - 23:17:40: Server cvar "mp_falldamage" = "1"
L 11/25/2025 - 23:17:40: Server cvar "mp_flashlight" = "0"
L 11/25/2025 - 23:17:40: Server cvar "mp_footsteps" = "1"
L 11/25/2025 - 23:17:40: Server cvar "mp_forcecamera" = "0"
L 11/25/2025 - 23:17:40: Server cvar "mp_forcechasecam" = "0"
L 11/25/2025 - 23:17:40: Server cvar "mp_forcerespawn" = "0"
L 11/25/2025 - 23:17:40: Server cvar "mp_fraglimit" = "0"
L 11/25/2025 - 23:17:40: Server cvar "mp_fragsleft" = "0"
L 11/25/2025 - 23:17:40: Server cvar "mp_freeforall" = "0"
L 11/25/2025 - 23:17:40: Server cvar "mp_freezetime" = "0.5"
L 11/25/2025 - 23:17:40: Server cvar "mp_friendlyfire" = "1"
L 11/25/2025 - 23:17:40: Server cvar "mp_give_player_c4" = "1"
L 11/25/2025 - 23:17:40: Server cvar "mp_hostage_hurtable" = "1"
L 11/25/2025 - 23:17:40: Server cvar "mp_hostagepenalty" = "13"
L 11/25/2025 - 23:17:40: Server cvar "mp_infinite_ammo" = "0"
L 11/25/2025 - 23:17:40: Server cvar "mp_infinite_grenades" = "0"
L 11/25/2025 - 23:17:40: Server cvar "mp_item_respawn_time" = "30"
L 11/25/2025 - 23:17:40: Server cvar "mp_item_staytime" = "300"
L 11/25/2025 - 23:17:40: Server cvar "mp_kickpercent" = "0.66"
L 11/25/2025 - 23:17:40: Server cvar "mp_limitteams" = "2"
L 11/25/2025 - 23:17:40: Server cvar "mp_logdetail" = "0"
L 11/25/2025 - 23:17:40: Server cvar "mp_logfile" = "1"
L 11/25/2025 - 23:17:40: Server cvar "mp_logmessages" = "1"
L 11/25/2025 - 23:17:40: Server cvar "mp_mapvoteratio" = "0.66"
L 11/25/2025 - 23:17:40: Server cvar "mp_maxmoney" = "32000"
L 11/25/2025 - 23:17:40: Server cvar "mp_maxrounds" = "0"
L 11/25/2025 - 23:17:40: Server cvar "mp_playerid" = "0"
L 11/25/2025 - 23:17:40: Server cvar "mp_radio_maxinround" = "60"
L 11/25/2025 - 23:17:40: Server cvar "mp_radio_timeout" = "0"
L 11/25/2025 - 23:17:40: Server cvar "mp_respawn_immunity_effects" = "1"
L 11/25/2025 - 23:17:40: Server cvar "mp_respawn_immunity_force_unset" = "1"
L 11/25/2025 - 23:17:40: Server cvar "mp_respawn_immunitytime" = "0"
L 11/25/2025 - 23:17:40: Server cvar "mp_round_infinite" = "0"
L 11/25/2025 - 23:17:40: Server cvar "mp_round_restart_delay" = "3"
L 11/25/2025 - 23:17:40: Server cvar "mp_roundover" = "0"
L 11/25/2025 - 23:17:40: Server cvar "mp_roundtime" = "2"
L 11/25/2025 - 23:17:40: Server cvar "mp_scoreboard_showdefkit" = "1"
L 11/25/2025 - 23:17:40: Server cvar "mp_scoreboard_showhealth" = "5"
L 11/25/2025 - 23:17:40: Server cvar "mp_scoreboard_showmoney" = "5"
L 11/25/2025 - 23:17:40: Server cvar "mp_show_scenarioicon" = "1"
L 11/25/2025 - 23:17:40: Server cvar "mp_startmoney" = "800"
L 11/25/2025 - 23:17:40: Server cvar "mp_timeleft" = "12:03"
L 11/25/2025 - 23:17:40: Server cvar "mp_timelimit" = "15"
L 11/25/2025 - 23:17:40: Server cvar "mp_tkpunish" = "0"
L 11/25/2025 - 23:17:40: Server cvar "mp_weapon_respawn_time" = "20"
L 11/25/2025 - 23:17:40: Server cvar "mp_weapons_allow_map_placed" = "1"
L 11/25/2025 - 23:17:40: Server cvar "mp_windifference" = "1"
L 11/25/2025 - 23:17:40: Server cvar "mp_winlimit" = "0"
L 11/25/2025 - 23:17:40: Server cvar "pausable" = "0"
L 11/25/2025 - 23:17:40: Server cvar "resemiclip_version" = "2.4.3"
L 11/25/2025 - 23:17:40: Server cvar "sv_accelerate" = "5"
L 11/25/2025 - 23:17:40: Server cvar "sv_aim" = "0"
L 11/25/2025 - 23:17:40: Server cvar "sv_airaccelerate" = "10"
L 11/25/2025 - 23:17:40: Server cvar "sv_allow_autoaim" = "1"
L 11/25/2025 - 23:17:40: Server cvar "sv_allowupload" = "1"
L 11/25/2025 - 23:17:40: Server cvar "sv_alltalk" = "1"
L 11/25/2025 - 23:17:40: Server cvar "sv_bounce" = "1"
L 11/25/2025 - 23:17:40: Server cvar "sv_cheats" = "0"
L 11/25/2025 - 23:17:40: Server cvar "sv_clienttrace" = "1"
L 11/25/2025 - 23:17:40: Server cvar "sv_contact" = ""
L 11/25/2025 - 23:17:40: Server cvar "sv_friction" = "4"
L 11/25/2025 - 23:17:40: Server cvar "sv_gravity" = "800"
L 11/25/2025 - 23:17:40: Server cvar "sv_logblocks" = "0"
L 11/25/2025 - 23:17:40: Server cvar "sv_maxrate" = "250000"
L 11/25/2025 - 23:17:40: Server cvar "sv_maxspeed" = "900"
L 11/25/2025 - 23:17:40: Server cvar "sv_minrate" = "25000"
L 11/25/2025 - 23:17:40: Server cvar "sv_password" = ""
L 11/25/2025 - 23:17:40: Server cvar "sv_proxies" = "1"
L 11/25/2025 - 23:17:40: Server cvar "sv_restart" = "0"
L 11/25/2025 - 23:17:40: Server cvar "sv_restartround" = "0"
L 11/25/2025 - 23:17:40: Server cvar "sv_stepsize" = "18"
L 11/25/2025 - 23:17:40: Server cvar "sv_stopspeed" = "75"
L 11/25/2025 - 23:17:40: Server cvar "sv_uploadmax" = "7.77"
L 11/25/2025 - 23:17:40: Server cvar "sv_version" = "1.1.2.7/Stdio,48,4002"
L 11/25/2025 - 23:17:40: Server cvar "sv_voiceenable" = "1"
L 11/25/2025 - 23:17:40: Server cvar "sv_wateraccelerate" = "10"
L 11/25/2025 - 23:17:40: Server cvar "sv_waterfriction" = "1"
L 11/25/2025 - 23:17:40: Server cvar "UAIO (Admin Menu)" = "1.50"
L 11/25/2025 - 23:17:40: Server cvar "weaponarena_version" = "2.0.4"
L 11/25/2025 - 23:17:40: Server cvar "yb_version" = "4.4.957"
L 11/25/2025 - 23:17:40: Server cvars end
L 11/25/2025 - 23:17:40: Server cvar "mp_timelimit" = "20"
L 11/25/2025 - 23:17:40: Server cvar "sv_maxspeed" = "320"
L 11/25/2025 - 23:17:40: Server cvar "mp_timelimit" = "15"
L 11/25/2025 - 23:17:40: Server cvar "sv_maxspeed" = "900"
L 11/25/2025 - 23:17:41: Started map "de_panettone" (CRC "86009545")
L 11/25/2025 - 23:17:42: World triggered "Round_Start"
L 11/25/2025 - 23:17:44: "Cʏвer'Fσχ<77><STEAM_0:1:97036452><>" entered the game
L 11/25/2025 - 23:17:45: "fanual<80><STEAM_0:1:11397120><>" entered the game
L 11/25/2025 - 23:17:45: "fanual<80><STEAM_0:1:11397120><>" joined team "TERRORIST"
L 11/25/2025 - 23:17:45: "fanual<80><STEAM_0:1:11397120><TERRORIST>" triggered "Spawned_With_The_Bomb"
L 11/25/2025 - 23:17:45: "waeldreegia<81><STEAM_0:1:6824960><>" entered the game
L 11/25/2025 - 23:17:45: "waeldreegia<81><STEAM_0:1:6824960><>" joined team "CT"
L 11/25/2025 - 23:17:45: World triggered "Game_Commencing"
L 11/25/2025 - 23:17:45: World triggered "Game_Commencing" (CT "0") (T "0")
L 11/25/2025 - 23:17:45: World triggered "Round_End"
L 11/25/2025 - 23:17:48: "fanual<80><STEAM_0:1:11397120><TERRORIST>" triggered "Spawned_With_The_Bomb"
L 11/25/2025 - 23:17:48: World triggered "Round_Start"
L 11/25/2025 - 23:17:53: "Cʏвer'Fσχ<77><STEAM_0:1:97036452><>" joined team "TERRORIST"
L 11/25/2025 - 23:17:53: Kick: "fanual<80><STEAM_0:1:36><>" was kicked by "Console"
L 11/25/2025 - 23:17:53: "fanual<80><BOT><TERRORIST>" triggered "Dropped_The_Bomb"
L 11/25/2025 - 23:17:53: "fanual<80><BOT><TERRORIST>" disconnected
L 11/25/2025 - 23:17:53: World triggered "Game_Commencing"
L 11/25/2025 - 23:17:53: World triggered "Game_Commencing" (CT "0") (T "0")
L 11/25/2025 - 23:17:53: World triggered "Round_End"
L 11/25/2025 - 23:17:56: "waeldreegia<81><STEAM_0:1:6824960><CT>" committed suicide with "usp" (world)
L 11/25/2025 - 23:17:56: "Cʏвer'Fσχ<77><STEAM_0:1:97036452><TERRORIST>" triggered "Spawned_With_The_Bomb"
L 11/25/2025 - 23:17:56: World triggered "Round_Start"
L 11/25/2025 - 23:18:16: "Cʏвer'Fσχ<77><STEAM_0:1:97036452><TERRORIST>" triggered "Dropped_The_Bomb"
L 11/25/2025 - 23:19:56: Team "CT" triggered "Target_Saved" (CT "1") (T "0")
L 11/25/2025 - 23:19:56: World triggered "Round_End"
L 11/25/2025 - 23:19:59: "Cʏвer'Fσχ<77><STEAM_0:1:97036452><TERRORIST>" triggered "Spawned_With_The_Bomb"
L 11/25/2025 - 23:19:59: World triggered "Round_Start"
L 11/25/2025 - 23:19:59: "Cʏвer'Fσχ<77><STEAM_0:1:97036452><TERRORIST>" triggered "Dropped_The_Bomb"
L 11/25/2025 - 23:21:59: Team "CT" triggered "Target_Saved" (CT "2") (T "0")
L 11/25/2025 - 23:21:59: World triggered "Round_End"
L 11/25/2025 - 23:22:02: "Cʏвer'Fσχ<77><STEAM_0:1:97036452><TERRORIST>" triggered "Spawned_With_The_Bomb"
L 11/25/2025 - 23:22:02: World triggered "Round_Start"
L 11/25/2025 - 23:22:02: "Cʏвer'Fσχ<77><STEAM_0:1:97036452><TERRORIST>" triggered "Game_idle_kick" (auto)
L 11/25/2025 - 23:22:02: "Cʏвer'Fσχ<77><STEAM_0:1:97036452><TERRORIST>" triggered "Dropped_The_Bomb"
L 11/25/2025 - 23:22:02: Kick: "Cʏвer'Fσχ<77><STEAM_0:1:97036452><>" was kicked by "Console" (message ""Player idle"")
L 11/25/2025 - 23:22:02: "Cʏвer'Fσχ<77><STEAM_0:1:97036452><TERRORIST>" triggered "time" (time "4:18")
L 11/25/2025 - 23:22:02: "Cʏвer'Fσχ<77><STEAM_0:1:97036452><TERRORIST>" triggered "latency" (ping "12")
L 11/25/2025 - 23:22:02: "Cʏвer'Fσχ<77><STEAM_0:1:97036452><TERRORIST>" disconnected
L 11/25/2025 - 23:22:03: "ChRoNo<82><STEAM_0:1:12007424><>" entered the game
L 11/25/2025 - 23:22:03: "ChRoNo<82><STEAM_0:1:12007424><>" joined team "TERRORIST"
L 11/25/2025 - 23:22:03: World triggered "Game_Commencing"
L 11/25/2025 - 23:22:03: World triggered "Game_Commencing" (CT "2") (T "0")
L 11/25/2025 - 23:22:03: World triggered "Round_End"
L 11/25/2025 - 23:22:06: "ChRoNo<82><STEAM_0:1:12007424><TERRORIST>" triggered "Got_The_Bomb"
L 11/25/2025 - 23:22:06: "ChRoNo<82><STEAM_0:1:12007424><TERRORIST>" triggered "Spawned_With_The_Bomb"
L 11/25/2025 - 23:22:06: World triggered "Round_Start"
L 11/25/2025 - 23:22:38: "ChRoNo<82><STEAM_0:1:12007424><TERRORIST>" triggered "Planted_The_Bomb"
L 11/25/2025 - 23:22:38: "waeldreegia<81><STEAM_0:1:6824960><CT>" say "Come on ChRoNo,"
L 11/25/2025 - 23:22:52: "waeldreegia<81><STEAM_0:1:6824960><CT>" killed "ChRoNo<82><STEAM_0:1:12007424><TERRORIST>" with "usp"
L 11/25/2025 - 23:22:53: "waeldreegia<81><STEAM_0:1:6824960><CT>" triggered "Begin_Bomb_Defuse_With_Kit"
L 11/25/2025 - 23:22:53: "waeldreegia<81><STEAM_0:1:6824960><CT>" triggered "Begin_Bomb_Defuse_With_Kit"
L 11/25/2025 - 23:22:54: "waeldreegia<81><STEAM_0:1:6824960><CT>" triggered "Begin_Bomb_Defuse_With_Kit"
L 11/25/2025 - 23:22:59: "waeldreegia<81><STEAM_0:1:6824960><CT>" triggered "Defused_The_Bomb"
L 11/25/2025 - 23:22:59: Team "CT" triggered "Bomb_Defused" (CT "1") (T "0")
L 11/25/2025 - 23:22:59: World triggered "Round_End"
L 11/25/2025 - 23:23:02: "ChRoNo<82><STEAM_0:1:12007424><TERRORIST>" triggered "Spawned_With_The_Bomb"
L 11/25/2025 - 23:23:02: World triggered "Round_Start"
L 11/25/2025 - 23:23:26: "ChRoNo<82><STEAM_0:1:12007424><TERRORIST>" triggered "Planted_The_Bomb"
L 11/25/2025 - 23:23:26: "waeldreegia<81><STEAM_0:1:6824960><CT>" say "Come on ChRoNo,"
L 11/25/2025 - 23:23:38: "waeldreegia<81><STEAM_0:1:6824960><CT>" killed "ChRoNo<82><STEAM_0:1:12007424><TERRORIST>" with "m4a1"
L 11/25/2025 - 23:23:50: "waeldreegia<81><STEAM_0:1:6824960><CT>" triggered "Begin_Bomb_Defuse_With_Kit"
L 11/25/2025 - 23:23:55: "waeldreegia<81><STEAM_0:1:6824960><CT>" triggered "Defused_The_Bomb"
L 11/25/2025 - 23:23:55: Team "CT" triggered "Bomb_Defused" (CT "2") (T "0")
L 11/25/2025 - 23:23:55: World triggered "Round_End"
L 11/25/2025 - 23:23:58: "ChRoNo<82><STEAM_0:1:12007424><TERRORIST>" triggered "Spawned_With_The_Bomb"
L 11/25/2025 - 23:23:58: World triggered "Round_Start"
L 11/25/2025 - 23:24:15: "waeldreegia<81><STEAM_0:1:6824960><CT>" killed "ChRoNo<82><STEAM_0:1:12007424><TERRORIST>" with "m4a1"
L 11/25/2025 - 23:24:15: Team "CT" triggered "CTs_Win" (CT "3") (T "0")
L 11/25/2025 - 23:24:15: World triggered "Round_End"
L 11/25/2025 - 23:24:18: "ChRoNo<82><STEAM_0:1:12007424><TERRORIST>" triggered "Spawned_With_The_Bomb"
L 11/25/2025 - 23:24:18: World triggered "Round_Start"
L 11/25/2025 - 23:24:44: "waeldreegia<81><STEAM_0:1:6824960><CT>" killed "ChRoNo<82><STEAM_0:1:12007424><TERRORIST>" with "m4a1"
L 11/25/2025 - 23:24:44: Team "CT" triggered "CTs_Win" (CT "4") (T "0")
L 11/25/2025 - 23:24:44: World triggered "Round_End"
L 11/25/2025 - 23:24:47: "ChRoNo<82><STEAM_0:1:12007424><TERRORIST>" triggered "Spawned_With_The_Bomb"
L 11/25/2025 - 23:24:47: World triggered "Round_Start"
L 11/25/2025 - 23:25:05: "waeldreegia<81><STEAM_0:1:6824960><CT>" killed "ChRoNo<82><STEAM_0:1:12007424><TERRORIST>" with "m4a1"
L 11/25/2025 - 23:25:05: Team "CT" triggered "CTs_Win" (CT "5") (T "0")
L 11/25/2025 - 23:25:05: World triggered "Round_End"
L 11/25/2025 - 23:25:08: "ChRoNo<82><STEAM_0:1:12007424><TERRORIST>" triggered "Spawned_With_The_Bomb"
L 11/25/2025 - 23:25:08: World triggered "Round_Start"
L 11/25/2025 - 23:25:56: "ChRoNo<82><STEAM_0:1:12007424><TERRORIST>" triggered "Planted_The_Bomb"
L 11/25/2025 - 23:25:56: "waeldreegia<81><STEAM_0:1:6824960><CT>" say "Come on ChRoNo,"
L 11/25/2025 - 23:26:09: "ChRoNo<82><STEAM_0:1:12007424><TERRORIST>" killed "waeldreegia<81><STEAM_0:1:6824960><CT>" with "ak47"
L 11/25/2025 - 23:26:09: Team "TERRORIST" triggered "Terrorists_Win" (CT "5") (T "1")
L 11/25/2025 - 23:26:09: World triggered "Round_End"
L 11/25/2025 - 23:26:09: "ChRoNo<82><STEAM_0:1:12007424><TERRORIST>" say "waeldregeia you bot"
L 11/25/2025 - 23:26:12: "ChRoNo<82><STEAM_0:1:12007424><TERRORIST>" triggered "Spawned_With_The_Bomb"
L 11/25/2025 - 23:26:12: World triggered "Round_Start"
L 11/25/2025 - 23:26:18: Kick: "waeldreegia<81><STEAM_0:0:37><>" was kicked by "Console"
L 11/25/2025 - 23:26:18: "waeldreegia<81><BOT><CT>" disconnected
L 11/25/2025 - 23:26:18: "zver<83><STEAM_0:1:12132864><>" entered the game
L 11/25/2025 - 23:26:18: "zver<83><STEAM_0:1:12132864><>" joined team "CT"
L 11/25/2025 - 23:26:18: World triggered "Game_Commencing"
L 11/25/2025 - 23:26:18: World triggered "Game_Commencing" (CT "5") (T "1")
L 11/25/2025 - 23:26:18: World triggered "Round_End"
L 11/25/2025 - 23:26:21: "ChRoNo<82><STEAM_0:1:12007424><TERRORIST>" triggered "Spawned_With_The_Bomb"
L 11/25/2025 - 23:26:21: World triggered "Round_Start"
L 11/25/2025 - 23:26:50: "ChRoNo<82><STEAM_0:1:12007424><TERRORIST>" killed "zver<83><STEAM_0:1:12132864><CT>" with "glock18"
L 11/25/2025 - 23:26:50: Team "TERRORIST" triggered "Terrorists_Win" (CT "0") (T "1")
L 11/25/2025 - 23:26:50: World triggered "Round_End"
L 11/25/2025 - 23:26:53: "ChRoNo<82><STEAM_0:1:12007424><TERRORIST>" triggered "Spawned_With_The_Bomb"
L 11/25/2025 - 23:26:53: World triggered "Round_Start"
L 11/25/2025 - 23:27:12: "ChRoNo<82><STEAM_0:1:12007424><TERRORIST>" killed "zver<83><STEAM_0:1:12132864><CT>" with "galil"
L 11/25/2025 - 23:27:12: Team "TERRORIST" triggered "Terrorists_Win" (CT "0") (T "2")
L 11/25/2025 - 23:27:12: World triggered "Round_End"
L 11/25/2025 - 23:27:13: "zver<83><STEAM_0:1:12132864><CT>" say "ChRoNo ggogogogooo!!" (dead)
L 11/25/2025 - 23:27:15: "ChRoNo<82><STEAM_0:1:12007424><TERRORIST>" triggered "Spawned_With_The_Bomb"
L 11/25/2025 - 23:27:15: World triggered "Round_Start"
L 11/25/2025 - 23:27:39: "ChRoNo<82><STEAM_0:1:12007424><TERRORIST>" triggered "Planted_The_Bomb"
L 11/25/2025 - 23:27:39: "zver<83><STEAM_0:1:12132864><CT>" say "Come on ChRoNo,"
L 11/25/2025 - 23:27:51: "ChRoNo<82><STEAM_0:1:12007424><TERRORIST>" killed "zver<83><STEAM_0:1:12132864><CT>" with "galil"
L 11/25/2025 - 23:27:51: Team "TERRORIST" triggered "Terrorists_Win" (CT "0") (T "3")
L 11/25/2025 - 23:27:51: World triggered "Round_End"
L 11/25/2025 - 23:27:54: "ChRoNo<82><STEAM_0:1:12007424><TERRORIST>" triggered "Spawned_With_The_Bomb"
L 11/25/2025 - 23:27:54: World triggered "Round_Start"
L 11/25/2025 - 23:28:18: "ChRoNo<82><STEAM_0:1:12007424><TERRORIST>" triggered "Planted_The_Bomb"
L 11/25/2025 - 23:28:18: "zver<83><STEAM_0:1:12132864><CT>" say "Come on ChRoNo,"
L 11/25/2025 - 23:28:22: "zver<83><STEAM_0:1:12132864><CT>" killed "ChRoNo<82><STEAM_0:1:12007424><TERRORIST>" with "scout"
L 11/25/2025 - 23:28:23: "ChRoNo<82><STEAM_0:1:12007424><TERRORIST>" say "he a d s h o t h e a d s h o th e a d s h o t h e a d s h o t stfuu" (dead)
L 11/25/2025 - 23:28:28: "zver<83><STEAM_0:1:12132864><CT>" triggered "Begin_Bomb_Defuse_Without_Kit"
L 11/25/2025 - 23:28:38: "zver<83><STEAM_0:1:12132864><CT>" triggered "Defused_The_Bomb"
L 11/25/2025 - 23:28:38: Team "CT" triggered "Bomb_Defused" (CT "1") (T "3")
L 11/25/2025 - 23:28:38: World triggered "Round_End"
L 11/25/2025 - 23:28:41: "ChRoNo<82><STEAM_0:1:12007424><TERRORIST>" triggered "Spawned_With_The_Bomb"
L 11/25/2025 - 23:28:41: World triggered "Round_Start"
L 11/25/2025 - 23:28:58: "zver<83><STEAM_0:1:12132864><CT>" killed "ChRoNo<82><STEAM_0:1:12007424><TERRORIST>" with "scout"
L 11/25/2025 - 23:28:58: Team "CT" triggered "CTs_Win" (CT "2") (T "3")
L 11/25/2025 - 23:28:58: World triggered "Round_End"
L 11/25/2025 - 23:29:01: "ChRoNo<82><STEAM_0:1:12007424><TERRORIST>" triggered "Spawned_With_The_Bomb"
L 11/25/2025 - 23:29:01: World triggered "Round_Start"
L 11/25/2025 - 23:29:21: "ChRoNo<82><STEAM_0:1:12007424><TERRORIST>" killed "zver<83><STEAM_0:1:12132864><CT>" with "ak47"
L 11/25/2025 - 23:29:21: Team "TERRORIST" triggered "Terrorists_Win" (CT "2") (T "4")
L 11/25/2025 - 23:29:21: World triggered "Round_End"
L 11/25/2025 - 23:29:23: "zver<83><STEAM_0:1:12132864><CT>" say "ChRoNo gogogogo" (dead)
L 11/25/2025 - 23:29:24: "ChRoNo<82><STEAM_0:1:12007424><TERRORIST>" triggered "Spawned_With_The_Bomb"
L 11/25/2025 - 23:29:24: World triggered "Round_Start"
L 11/25/2025 - 23:29:41: Kick: "ChRoNo<82><STEAM_0:1:37><>" was kicked by "Console"
L 11/25/2025 - 23:29:41: "ChRoNo<82><BOT><TERRORIST>" triggered "Dropped_The_Bomb"
L 11/25/2025 - 23:29:41: "ChRoNo<82><BOT><TERRORIST>" disconnected
L 11/25/2025 - 23:29:41: "adurrykal<84><STEAM_0:1:4607744><>" entered the game
L 11/25/2025 - 23:29:41: "adurrykal<84><STEAM_0:1:4607744><>" joined team "TERRORIST"
L 11/25/2025 - 23:29:41: World triggered "Game_Commencing"
L 11/25/2025 - 23:29:41: World triggered "Game_Commencing" (CT "2") (T "4")
L 11/25/2025 - 23:29:41: World triggered "Round_End"
L 11/25/2025 - 23:29:44: "adurrykal<84><STEAM_0:1:4607744><TERRORIST>" triggered "Spawned_With_The_Bomb"
L 11/25/2025 - 23:29:44: World triggered "Round_Start"
L 11/25/2025 - 23:30:02: Server cvar "amx_nextmap" = "de_dust2"
L 11/25/2025 - 23:30:02: Server cvar "mp_chattime" = "11.000000"
L 11/25/2025 - 23:30:09: "zver<83><STEAM_0:1:12132864><CT>" killed "adurrykal<84><STEAM_0:1:4607744><TERRORIST>" with "deagle"
L 11/25/2025 - 23:30:09: Team "CT" triggered "CTs_Win" (CT "1") (T "0")
L 11/25/2025 - 23:30:09: World triggered "Round_End"
L 11/25/2025 - 23:30:12: "adurrykal<84><STEAM_0:1:4607744><TERRORIST>" triggered "Spawned_With_The_Bomb"
L 11/25/2025 - 23:30:12: World triggered "Round_Start"
L 11/25/2025 - 23:30:13: Server cvar "mp_chattime" = "10.000000"
L 11/25/2025 - 23:30:13: "adurrykal<84><BOT><TERRORIST>" triggered "Dropped_The_Bomb"
L 11/25/2025 - 23:30:13: "adurrykal<84><BOT><TERRORIST>" disconnected
L 11/25/2025 - 23:30:13: "zver<83><BOT><CT>" disconnected
L 11/25/2025 - 23:30:13: World triggered "Round_Draw" (CT "1") (T "0")
L 11/25/2025 - 23:30:13: World triggered "Round_End"
L 11/25/2025 - 23:30:13: [META] ini: Begin re-reading plugins list: c:/~dl/sonstz/gameshit/cs 1.6 shit/_falconz-cs16-server/cstrike/addons/metamod/plugins.ini
L 11/25/2025 - 23:30:13: [META] ini: Read plugin config for: AMX Mod X
L 11/25/2025 - 23:30:13: [META] ini: Read plugin config for: Rechecker
L 11/25/2025 - 23:30:13: [META] ini: Read plugin config for: ReSemiclip
L 11/25/2025 - 23:30:13: [META] ini: Read plugin config for: HitBox Fix
L 11/25/2025 - 23:30:13: [META] ini: Read plugin config for: YaPB
L 11/25/2025 - 23:30:13: [META] ini: Finished reading plugins list: c:/~dl/sonstz/gameshit/cs 1.6 shit/_falconz-cs16-server/cstrike/addons/metamod/plugins.ini; Found 5 plugins
L 11/25/2025 - 23:30:13: [META] dll: Updating plugins...
L 11/25/2025 - 23:30:13: [META] dll: Finished updating 16 plugins; kept 5, loaded 0, unloaded 0, reloaded 0, delayed 0
L 11/25/2025 - 23:30:13: [META] dll: Rebuilding callbacks...
L 11/25/2025 - 23:30:13: [META] dll: Callbacks rebuilded.
L 11/25/2025 - 23:30:13: Log file closed
