L 11/24/2025 - 11:24:57: Log file started (file "logs\L1124005.log") (game "cstrike") (version "48/1.1.2.7/Stdio/4002")
L 11/24/2025 - 11:24:57: Server cvar "sv_maxspeed" = "320"
L 11/24/2025 - 11:24:57: Server cvar "mp_timelimit" = "15"
L 11/24/2025 - 11:24:57: Server cvar "amx_nextmap" = "de_callipolia"
L 11/24/2025 - 11:24:57: Started map "de_calendar" (CRC "302766648")
L 11/24/2025 - 11:24:58: World triggered "Round_Start"
L 11/24/2025 - 11:24:59: "Falcon<5><STEAM_0:1:97036452><>" connected, address "84.159.156.244:27005"
L 11/24/2025 - 11:25:00: "Falcon<5><STEAM_0:1:97036452><>" STEAM USERID validated
L 11/24/2025 - 11:25:01: "Evropa7183<6><STEAM_0:1:5182720><>" entered the game
L 11/24/2025 - 11:25:01: "Evropa7183<6><STEAM_0:1:5182720><>" joined team "TERRORIST"
L 11/24/2025 - 11:25:01: "Evropa7183<6><STEAM_0:1:5182720><TERRORIST>" triggered "Spawned_With_The_Bomb"
L 11/24/2025 - 11:25:01: "unfineano<7><STEAM_0:1:5208064><>" entered the game
L 11/24/2025 - 11:25:01: "unfineano<7><STEAM_0:1:5208064><>" joined team "CT"
L 11/24/2025 - 11:25:01: World triggered "Game_Commencing"
L 11/24/2025 - 11:25:01: World triggered "Game_Commencing" (CT "0") (T "0")
L 11/24/2025 - 11:25:01: World triggered "Round_End"
L 11/24/2025 - 11:25:04: "Evropa7183<6><STEAM_0:1:5182720><TERRORIST>" triggered "Spawned_With_The_Bomb"
L 11/24/2025 - 11:25:04: World triggered "Round_Start"
L 11/24/2025 - 11:25:57: "Evropa7183<6><STEAM_0:1:5182720><TERRORIST>" triggered "Planted_The_Bomb"
L 11/24/2025 - 11:25:57: "unfineano<7><STEAM_0:1:5208064><CT>" say "Come on Evropa7183,"
L 11/24/2025 - 11:26:00: "Falcon<5><STEAM_0:1:97036452><>" entered the game
L 11/24/2025 - 11:26:03: "Falcon<5><STEAM_0:1:97036452><>" joined team "TERRORIST"
L 11/24/2025 - 11:26:04: Kick: "Evropa7183<6><STEAM_0:0:1><>" was kicked by "Console"
L 11/24/2025 - 11:26:04: "Evropa7183<6><BOT><TERRORIST>" disconnected
L 11/24/2025 - 11:26:19: "unfineano<7><STEAM_0:1:5208064><CT>" killed "Falcon<5><STEAM_0:1:97036452><TERRORIST>" with "deagle"
L 11/24/2025 - 11:26:42: Team "TERRORIST" triggered "Target_Bombed" (CT "0") (T "1")
L 11/24/2025 - 11:26:42: World triggered "Round_End"
L 11/24/2025 - 11:26:45: "Falcon<5><STEAM_0:1:97036452><TERRORIST>" triggered "Spawned_With_The_Bomb"
L 11/24/2025 - 11:26:45: World triggered "Round_Start"
L 11/24/2025 - 11:27:08: "Falcon<5><STEAM_0:1:97036452><TERRORIST>" triggered "Planted_The_Bomb"
L 11/24/2025 - 11:27:08: "unfineano<7><STEAM_0:1:5208064><CT>" say "Come on Falcon,"
L 11/24/2025 - 11:27:23: "Falcon<5><STEAM_0:1:97036452><TERRORIST>" killed "unfineano<7><STEAM_0:1:5208064><CT>" with "ak47"
L 11/24/2025 - 11:27:23: Team "TERRORIST" triggered "Terrorists_Win" (CT "0") (T "2")
L 11/24/2025 - 11:27:23: World triggered "Round_End"
L 11/24/2025 - 11:27:26: "Falcon<5><STEAM_0:1:97036452><TERRORIST>" triggered "Spawned_With_The_Bomb"
L 11/24/2025 - 11:27:26: World triggered "Round_Start"
L 11/24/2025 - 11:28:03: "unfineano<7><STEAM_0:1:5208064><CT>" killed "Falcon<5><STEAM_0:1:97036452><TERRORIST>" with "mp5navy"
L 11/24/2025 - 11:28:03: Team "CT" triggered "CTs_Win" (CT "1") (T "2")
L 11/24/2025 - 11:28:03: World triggered "Round_End"
L 11/24/2025 - 11:28:04: "Falcon<5><STEAM_0:1:97036452><TERRORIST>" say "H e a d s h o T" (dead)
L 11/24/2025 - 11:28:06: "Falcon<5><STEAM_0:1:97036452><TERRORIST>" triggered "Spawned_With_The_Bomb"
L 11/24/2025 - 11:28:06: World triggered "Round_Start"
L 11/24/2025 - 11:28:26: "Falcon<5><STEAM_0:1:97036452><TERRORIST>" triggered "Dropped_The_Bomb"
L 11/24/2025 - 11:30:06: Team "CT" triggered "Target_Saved" (CT "2") (T "2")
L 11/24/2025 - 11:30:06: World triggered "Round_End"
L 11/24/2025 - 11:30:09: "Falcon<5><STEAM_0:1:97036452><TERRORIST>" triggered "Spawned_With_The_Bomb"
L 11/24/2025 - 11:30:09: World triggered "Round_Start"
L 11/24/2025 - 11:30:09: "Falcon<5><STEAM_0:1:97036452><TERRORIST>" triggered "Dropped_The_Bomb"
L 11/24/2025 - 11:32:09: Team "CT" triggered "Target_Saved" (CT "3") (T "2")
L 11/24/2025 - 11:32:09: World triggered "Round_End"
L 11/24/2025 - 11:32:12: "Falcon<5><STEAM_0:1:97036452><TERRORIST>" triggered "Spawned_With_The_Bomb"
L 11/24/2025 - 11:32:12: World triggered "Round_Start"
L 11/24/2025 - 11:32:12: "Falcon<5><STEAM_0:1:97036452><TERRORIST>" triggered "Game_idle_kick" (auto)
L 11/24/2025 - 11:32:12: "Falcon<5><STEAM_0:1:97036452><TERRORIST>" triggered "Dropped_The_Bomb"
L 11/24/2025 - 11:32:12: Kick: "Falcon<5><STEAM_0:1:97036452><>" was kicked by "Console" (message ""Player idle"")
L 11/24/2025 - 11:32:12: "Falcon<5><STEAM_0:1:97036452><TERRORIST>" triggered "weaponstats" (weapon "glock18") (shots "7") (hits "0") (kills "0") (headshots "0") (tks "0") (damage "0") (deaths "0")
L 11/24/2025 - 11:32:12: "Falcon<5><STEAM_0:1:97036452><TERRORIST>" triggered "weaponstats2" (weapon "glock18") (head "0") (chest "0") (stomach "0") (leftarm "0") (rightarm "0") (leftleg "0") (rightleg "0")
L 11/24/2025 - 11:32:12: "Falcon<5><STEAM_0:1:97036452><TERRORIST>" triggered "weaponstats" (weapon "ak47") (shots "3") (hits "0") (kills "0") (headshots "0") (tks "0") (damage "0") (deaths "0")
L 11/24/2025 - 11:32:12: "Falcon<5><STEAM_0:1:97036452><TERRORIST>" triggered "weaponstats2" (weapon "ak47") (head "0") (chest "0") (stomach "0") (leftarm "0") (rightarm "0") (leftleg "0") (rightleg "0")
L 11/24/2025 - 11:32:12: "Falcon<5><STEAM_0:1:97036452><TERRORIST>" triggered "time" (time "6:11")
L 11/24/2025 - 11:32:12: "Falcon<5><STEAM_0:1:97036452><TERRORIST>" triggered "latency" (ping "5")
L 11/24/2025 - 11:32:12: "Falcon<5><STEAM_0:1:97036452><TERRORIST>" disconnected
L 11/24/2025 - 11:32:12: "BoOm<8><STEAM_0:1:2390016><>" entered the game
L 11/24/2025 - 11:32:12: "BoOm<8><STEAM_0:1:2390016><>" joined team "TERRORIST"
L 11/24/2025 - 11:32:12: World triggered "Game_Commencing"
L 11/24/2025 - 11:32:12: World triggered "Game_Commencing" (CT "3") (T "2")
L 11/24/2025 - 11:32:12: World triggered "Round_End"
L 11/24/2025 - 11:32:13: "BoOm<8><STEAM_0:1:2390016><TERRORIST>" triggered "Got_The_Bomb"
L 11/24/2025 - 11:32:15: "BoOm<8><STEAM_0:1:2390016><TERRORIST>" triggered "Spawned_With_The_Bomb"
L 11/24/2025 - 11:32:15: World triggered "Round_Start"
L 11/24/2025 - 11:33:19: "BoOm<8><STEAM_0:1:2390016><TERRORIST>" killed "unfineano<7><STEAM_0:1:5208064><CT>" with "deagle"
L 11/24/2025 - 11:33:19: Team "TERRORIST" triggered "Terrorists_Win" (CT "0") (T "1")
L 11/24/2025 - 11:33:19: World triggered "Round_End"
L 11/24/2025 - 11:33:22: "BoOm<8><STEAM_0:1:2390016><TERRORIST>" triggered "Spawned_With_The_Bomb"
L 11/24/2025 - 11:33:22: World triggered "Round_Start"
L 11/24/2025 - 11:33:51: "BoOm<8><STEAM_0:1:2390016><TERRORIST>" triggered "Planted_The_Bomb"
L 11/24/2025 - 11:34:02: "BoOm<8><STEAM_0:1:2390016><TERRORIST>" killed "unfineano<7><STEAM_0:1:5208064><CT>" with "ak47"
L 11/24/2025 - 11:34:02: Team "TERRORIST" triggered "Terrorists_Win" (CT "0") (T "2")
L 11/24/2025 - 11:34:02: World triggered "Round_End"
L 11/24/2025 - 11:34:05: "BoOm<8><STEAM_0:1:2390016><TERRORIST>" triggered "Spawned_With_The_Bomb"
L 11/24/2025 - 11:34:05: World triggered "Round_Start"
L 11/24/2025 - 11:34:35: "BoOm<8><STEAM_0:1:2390016><TERRORIST>" triggered "Planted_The_Bomb"
L 11/24/2025 - 11:34:35: "unfineano<7><STEAM_0:1:5208064><CT>" say "Come on BoOm,"
L 11/24/2025 - 11:34:40: "BoOm<8><STEAM_0:1:2390016><TERRORIST>" killed "unfineano<7><STEAM_0:1:5208064><CT>" with "ak47"
L 11/24/2025 - 11:34:40: Team "TERRORIST" triggered "Terrorists_Win" (CT "0") (T "3")
L 11/24/2025 - 11:34:40: World triggered "Round_End"
L 11/24/2025 - 11:34:43: "BoOm<8><STEAM_0:1:2390016><TERRORIST>" triggered "Spawned_With_The_Bomb"
L 11/24/2025 - 11:34:43: World triggered "Round_Start"
L 11/24/2025 - 11:35:05: "unfineano<7><STEAM_0:1:5208064><CT>" killed "BoOm<8><STEAM_0:1:2390016><TERRORIST>" with "mp5navy"
L 11/24/2025 - 11:35:05: Team "CT" triggered "CTs_Win" (CT "1") (T "3")
L 11/24/2025 - 11:35:05: World triggered "Round_End"
L 11/24/2025 - 11:35:08: "BoOm<8><STEAM_0:1:2390016><TERRORIST>" triggered "Spawned_With_The_Bomb"
L 11/24/2025 - 11:35:08: World triggered "Round_Start"
L 11/24/2025 - 11:35:40: "BoOm<8><STEAM_0:1:2390016><TERRORIST>" triggered "Planted_The_Bomb"
L 11/24/2025 - 11:35:40: "unfineano<7><STEAM_0:1:5208064><CT>" say "Come on BoOm,"
L 11/24/2025 - 11:35:55: "BoOm<8><STEAM_0:1:2390016><TERRORIST>" killed "unfineano<7><STEAM_0:1:5208064><CT>" with "ak47"
L 11/24/2025 - 11:35:55: Team "TERRORIST" triggered "Terrorists_Win" (CT "1") (T "4")
L 11/24/2025 - 11:35:55: World triggered "Round_End"
L 11/24/2025 - 11:35:58: "BoOm<8><STEAM_0:1:2390016><TERRORIST>" triggered "Spawned_With_The_Bomb"
L 11/24/2025 - 11:35:58: World triggered "Round_Start"
L 11/24/2025 - 11:36:28: "BoOm<8><STEAM_0:1:2390016><TERRORIST>" triggered "Planted_The_Bomb"
L 11/24/2025 - 11:36:28: "unfineano<7><STEAM_0:1:5208064><CT>" say "Come on BoOm,"
L 11/24/2025 - 11:36:39: "unfineano<7><STEAM_0:1:5208064><CT>" killed "BoOm<8><STEAM_0:1:2390016><TERRORIST>" with "famas"
L 11/24/2025 - 11:36:39: "unfineano<7><STEAM_0:1:5208064><CT>" say "you bot BoOm"
L 11/24/2025 - 11:36:43: "unfineano<7><STEAM_0:1:5208064><CT>" triggered "Begin_Bomb_Defuse_With_Kit"
L 11/24/2025 - 11:36:48: "unfineano<7><STEAM_0:1:5208064><CT>" triggered "Defused_The_Bomb"
L 11/24/2025 - 11:36:48: Team "CT" triggered "Bomb_Defused" (CT "2") (T "4")
L 11/24/2025 - 11:36:48: World triggered "Round_End"
L 11/24/2025 - 11:36:51: "BoOm<8><STEAM_0:1:2390016><TERRORIST>" triggered "Spawned_With_The_Bomb"
L 11/24/2025 - 11:36:51: World triggered "Round_Start"
L 11/24/2025 - 11:37:22: "BoOm<8><STEAM_0:1:2390016><TERRORIST>" triggered "Planted_The_Bomb"
L 11/24/2025 - 11:37:22: "unfineano<7><STEAM_0:1:5208064><CT>" say "Come on BoOm,"
L 11/24/2025 - 11:37:33: "BoOm<8><STEAM_0:1:2390016><TERRORIST>" killed "unfineano<7><STEAM_0:1:5208064><CT>" with "ak47"
L 11/24/2025 - 11:37:33: Team "TERRORIST" triggered "Terrorists_Win" (CT "2") (T "5")
L 11/24/2025 - 11:37:33: World triggered "Round_End"
L 11/24/2025 - 11:37:36: "BoOm<8><STEAM_0:1:2390016><TERRORIST>" triggered "Spawned_With_The_Bomb"
L 11/24/2025 - 11:37:36: World triggered "Round_Start"
L 11/24/2025 - 11:38:01: "BoOm<8><STEAM_0:1:2390016><TERRORIST>" killed "unfineano<7><STEAM_0:1:5208064><CT>" with "ak47"
L 11/24/2025 - 11:38:01: Team "TERRORIST" triggered "Terrorists_Win" (CT "2") (T "6")
L 11/24/2025 - 11:38:01: World triggered "Round_End"
L 11/24/2025 - 11:38:04: "BoOm<8><STEAM_0:1:2390016><TERRORIST>" triggered "Spawned_With_The_Bomb"
L 11/24/2025 - 11:38:04: World triggered "Round_Start"
L 11/24/2025 - 11:38:29: "BoOm<8><STEAM_0:1:2390016><TERRORIST>" triggered "Planted_The_Bomb"
L 11/24/2025 - 11:38:29: "unfineano<7><STEAM_0:1:5208064><CT>" say "Come on BoOm,"
L 11/24/2025 - 11:38:43: "BoOm<8><STEAM_0:1:2390016><TERRORIST>" killed "unfineano<7><STEAM_0:1:5208064><CT>" with "ak47"
L 11/24/2025 - 11:38:43: Team "TERRORIST" triggered "Terrorists_Win" (CT "2") (T "7")
L 11/24/2025 - 11:38:43: World triggered "Round_End"
L 11/24/2025 - 11:38:43: "BoOm<8><STEAM_0:1:2390016><TERRORIST>" say "unfineano, stupid"
L 11/24/2025 - 11:38:46: "BoOm<8><STEAM_0:1:2390016><TERRORIST>" triggered "Spawned_With_The_Bomb"
L 11/24/2025 - 11:38:46: World triggered "Round_Start"
L 11/24/2025 - 11:39:07: "BoOm<8><STEAM_0:1:2390016><TERRORIST>" killed "unfineano<7><STEAM_0:1:5208064><CT>" with "ak47"
L 11/24/2025 - 11:39:07: Team "TERRORIST" triggered "Terrorists_Win" (CT "2") (T "8")
L 11/24/2025 - 11:39:07: World triggered "Round_End"
L 11/24/2025 - 11:39:10: "BoOm<8><STEAM_0:1:2390016><TERRORIST>" triggered "Spawned_With_The_Bomb"
L 11/24/2025 - 11:39:10: World triggered "Round_Start"
L 11/24/2025 - 11:39:55: "BoOm<8><STEAM_0:1:2390016><TERRORIST>" triggered "Planted_The_Bomb"
L 11/24/2025 - 11:39:55: "unfineano<7><STEAM_0:1:5208064><CT>" say "Come on BoOm,"
L 11/24/2025 - 11:40:12: Server cvar "amx_nextmap" = "de_dust2"
L 11/24/2025 - 11:40:12: Server cvar "mp_chattime" = "11.000000"
L 11/24/2025 - 11:40:18: "BoOm<8><STEAM_0:1:2390016><TERRORIST>" killed "unfineano<7><STEAM_0:1:5208064><CT>" with "ak47"
L 11/24/2025 - 11:40:18: Team "TERRORIST" triggered "Terrorists_Win" (CT "2") (T "9")
L 11/24/2025 - 11:40:18: World triggered "Round_End"
L 11/24/2025 - 11:40:21: "BoOm<8><STEAM_0:1:2390016><TERRORIST>" triggered "Spawned_With_The_Bomb"
L 11/24/2025 - 11:40:21: World triggered "Round_Start"
L 11/24/2025 - 11:40:22: Server cvar "mp_chattime" = "10.000000"
L 11/24/2025 - 11:40:22: "BoOm<8><BOT><TERRORIST>" triggered "Dropped_The_Bomb"
L 11/24/2025 - 11:40:22: "BoOm<8><BOT><TERRORIST>" disconnected
L 11/24/2025 - 11:40:22: "unfineano<7><BOT><CT>" disconnected
L 11/24/2025 - 11:40:22: World triggered "Round_Draw" (CT "2") (T "9")
L 11/24/2025 - 11:40:22: World triggered "Round_End"
L 11/24/2025 - 11:40:22: [META] ini: Begin re-reading plugins list: c:/~dl/sonstz/gameshit/cs 1.6 shit/_falconz-cs16-server/cstrike/addons/metamod/plugins.ini
L 11/24/2025 - 11:40:22: [META] ini: Read plugin config for: AMX Mod X
L 11/24/2025 - 11:40:22: [META] ini: Read plugin config for: Rechecker
L 11/24/2025 - 11:40:22: [META] ini: Read plugin config for: ReSemiclip
L 11/24/2025 - 11:40:22: [META] ini: Read plugin config for: HitBox Fix
L 11/24/2025 - 11:40:22: [META] ini: Read plugin config for: YaPB
L 11/24/2025 - 11:40:22: [META] ini: Finished reading plugins list: c:/~dl/sonstz/gameshit/cs 1.6 shit/_falconz-cs16-server/cstrike/addons/metamod/plugins.ini; Found 5 plugins
L 11/24/2025 - 11:40:22: [META] dll: Updating plugins...
L 11/24/2025 - 11:40:22: [META] dll: Finished updating 16 plugins; kept 5, loaded 0, unloaded 0, reloaded 0, delayed 0
L 11/24/2025 - 11:40:22: [META] dll: Rebuilding callbacks...
L 11/24/2025 - 11:40:22: [META] dll: Callbacks rebuilded.
L 11/24/2025 - 11:40:22: Log file closed
