L 11/25/2025 - 19:16:54: Log file started (file "logs\L1125001.log") (game "cstrike") (version "48/1.1.2.7/Stdio/4002")
L 11/25/2025 - 19:16:54: Loading map "de_dust2"
L 11/25/2025 - 19:16:54: Server cvars start
L 11/25/2025 - 19:16:54: Server cvar "allow_spectators" = "1.0"
L 11/25/2025 - 19:16:54: Server cvar "amx_client_languages" = "1"
L 11/25/2025 - 19:16:54: Server cvar "amx_language" = "en"
L 11/25/2025 - 19:16:54: Server cvar "amxmodx_version" = ""
L 11/25/2025 - 19:16:54: Server cvar "coop" = "0"
L 11/25/2025 - 19:16:54: Server cvar "deathmatch" = "1"
L 11/25/2025 - 19:16:54: Server cvar "decalfrequency" = "30"
L 11/25/2025 - 19:16:54: Server cvar "edgefriction" = "2"
L 11/25/2025 - 19:16:54: Server cvar "ff_damage_reduction_bullets" = "0.35"
L 11/25/2025 - 19:16:54: Server cvar "ff_damage_reduction_grenade" = "0.25"
L 11/25/2025 - 19:16:54: Server cvar "ff_damage_reduction_grenade_self" = "1"
L 11/25/2025 - 19:16:54: Server cvar "ff_damage_reduction_other" = "0.25"
L 11/25/2025 - 19:16:54: Server cvar "game_version" = "5.28.0.756-dev"
L 11/25/2025 - 19:16:54: Server cvar "hbf_debug" = "0"
L 11/25/2025 - 19:16:54: Server cvar "hbf_enabled" = "1"
L 11/25/2025 - 19:16:54: Server cvar "humans_join_team" = "any"
L 11/25/2025 - 19:16:54: Server cvar "max_queries_sec" = "3.0"
L 11/25/2025 - 19:16:54: Server cvar "max_queries_sec_global" = "30"
L 11/25/2025 - 19:16:54: Server cvar "max_queries_window" = "60"
L 11/25/2025 - 19:16:54: Server cvar "metamod_version" = "1.3.0.149"
L 11/25/2025 - 19:16:54: Server cvar "mp_afk_bomb_drop_time" = "0"
L 11/25/2025 - 19:16:54: Server cvar "mp_ammo_respawn_time" = "20"
L 11/25/2025 - 19:16:54: Server cvar "mp_autokick" = "1"
L 11/25/2025 - 19:16:54: Server cvar "mp_autokick_timeout" = "-1"
L 11/25/2025 - 19:16:54: Server cvar "mp_autoteambalance" = "1"
L 11/25/2025 - 19:16:54: Server cvar "mp_buy_anywhere" = "0"
L 11/25/2025 - 19:16:54: Server cvar "mp_buytime" = "1.5"
L 11/25/2025 - 19:16:54: Server cvar "mp_c4timer" = "45"
L 11/25/2025 - 19:16:54: Server cvar "mp_chattime" = "10"
L 11/25/2025 - 19:16:54: Server cvar "mp_consistency" = "1"
L 11/25/2025 - 19:16:54: Server cvar "mp_fadetoblack" = "0"
L 11/25/2025 - 19:16:54: Server cvar "mp_falldamage" = "1"
L 11/25/2025 - 19:16:54: Server cvar "mp_flashlight" = "0"
L 11/25/2025 - 19:16:54: Server cvar "mp_footsteps" = "1"
L 11/25/2025 - 19:16:54: Server cvar "mp_forcecamera" = "0"
L 11/25/2025 - 19:16:54: Server cvar "mp_forcechasecam" = "0"
L 11/25/2025 - 19:16:54: Server cvar "mp_forcerespawn" = "0"
L 11/25/2025 - 19:16:54: Server cvar "mp_fraglimit" = "0"
L 11/25/2025 - 19:16:54: Server cvar "mp_fragsleft" = "0"
L 11/25/2025 - 19:16:54: Server cvar "mp_freeforall" = "0"
L 11/25/2025 - 19:16:54: Server cvar "mp_freezetime" = "6"
L 11/25/2025 - 19:16:54: Server cvar "mp_friendlyfire" = "0"
L 11/25/2025 - 19:16:54: Server cvar "mp_give_player_c4" = "1"
L 11/25/2025 - 19:16:54: Server cvar "mp_hostage_hurtable" = "1"
L 11/25/2025 - 19:16:54: Server cvar "mp_hostagepenalty" = "13"
L 11/25/2025 - 19:16:54: Server cvar "mp_infinite_ammo" = "0"
L 11/25/2025 - 19:16:54: Server cvar "mp_infinite_grenades" = "0"
L 11/25/2025 - 19:16:54: Server cvar "mp_item_respawn_time" = "30"
L 11/25/2025 - 19:16:54: Server cvar "mp_item_staytime" = "300"
L 11/25/2025 - 19:16:54: Server cvar "mp_kickpercent" = "0.66"
L 11/25/2025 - 19:16:54: Server cvar "mp_limitteams" = "2"
L 11/25/2025 - 19:16:54: Server cvar "mp_logdetail" = "0"
L 11/25/2025 - 19:16:54: Server cvar "mp_logfile" = "1"
L 11/25/2025 - 19:16:54: Server cvar "mp_logmessages" = "1"
L 11/25/2025 - 19:16:54: Server cvar "mp_mapvoteratio" = "0.66"
L 11/25/2025 - 19:16:54: Server cvar "mp_maxmoney" = "16000"
L 11/25/2025 - 19:16:54: Server cvar "mp_maxrounds" = "0"
L 11/25/2025 - 19:16:54: Server cvar "mp_playerid" = "0"
L 11/25/2025 - 19:16:54: Server cvar "mp_radio_maxinround" = "60"
L 11/25/2025 - 19:16:54: Server cvar "mp_radio_timeout" = "1.5"
L 11/25/2025 - 19:16:54: Server cvar "mp_respawn_immunity_effects" = "1"
L 11/25/2025 - 19:16:54: Server cvar "mp_respawn_immunity_force_unset" = "1"
L 11/25/2025 - 19:16:54: Server cvar "mp_respawn_immunitytime" = "0"
L 11/25/2025 - 19:16:54: Server cvar "mp_round_infinite" = "0"
L 11/25/2025 - 19:16:54: Server cvar "mp_round_restart_delay" = "5"
L 11/25/2025 - 19:16:54: Server cvar "mp_roundover" = "0"
L 11/25/2025 - 19:16:54: Server cvar "mp_roundtime" = "5"
L 11/25/2025 - 19:16:54: Server cvar "mp_scoreboard_showdefkit" = "1"
L 11/25/2025 - 19:16:54: Server cvar "mp_scoreboard_showhealth" = "3"
L 11/25/2025 - 19:16:54: Server cvar "mp_scoreboard_showmoney" = "3"
L 11/25/2025 - 19:16:54: Server cvar "mp_show_scenarioicon" = "0"
L 11/25/2025 - 19:16:54: Server cvar "mp_startmoney" = "800"
L 11/25/2025 - 19:16:54: Server cvar "mp_timeleft" = "0"
L 11/25/2025 - 19:16:54: Server cvar "mp_timelimit" = "0"
L 11/25/2025 - 19:16:54: Server cvar "mp_tkpunish" = "0"
L 11/25/2025 - 19:16:54: Server cvar "mp_weapon_respawn_time" = "20"
L 11/25/2025 - 19:16:54: Server cvar "mp_weapons_allow_map_placed" = "1"
L 11/25/2025 - 19:16:54: Server cvar "mp_windifference" = "1"
L 11/25/2025 - 19:16:54: Server cvar "mp_winlimit" = "0"
L 11/25/2025 - 19:16:54: Server cvar "pausable" = "1"
L 11/25/2025 - 19:16:54: Server cvar "resemiclip_version" = "2.4.3"
L 11/25/2025 - 19:16:54: Server cvar "sv_accelerate" = "10"
L 11/25/2025 - 19:16:54: Server cvar "sv_aim" = "1"
L 11/25/2025 - 19:16:54: Server cvar "sv_airaccelerate" = "10"
L 11/25/2025 - 19:16:54: Server cvar "sv_allow_autoaim" = "1"
L 11/25/2025 - 19:16:54: Server cvar "sv_allowupload" = "1"
L 11/25/2025 - 19:16:54: Server cvar "sv_alltalk" = "0"
L 11/25/2025 - 19:16:54: Server cvar "sv_bounce" = "1"
L 11/25/2025 - 19:16:54: Server cvar "sv_cheats" = "0"
L 11/25/2025 - 19:16:54: Server cvar "sv_clienttrace" = "1"
L 11/25/2025 - 19:16:54: Server cvar "sv_contact" = ""
L 11/25/2025 - 19:16:54: Server cvar "sv_friction" = "4"
L 11/25/2025 - 19:16:54: Server cvar "sv_gravity" = "800"
L 11/25/2025 - 19:16:54: Server cvar "sv_logblocks" = "0"
L 11/25/2025 - 19:16:54: Server cvar "sv_maxrate" = "0"
L 11/25/2025 - 19:16:54: Server cvar "sv_maxspeed" = "320"
L 11/25/2025 - 19:16:54: Server cvar "sv_minrate" = "0"
L 11/25/2025 - 19:16:54: Server cvar "sv_password" = ""
L 11/25/2025 - 19:16:54: Server cvar "sv_proxies" = "1"
L 11/25/2025 - 19:16:54: Server cvar "sv_restart" = "0"
L 11/25/2025 - 19:16:54: Server cvar "sv_restartround" = "0"
L 11/25/2025 - 19:16:54: Server cvar "sv_stepsize" = "18"
L 11/25/2025 - 19:16:54: Server cvar "sv_stopspeed" = "100"
L 11/25/2025 - 19:16:54: Server cvar "sv_uploadmax" = "0.5"
L 11/25/2025 - 19:16:54: Server cvar "sv_version" = "1.1.2.7/Stdio,48,4002"
L 11/25/2025 - 19:16:54: Server cvar "sv_voiceenable" = "1"
L 11/25/2025 - 19:16:54: Server cvar "sv_wateraccelerate" = "10"
L 11/25/2025 - 19:16:54: Server cvar "sv_waterfriction" = "1"
L 11/25/2025 - 19:16:54: Server cvar "yb_version" = "4.4.957"
L 11/25/2025 - 19:16:54: Server cvars end
L 11/25/2025 - 19:16:54: Server cvar "amxmodx_version" = "1.9.0.5294"
L 11/25/2025 - 19:16:55: Server cvar "sv_maxspeed" = "900"
L 11/25/2025 - 19:16:55: Server cvar "mp_autoteambalance" = "0"
L 11/25/2025 - 19:16:55: Server cvar "mp_maxmoney" = "32000"
L 11/25/2025 - 19:16:55: Server cvar "mp_round_restart_delay" = "3"
L 11/25/2025 - 19:16:55: Server cvar "mp_timelimit" = "20"
L 11/25/2025 - 19:16:55: Server cvar "mp_show_scenarioicon" = "1"
L 11/25/2025 - 19:16:55: Server cvar "sv_alltalk" = "1"
L 11/25/2025 - 19:16:55: Server cvar "mp_scoreboard_showhealth" = "5"
L 11/25/2025 - 19:16:55: Server cvar "mp_scoreboard_showmoney" = "5"
L 11/25/2025 - 19:16:55: Server cvar "ff_damage_reduction_grenade_self" = "1.0"
L 11/25/2025 - 19:16:55: Server cvar "ff_damage_reduction_other" = "0.35"
L 11/25/2025 - 19:16:55: Server cvar "mp_afk_bomb_drop_time" = "15"
L 11/25/2025 - 19:16:55: Server cvar "mp_radio_timeout" = "0"
L 11/25/2025 - 19:16:55: Server cvar "pausable" = "0"
L 11/25/2025 - 19:16:58: Server cvar "jtp10181" = "gore"
L 11/25/2025 - 19:16:58: Server cvar "weaponarena_version" = "2.0.4"
L 11/25/2025 - 19:16:58: Server cvar "jtp10181" = "gore,wa"
L 11/25/2025 - 19:16:58: Server cvar "UAIO (Admin Menu)" = "1.50"
L 11/25/2025 - 19:16:58: Server cvar "mapm_version" = "3.3.1"
L 11/25/2025 - 19:16:58: Server cvar "sv_uploadmax" = "7.77"
L 11/25/2025 - 19:16:58: Server cvar "decalfrequency" = "3"
L 11/25/2025 - 19:16:58: Server cvar "sv_maxrate" = "250000"
L 11/25/2025 - 19:16:58: Server cvar "sv_minrate" = "25000"
L 11/25/2025 - 19:16:58: Server cvar "sv_aim" = "0"
L 11/25/2025 - 19:16:58: Server cvar "sv_maxspeed" = "320"
L 11/25/2025 - 19:16:58: Server cvar "mp_timelimit" = "15"
L 11/25/2025 - 19:16:58: Server cvar "mp_roundtime" = "2"
L 11/25/2025 - 19:16:58: Server cvar "mp_freezetime" = "0.5"
L 11/25/2025 - 19:16:58: Server cvar "mp_friendlyfire" = "1"
L 11/25/2025 - 19:16:58: Server cvar "sv_maxspeed" = "900"
L 11/25/2025 - 19:16:58: Server cvar "amx_nextmap" = "de_dust2002"
L 11/25/2025 - 19:16:58: Server cvar "sv_accelerate" = "5"
L 11/25/2025 - 19:16:58: Server cvar "sv_stopspeed" = "75"
L 11/25/2025 - 19:16:58: Started map "de_dust2" (CRC "1159425449")
L 11/25/2025 - 19:16:58: Server cvar "sv_aim" = "1.000000"
L 11/25/2025 - 19:16:58: Server cvar "sv_aim" = "0"
L 11/25/2025 - 19:16:58: Server cvar "sv_maxspeed" = "320"
L 11/25/2025 - 19:17:03: "DI@BLO<1><STEAM_0:1:9095168><>" entered the game
L 11/25/2025 - 19:17:03: "DI@BLO<1><STEAM_0:1:9095168><>" joined team "TERRORIST"
L 11/25/2025 - 19:17:03: "DI@BLO<1><STEAM_0:1:9095168><TERRORIST>" triggered "Spawned_With_The_Bomb"
L 11/25/2025 - 19:17:03: "odothesed<2><STEAM_0:1:15636992><>" entered the game
L 11/25/2025 - 19:17:03: "odothesed<2><STEAM_0:1:15636992><>" joined team "CT"
L 11/25/2025 - 19:17:03: World triggered "Game_Commencing"
L 11/25/2025 - 19:17:03: World triggered "Game_Commencing" (CT "0") (T "0")
L 11/25/2025 - 19:17:03: World triggered "Round_End"
L 11/25/2025 - 19:17:06: "DI@BLO<1><STEAM_0:1:9095168><TERRORIST>" triggered "Spawned_With_The_Bomb"
L 11/25/2025 - 19:17:06: World triggered "Round_Start"
L 11/25/2025 - 19:17:25: "DI@BLO<1><STEAM_0:1:9095168><TERRORIST>" killed "odothesed<2><STEAM_0:1:15636992><CT>" with "glock18"
L 11/25/2025 - 19:17:25: Team "TERRORIST" triggered "Terrorists_Win" (CT "0") (T "1")
L 11/25/2025 - 19:17:25: World triggered "Round_End"
L 11/25/2025 - 19:17:28: "DI@BLO<1><STEAM_0:1:9095168><TERRORIST>" triggered "Spawned_With_The_Bomb"
L 11/25/2025 - 19:17:28: World triggered "Round_Start"
L 11/25/2025 - 19:17:51: "DI@BLO<1><STEAM_0:1:9095168><TERRORIST>" killed "odothesed<2><STEAM_0:1:15636992><CT>" with "ak47"
L 11/25/2025 - 19:17:51: Team "TERRORIST" triggered "Terrorists_Win" (CT "0") (T "2")
L 11/25/2025 - 19:17:51: World triggered "Round_End"
L 11/25/2025 - 19:17:54: "DI@BLO<1><STEAM_0:1:9095168><TERRORIST>" triggered "Spawned_With_The_Bomb"
L 11/25/2025 - 19:17:54: World triggered "Round_Start"
L 11/25/2025 - 19:18:33: "DI@BLO<1><STEAM_0:1:9095168><TERRORIST>" triggered "Planted_The_Bomb"
L 11/25/2025 - 19:18:33: "odothesed<2><STEAM_0:1:15636992><CT>" say "Come on DI@BLO,"
L 11/25/2025 - 19:18:41: "odothesed<2><STEAM_0:1:15636992><CT>" killed "DI@BLO<1><STEAM_0:1:9095168><TERRORIST>" with "mp5navy"
L 11/25/2025 - 19:18:48: "odothesed<2><STEAM_0:1:15636992><CT>" triggered "Begin_Bomb_Defuse_With_Kit"
L 11/25/2025 - 19:18:53: "odothesed<2><STEAM_0:1:15636992><CT>" triggered "Defused_The_Bomb"
L 11/25/2025 - 19:18:53: Team "CT" triggered "Bomb_Defused" (CT "1") (T "2")
L 11/25/2025 - 19:18:53: World triggered "Round_End"
L 11/25/2025 - 19:18:56: "DI@BLO<1><STEAM_0:1:9095168><TERRORIST>" triggered "Spawned_With_The_Bomb"
L 11/25/2025 - 19:18:56: World triggered "Round_Start"
L 11/25/2025 - 19:19:25: "DI@BLO<1><STEAM_0:1:9095168><TERRORIST>" triggered "Planted_The_Bomb"
L 11/25/2025 - 19:19:25: "odothesed<2><STEAM_0:1:15636992><CT>" say "Come on DI@BLO,"
L 11/25/2025 - 19:19:39: "DI@BLO<1><STEAM_0:1:9095168><TERRORIST>" killed "odothesed<2><STEAM_0:1:15636992><CT>" with "ak47"
L 11/25/2025 - 19:19:39: Team "TERRORIST" triggered "Terrorists_Win" (CT "1") (T "3")
L 11/25/2025 - 19:19:39: World triggered "Round_End"
L 11/25/2025 - 19:19:43: "DI@BLO<1><STEAM_0:1:9095168><TERRORIST>" triggered "Spawned_With_The_Bomb"
L 11/25/2025 - 19:19:43: World triggered "Round_Start"
L 11/25/2025 - 19:20:14: "DI@BLO<1><STEAM_0:1:9095168><TERRORIST>" killed "odothesed<2><STEAM_0:1:15636992><CT>" with "ak47"
L 11/25/2025 - 19:20:14: Team "TERRORIST" triggered "Terrorists_Win" (CT "1") (T "4")
L 11/25/2025 - 19:20:14: World triggered "Round_End"
L 11/25/2025 - 19:20:17: "DI@BLO<1><STEAM_0:1:9095168><TERRORIST>" triggered "Spawned_With_The_Bomb"
L 11/25/2025 - 19:20:17: World triggered "Round_Start"
L 11/25/2025 - 19:20:45: "DI@BLO<1><STEAM_0:1:9095168><TERRORIST>" triggered "Planted_The_Bomb"
L 11/25/2025 - 19:20:45: "odothesed<2><STEAM_0:1:15636992><CT>" say "Come on DI@BLO,"
L 11/25/2025 - 19:21:12: "DI@BLO<1><STEAM_0:1:9095168><TERRORIST>" killed "odothesed<2><STEAM_0:1:15636992><CT>" with "ak47"
L 11/25/2025 - 19:21:12: Team "TERRORIST" triggered "Terrorists_Win" (CT "1") (T "5")
L 11/25/2025 - 19:21:12: World triggered "Round_End"
L 11/25/2025 - 19:21:12: "DI@BLO<1><STEAM_0:1:9095168><TERRORIST>" say "odothesed, stupid"
L 11/25/2025 - 19:21:15: "DI@BLO<1><STEAM_0:1:9095168><TERRORIST>" triggered "Spawned_With_The_Bomb"
L 11/25/2025 - 19:21:15: World triggered "Round_Start"
L 11/25/2025 - 19:21:31: "DI@BLO<1><STEAM_0:1:9095168><TERRORIST>" killed "odothesed<2><STEAM_0:1:15636992><CT>" with "ak47"
L 11/25/2025 - 19:21:31: Team "TERRORIST" triggered "Terrorists_Win" (CT "1") (T "6")
L 11/25/2025 - 19:21:31: World triggered "Round_End"
L 11/25/2025 - 19:21:34: "DI@BLO<1><STEAM_0:1:9095168><TERRORIST>" triggered "Spawned_With_The_Bomb"
L 11/25/2025 - 19:21:34: World triggered "Round_Start"
L 11/25/2025 - 19:21:52: "odothesed<2><STEAM_0:1:15636992><CT>" killed "DI@BLO<1><STEAM_0:1:9095168><TERRORIST>" with "famas"
L 11/25/2025 - 19:21:52: Team "CT" triggered "CTs_Win" (CT "2") (T "6")
L 11/25/2025 - 19:21:52: World triggered "Round_End"
L 11/25/2025 - 19:21:55: "DI@BLO<1><STEAM_0:1:9095168><TERRORIST>" triggered "Spawned_With_The_Bomb"
L 11/25/2025 - 19:21:55: World triggered "Round_Start"
L 11/25/2025 - 19:22:31: "DI@BLO<1><STEAM_0:1:9095168><TERRORIST>" triggered "Planted_The_Bomb"
L 11/25/2025 - 19:22:32: "odothesed<2><STEAM_0:1:15636992><CT>" say "Come on di@blo,"
L 11/25/2025 - 19:22:56: "DI@BLO<1><STEAM_0:1:9095168><TERRORIST>" killed "odothesed<2><STEAM_0:1:15636992><CT>" with "ak47"
L 11/25/2025 - 19:22:56: Team "TERRORIST" triggered "Terrorists_Win" (CT "2") (T "7")
L 11/25/2025 - 19:22:56: World triggered "Round_End"
L 11/25/2025 - 19:22:59: "DI@BLO<1><STEAM_0:1:9095168><TERRORIST>" triggered "Spawned_With_The_Bomb"
L 11/25/2025 - 19:22:59: World triggered "Round_Start"
L 11/25/2025 - 19:23:20: "DI@BLO<1><STEAM_0:1:9095168><TERRORIST>" killed "odothesed<2><STEAM_0:1:15636992><CT>" with "ak47"
L 11/25/2025 - 19:23:20: Team "TERRORIST" triggered "Terrorists_Win" (CT "2") (T "8")
L 11/25/2025 - 19:23:20: World triggered "Round_End"
L 11/25/2025 - 19:23:23: "DI@BLO<1><STEAM_0:1:9095168><TERRORIST>" triggered "Spawned_With_The_Bomb"
L 11/25/2025 - 19:23:23: World triggered "Round_Start"
L 11/25/2025 - 19:23:42: "DI@BLO<1><STEAM_0:1:9095168><TERRORIST>" killed "odothesed<2><STEAM_0:1:15636992><CT>" with "ak47"
L 11/25/2025 - 19:23:42: Team "TERRORIST" triggered "Terrorists_Win" (CT "2") (T "9")
L 11/25/2025 - 19:23:42: World triggered "Round_End"
L 11/25/2025 - 19:23:42: "DI@BLO<1><STEAM_0:1:9095168><TERRORIST>" say "hahahaha"
L 11/25/2025 - 19:23:43: "odothesed<2><STEAM_0:1:15636992><CT>" say "change de_dust2 please!" (dead)
L 11/25/2025 - 19:23:45: "DI@BLO<1><STEAM_0:1:9095168><TERRORIST>" triggered "Spawned_With_The_Bomb"
L 11/25/2025 - 19:23:45: World triggered "Round_Start"
L 11/25/2025 - 19:24:06: "DI@BLO<1><STEAM_0:1:9095168><TERRORIST>" killed "odothesed<2><STEAM_0:1:15636992><CT>" with "ak47"
L 11/25/2025 - 19:24:06: Team "TERRORIST" triggered "Terrorists_Win" (CT "2") (T "10")
L 11/25/2025 - 19:24:06: World triggered "Round_End"
L 11/25/2025 - 19:24:09: "DI@BLO<1><STEAM_0:1:9095168><TERRORIST>" triggered "Spawned_With_The_Bomb"
L 11/25/2025 - 19:24:09: World triggered "Round_Start"
L 11/25/2025 - 19:24:28: "odothesed<2><STEAM_0:1:15636992><CT>" killed "DI@BLO<1><STEAM_0:1:9095168><TERRORIST>" with "famas"
L 11/25/2025 - 19:24:28: Team "CT" triggered "CTs_Win" (CT "3") (T "10")
L 11/25/2025 - 19:24:28: World triggered "Round_End"
L 11/25/2025 - 19:24:32: "DI@BLO<1><STEAM_0:1:9095168><TERRORIST>" triggered "Spawned_With_The_Bomb"
L 11/25/2025 - 19:24:32: World triggered "Round_Start"
L 11/25/2025 - 19:25:05: "DI@BLO<1><STEAM_0:1:9095168><TERRORIST>" triggered "Planted_The_Bomb"
L 11/25/2025 - 19:25:05: "odothesed<2><STEAM_0:1:15636992><CT>" say "Come on DI@BLO,"
L 11/25/2025 - 19:25:23: "DI@BLO<1><STEAM_0:1:9095168><TERRORIST>" killed "odothesed<2><STEAM_0:1:15636992><CT>" with "ak47"
L 11/25/2025 - 19:25:23: Team "TERRORIST" triggered "Terrorists_Win" (CT "3") (T "11")
L 11/25/2025 - 19:25:23: World triggered "Round_End"
L 11/25/2025 - 19:25:26: "DI@BLO<1><STEAM_0:1:9095168><TERRORIST>" triggered "Spawned_With_The_Bomb"
L 11/25/2025 - 19:25:26: World triggered "Round_Start"
L 11/25/2025 - 19:25:50: "odothesed<2><STEAM_0:1:15636992><CT>" killed "DI@BLO<1><STEAM_0:1:9095168><TERRORIST>" with "famas"
L 11/25/2025 - 19:25:50: Team "CT" triggered "CTs_Win" (CT "4") (T "11")
L 11/25/2025 - 19:25:50: World triggered "Round_End"
L 11/25/2025 - 19:25:53: "DI@BLO<1><STEAM_0:1:9095168><TERRORIST>" triggered "Spawned_With_The_Bomb"
L 11/25/2025 - 19:25:53: World triggered "Round_Start"
L 11/25/2025 - 19:26:17: "DI@BLO<1><STEAM_0:1:9095168><TERRORIST>" killed "odothesed<2><STEAM_0:1:15636992><CT>" with "ak47"
L 11/25/2025 - 19:26:17: Team "TERRORIST" triggered "Terrorists_Win" (CT "4") (T "12")
L 11/25/2025 - 19:26:17: World triggered "Round_End"
L 11/25/2025 - 19:26:20: "DI@BLO<1><STEAM_0:1:9095168><TERRORIST>" triggered "Spawned_With_The_Bomb"
L 11/25/2025 - 19:26:20: World triggered "Round_Start"
L 11/25/2025 - 19:26:41: "DI@BLO<1><STEAM_0:1:9095168><TERRORIST>" killed "odothesed<2><STEAM_0:1:15636992><CT>" with "ak47"
L 11/25/2025 - 19:26:41: Team "TERRORIST" triggered "Terrorists_Win" (CT "4") (T "13")
L 11/25/2025 - 19:26:41: World triggered "Round_End"
L 11/25/2025 - 19:26:41: "DI@BLO<1><STEAM_0:1:9095168><TERRORIST>" say "odothesed, stupid"
L 11/25/2025 - 19:26:44: "DI@BLO<1><STEAM_0:1:9095168><TERRORIST>" triggered "Spawned_With_The_Bomb"
L 11/25/2025 - 19:26:44: World triggered "Round_Start"
L 11/25/2025 - 19:27:17: "DI@BLO<1><STEAM_0:1:9095168><TERRORIST>" triggered "Planted_The_Bomb"
L 11/25/2025 - 19:27:25: "DI@BLO<1><STEAM_0:1:9095168><TERRORIST>" killed "odothesed<2><STEAM_0:1:15636992><CT>" with "ak47"
L 11/25/2025 - 19:27:25: Team "TERRORIST" triggered "Terrorists_Win" (CT "4") (T "14")
L 11/25/2025 - 19:27:25: World triggered "Round_End"
L 11/25/2025 - 19:27:25: "DI@BLO<1><STEAM_0:1:9095168><TERRORIST>" say "you bot odothesed"
L 11/25/2025 - 19:27:28: "DI@BLO<1><STEAM_0:1:9095168><TERRORIST>" triggered "Spawned_With_The_Bomb"
L 11/25/2025 - 19:27:28: World triggered "Round_Start"
L 11/25/2025 - 19:27:48: "odothesed<2><STEAM_0:1:15636992><CT>" killed "DI@BLO<1><STEAM_0:1:9095168><TERRORIST>" with "mp5navy"
L 11/25/2025 - 19:27:48: Team "CT" triggered "CTs_Win" (CT "5") (T "14")
L 11/25/2025 - 19:27:48: World triggered "Round_End"
L 11/25/2025 - 19:27:51: "DI@BLO<1><STEAM_0:1:9095168><TERRORIST>" triggered "Spawned_With_The_Bomb"
L 11/25/2025 - 19:27:51: World triggered "Round_Start"
L 11/25/2025 - 19:28:23: "DI@BLO<1><STEAM_0:1:9095168><TERRORIST>" triggered "Planted_The_Bomb"
L 11/25/2025 - 19:28:23: "odothesed<2><STEAM_0:1:15636992><CT>" say "Come on DI@BLO,"
L 11/25/2025 - 19:28:31: "odothesed<2><STEAM_0:1:15636992><CT>" killed "DI@BLO<1><STEAM_0:1:9095168><TERRORIST>" with "mp5navy"
L 11/25/2025 - 19:28:33: "odothesed<2><STEAM_0:1:15636992><CT>" triggered "Begin_Bomb_Defuse_With_Kit"
L 11/25/2025 - 19:28:38: "odothesed<2><STEAM_0:1:15636992><CT>" triggered "Defused_The_Bomb"
L 11/25/2025 - 19:28:38: Team "CT" triggered "Bomb_Defused" (CT "6") (T "14")
L 11/25/2025 - 19:28:38: World triggered "Round_End"
L 11/25/2025 - 19:28:41: "DI@BLO<1><STEAM_0:1:9095168><TERRORIST>" triggered "Spawned_With_The_Bomb"
L 11/25/2025 - 19:28:41: World triggered "Round_Start"
L 11/25/2025 - 19:29:12: "DI@BLO<1><STEAM_0:1:9095168><TERRORIST>" killed "odothesed<2><STEAM_0:1:15636992><CT>" with "ak47"
L 11/25/2025 - 19:29:12: Team "TERRORIST" triggered "Terrorists_Win" (CT "6") (T "15")
L 11/25/2025 - 19:29:12: World triggered "Round_End"
L 11/25/2025 - 19:29:15: "DI@BLO<1><STEAM_0:1:9095168><TERRORIST>" triggered "Spawned_With_The_Bomb"
L 11/25/2025 - 19:29:15: World triggered "Round_Start"
L 11/25/2025 - 19:29:49: "DI@BLO<1><STEAM_0:1:9095168><TERRORIST>" triggered "Planted_The_Bomb"
L 11/25/2025 - 19:29:49: "odothesed<2><STEAM_0:1:15636992><CT>" say "Come on DI@BLO,"
L 11/25/2025 - 19:30:08: "DI@BLO<1><STEAM_0:1:9095168><TERRORIST>" killed "odothesed<2><STEAM_0:1:15636992><CT>" with "ak47"
L 11/25/2025 - 19:30:08: Team "TERRORIST" triggered "Terrorists_Win" (CT "6") (T "16")
L 11/25/2025 - 19:30:08: World triggered "Round_End"
L 11/25/2025 - 19:30:11: "odothesed<2><STEAM_0:1:15636992><CT>" say "HEY DI@BLO YOU DAMN CHEATER!" (dead)
L 11/25/2025 - 19:30:11: "DI@BLO<1><STEAM_0:1:9095168><TERRORIST>" triggered "Spawned_With_The_Bomb"
L 11/25/2025 - 19:30:11: World triggered "Round_Start"
L 11/25/2025 - 19:30:48: "DI@BLO<1><STEAM_0:1:9095168><TERRORIST>" killed "odothesed<2><STEAM_0:1:15636992><CT>" with "ak47"
L 11/25/2025 - 19:30:48: Team "TERRORIST" triggered "Terrorists_Win" (CT "6") (T "17")
L 11/25/2025 - 19:30:48: World triggered "Round_End"
L 11/25/2025 - 19:30:51: "odothesed<2><STEAM_0:1:15636992><CT>" say "DI@BLO bot" (dead)
L 11/25/2025 - 19:30:51: "DI@BLO<1><STEAM_0:1:9095168><TERRORIST>" triggered "Spawned_With_The_Bomb"
L 11/25/2025 - 19:30:51: World triggered "Round_Start"
L 11/25/2025 - 19:31:13: Kick: "odothesed<2><STEAM_0:1:0><>" was kicked by "Console"
L 11/25/2025 - 19:31:13: "odothesed<2><BOT><CT>" disconnected
L 11/25/2025 - 19:31:13: "роги<3><STEAM_0:1:1501184><>" entered the game
L 11/25/2025 - 19:31:13: "роги<3><STEAM_0:1:1501184><>" joined team "CT"
L 11/25/2025 - 19:31:13: World triggered "Game_Commencing"
L 11/25/2025 - 19:31:13: World triggered "Game_Commencing" (CT "6") (T "17")
L 11/25/2025 - 19:31:13: World triggered "Round_End"
L 11/25/2025 - 19:31:16: "DI@BLO<1><STEAM_0:1:9095168><TERRORIST>" triggered "Spawned_With_The_Bomb"
L 11/25/2025 - 19:31:16: World triggered "Round_Start"
L 11/25/2025 - 19:32:11: "DI@BLO<1><STEAM_0:1:9095168><TERRORIST>" triggered "Planted_The_Bomb"
L 11/25/2025 - 19:32:11: "роги<3><STEAM_0:1:1501184><CT>" say "Come on DI@BLO,"
L 11/25/2025 - 19:32:29: "DI@BLO<1><STEAM_0:1:9095168><TERRORIST>" killed "роги<3><STEAM_0:1:1501184><CT>" with "usp"
L 11/25/2025 - 19:32:29: Team "TERRORIST" triggered "Terrorists_Win" (CT "0") (T "1")
L 11/25/2025 - 19:32:29: World triggered "Round_End"
L 11/25/2025 - 19:32:32: "DI@BLO<1><STEAM_0:1:9095168><TERRORIST>" triggered "Spawned_With_The_Bomb"
L 11/25/2025 - 19:32:32: World triggered "Round_Start"
L 11/25/2025 - 19:33:05: "DI@BLO<1><STEAM_0:1:9095168><TERRORIST>" killed "роги<3><STEAM_0:1:1501184><CT>" with "ak47"
L 11/25/2025 - 19:33:05: Team "TERRORIST" triggered "Terrorists_Win" (CT "0") (T "2")
L 11/25/2025 - 19:33:05: World triggered "Round_End"
L 11/25/2025 - 19:33:06: "DI@BLO<1><STEAM_0:1:9095168><TERRORIST>" say "hahahaha"
L 11/25/2025 - 19:33:08: "роги<3><STEAM_0:1:1501184><CT>" say "Sniping is all they can do." (dead)
L 11/25/2025 - 19:33:08: "DI@BLO<1><STEAM_0:1:9095168><TERRORIST>" triggered "Spawned_With_The_Bomb"
L 11/25/2025 - 19:33:08: World triggered "Round_Start"
L 11/25/2025 - 19:33:50: "DI@BLO<1><STEAM_0:1:9095168><TERRORIST>" triggered "Planted_The_Bomb"
L 11/25/2025 - 19:33:50: "роги<3><STEAM_0:1:1501184><CT>" say "Come on DI@BLO,"
L 11/25/2025 - 19:34:09: "DI@BLO<1><STEAM_0:1:9095168><TERRORIST>" killed "роги<3><STEAM_0:1:1501184><CT>" with "ak47"
L 11/25/2025 - 19:34:09: Team "TERRORIST" triggered "Terrorists_Win" (CT "0") (T "3")
L 11/25/2025 - 19:34:09: World triggered "Round_End"
L 11/25/2025 - 19:34:09: "роги<3><STEAM_0:1:1501184><CT>" say "idiot" (dead)
L 11/25/2025 - 19:34:12: "DI@BLO<1><STEAM_0:1:9095168><TERRORIST>" triggered "Spawned_With_The_Bomb"
L 11/25/2025 - 19:34:12: World triggered "Round_Start"
L 11/25/2025 - 19:34:39: "DI@BLO<1><STEAM_0:1:9095168><TERRORIST>" triggered "Planted_The_Bomb"
L 11/25/2025 - 19:34:39: "роги<3><STEAM_0:1:1501184><CT>" say "Come on DI@BLO,"
L 11/25/2025 - 19:35:01: "DI@BLO<1><STEAM_0:1:9095168><TERRORIST>" killed "роги<3><STEAM_0:1:1501184><CT>" with "ak47"
L 11/25/2025 - 19:35:01: Team "TERRORIST" triggered "Terrorists_Win" (CT "0") (T "4")
L 11/25/2025 - 19:35:01: World triggered "Round_End"
L 11/25/2025 - 19:35:04: "DI@BLO<1><STEAM_0:1:9095168><TERRORIST>" triggered "Spawned_With_The_Bomb"
L 11/25/2025 - 19:35:04: World triggered "Round_Start"
L 11/25/2025 - 19:35:32: "DI@BLO<1><STEAM_0:1:9095168><TERRORIST>" killed "роги<3><STEAM_0:1:1501184><CT>" with "ak47"
L 11/25/2025 - 19:35:32: Team "TERRORIST" triggered "Terrorists_Win" (CT "0") (T "5")
L 11/25/2025 - 19:35:32: World triggered "Round_End"
L 11/25/2025 - 19:35:35: "DI@BLO<1><STEAM_0:1:9095168><TERRORIST>" triggered "Spawned_With_The_Bomb"
L 11/25/2025 - 19:35:35: World triggered "Round_Start"
L 11/25/2025 - 19:36:07: "DI@BLO<1><STEAM_0:1:9095168><TERRORIST>" triggered "Planted_The_Bomb"
L 11/25/2025 - 19:36:07: "роги<3><STEAM_0:1:1501184><CT>" say "Come on DI@BLO,"
L 11/25/2025 - 19:36:27: "DI@BLO<1><STEAM_0:1:9095168><TERRORIST>" killed "роги<3><STEAM_0:1:1501184><CT>" with "ak47"
L 11/25/2025 - 19:36:27: Team "TERRORIST" triggered "Terrorists_Win" (CT "0") (T "6")
L 11/25/2025 - 19:36:27: World triggered "Round_End"
L 11/25/2025 - 19:36:30: "DI@BLO<1><STEAM_0:1:9095168><TERRORIST>" triggered "Spawned_With_The_Bomb"
L 11/25/2025 - 19:36:30: World triggered "Round_Start"
L 11/25/2025 - 19:36:58: "DI@BLO<1><STEAM_0:1:9095168><TERRORIST>" killed "роги<3><STEAM_0:1:1501184><CT>" with "ak47"
L 11/25/2025 - 19:36:58: Team "TERRORIST" triggered "Terrorists_Win" (CT "0") (T "7")
L 11/25/2025 - 19:36:58: World triggered "Round_End"
L 11/25/2025 - 19:37:01: "DI@BLO<1><STEAM_0:1:9095168><TERRORIST>" triggered "Spawned_With_The_Bomb"
L 11/25/2025 - 19:37:01: World triggered "Round_Start"
L 11/25/2025 - 19:37:25: "роги<3><STEAM_0:1:1501184><CT>" killed "DI@BLO<1><STEAM_0:1:9095168><TERRORIST>" with "famas"
L 11/25/2025 - 19:37:25: Team "CT" triggered "CTs_Win" (CT "1") (T "7")
L 11/25/2025 - 19:37:25: World triggered "Round_End"
L 11/25/2025 - 19:37:28: "DI@BLO<1><STEAM_0:1:9095168><TERRORIST>" triggered "Spawned_With_The_Bomb"
L 11/25/2025 - 19:37:28: World triggered "Round_Start"
L 11/25/2025 - 19:37:57: "DI@BLO<1><STEAM_0:1:9095168><TERRORIST>" killed "роги<3><STEAM_0:1:1501184><CT>" with "ak47"
L 11/25/2025 - 19:37:57: Team "TERRORIST" triggered "Terrorists_Win" (CT "1") (T "8")
L 11/25/2025 - 19:37:57: World triggered "Round_End"
L 11/25/2025 - 19:38:00: "DI@BLO<1><STEAM_0:1:9095168><TERRORIST>" triggered "Spawned_With_The_Bomb"
L 11/25/2025 - 19:38:00: World triggered "Round_Start"
L 11/25/2025 - 19:38:32: "DI@BLO<1><STEAM_0:1:9095168><TERRORIST>" triggered "Planted_The_Bomb"
L 11/25/2025 - 19:38:32: "роги<3><STEAM_0:1:1501184><CT>" say "come on di@blo,"
L 11/25/2025 - 19:38:45: "DI@BLO<1><STEAM_0:1:9095168><TERRORIST>" killed "роги<3><STEAM_0:1:1501184><CT>" with "ak47"
L 11/25/2025 - 19:38:45: Team "TERRORIST" triggered "Terrorists_Win" (CT "1") (T "9")
L 11/25/2025 - 19:38:45: World triggered "Round_End"
L 11/25/2025 - 19:38:48: "DI@BLO<1><STEAM_0:1:9095168><TERRORIST>" triggered "Spawned_With_The_Bomb"
L 11/25/2025 - 19:38:48: World triggered "Round_Start"
L 11/25/2025 - 19:39:13: Server cvar "amx_nextmap" = "de_dust2"
L 11/25/2025 - 19:39:13: Server cvar "mp_chattime" = "11.000000"
L 11/25/2025 - 19:39:21: "DI@BLO<1><STEAM_0:1:9095168><TERRORIST>" killed "роги<3><STEAM_0:1:1501184><CT>" with "grenade"
L 11/25/2025 - 19:39:21: Team "TERRORIST" triggered "Terrorists_Win" (CT "1") (T "10")
L 11/25/2025 - 19:39:21: World triggered "Round_End"
L 11/25/2025 - 19:39:23: Server cvar "mp_chattime" = "10.000000"
L 11/25/2025 - 19:39:23: "DI@BLO<1><BOT><TERRORIST>" disconnected
L 11/25/2025 - 19:39:23: "роги<3><BOT><CT>" disconnected
L 11/25/2025 - 19:39:23: [META] ini: Begin re-reading plugins list: c:/~dl/sonstz/gameshit/cs 1.6 shit/_falconz-cs16-server/cstrike/addons/metamod/plugins.ini
L 11/25/2025 - 19:39:23: [META] ini: Read plugin config for: AMX Mod X
L 11/25/2025 - 19:39:23: [META] ini: Read plugin config for: Rechecker
L 11/25/2025 - 19:39:23: [META] ini: Read plugin config for: ReSemiclip
L 11/25/2025 - 19:39:23: [META] ini: Read plugin config for: HitBox Fix
L 11/25/2025 - 19:39:23: [META] ini: Read plugin config for: YaPB
L 11/25/2025 - 19:39:23: [META] ini: Finished reading plugins list: c:/~dl/sonstz/gameshit/cs 1.6 shit/_falconz-cs16-server/cstrike/addons/metamod/plugins.ini; Found 5 plugins
L 11/25/2025 - 19:39:23: [META] dll: Updating plugins...
L 11/25/2025 - 19:39:23: [META] dll: Finished updating 16 plugins; kept 5, loaded 0, unloaded 0, reloaded 0, delayed 0
L 11/25/2025 - 19:39:23: [META] dll: Rebuilding callbacks...
L 11/25/2025 - 19:39:23: [META] dll: Callbacks rebuilded.
L 11/25/2025 - 19:39:23: Log file closed
