L 11/24/2025 - 18:07:08: Log file started (file "logs\L1124041.log") (game "cstrike") (version "48/1.1.2.7/Stdio/4002")
L 11/24/2025 - 18:07:08: Server cvar "sv_maxspeed" = "320"
L 11/24/2025 - 18:07:08: Server cvar "mp_timelimit" = "15"
L 11/24/2025 - 18:07:08: Server cvar "sv_maxspeed" = "900"
L 11/24/2025 - 18:07:08: Started map "de_dust2" (CRC "1159425449")
L 11/24/2025 - 18:07:09: World triggered "Round_Start"
L 11/24/2025 - 18:07:12: "psix<9><STEAM_0:1:658176><>" entered the game
L 11/24/2025 - 18:07:12: "psix<9><STEAM_0:1:658176><>" joined team "TERRORIST"
L 11/24/2025 - 18:07:12: "psix<9><STEAM_0:1:658176><TERRORIST>" triggered "Spawned_With_The_Bomb"
L 11/24/2025 - 18:07:13: "Smoky<10><STEAM_0:1:12701184><>" entered the game
L 11/24/2025 - 18:07:13: "Smoky<10><STEAM_0:1:12701184><>" joined team "CT"
L 11/24/2025 - 18:07:13: World triggered "Game_Commencing"
L 11/24/2025 - 18:07:13: World triggered "Game_Commencing" (CT "0") (T "0")
L 11/24/2025 - 18:07:13: World triggered "Round_End"
L 11/24/2025 - 18:07:16: "psix<9><STEAM_0:1:658176><TERRORIST>" triggered "Spawned_With_The_Bomb"
L 11/24/2025 - 18:07:16: World triggered "Round_Start"
L 11/24/2025 - 18:07:44: "psix<9><STEAM_0:1:658176><TERRORIST>" triggered "Planted_The_Bomb"
L 11/24/2025 - 18:07:44: "Smoky<10><STEAM_0:1:12701184><CT>" say "Come on psix,"
L 11/24/2025 - 18:07:56: "psix<9><STEAM_0:1:658176><TERRORIST>" killed "Smoky<10><STEAM_0:1:12701184><CT>" with "usp"
L 11/24/2025 - 18:07:56: Team "TERRORIST" triggered "Terrorists_Win" (CT "0") (T "1")
L 11/24/2025 - 18:07:56: World triggered "Round_End"
L 11/24/2025 - 18:07:59: "psix<9><STEAM_0:1:658176><TERRORIST>" triggered "Spawned_With_The_Bomb"
L 11/24/2025 - 18:07:59: World triggered "Round_Start"
L 11/24/2025 - 18:08:28: "psix<9><STEAM_0:1:658176><TERRORIST>" triggered "Planted_The_Bomb"
L 11/24/2025 - 18:08:28: "Smoky<10><STEAM_0:1:12701184><CT>" say "come on psix,"
L 11/24/2025 - 18:08:38: "psix<9><STEAM_0:1:658176><TERRORIST>" killed "Smoky<10><STEAM_0:1:12701184><CT>" with "ak47"
L 11/24/2025 - 18:08:38: Team "TERRORIST" triggered "Terrorists_Win" (CT "0") (T "2")
L 11/24/2025 - 18:08:38: World triggered "Round_End"
L 11/24/2025 - 18:08:41: "psix<9><STEAM_0:1:658176><TERRORIST>" triggered "Spawned_With_The_Bomb"
L 11/24/2025 - 18:08:41: World triggered "Round_Start"
L 11/24/2025 - 18:09:03: "psix<9><STEAM_0:1:658176><TERRORIST>" killed "Smoky<10><STEAM_0:1:12701184><CT>" with "ak47"
L 11/24/2025 - 18:09:03: Team "TERRORIST" triggered "Terrorists_Win" (CT "0") (T "3")
L 11/24/2025 - 18:09:03: World triggered "Round_End"
L 11/24/2025 - 18:09:06: "psix<9><STEAM_0:1:658176><TERRORIST>" triggered "Spawned_With_The_Bomb"
L 11/24/2025 - 18:09:06: World triggered "Round_Start"
L 11/24/2025 - 18:09:36: "psix<9><STEAM_0:1:658176><TERRORIST>" killed "Smoky<10><STEAM_0:1:12701184><CT>" with "ak47"
L 11/24/2025 - 18:09:36: Team "TERRORIST" triggered "Terrorists_Win" (CT "0") (T "4")
L 11/24/2025 - 18:09:36: World triggered "Round_End"
L 11/24/2025 - 18:09:39: "psix<9><STEAM_0:1:658176><TERRORIST>" triggered "Spawned_With_The_Bomb"
L 11/24/2025 - 18:09:39: World triggered "Round_Start"
L 11/24/2025 - 18:10:13: "psix<9><STEAM_0:1:658176><TERRORIST>" triggered "Planted_The_Bomb"
L 11/24/2025 - 18:10:15: "Smoky<10><STEAM_0:1:12701184><CT>" say "Come on psix,"
L 11/24/2025 - 18:10:28: "psix<9><BOT><TERRORIST>" disconnected
L 11/24/2025 - 18:10:28: "Smoky<10><BOT><CT>" disconnected
L 11/24/2025 - 18:10:28: World triggered "Round_Draw" (CT "0") (T "4")
L 11/24/2025 - 18:10:28: World triggered "Round_End"
L 11/24/2025 - 18:10:28: [META] ini: Begin re-reading plugins list: c:/~dl/sonstz/gameshit/cs 1.6 shit/_falconz-cs16-server/cstrike/addons/metamod/plugins.ini
L 11/24/2025 - 18:10:28: [META] ini: Read plugin config for: AMX Mod X
L 11/24/2025 - 18:10:28: [META] ini: Read plugin config for: Rechecker
L 11/24/2025 - 18:10:28: [META] ini: Read plugin config for: ReSemiclip
L 11/24/2025 - 18:10:28: [META] ini: Read plugin config for: HitBox Fix
L 11/24/2025 - 18:10:28: [META] ini: Read plugin config for: YaPB
L 11/24/2025 - 18:10:28: [META] ini: Finished reading plugins list: c:/~dl/sonstz/gameshit/cs 1.6 shit/_falconz-cs16-server/cstrike/addons/metamod/plugins.ini; Found 5 plugins
L 11/24/2025 - 18:10:28: [META] dll: Updating plugins...
L 11/24/2025 - 18:10:28: [META] dll: Finished updating 16 plugins; kept 5, loaded 0, unloaded 0, reloaded 0, delayed 0
L 11/24/2025 - 18:10:28: [META] dll: Rebuilding callbacks...
L 11/24/2025 - 18:10:28: [META] dll: Callbacks rebuilded.
L 11/24/2025 - 18:10:28: Log file closed
