L 11/24/2025 - 19:37:35: Log file started (file "logs\L1124058.log") (game "cstrike") (version "48/1.1.2.7/Stdio/4002")
L 11/24/2025 - 19:37:35: Loading map "aim_aztec"
L 11/24/2025 - 19:37:35: Server cvars start
L 11/24/2025 - 19:37:35: Server cvar "allow_spectators" = "1.0"
L 11/24/2025 - 19:37:35: Server cvar "amx_client_languages" = "1"
L 11/24/2025 - 19:37:35: Server cvar "amx_language" = "en"
L 11/24/2025 - 19:37:35: Server cvar "amx_nextmap" = "aim_aztec"
L 11/24/2025 - 19:37:35: Server cvar "amxmodx_version" = "1.9.0.5294"
L 11/24/2025 - 19:37:35: Server cvar "coop" = "0"
L 11/24/2025 - 19:37:35: Server cvar "deathmatch" = "1"
L 11/24/2025 - 19:37:35: Server cvar "decalfrequency" = "3"
L 11/24/2025 - 19:37:35: Server cvar "edgefriction" = "2"
L 11/24/2025 - 19:37:35: Server cvar "ff_damage_reduction_bullets" = "0.35"
L 11/24/2025 - 19:37:35: Server cvar "ff_damage_reduction_grenade" = "0.25"
L 11/24/2025 - 19:37:35: Server cvar "ff_damage_reduction_grenade_self" = "1.0"
L 11/24/2025 - 19:37:35: Server cvar "ff_damage_reduction_other" = "0.35"
L 11/24/2025 - 19:37:35: Server cvar "game_version" = "5.28.0.756-dev"
L 11/24/2025 - 19:37:35: Server cvar "hbf_debug" = "0"
L 11/24/2025 - 19:37:35: Server cvar "hbf_enabled" = "1"
L 11/24/2025 - 19:37:35: Server cvar "humans_join_team" = "any"
L 11/24/2025 - 19:37:35: Server cvar "jtp10181" = "gore,wa"
L 11/24/2025 - 19:37:35: Server cvar "mapm_admin_menu_delay" = "1"
L 11/24/2025 - 19:37:35: Server cvar "mapm_admin_menu_maplist" = "maps.ini"
L 11/24/2025 - 19:37:35: Server cvar "mapm_version" = "3.3.1"
L 11/24/2025 - 19:37:35: Server cvar "max_queries_sec" = "3.0"
L 11/24/2025 - 19:37:35: Server cvar "max_queries_sec_global" = "30"
L 11/24/2025 - 19:37:35: Server cvar "max_queries_window" = "60"
L 11/24/2025 - 19:37:35: Server cvar "metamod_version" = "1.3.0.149"
L 11/24/2025 - 19:37:35: Server cvar "mp_afk_bomb_drop_time" = "15"
L 11/24/2025 - 19:37:35: Server cvar "mp_ammo_respawn_time" = "20"
L 11/24/2025 - 19:37:35: Server cvar "mp_autokick" = "1"
L 11/24/2025 - 19:37:35: Server cvar "mp_autokick_timeout" = "-1"
L 11/24/2025 - 19:37:35: Server cvar "mp_autoteambalance" = "0"
L 11/24/2025 - 19:37:35: Server cvar "mp_buy_anywhere" = "0"
L 11/24/2025 - 19:37:35: Server cvar "mp_buytime" = "1.5"
L 11/24/2025 - 19:37:35: Server cvar "mp_c4timer" = "45"
L 11/24/2025 - 19:37:35: Server cvar "mp_chattime" = "10.000000"
L 11/24/2025 - 19:37:35: Server cvar "mp_consistency" = "1"
L 11/24/2025 - 19:37:35: Server cvar "mp_fadetoblack" = "0"
L 11/24/2025 - 19:37:35: Server cvar "mp_falldamage" = "1"
L 11/24/2025 - 19:37:35: Server cvar "mp_flashlight" = "0"
L 11/24/2025 - 19:37:35: Server cvar "mp_footsteps" = "1"
L 11/24/2025 - 19:37:35: Server cvar "mp_forcecamera" = "0"
L 11/24/2025 - 19:37:35: Server cvar "mp_forcechasecam" = "0"
L 11/24/2025 - 19:37:35: Server cvar "mp_forcerespawn" = "0"
L 11/24/2025 - 19:37:35: Server cvar "mp_fraglimit" = "0"
L 11/24/2025 - 19:37:35: Server cvar "mp_fragsleft" = "0"
L 11/24/2025 - 19:37:35: Server cvar "mp_freeforall" = "0"
L 11/24/2025 - 19:37:35: Server cvar "mp_freezetime" = "0.5"
L 11/24/2025 - 19:37:35: Server cvar "mp_friendlyfire" = "1"
L 11/24/2025 - 19:37:35: Server cvar "mp_give_player_c4" = "1"
L 11/24/2025 - 19:37:35: Server cvar "mp_hostage_hurtable" = "1"
L 11/24/2025 - 19:37:35: Server cvar "mp_hostagepenalty" = "13"
L 11/24/2025 - 19:37:35: Server cvar "mp_infinite_ammo" = "0"
L 11/24/2025 - 19:37:35: Server cvar "mp_infinite_grenades" = "0"
L 11/24/2025 - 19:37:35: Server cvar "mp_item_respawn_time" = "30"
L 11/24/2025 - 19:37:35: Server cvar "mp_item_staytime" = "300"
L 11/24/2025 - 19:37:35: Server cvar "mp_kickpercent" = "0.66"
L 11/24/2025 - 19:37:35: Server cvar "mp_limitteams" = "2"
L 11/24/2025 - 19:37:35: Server cvar "mp_logdetail" = "0"
L 11/24/2025 - 19:37:35: Server cvar "mp_logfile" = "1"
L 11/24/2025 - 19:37:35: Server cvar "mp_logmessages" = "1"
L 11/24/2025 - 19:37:35: Server cvar "mp_mapvoteratio" = "0.66"
L 11/24/2025 - 19:37:35: Server cvar "mp_maxmoney" = "32000"
L 11/24/2025 - 19:37:35: Server cvar "mp_maxrounds" = "0"
L 11/24/2025 - 19:37:35: Server cvar "mp_playerid" = "0"
L 11/24/2025 - 19:37:35: Server cvar "mp_radio_maxinround" = "60"
L 11/24/2025 - 19:37:35: Server cvar "mp_radio_timeout" = "0"
L 11/24/2025 - 19:37:35: Server cvar "mp_respawn_immunity_effects" = "1"
L 11/24/2025 - 19:37:35: Server cvar "mp_respawn_immunity_force_unset" = "1"
L 11/24/2025 - 19:37:35: Server cvar "mp_respawn_immunitytime" = "0"
L 11/24/2025 - 19:37:35: Server cvar "mp_round_infinite" = "0"
L 11/24/2025 - 19:37:35: Server cvar "mp_round_restart_delay" = "3"
L 11/24/2025 - 19:37:35: Server cvar "mp_roundover" = "0"
L 11/24/2025 - 19:37:35: Server cvar "mp_roundtime" = "2"
L 11/24/2025 - 19:37:35: Server cvar "mp_scoreboard_showdefkit" = "1"
L 11/24/2025 - 19:37:35: Server cvar "mp_scoreboard_showhealth" = "5"
L 11/24/2025 - 19:37:35: Server cvar "mp_scoreboard_showmoney" = "5"
L 11/24/2025 - 19:37:35: Server cvar "mp_show_scenarioicon" = "1"
L 11/24/2025 - 19:37:35: Server cvar "mp_startmoney" = "800"
L 11/24/2025 - 19:37:35: Server cvar "mp_timeleft" = "00:35"
L 11/24/2025 - 19:37:35: Server cvar "mp_timelimit" = "15"
L 11/24/2025 - 19:37:35: Server cvar "mp_tkpunish" = "0"
L 11/24/2025 - 19:37:35: Server cvar "mp_weapon_respawn_time" = "20"
L 11/24/2025 - 19:37:35: Server cvar "mp_weapons_allow_map_placed" = "1"
L 11/24/2025 - 19:37:35: Server cvar "mp_windifference" = "1"
L 11/24/2025 - 19:37:35: Server cvar "mp_winlimit" = "0"
L 11/24/2025 - 19:37:35: Server cvar "pausable" = "0"
L 11/24/2025 - 19:37:35: Server cvar "resemiclip_version" = "2.4.3"
L 11/24/2025 - 19:37:35: Server cvar "sv_accelerate" = "5"
L 11/24/2025 - 19:37:35: Server cvar "sv_aim" = "0"
L 11/24/2025 - 19:37:35: Server cvar "sv_airaccelerate" = "10"
L 11/24/2025 - 19:37:35: Server cvar "sv_allow_autoaim" = "1"
L 11/24/2025 - 19:37:35: Server cvar "sv_allowupload" = "1"
L 11/24/2025 - 19:37:35: Server cvar "sv_alltalk" = "1"
L 11/24/2025 - 19:37:35: Server cvar "sv_bounce" = "1"
L 11/24/2025 - 19:37:35: Server cvar "sv_cheats" = "0"
L 11/24/2025 - 19:37:35: Server cvar "sv_clienttrace" = "1"
L 11/24/2025 - 19:37:35: Server cvar "sv_contact" = ""
L 11/24/2025 - 19:37:35: Server cvar "sv_friction" = "4"
L 11/24/2025 - 19:37:35: Server cvar "sv_gravity" = "800"
L 11/24/2025 - 19:37:35: Server cvar "sv_logblocks" = "0"
L 11/24/2025 - 19:37:35: Server cvar "sv_maxrate" = "250000"
L 11/24/2025 - 19:37:35: Server cvar "sv_maxspeed" = "900"
L 11/24/2025 - 19:37:35: Server cvar "sv_minrate" = "25000"
L 11/24/2025 - 19:37:35: Server cvar "sv_password" = ""
L 11/24/2025 - 19:37:35: Server cvar "sv_proxies" = "1"
L 11/24/2025 - 19:37:35: Server cvar "sv_restart" = "0"
L 11/24/2025 - 19:37:35: Server cvar "sv_restartround" = "0"
L 11/24/2025 - 19:37:35: Server cvar "sv_stepsize" = "18"
L 11/24/2025 - 19:37:35: Server cvar "sv_stopspeed" = "75"
L 11/24/2025 - 19:37:35: Server cvar "sv_uploadmax" = "7.77"
L 11/24/2025 - 19:37:35: Server cvar "sv_version" = "1.1.2.7/Stdio,48,4002"
L 11/24/2025 - 19:37:35: Server cvar "sv_voiceenable" = "1"
L 11/24/2025 - 19:37:35: Server cvar "sv_wateraccelerate" = "10"
L 11/24/2025 - 19:37:35: Server cvar "sv_waterfriction" = "1"
L 11/24/2025 - 19:37:35: Server cvar "UAIO (Admin Menu)" = "1.50"
L 11/24/2025 - 19:37:35: Server cvar "weaponarena_version" = "2.0.4"
L 11/24/2025 - 19:37:35: Server cvar "yb_version" = "4.4.957"
L 11/24/2025 - 19:37:35: Server cvars end
L 11/24/2025 - 19:37:35: Server cvar "mp_timelimit" = "20"
L 11/24/2025 - 19:37:35: Server cvar "sv_maxspeed" = "320"
L 11/24/2025 - 19:37:35: Server cvar "mp_timelimit" = "15"
L 11/24/2025 - 19:37:35: Server cvar "sv_maxspeed" = "900"
L 11/24/2025 - 19:37:36: Server cvar "amx_nextmap" = "aim_color"
L 11/24/2025 - 19:37:36: Started map "aim_aztec" (CRC "-319832823")
L 11/24/2025 - 19:37:37: World triggered "Round_Start"
L 11/24/2025 - 19:37:37: ".Ｃʏʙᴇʀ’Ｆｏχ<91><STEAM_0:1:97036452><>" connected, address "84.159.156.244:27005"
L 11/24/2025 - 19:37:37: "s|<1LL3D<92><STEAM_0:1:23986766><>" connected, address "178.26.154.106:27005"
L 11/24/2025 - 19:37:38: ".Ｃʏʙᴇʀ’Ｆｏχ<91><STEAM_0:1:97036452><>" STEAM USERID validated
L 11/24/2025 - 19:37:38: "s|<1LL3D<92><STEAM_0:1:23986766><>" STEAM USERID validated
L 11/24/2025 - 19:37:39: ".Ｃʏʙᴇʀ’Ｆｏχ<91><STEAM_0:1:97036452><>" entered the game
L 11/24/2025 - 19:37:40: "p4ela<93><STEAM_0:1:3569152><>" entered the game
L 11/24/2025 - 19:37:40: "p4ela<93><STEAM_0:1:3569152><>" joined team "TERRORIST"
L 11/24/2025 - 19:37:40: "s|<1LL3D<92><STEAM_0:1:23986766><>" entered the game
L 11/24/2025 - 19:37:40: "sergoid<94><STEAM_0:1:12304128><>" entered the game
L 11/24/2025 - 19:37:40: "sergoid<94><STEAM_0:1:12304128><>" joined team "CT"
L 11/24/2025 - 19:37:40: World triggered "Game_Commencing"
L 11/24/2025 - 19:37:40: World triggered "Game_Commencing" (CT "0") (T "0")
L 11/24/2025 - 19:37:40: World triggered "Round_End"
L 11/24/2025 - 19:37:43: World triggered "Round_Start"
L 11/24/2025 - 19:37:46: "s|<1LL3D<92><STEAM_0:1:23986766><>" joined team "TERRORIST"
L 11/24/2025 - 19:37:47: Kick: "p4ela<93><STEAM_0:1:36><>" was kicked by "Console"
L 11/24/2025 - 19:37:47: "p4ela<93><BOT><TERRORIST>" disconnected
L 11/24/2025 - 19:37:50: ".Ｃʏʙᴇʀ’Ｆｏχ<91><STEAM_0:1:97036452><>" joined team "CT"
L 11/24/2025 - 19:37:50: Kick: "sergoid<94><STEAM_0:0:37><>" was kicked by "Console"
L 11/24/2025 - 19:37:50: "sergoid<94><BOT><CT>" disconnected
L 11/24/2025 - 19:37:50: World triggered "Game_Commencing"
L 11/24/2025 - 19:37:50: World triggered "Game_Commencing" (CT "0") (T "0")
L 11/24/2025 - 19:37:50: World triggered "Round_End"
L 11/24/2025 - 19:37:53: World triggered "Round_Start"
L 11/24/2025 - 19:38:02: ".Ｃʏʙᴇʀ’Ｆｏχ<91><STEAM_0:1:97036452><CT>" killed "s|<1LL3D<92><STEAM_0:1:23986766><TERRORIST>" with "m4a1"
L 11/24/2025 - 19:38:02: Team "CT" triggered "CTs_Win" (CT "1") (T "0")
L 11/24/2025 - 19:38:02: World triggered "Round_End"
L 11/24/2025 - 19:38:05: World triggered "Round_Start"
L 11/24/2025 - 19:38:09: ".Ｃʏʙᴇʀ’Ｆｏχ<91><STEAM_0:1:97036452><CT>" killed "s|<1LL3D<92><STEAM_0:1:23986766><TERRORIST>" with "m4a1"
L 11/24/2025 - 19:38:09: Team "CT" triggered "CTs_Win" (CT "2") (T "0")
L 11/24/2025 - 19:38:09: World triggered "Round_End"
L 11/24/2025 - 19:38:12: World triggered "Round_Start"
L 11/24/2025 - 19:38:14: ".Ｃʏʙᴇʀ’Ｆｏχ<91><STEAM_0:1:97036452><CT>" say "/vm"
L 11/24/2025 - 19:38:17: ".Ｃʏʙᴇʀ’Ｆｏχ<91><STEAM_0:1:97036452><CT>" say "aim"
L 11/24/2025 - 19:38:30: "s|<1LL3D<92><STEAM_0:1:23986766><TERRORIST>" killed ".Ｃʏʙᴇʀ’Ｆｏχ<91><STEAM_0:1:97036452><CT>" with "ak47"
L 11/24/2025 - 19:38:30: Team "TERRORIST" triggered "Terrorists_Win" (CT "2") (T "1")
L 11/24/2025 - 19:38:30: World triggered "Round_End"
L 11/24/2025 - 19:38:33: World triggered "Round_Start"
L 11/24/2025 - 19:38:33: Server cvar "mp_chattime" = "11.000000"
L 11/24/2025 - 19:38:43: Server cvar "mp_chattime" = "10.000000"
L 11/24/2025 - 19:38:43: "s|<1LL3D<92><STEAM_0:1:23986766><TERRORIST>" triggered "weaponstats" (weapon "glock18") (shots "8") (hits "0") (kills "0") (headshots "0") (tks "0") (damage "0") (deaths "0")
L 11/24/2025 - 19:38:43: "s|<1LL3D<92><STEAM_0:1:23986766><TERRORIST>" triggered "weaponstats2" (weapon "glock18") (head "0") (chest "0") (stomach "0") (leftarm "0") (rightarm "0") (leftleg "0") (rightleg "0")
L 11/24/2025 - 19:38:43: "s|<1LL3D<92><STEAM_0:1:23986766><TERRORIST>" triggered "weaponstats" (weapon "m4a1") (shots "11") (hits "1") (kills "0") (headshots "0") (tks "0") (damage "29") (deaths "1")
L 11/24/2025 - 19:38:43: "s|<1LL3D<92><STEAM_0:1:23986766><TERRORIST>" triggered "weaponstats2" (weapon "m4a1") (head "0") (chest "0") (stomach "0") (leftarm "1") (rightarm "0") (leftleg "0") (rightleg "0")
L 11/24/2025 - 19:38:43: "s|<1LL3D<92><STEAM_0:1:23986766><TERRORIST>" triggered "weaponstats" (weapon "ak47") (shots "29") (hits "2") (kills "1") (headshots "1") (tks "0") (damage "165") (deaths "1")
L 11/24/2025 - 19:38:43: "s|<1LL3D<92><STEAM_0:1:23986766><TERRORIST>" triggered "weaponstats2" (weapon "ak47") (head "1") (chest "1") (stomach "0") (leftarm "0") (rightarm "0") (leftleg "0") (rightleg "0")
L 11/24/2025 - 19:38:43: "s|<1LL3D<92><STEAM_0:1:23986766><TERRORIST>" triggered "time" (time "1:03")
L 11/24/2025 - 19:38:43: "s|<1LL3D<92><STEAM_0:1:23986766><TERRORIST>" triggered "latency" (ping "33")
L 11/24/2025 - 19:38:43: ".Ｃʏʙᴇʀ’Ｆｏχ<91><STEAM_0:1:97036452><CT>" triggered "weaponstats" (weapon "m4a1") (shots "27") (hits "8") (kills "2") (headshots "1") (tks "0") (damage "267") (deaths "1")
L 11/24/2025 - 19:38:43: ".Ｃʏʙᴇʀ’Ｆｏχ<91><STEAM_0:1:97036452><CT>" triggered "weaponstats2" (weapon "m4a1") (head "1") (chest "2") (stomach "0") (leftarm "4") (rightarm "1") (leftleg "0") (rightleg "0")
L 11/24/2025 - 19:38:43: ".Ｃʏʙᴇʀ’Ｆｏχ<91><STEAM_0:1:97036452><CT>" triggered "time" (time "1:04")
L 11/24/2025 - 19:38:43: ".Ｃʏʙᴇʀ’Ｆｏχ<91><STEAM_0:1:97036452><CT>" triggered "latency" (ping "15")
L 11/24/2025 - 19:38:43: [META] ini: Begin re-reading plugins list: c:/~dl/sonstz/gameshit/cs 1.6 shit/_falconz-cs16-server/cstrike/addons/metamod/plugins.ini
L 11/24/2025 - 19:38:43: [META] ini: Read plugin config for: AMX Mod X
L 11/24/2025 - 19:38:43: [META] ini: Read plugin config for: Rechecker
L 11/24/2025 - 19:38:43: [META] ini: Read plugin config for: ReSemiclip
L 11/24/2025 - 19:38:43: [META] ini: Read plugin config for: HitBox Fix
L 11/24/2025 - 19:38:43: [META] ini: Read plugin config for: YaPB
L 11/24/2025 - 19:38:43: [META] ini: Finished reading plugins list: c:/~dl/sonstz/gameshit/cs 1.6 shit/_falconz-cs16-server/cstrike/addons/metamod/plugins.ini; Found 5 plugins
L 11/24/2025 - 19:38:43: [META] dll: Updating plugins...
L 11/24/2025 - 19:38:43: [META] dll: Finished updating 16 plugins; kept 5, loaded 0, unloaded 0, reloaded 0, delayed 0
L 11/24/2025 - 19:38:43: [META] dll: Rebuilding callbacks...
L 11/24/2025 - 19:38:43: [META] dll: Callbacks rebuilded.
L 11/24/2025 - 19:38:43: "s|<1LL3D<92><STEAM_0:1:23986766><TERRORIST>" disconnected
L 11/24/2025 - 19:38:43: ".Ｃʏʙᴇʀ’Ｆｏχ<91><STEAM_0:1:97036452><CT>" disconnected
L 11/24/2025 - 19:38:43: World triggered "Round_Draw" (CT "2") (T "1")
L 11/24/2025 - 19:38:43: World triggered "Round_End"
L 11/24/2025 - 19:38:43: Log file closed
