L 11/27/2025 - 18:16:52: Log file started (file "logs\L1127010.log") (game "cstrike") (version "48/1.1.2.7/Stdio/4002")
L 11/27/2025 - 18:16:52: Loading map "de_dust2"
L 11/27/2025 - 18:16:52: Server cvars start
L 11/27/2025 - 18:16:52: Server cvar "allow_spectators" = "1.0"
L 11/27/2025 - 18:16:52: Server cvar "amx_client_languages" = "1"
L 11/27/2025 - 18:16:52: Server cvar "amx_language" = "en"
L 11/27/2025 - 18:16:52: Server cvar "amx_nextmap" = "de_dust2"
L 11/27/2025 - 18:16:52: Server cvar "amxmodx_version" = "1.9.0.5294"
L 11/27/2025 - 18:16:52: Server cvar "coop" = "0"
L 11/27/2025 - 18:16:52: Server cvar "deathmatch" = "1"
L 11/27/2025 - 18:16:52: Server cvar "decalfrequency" = "3"
L 11/27/2025 - 18:16:52: Server cvar "edgefriction" = "2"
L 11/27/2025 - 18:16:52: Server cvar "ff_damage_reduction_bullets" = "0.35"
L 11/27/2025 - 18:16:52: Server cvar "ff_damage_reduction_grenade" = "0.25"
L 11/27/2025 - 18:16:52: Server cvar "ff_damage_reduction_grenade_self" = "1.0"
L 11/27/2025 - 18:16:52: Server cvar "ff_damage_reduction_other" = "0.35"
L 11/27/2025 - 18:16:52: Server cvar "game_version" = "5.28.0.756-dev"
L 11/27/2025 - 18:16:52: Server cvar "hbf_debug" = "0"
L 11/27/2025 - 18:16:52: Server cvar "hbf_enabled" = "1"
L 11/27/2025 - 18:16:52: Server cvar "humans_join_team" = "any"
L 11/27/2025 - 18:16:52: Server cvar "jtp10181" = "gore,wa"
L 11/27/2025 - 18:16:52: Server cvar "mapm_admin_menu_delay" = "1"
L 11/27/2025 - 18:16:52: Server cvar "mapm_admin_menu_maplist" = "maps.ini"
L 11/27/2025 - 18:16:52: Server cvar "mapm_version" = "3.3.1"
L 11/27/2025 - 18:16:52: Server cvar "max_queries_sec" = "3.0"
L 11/27/2025 - 18:16:52: Server cvar "max_queries_sec_global" = "30"
L 11/27/2025 - 18:16:52: Server cvar "max_queries_window" = "60"
L 11/27/2025 - 18:16:52: Server cvar "metamod_version" = "1.3.0.149"
L 11/27/2025 - 18:16:52: Server cvar "mp_afk_bomb_drop_time" = "15"
L 11/27/2025 - 18:16:52: Server cvar "mp_ammo_respawn_time" = "20"
L 11/27/2025 - 18:16:52: Server cvar "mp_autokick" = "1"
L 11/27/2025 - 18:16:52: Server cvar "mp_autokick_timeout" = "-1"
L 11/27/2025 - 18:16:52: Server cvar "mp_autoteambalance" = "0"
L 11/27/2025 - 18:16:52: Server cvar "mp_buy_anywhere" = "0"
L 11/27/2025 - 18:16:52: Server cvar "mp_buytime" = "1.5"
L 11/27/2025 - 18:16:52: Server cvar "mp_c4timer" = "45"
L 11/27/2025 - 18:16:52: Server cvar "mp_chattime" = "10.000000"
L 11/27/2025 - 18:16:52: Server cvar "mp_consistency" = "1"
L 11/27/2025 - 18:16:52: Server cvar "mp_fadetoblack" = "0"
L 11/27/2025 - 18:16:52: Server cvar "mp_falldamage" = "1"
L 11/27/2025 - 18:16:52: Server cvar "mp_flashlight" = "0"
L 11/27/2025 - 18:16:52: Server cvar "mp_footsteps" = "1"
L 11/27/2025 - 18:16:52: Server cvar "mp_forcecamera" = "0"
L 11/27/2025 - 18:16:52: Server cvar "mp_forcechasecam" = "0"
L 11/27/2025 - 18:16:52: Server cvar "mp_forcerespawn" = "0"
L 11/27/2025 - 18:16:52: Server cvar "mp_fraglimit" = "0"
L 11/27/2025 - 18:16:52: Server cvar "mp_fragsleft" = "0"
L 11/27/2025 - 18:16:52: Server cvar "mp_freeforall" = "0"
L 11/27/2025 - 18:16:52: Server cvar "mp_freezetime" = "0.5"
L 11/27/2025 - 18:16:52: Server cvar "mp_friendlyfire" = "1"
L 11/27/2025 - 18:16:52: Server cvar "mp_give_player_c4" = "1"
L 11/27/2025 - 18:16:52: Server cvar "mp_hostage_hurtable" = "1"
L 11/27/2025 - 18:16:52: Server cvar "mp_hostagepenalty" = "13"
L 11/27/2025 - 18:16:52: Server cvar "mp_infinite_ammo" = "0"
L 11/27/2025 - 18:16:52: Server cvar "mp_infinite_grenades" = "0"
L 11/27/2025 - 18:16:52: Server cvar "mp_item_respawn_time" = "30"
L 11/27/2025 - 18:16:52: Server cvar "mp_item_staytime" = "300"
L 11/27/2025 - 18:16:52: Server cvar "mp_kickpercent" = "0.66"
L 11/27/2025 - 18:16:52: Server cvar "mp_limitteams" = "2"
L 11/27/2025 - 18:16:52: Server cvar "mp_logdetail" = "0"
L 11/27/2025 - 18:16:52: Server cvar "mp_logfile" = "1"
L 11/27/2025 - 18:16:52: Server cvar "mp_logmessages" = "1"
L 11/27/2025 - 18:16:52: Server cvar "mp_mapvoteratio" = "0.66"
L 11/27/2025 - 18:16:52: Server cvar "mp_maxmoney" = "32000"
L 11/27/2025 - 18:16:52: Server cvar "mp_maxrounds" = "0"
L 11/27/2025 - 18:16:52: Server cvar "mp_playerid" = "0"
L 11/27/2025 - 18:16:52: Server cvar "mp_radio_maxinround" = "60"
L 11/27/2025 - 18:16:52: Server cvar "mp_radio_timeout" = "0"
L 11/27/2025 - 18:16:52: Server cvar "mp_respawn_immunity_effects" = "1"
L 11/27/2025 - 18:16:52: Server cvar "mp_respawn_immunity_force_unset" = "1"
L 11/27/2025 - 18:16:52: Server cvar "mp_respawn_immunitytime" = "0"
L 11/27/2025 - 18:16:52: Server cvar "mp_round_infinite" = "0"
L 11/27/2025 - 18:16:52: Server cvar "mp_round_restart_delay" = "3"
L 11/27/2025 - 18:16:52: Server cvar "mp_roundover" = "0"
L 11/27/2025 - 18:16:52: Server cvar "mp_roundtime" = "2"
L 11/27/2025 - 18:16:52: Server cvar "mp_scoreboard_showdefkit" = "1"
L 11/27/2025 - 18:16:52: Server cvar "mp_scoreboard_showhealth" = "5"
L 11/27/2025 - 18:16:52: Server cvar "mp_scoreboard_showmoney" = "5"
L 11/27/2025 - 18:16:52: Server cvar "mp_show_scenarioicon" = "1"
L 11/27/2025 - 18:16:52: Server cvar "mp_startmoney" = "800"
L 11/27/2025 - 18:16:52: Server cvar "mp_timeleft" = "13:33"
L 11/27/2025 - 18:16:52: Server cvar "mp_timelimit" = "15"
L 11/27/2025 - 18:16:52: Server cvar "mp_tkpunish" = "0"
L 11/27/2025 - 18:16:52: Server cvar "mp_weapon_respawn_time" = "20"
L 11/27/2025 - 18:16:52: Server cvar "mp_weapons_allow_map_placed" = "1"
L 11/27/2025 - 18:16:52: Server cvar "mp_windifference" = "1"
L 11/27/2025 - 18:16:52: Server cvar "mp_winlimit" = "0"
L 11/27/2025 - 18:16:52: Server cvar "pausable" = "0"
L 11/27/2025 - 18:16:52: Server cvar "resemiclip_version" = "2.4.3"
L 11/27/2025 - 18:16:52: Server cvar "sv_accelerate" = "5"
L 11/27/2025 - 18:16:52: Server cvar "sv_aim" = "0"
L 11/27/2025 - 18:16:52: Server cvar "sv_airaccelerate" = "10"
L 11/27/2025 - 18:16:52: Server cvar "sv_allow_autoaim" = "1"
L 11/27/2025 - 18:16:52: Server cvar "sv_allowupload" = "1"
L 11/27/2025 - 18:16:52: Server cvar "sv_alltalk" = "1"
L 11/27/2025 - 18:16:52: Server cvar "sv_bounce" = "1"
L 11/27/2025 - 18:16:52: Server cvar "sv_cheats" = "0"
L 11/27/2025 - 18:16:52: Server cvar "sv_clienttrace" = "1"
L 11/27/2025 - 18:16:52: Server cvar "sv_contact" = ""
L 11/27/2025 - 18:16:52: Server cvar "sv_friction" = "4"
L 11/27/2025 - 18:16:52: Server cvar "sv_gravity" = "800"
L 11/27/2025 - 18:16:52: Server cvar "sv_logblocks" = "0"
L 11/27/2025 - 18:16:52: Server cvar "sv_maxrate" = "250000"
L 11/27/2025 - 18:16:52: Server cvar "sv_maxspeed" = "900"
L 11/27/2025 - 18:16:52: Server cvar "sv_minrate" = "25000"
L 11/27/2025 - 18:16:52: Server cvar "sv_password" = ""
L 11/27/2025 - 18:16:52: Server cvar "sv_proxies" = "1"
L 11/27/2025 - 18:16:52: Server cvar "sv_restart" = "0"
L 11/27/2025 - 18:16:52: Server cvar "sv_restartround" = "0"
L 11/27/2025 - 18:16:52: Server cvar "sv_stepsize" = "18"
L 11/27/2025 - 18:16:52: Server cvar "sv_stopspeed" = "75"
L 11/27/2025 - 18:16:52: Server cvar "sv_uploadmax" = "7.77"
L 11/27/2025 - 18:16:52: Server cvar "sv_version" = "1.1.2.7/Stdio,48,4002"
L 11/27/2025 - 18:16:52: Server cvar "sv_voiceenable" = "1"
L 11/27/2025 - 18:16:52: Server cvar "sv_wateraccelerate" = "10"
L 11/27/2025 - 18:16:52: Server cvar "sv_waterfriction" = "1"
L 11/27/2025 - 18:16:52: Server cvar "UAIO (Admin Menu)" = "1.50"
L 11/27/2025 - 18:16:52: Server cvar "weaponarena_version" = "2.0.4"
L 11/27/2025 - 18:16:52: Server cvar "yb_version" = "4.4.957"
L 11/27/2025 - 18:16:52: Server cvars end
L 11/27/2025 - 18:16:52: Server cvar "mp_timelimit" = "20"
L 11/27/2025 - 18:16:52: Server cvar "sv_maxspeed" = "320"
L 11/27/2025 - 18:16:52: Server cvar "mp_timelimit" = "15"
L 11/27/2025 - 18:16:52: Server cvar "sv_maxspeed" = "900"
L 11/27/2025 - 18:16:52: Server cvar "amx_nextmap" = "de_dust2002"
L 11/27/2025 - 18:16:52: Started map "de_dust2" (CRC "1159425449")
L 11/27/2025 - 18:16:53: World triggered "Round_Start"
L 11/27/2025 - 18:16:56: "Aleksandr.Popov<23><STEAM_0:1:9348096><>" entered the game
L 11/27/2025 - 18:16:56: "Aleksandr.Popov<23><STEAM_0:1:9348096><>" joined team "TERRORIST"
L 11/27/2025 - 18:16:56: "Aleksandr.Popov<23><STEAM_0:1:9348096><TERRORIST>" triggered "Spawned_With_The_Bomb"
L 11/27/2025 - 18:16:56: "Анна-Рысь<24><STEAM_0:1:1268224><>" entered the game
L 11/27/2025 - 18:16:56: "Анна-Рысь<24><STEAM_0:1:1268224><>" joined team "CT"
L 11/27/2025 - 18:16:56: World triggered "Game_Commencing"
L 11/27/2025 - 18:16:56: World triggered "Game_Commencing" (CT "0") (T "0")
L 11/27/2025 - 18:16:56: World triggered "Round_End"
L 11/27/2025 - 18:16:59: "Aleksandr.Popov<23><STEAM_0:1:9348096><TERRORIST>" triggered "Spawned_With_The_Bomb"
L 11/27/2025 - 18:16:59: World triggered "Round_Start"
L 11/27/2025 - 18:17:19: "Анна-Рысь<24><STEAM_0:1:1268224><CT>" killed "Aleksandr.Popov<23><STEAM_0:1:9348096><TERRORIST>" with "usp"
L 11/27/2025 - 18:17:19: Team "CT" triggered "CTs_Win" (CT "1") (T "0")
L 11/27/2025 - 18:17:19: World triggered "Round_End"
L 11/27/2025 - 18:17:22: "Aleksandr.Popov<23><STEAM_0:1:9348096><TERRORIST>" triggered "Spawned_With_The_Bomb"
L 11/27/2025 - 18:17:22: World triggered "Round_Start"
L 11/27/2025 - 18:17:40: "Анна-Рысь<24><STEAM_0:1:1268224><CT>" killed "Aleksandr.Popov<23><STEAM_0:1:9348096><TERRORIST>" with "famas"
L 11/27/2025 - 18:17:40: Team "CT" triggered "CTs_Win" (CT "2") (T "0")
L 11/27/2025 - 18:17:40: World triggered "Round_End"
L 11/27/2025 - 18:17:43: "Aleksandr.Popov<23><STEAM_0:1:9348096><TERRORIST>" triggered "Spawned_With_The_Bomb"
L 11/27/2025 - 18:17:43: World triggered "Round_Start"
L 11/27/2025 - 18:18:02: "Анна-Рысь<24><STEAM_0:1:1268224><CT>" killed "Aleksandr.Popov<23><STEAM_0:1:9348096><TERRORIST>" with "famas"
L 11/27/2025 - 18:18:02: Team "CT" triggered "CTs_Win" (CT "3") (T "0")
L 11/27/2025 - 18:18:02: World triggered "Round_End"
L 11/27/2025 - 18:18:05: "Aleksandr.Popov<23><STEAM_0:1:9348096><TERRORIST>" triggered "Spawned_With_The_Bomb"
L 11/27/2025 - 18:18:05: World triggered "Round_Start"
L 11/27/2025 - 18:18:32: "Aleksandr.Popov<23><STEAM_0:1:9348096><TERRORIST>" triggered "Planted_The_Bomb"
L 11/27/2025 - 18:18:32: "Анна-Рысь<24><STEAM_0:1:1268224><CT>" say "Come on Aleksandr.Popov,"
L 11/27/2025 - 18:18:55: "Анна-Рысь<24><STEAM_0:1:1268224><CT>" killed "Aleksandr.Popov<23><STEAM_0:1:9348096><TERRORIST>" with "knife"
L 11/27/2025 - 18:18:55: "Анна-Рысь<24><STEAM_0:1:1268224><CT>" say "Aleksandr.Popov you bot"
L 11/27/2025 - 18:18:55: "Анна-Рысь<24><STEAM_0:1:1268224><CT>" triggered "Begin_Bomb_Defuse_With_Kit"
L 11/27/2025 - 18:19:00: "Анна-Рысь<24><STEAM_0:1:1268224><CT>" triggered "Defused_The_Bomb"
L 11/27/2025 - 18:19:00: Team "CT" triggered "Bomb_Defused" (CT "4") (T "0")
L 11/27/2025 - 18:19:00: World triggered "Round_End"
L 11/27/2025 - 18:19:03: "Aleksandr.Popov<23><STEAM_0:1:9348096><TERRORIST>" triggered "Spawned_With_The_Bomb"
L 11/27/2025 - 18:19:03: World triggered "Round_Start"
L 11/27/2025 - 18:19:31: "Aleksandr.Popov<23><STEAM_0:1:9348096><TERRORIST>" triggered "Planted_The_Bomb"
L 11/27/2025 - 18:19:31: "Анна-Рысь<24><STEAM_0:1:1268224><CT>" say "Cme on Aleksandr.Popov,,"
L 11/27/2025 - 18:19:46: "Aleksandr.Popov<23><STEAM_0:1:9348096><TERRORIST>" killed "Анна-Рысь<24><STEAM_0:1:1268224><CT>" with "ak47"
L 11/27/2025 - 18:19:46: Team "TERRORIST" triggered "Terrorists_Win" (CT "4") (T "1")
L 11/27/2025 - 18:19:46: World triggered "Round_End"
L 11/27/2025 - 18:19:49: "Aleksandr.Popov<23><STEAM_0:1:9348096><TERRORIST>" triggered "Spawned_With_The_Bomb"
L 11/27/2025 - 18:19:49: World triggered "Round_Start"
L 11/27/2025 - 18:20:04: "Анна-Рысь<24><STEAM_0:1:1268224><CT>" killed "Aleksandr.Popov<23><STEAM_0:1:9348096><TERRORIST>" with "famas"
L 11/27/2025 - 18:20:04: Team "CT" triggered "CTs_Win" (CT "5") (T "1")
L 11/27/2025 - 18:20:04: World triggered "Round_End"
L 11/27/2025 - 18:20:07: "Aleksandr.Popov<23><STEAM_0:1:9348096><TERRORIST>" triggered "Spawned_With_The_Bomb"
L 11/27/2025 - 18:20:07: World triggered "Round_Start"
L 11/27/2025 - 18:20:37: "Aleksandr.Popov<23><STEAM_0:1:9348096><TERRORIST>" triggered "Planted_The_Bomb"
L 11/27/2025 - 18:20:37: "Анна-Рысь<24><STEAM_0:1:1268224><CT>" say "Come on Aleksandr.Popov,"
L 11/27/2025 - 18:20:53: "Анна-Рысь<24><STEAM_0:1:1268224><CT>" killed "Aleksandr.Popov<23><STEAM_0:1:9348096><TERRORIST>" with "famas"
L 11/27/2025 - 18:20:59: "Aleksandr.Popov<23><STEAM_0:1:9348096><TERRORIST>" say "Анна-Рысь bot" (dead)
L 11/27/2025 - 18:20:59: "Анна-Рысь<24><STEAM_0:1:1268224><CT>" triggered "Begin_Bomb_Defuse_With_Kit"
L 11/27/2025 - 18:21:04: "Анна-Рысь<24><STEAM_0:1:1268224><CT>" triggered "Defused_The_Bomb"
L 11/27/2025 - 18:21:04: Team "CT" triggered "Bomb_Defused" (CT "6") (T "1")
L 11/27/2025 - 18:21:04: World triggered "Round_End"
L 11/27/2025 - 18:21:07: "Aleksandr.Popov<23><STEAM_0:1:9348096><TERRORIST>" triggered "Spawned_With_The_Bomb"
L 11/27/2025 - 18:21:07: World triggered "Round_Start"
L 11/27/2025 - 18:21:40: "Aleksandr.Popov<23><STEAM_0:1:9348096><TERRORIST>" triggered "Planted_The_Bomb"
L 11/27/2025 - 18:21:40: "Анна-Рысь<24><STEAM_0:1:1268224><CT>" say "Cme on Aleksandr.Popov,,"
L 11/27/2025 - 18:21:53: "Анна-Рысь<24><STEAM_0:1:1268224><CT>" killed "Aleksandr.Popov<23><STEAM_0:1:9348096><TERRORIST>" with "ak47"
L 11/27/2025 - 18:21:54: "Анна-Рысь<24><STEAM_0:1:1268224><CT>" triggered "Begin_Bomb_Defuse_With_Kit"
L 11/27/2025 - 18:21:59: "Анна-Рысь<24><STEAM_0:1:1268224><CT>" triggered "Defused_The_Bomb"
L 11/27/2025 - 18:21:59: Team "CT" triggered "Bomb_Defused" (CT "7") (T "1")
L 11/27/2025 - 18:21:59: World triggered "Round_End"
L 11/27/2025 - 18:22:02: "Aleksandr.Popov<23><STEAM_0:1:9348096><TERRORIST>" triggered "Spawned_With_The_Bomb"
L 11/27/2025 - 18:22:02: World triggered "Round_Start"
L 11/27/2025 - 18:22:26: "Анна-Рысь<24><STEAM_0:1:1268224><CT>" killed "Aleksandr.Popov<23><STEAM_0:1:9348096><TERRORIST>" with "ak47"
L 11/27/2025 - 18:22:26: Team "CT" triggered "CTs_Win" (CT "8") (T "1")
L 11/27/2025 - 18:22:26: World triggered "Round_End"
L 11/27/2025 - 18:22:27: "Aleksandr.Popov<23><STEAM_0:1:9348096><TERRORIST>" say "Sniping is all they can do." (dead)
L 11/27/2025 - 18:22:29: "Aleksandr.Popov<23><STEAM_0:1:9348096><TERRORIST>" triggered "Spawned_With_The_Bomb"
L 11/27/2025 - 18:22:29: World triggered "Round_Start"
L 11/27/2025 - 18:23:03: "Aleksandr.Popov<23><STEAM_0:1:9348096><TERRORIST>" triggered "Planted_The_Bomb"
L 11/27/2025 - 18:23:03: "Анна-Рысь<24><STEAM_0:1:1268224><CT>" say "Come on Aleksandr.Popov,"
L 11/27/2025 - 18:23:14: "Aleksandr.Popov<23><STEAM_0:1:9348096><TERRORIST>" killed "Анна-Рысь<24><STEAM_0:1:1268224><CT>" with "ak47"
L 11/27/2025 - 18:23:14: Team "TERRORIST" triggered "Terrorists_Win" (CT "8") (T "2")
L 11/27/2025 - 18:23:14: World triggered "Round_End"
L 11/27/2025 - 18:23:17: "Aleksandr.Popov<23><STEAM_0:1:9348096><TERRORIST>" triggered "Spawned_With_The_Bomb"
L 11/27/2025 - 18:23:17: World triggered "Round_Start"
L 11/27/2025 - 18:23:53: "Aleksandr.Popov<23><STEAM_0:1:9348096><TERRORIST>" triggered "Planted_The_Bomb"
L 11/27/2025 - 18:23:53: "Анна-Рысь<24><STEAM_0:1:1268224><CT>" say "Come on Aleksandr.Popov,"
L 11/27/2025 - 18:24:23: "Aleksandr.Popov<23><STEAM_0:1:9348096><TERRORIST>" killed "Анна-Рысь<24><STEAM_0:1:1268224><CT>" with "ak47"
L 11/27/2025 - 18:24:23: Team "TERRORIST" triggered "Terrorists_Win" (CT "8") (T "3")
L 11/27/2025 - 18:24:23: World triggered "Round_End"
L 11/27/2025 - 18:24:26: "Aleksandr.Popov<23><STEAM_0:1:9348096><TERRORIST>" triggered "Spawned_With_The_Bomb"
L 11/27/2025 - 18:24:26: World triggered "Round_Start"
L 11/27/2025 - 18:24:58: "Aleksandr.Popov<23><STEAM_0:1:9348096><TERRORIST>" triggered "Planted_The_Bomb"
L 11/27/2025 - 18:24:58: "Анна-Рысь<24><STEAM_0:1:1268224><CT>" say "Come on Aleksandr.Popov,"
L 11/27/2025 - 18:25:05: "Aleksandr.Popov<23><STEAM_0:1:9348096><TERRORIST>" killed "Анна-Рысь<24><STEAM_0:1:1268224><CT>" with "ak47"
L 11/27/2025 - 18:25:05: Team "TERRORIST" triggered "Terrorists_Win" (CT "8") (T "4")
L 11/27/2025 - 18:25:05: World triggered "Round_End"
L 11/27/2025 - 18:25:08: "Aleksandr.Popov<23><STEAM_0:1:9348096><TERRORIST>" triggered "Spawned_With_The_Bomb"
L 11/27/2025 - 18:25:08: World triggered "Round_Start"
L 11/27/2025 - 18:26:00: "Aleksandr.Popov<23><STEAM_0:1:9348096><TERRORIST>" triggered "Planted_The_Bomb"
L 11/27/2025 - 18:26:00: "Анна-Рысь<24><STEAM_0:1:1268224><CT>" say "Come on Aleksandr.Popov,"
L 11/27/2025 - 18:26:06: "Aleksandr.Popov<23><STEAM_0:1:9348096><TERRORIST>" killed "Анна-Рысь<24><STEAM_0:1:1268224><CT>" with "ak47"
L 11/27/2025 - 18:26:06: Team "TERRORIST" triggered "Terrorists_Win" (CT "8") (T "5")
L 11/27/2025 - 18:26:06: World triggered "Round_End"
L 11/27/2025 - 18:26:06: "Aleksandr.Popov<23><STEAM_0:1:9348096><TERRORIST>" say "you bot Анна-Рысь"
L 11/27/2025 - 18:26:09: "Aleksandr.Popov<23><STEAM_0:1:9348096><TERRORIST>" triggered "Spawned_With_The_Bomb"
L 11/27/2025 - 18:26:09: World triggered "Round_Start"
L 11/27/2025 - 18:26:30: "Анна-Рысь<24><STEAM_0:1:1268224><CT>" killed "Aleksandr.Popov<23><STEAM_0:1:9348096><TERRORIST>" with "famas"
L 11/27/2025 - 18:26:30: Team "CT" triggered "CTs_Win" (CT "9") (T "5")
L 11/27/2025 - 18:26:30: World triggered "Round_End"
L 11/27/2025 - 18:26:33: "Aleksandr.Popov<23><STEAM_0:1:9348096><TERRORIST>" triggered "Spawned_With_The_Bomb"
L 11/27/2025 - 18:26:33: World triggered "Round_Start"
L 11/27/2025 - 18:27:00: "Aleksandr.Popov<23><STEAM_0:1:9348096><TERRORIST>" triggered "Planted_The_Bomb"
L 11/27/2025 - 18:27:00: "Анна-Рысь<24><STEAM_0:1:1268224><CT>" say "come on aleksandr.popov,"
L 11/27/2025 - 18:27:14: "Aleksandr.Popov<23><STEAM_0:1:9348096><TERRORIST>" killed "Анна-Рысь<24><STEAM_0:1:1268224><CT>" with "ak47"
L 11/27/2025 - 18:27:14: Team "TERRORIST" triggered "Terrorists_Win" (CT "9") (T "6")
L 11/27/2025 - 18:27:14: World triggered "Round_End"
L 11/27/2025 - 18:27:14: "Aleksandr.Popov<23><STEAM_0:1:9348096><TERRORIST>" say "Анна-Рысь you bot"
L 11/27/2025 - 18:27:17: "Aleksandr.Popov<23><STEAM_0:1:9348096><TERRORIST>" triggered "Spawned_With_The_Bomb"
L 11/27/2025 - 18:27:17: World triggered "Round_Start"
L 11/27/2025 - 18:27:44: "Aleksandr.Popov<23><STEAM_0:1:9348096><TERRORIST>" triggered "Planted_The_Bomb"
L 11/27/2025 - 18:27:44: "Анна-Рысь<24><STEAM_0:1:1268224><CT>" say "Come on Aleksandr.Popov,"
L 11/27/2025 - 18:28:02: "Aleksandr.Popov<23><STEAM_0:1:9348096><TERRORIST>" killed "Анна-Рысь<24><STEAM_0:1:1268224><CT>" with "ak47"
L 11/27/2025 - 18:28:02: Team "TERRORIST" triggered "Terrorists_Win" (CT "9") (T "7")
L 11/27/2025 - 18:28:02: World triggered "Round_End"
L 11/27/2025 - 18:28:02: "Aleksandr.Popov<23><STEAM_0:1:9348096><TERRORIST>" say "you obt Анна-Рысь"
L 11/27/2025 - 18:28:05: "Aleksandr.Popov<23><STEAM_0:1:9348096><TERRORIST>" triggered "Spawned_With_The_Bomb"
L 11/27/2025 - 18:28:05: World triggered "Round_Start"
L 11/27/2025 - 18:28:21: "Анна-Рысь<24><STEAM_0:1:1268224><CT>" killed "Aleksandr.Popov<23><STEAM_0:1:9348096><TERRORIST>" with "m4a1"
L 11/27/2025 - 18:28:21: Team "CT" triggered "CTs_Win" (CT "10") (T "7")
L 11/27/2025 - 18:28:21: World triggered "Round_End"
L 11/27/2025 - 18:28:24: "Aleksandr.Popov<23><STEAM_0:1:9348096><TERRORIST>" triggered "Spawned_With_The_Bomb"
L 11/27/2025 - 18:28:24: World triggered "Round_Start"
L 11/27/2025 - 18:28:55: "Aleksandr.Popov<23><STEAM_0:1:9348096><TERRORIST>" triggered "Planted_The_Bomb"
L 11/27/2025 - 18:29:12: "Aleksandr.Popov<23><STEAM_0:1:9348096><TERRORIST>" killed "Анна-Рысь<24><STEAM_0:1:1268224><CT>" with "ak47"
L 11/27/2025 - 18:29:12: Team "TERRORIST" triggered "Terrorists_Win" (CT "10") (T "8")
L 11/27/2025 - 18:29:12: World triggered "Round_End"
L 11/27/2025 - 18:29:15: "Aleksandr.Popov<23><STEAM_0:1:9348096><TERRORIST>" triggered "Spawned_With_The_Bomb"
L 11/27/2025 - 18:29:15: World triggered "Round_Start"
L 11/27/2025 - 18:29:42: "Анна-Рысь<24><STEAM_0:1:1268224><CT>" killed "Aleksandr.Popov<23><STEAM_0:1:9348096><TERRORIST>" with "m4a1"
L 11/27/2025 - 18:29:42: Team "CT" triggered "CTs_Win" (CT "11") (T "8")
L 11/27/2025 - 18:29:42: World triggered "Round_End"
L 11/27/2025 - 18:29:42: "Анна-Рысь<24><STEAM_0:1:1268224><CT>" say "you bot Aleksandr.Popov"
L 11/27/2025 - 18:29:45: "Aleksandr.Popov<23><STEAM_0:1:9348096><TERRORIST>" triggered "Spawned_With_The_Bomb"
L 11/27/2025 - 18:29:45: World triggered "Round_Start"
L 11/27/2025 - 18:30:12: "Aleksandr.Popov<23><STEAM_0:1:9348096><TERRORIST>" triggered "Planted_The_Bomb"
L 11/27/2025 - 18:30:12: "Анна-Рысь<24><STEAM_0:1:1268224><CT>" say "Come on Aleksandr.Popov,"
L 11/27/2025 - 18:30:33: "Aleksandr.Popov<23><STEAM_0:1:9348096><TERRORIST>" killed "Анна-Рысь<24><STEAM_0:1:1268224><CT>" with "ak47"
L 11/27/2025 - 18:30:33: Team "TERRORIST" triggered "Terrorists_Win" (CT "11") (T "9")
L 11/27/2025 - 18:30:33: World triggered "Round_End"
L 11/27/2025 - 18:30:36: "Aleksandr.Popov<23><STEAM_0:1:9348096><TERRORIST>" triggered "Spawned_With_The_Bomb"
L 11/27/2025 - 18:30:36: World triggered "Round_Start"
L 11/27/2025 - 18:30:45: Kick: "Aleksandr.Popov<23><STEAM_0:1:7><>" was kicked by "Console"
L 11/27/2025 - 18:30:45: "Aleksandr.Popov<23><BOT><TERRORIST>" triggered "Dropped_The_Bomb"
L 11/27/2025 - 18:30:45: "Aleksandr.Popov<23><BOT><TERRORIST>" disconnected
L 11/27/2025 - 18:30:45: "AssassinCCCP<25><STEAM_0:1:9255936><>" entered the game
L 11/27/2025 - 18:30:45: "AssassinCCCP<25><STEAM_0:1:9255936><>" joined team "TERRORIST"
L 11/27/2025 - 18:30:45: World triggered "Game_Commencing"
L 11/27/2025 - 18:30:45: World triggered "Game_Commencing" (CT "11") (T "9")
L 11/27/2025 - 18:30:45: World triggered "Round_End"
L 11/27/2025 - 18:30:48: "AssassinCCCP<25><STEAM_0:1:9255936><TERRORIST>" triggered "Spawned_With_The_Bomb"
L 11/27/2025 - 18:30:48: World triggered "Round_Start"
L 11/27/2025 - 18:31:21: "AssassinCCCP<25><STEAM_0:1:9255936><TERRORIST>" triggered "Planted_The_Bomb"
L 11/27/2025 - 18:31:21: "Анна-Рысь<24><STEAM_0:1:1268224><CT>" say "Cme on AssassinCCCP,,"
L 11/27/2025 - 18:31:32: "Анна-Рысь<24><STEAM_0:1:1268224><CT>" killed "AssassinCCCP<25><STEAM_0:1:9255936><TERRORIST>" with "usp"
L 11/27/2025 - 18:31:34: "Анна-Рысь<24><STEAM_0:1:1268224><CT>" triggered "Begin_Bomb_Defuse_With_Kit"
L 11/27/2025 - 18:31:39: "Анна-Рысь<24><STEAM_0:1:1268224><CT>" triggered "Defused_The_Bomb"
L 11/27/2025 - 18:31:39: Team "CT" triggered "Bomb_Defused" (CT "1") (T "0")
L 11/27/2025 - 18:31:39: World triggered "Round_End"
L 11/27/2025 - 18:31:42: "AssassinCCCP<25><STEAM_0:1:9255936><TERRORIST>" triggered "Spawned_With_The_Bomb"
L 11/27/2025 - 18:31:42: World triggered "Round_Start"
L 11/27/2025 - 18:32:11: "AssassinCCCP<25><STEAM_0:1:9255936><TERRORIST>" triggered "Planted_The_Bomb"
L 11/27/2025 - 18:32:11: "Анна-Рысь<24><STEAM_0:1:1268224><CT>" say "Come on AssassinCCCP,"
L 11/27/2025 - 18:32:29: "AssassinCCCP<25><STEAM_0:1:9255936><TERRORIST>" killed "Анна-Рысь<24><STEAM_0:1:1268224><CT>" with "mp5navy"
L 11/27/2025 - 18:32:29: Team "TERRORIST" triggered "Terrorists_Win" (CT "1") (T "1")
L 11/27/2025 - 18:32:29: World triggered "Round_End"
L 11/27/2025 - 18:32:32: "AssassinCCCP<25><STEAM_0:1:9255936><TERRORIST>" triggered "Spawned_With_The_Bomb"
L 11/27/2025 - 18:32:32: World triggered "Round_Start"
L 11/27/2025 - 18:32:55: "AssassinCCCP<25><STEAM_0:1:9255936><TERRORIST>" killed "Анна-Рысь<24><STEAM_0:1:1268224><CT>" with "mp5navy"
L 11/27/2025 - 18:32:55: Team "TERRORIST" triggered "Terrorists_Win" (CT "1") (T "2")
L 11/27/2025 - 18:32:55: World triggered "Round_End"
L 11/27/2025 - 18:32:56: "Анна-Рысь<24><STEAM_0:1:1268224><CT>" say "HEY AssassinCCCP YOU DAMN CHEATER!" (dead)
L 11/27/2025 - 18:32:58: "AssassinCCCP<25><STEAM_0:1:9255936><TERRORIST>" triggered "Spawned_With_The_Bomb"
L 11/27/2025 - 18:32:58: World triggered "Round_Start"
L 11/27/2025 - 18:33:30: "AssassinCCCP<25><STEAM_0:1:9255936><TERRORIST>" triggered "Planted_The_Bomb"
L 11/27/2025 - 18:33:30: "Анна-Рысь<24><STEAM_0:1:1268224><CT>" say "Come on AssassinCCCP,"
L 11/27/2025 - 18:33:45: "AssassinCCCP<25><STEAM_0:1:9255936><TERRORIST>" killed "Анна-Рысь<24><STEAM_0:1:1268224><CT>" with "mp5navy"
L 11/27/2025 - 18:33:45: Team "TERRORIST" triggered "Terrorists_Win" (CT "1") (T "3")
L 11/27/2025 - 18:33:45: World triggered "Round_End"
L 11/27/2025 - 18:33:48: "AssassinCCCP<25><STEAM_0:1:9255936><TERRORIST>" triggered "Spawned_With_The_Bomb"
L 11/27/2025 - 18:33:48: World triggered "Round_Start"
L 11/27/2025 - 18:34:23: "AssassinCCCP<25><STEAM_0:1:9255936><TERRORIST>" triggered "Planted_The_Bomb"
L 11/27/2025 - 18:34:23: "Анна-Рысь<24><STEAM_0:1:1268224><CT>" say "Cme on AssassinCCCP,,"
L 11/27/2025 - 18:34:43: "AssassinCCCP<25><STEAM_0:1:9255936><TERRORIST>" killed "Анна-Рысь<24><STEAM_0:1:1268224><CT>" with "ak47"
L 11/27/2025 - 18:34:43: Team "TERRORIST" triggered "Terrorists_Win" (CT "1") (T "4")
L 11/27/2025 - 18:34:43: World triggered "Round_End"
L 11/27/2025 - 18:34:46: "AssassinCCCP<25><STEAM_0:1:9255936><TERRORIST>" triggered "Spawned_With_The_Bomb"
L 11/27/2025 - 18:34:46: World triggered "Round_Start"
L 11/27/2025 - 18:35:12: "AssassinCCCP<25><STEAM_0:1:9255936><TERRORIST>" triggered "Planted_The_Bomb"
L 11/27/2025 - 18:35:12: "Анна-Рысь<24><STEAM_0:1:1268224><CT>" say "Come on AssassinCCCP,"
L 11/27/2025 - 18:35:30: "Анна-Рысь<24><STEAM_0:1:1268224><CT>" triggered "Begin_Bomb_Defuse_Without_Kit"
L 11/27/2025 - 18:35:31: "AssassinCCCP<25><STEAM_0:1:9255936><TERRORIST>" killed "Анна-Рысь<24><STEAM_0:1:1268224><CT>" with "ak47"
L 11/27/2025 - 18:35:31: Team "TERRORIST" triggered "Terrorists_Win" (CT "1") (T "5")
L 11/27/2025 - 18:35:31: World triggered "Round_End"
L 11/27/2025 - 18:35:34: "AssassinCCCP<25><STEAM_0:1:9255936><TERRORIST>" triggered "Spawned_With_The_Bomb"
L 11/27/2025 - 18:35:34: World triggered "Round_Start"
L 11/27/2025 - 18:35:55: "Анна-Рысь<24><STEAM_0:1:1268224><CT>" killed "AssassinCCCP<25><STEAM_0:1:9255936><TERRORIST>" with "famas"
L 11/27/2025 - 18:35:55: Team "CT" triggered "CTs_Win" (CT "2") (T "5")
L 11/27/2025 - 18:35:55: World triggered "Round_End"
L 11/27/2025 - 18:35:58: "AssassinCCCP<25><STEAM_0:1:9255936><TERRORIST>" triggered "Spawned_With_The_Bomb"
L 11/27/2025 - 18:35:58: World triggered "Round_Start"
L 11/27/2025 - 18:36:17: "Анна-Рысь<24><STEAM_0:1:1268224><CT>" killed "AssassinCCCP<25><STEAM_0:1:9255936><TERRORIST>" with "famas"
L 11/27/2025 - 18:36:17: Team "CT" triggered "CTs_Win" (CT "3") (T "5")
L 11/27/2025 - 18:36:17: World triggered "Round_End"
L 11/27/2025 - 18:36:17: "Анна-Рысь<24><STEAM_0:1:1268224><CT>" say "AssassinCCCP you bot"
L 11/27/2025 - 18:36:20: "AssassinCCCP<25><STEAM_0:1:9255936><TERRORIST>" triggered "Spawned_With_The_Bomb"
L 11/27/2025 - 18:36:20: World triggered "Round_Start"
L 11/27/2025 - 18:36:50: "AssassinCCCP<25><STEAM_0:1:9255936><TERRORIST>" triggered "Planted_The_Bomb"
L 11/27/2025 - 18:36:50: "Анна-Рысь<24><STEAM_0:1:1268224><CT>" say "Come on AssassinCCCP,"
L 11/27/2025 - 18:37:15: "Анна-Рысь<24><STEAM_0:1:1268224><CT>" killed "AssassinCCCP<25><STEAM_0:1:9255936><TERRORIST>" with "famas"
L 11/27/2025 - 18:37:17: "Анна-Рысь<24><STEAM_0:1:1268224><CT>" triggered "Begin_Bomb_Defuse_With_Kit"
L 11/27/2025 - 18:37:22: "Анна-Рысь<24><STEAM_0:1:1268224><CT>" triggered "Defused_The_Bomb"
L 11/27/2025 - 18:37:22: Team "CT" triggered "Bomb_Defused" (CT "4") (T "5")
L 11/27/2025 - 18:37:22: World triggered "Round_End"
L 11/27/2025 - 18:37:25: "AssassinCCCP<25><STEAM_0:1:9255936><TERRORIST>" triggered "Spawned_With_The_Bomb"
L 11/27/2025 - 18:37:25: World triggered "Round_Start"
L 11/27/2025 - 18:37:52: "AssassinCCCP<25><STEAM_0:1:9255936><TERRORIST>" triggered "Planted_The_Bomb"
L 11/27/2025 - 18:37:56: "Анна-Рысь<24><STEAM_0:1:1268224><CT>" say "Come on AssassinCCCP,"
L 11/27/2025 - 18:38:22: "AssassinCCCP<25><STEAM_0:1:9255936><TERRORIST>" killed "Анна-Рысь<24><STEAM_0:1:1268224><CT>" with "ak47"
L 11/27/2025 - 18:38:22: Team "TERRORIST" triggered "Terrorists_Win" (CT "4") (T "6")
L 11/27/2025 - 18:38:22: World triggered "Round_End"
L 11/27/2025 - 18:38:25: "AssassinCCCP<25><STEAM_0:1:9255936><TERRORIST>" triggered "Spawned_With_The_Bomb"
L 11/27/2025 - 18:38:25: World triggered "Round_Start"
L 11/27/2025 - 18:38:45: Server cvar "amx_nextmap" = "de_dust2"
L 11/27/2025 - 18:38:45: Server cvar "mp_chattime" = "11.000000"
L 11/27/2025 - 18:38:53: Kick: "Анна-Рысь<24><STEAM_0:0:8><>" was kicked by "Console"
L 11/27/2025 - 18:38:53: "Анна-Рысь<24><BOT><CT>" disconnected
L 11/27/2025 - 18:38:53: "Katrinn<26><STEAM_0:1:8908032><>" entered the game
L 11/27/2025 - 18:38:53: "Katrinn<26><STEAM_0:1:8908032><>" joined team "CT"
L 11/27/2025 - 18:38:53: World triggered "Game_Commencing"
L 11/27/2025 - 18:38:53: World triggered "Game_Commencing" (CT "4") (T "6")
L 11/27/2025 - 18:38:53: World triggered "Round_End"
L 11/27/2025 - 18:38:55: Server cvar "mp_chattime" = "10.000000"
L 11/27/2025 - 18:38:55: "AssassinCCCP<25><BOT><TERRORIST>" disconnected
L 11/27/2025 - 18:38:55: "Katrinn<26><BOT><CT>" disconnected
L 11/27/2025 - 18:38:55: [META] ini: Begin re-reading plugins list: c:/~dl/sonstz/gameshit/cs 1.6 shit/_falconz-cs16-server/cstrike/addons/metamod/plugins.ini
L 11/27/2025 - 18:38:55: [META] ini: Read plugin config for: AMX Mod X
L 11/27/2025 - 18:38:55: [META] ini: Read plugin config for: Rechecker
L 11/27/2025 - 18:38:55: [META] ini: Read plugin config for: ReSemiclip
L 11/27/2025 - 18:38:55: [META] ini: Read plugin config for: HitBox Fix
L 11/27/2025 - 18:38:55: [META] ini: Read plugin config for: YaPB
L 11/27/2025 - 18:38:55: [META] ini: Finished reading plugins list: c:/~dl/sonstz/gameshit/cs 1.6 shit/_falconz-cs16-server/cstrike/addons/metamod/plugins.ini; Found 5 plugins
L 11/27/2025 - 18:38:55: [META] dll: Updating plugins...
L 11/27/2025 - 18:38:55: [META] dll: Finished updating 16 plugins; kept 5, loaded 0, unloaded 0, reloaded 0, delayed 0
L 11/27/2025 - 18:38:55: [META] dll: Rebuilding callbacks...
L 11/27/2025 - 18:38:55: [META] dll: Callbacks rebuilded.
L 11/27/2025 - 18:38:55: Log file closed
