L 11/24/2025 - 13:31:52: Log file started (file "logs\L1124023.log") (game "cstrike") (version "48/1.1.2.7/Stdio/4002")
L 11/24/2025 - 13:31:52: Server cvar "sv_maxspeed" = "320"
L 11/24/2025 - 13:31:52: Server cvar "mp_timelimit" = "15"
L 11/24/2025 - 13:31:53: Server cvar "sv_maxspeed" = "900"
L 11/24/2025 - 13:31:53: Server cvar "amx_nextmap" = "de_dust2_2006"
L 11/24/2025 - 13:31:53: Started map "de_dust2" (CRC "1159425449")
L 11/24/2025 - 13:31:54: World triggered "Round_Start"
L 11/24/2025 - 13:31:57: "Nile<35><STEAM_0:1:5119488><>" entered the game
L 11/24/2025 - 13:31:57: "Nile<35><STEAM_0:1:5119488><>" joined team "TERRORIST"
L 11/24/2025 - 13:31:57: "Nile<35><STEAM_0:1:5119488><TERRORIST>" triggered "Spawned_With_The_Bomb"
L 11/24/2025 - 13:31:57: "irrekeresAtot<36><STEAM_0:1:7214592><>" entered the game
L 11/24/2025 - 13:31:57: "irrekeresAtot<36><STEAM_0:1:7214592><>" joined team "CT"
L 11/24/2025 - 13:31:57: World triggered "Game_Commencing"
L 11/24/2025 - 13:31:57: World triggered "Game_Commencing" (CT "0") (T "0")
L 11/24/2025 - 13:31:57: World triggered "Round_End"
L 11/24/2025 - 13:32:00: "Nile<35><STEAM_0:1:5119488><TERRORIST>" triggered "Spawned_With_The_Bomb"
L 11/24/2025 - 13:32:00: World triggered "Round_Start"
L 11/24/2025 - 13:32:23: "irrekeresAtot<36><STEAM_0:1:7214592><CT>" killed "Nile<35><STEAM_0:1:5119488><TERRORIST>" with "usp"
L 11/24/2025 - 13:32:23: Team "CT" triggered "CTs_Win" (CT "1") (T "0")
L 11/24/2025 - 13:32:23: World triggered "Round_End"
L 11/24/2025 - 13:32:26: "Nile<35><STEAM_0:1:5119488><TERRORIST>" triggered "Spawned_With_The_Bomb"
L 11/24/2025 - 13:32:26: World triggered "Round_Start"
L 11/24/2025 - 13:32:47: "irrekeresAtot<36><STEAM_0:1:7214592><CT>" killed "Nile<35><STEAM_0:1:5119488><TERRORIST>" with "m4a1"
L 11/24/2025 - 13:32:47: Team "CT" triggered "CTs_Win" (CT "2") (T "0")
L 11/24/2025 - 13:32:47: World triggered "Round_End"
L 11/24/2025 - 13:32:50: "Nile<35><STEAM_0:1:5119488><TERRORIST>" triggered "Spawned_With_The_Bomb"
L 11/24/2025 - 13:32:50: World triggered "Round_Start"
L 11/24/2025 - 13:33:16: "irrekeresAtot<36><STEAM_0:1:7214592><CT>" killed "Nile<35><STEAM_0:1:5119488><TERRORIST>" with "m4a1"
L 11/24/2025 - 13:33:16: Team "CT" triggered "CTs_Win" (CT "3") (T "0")
L 11/24/2025 - 13:33:16: World triggered "Round_End"
L 11/24/2025 - 13:33:19: "Nile<35><STEAM_0:1:5119488><TERRORIST>" triggered "Spawned_With_The_Bomb"
L 11/24/2025 - 13:33:19: World triggered "Round_Start"
L 11/24/2025 - 13:33:42: "irrekeresAtot<36><STEAM_0:1:7214592><CT>" killed "Nile<35><STEAM_0:1:5119488><TERRORIST>" with "grenade"
L 11/24/2025 - 13:33:42: Team "CT" triggered "CTs_Win" (CT "4") (T "0")
L 11/24/2025 - 13:33:42: World triggered "Round_End"
L 11/24/2025 - 13:33:45: "Nile<35><STEAM_0:1:5119488><TERRORIST>" triggered "Spawned_With_The_Bomb"
L 11/24/2025 - 13:33:45: World triggered "Round_Start"
L 11/24/2025 - 13:34:28: "Nile<35><STEAM_0:1:5119488><TERRORIST>" triggered "Planted_The_Bomb"
L 11/24/2025 - 13:34:28: "irrekeresAtot<36><STEAM_0:1:7214592><CT>" say "Come on Nile,"
L 11/24/2025 - 13:34:46: "irrekeresAtot<36><STEAM_0:1:7214592><CT>" killed "Nile<35><STEAM_0:1:5119488><TERRORIST>" with "m4a1"
L 11/24/2025 - 13:34:51: "irrekeresAtot<36><STEAM_0:1:7214592><CT>" triggered "Begin_Bomb_Defuse_With_Kit"
L 11/24/2025 - 13:34:56: "irrekeresAtot<36><STEAM_0:1:7214592><CT>" triggered "Defused_The_Bomb"
L 11/24/2025 - 13:34:56: Team "CT" triggered "Bomb_Defused" (CT "5") (T "0")
L 11/24/2025 - 13:34:56: World triggered "Round_End"
L 11/24/2025 - 13:34:59: "Nile<35><STEAM_0:1:5119488><TERRORIST>" triggered "Spawned_With_The_Bomb"
L 11/24/2025 - 13:34:59: World triggered "Round_Start"
L 11/24/2025 - 13:35:38: "Nile<35><STEAM_0:1:5119488><TERRORIST>" triggered "Planted_The_Bomb"
L 11/24/2025 - 13:35:38: "irrekeresAtot<36><STEAM_0:1:7214592><CT>" say "Come on Nile,"
L 11/24/2025 - 13:35:58: "irrekeresAtot<36><STEAM_0:1:7214592><CT>" killed "Nile<35><STEAM_0:1:5119488><TERRORIST>" with "m4a1"
L 11/24/2025 - 13:36:12: "irrekeresAtot<36><STEAM_0:1:7214592><CT>" triggered "Begin_Bomb_Defuse_With_Kit"
L 11/24/2025 - 13:36:17: "irrekeresAtot<36><STEAM_0:1:7214592><CT>" triggered "Defused_The_Bomb"
L 11/24/2025 - 13:36:17: Team "CT" triggered "Bomb_Defused" (CT "6") (T "0")
L 11/24/2025 - 13:36:17: World triggered "Round_End"
L 11/24/2025 - 13:36:20: "Nile<35><STEAM_0:1:5119488><TERRORIST>" triggered "Spawned_With_The_Bomb"
L 11/24/2025 - 13:36:20: World triggered "Round_Start"
L 11/24/2025 - 13:36:30: Kick: "Nile<35><STEAM_0:1:15><>" was kicked by "Console"
L 11/24/2025 - 13:36:30: "Nile<35><BOT><TERRORIST>" triggered "Dropped_The_Bomb"
L 11/24/2025 - 13:36:30: "Nile<35><BOT><TERRORIST>" disconnected
L 11/24/2025 - 13:36:30: "stathyobtaino<37><STEAM_0:1:9523712><>" entered the game
L 11/24/2025 - 13:36:30: "stathyobtaino<37><STEAM_0:1:9523712><>" joined team "TERRORIST"
L 11/24/2025 - 13:36:30: World triggered "Game_Commencing"
L 11/24/2025 - 13:36:30: World triggered "Game_Commencing" (CT "6") (T "0")
L 11/24/2025 - 13:36:30: World triggered "Round_End"
L 11/24/2025 - 13:36:33: "stathyobtaino<37><STEAM_0:1:9523712><TERRORIST>" triggered "Spawned_With_The_Bomb"
L 11/24/2025 - 13:36:33: World triggered "Round_Start"
L 11/24/2025 - 13:37:08: "irrekeresAtot<36><STEAM_0:1:7214592><CT>" killed "stathyobtaino<37><STEAM_0:1:9523712><TERRORIST>" with "usp"
L 11/24/2025 - 13:37:08: Team "CT" triggered "CTs_Win" (CT "1") (T "0")
L 11/24/2025 - 13:37:08: World triggered "Round_End"
L 11/24/2025 - 13:37:11: "stathyobtaino<37><STEAM_0:1:9523712><TERRORIST>" triggered "Spawned_With_The_Bomb"
L 11/24/2025 - 13:37:11: World triggered "Round_Start"
L 11/24/2025 - 13:37:50: "stathyobtaino<37><STEAM_0:1:9523712><TERRORIST>" triggered "Planted_The_Bomb"
L 11/24/2025 - 13:37:50: "irrekeresAtot<36><STEAM_0:1:7214592><CT>" say "Cme on stathyobtaino,,"
L 11/24/2025 - 13:38:09: "irrekeresAtot<36><STEAM_0:1:7214592><CT>" killed "stathyobtaino<37><STEAM_0:1:9523712><TERRORIST>" with "m4a1"
L 11/24/2025 - 13:38:12: "stathyobtaino<37><STEAM_0:1:9523712><TERRORIST>" say ":)" (dead)
L 11/24/2025 - 13:38:14: "irrekeresAtot<36><STEAM_0:1:7214592><CT>" triggered "Begin_Bomb_Defuse_With_Kit"
L 11/24/2025 - 13:38:19: "irrekeresAtot<36><STEAM_0:1:7214592><CT>" triggered "Defused_The_Bomb"
L 11/24/2025 - 13:38:19: Team "CT" triggered "Bomb_Defused" (CT "2") (T "0")
L 11/24/2025 - 13:38:19: World triggered "Round_End"
L 11/24/2025 - 13:38:22: "stathyobtaino<37><STEAM_0:1:9523712><TERRORIST>" triggered "Spawned_With_The_Bomb"
L 11/24/2025 - 13:38:22: World triggered "Round_Start"
L 11/24/2025 - 13:38:45: "stathyobtaino<37><STEAM_0:1:9523712><TERRORIST>" killed "irrekeresAtot<36><STEAM_0:1:7214592><CT>" with "ak47"
L 11/24/2025 - 13:38:45: Team "TERRORIST" triggered "Terrorists_Win" (CT "2") (T "1")
L 11/24/2025 - 13:38:45: World triggered "Round_End"
L 11/24/2025 - 13:38:48: "stathyobtaino<37><STEAM_0:1:9523712><TERRORIST>" triggered "Spawned_With_The_Bomb"
L 11/24/2025 - 13:38:48: World triggered "Round_Start"
L 11/24/2025 - 13:39:33: "stathyobtaino<37><STEAM_0:1:9523712><TERRORIST>" triggered "Planted_The_Bomb"
L 11/24/2025 - 13:39:34: "irrekeresAtot<36><STEAM_0:1:7214592><CT>" say "Cme on stathyobtaino,,"
L 11/24/2025 - 13:39:35: "stathyobtaino<37><STEAM_0:1:9523712><TERRORIST>" killed "irrekeresAtot<36><STEAM_0:1:7214592><CT>" with "ak47"
L 11/24/2025 - 13:39:35: Team "TERRORIST" triggered "Terrorists_Win" (CT "2") (T "2")
L 11/24/2025 - 13:39:35: World triggered "Round_End"
L 11/24/2025 - 13:39:38: "stathyobtaino<37><STEAM_0:1:9523712><TERRORIST>" triggered "Spawned_With_The_Bomb"
L 11/24/2025 - 13:39:38: World triggered "Round_Start"
L 11/24/2025 - 13:40:16: "stathyobtaino<37><STEAM_0:1:9523712><TERRORIST>" triggered "Planted_The_Bomb"
L 11/24/2025 - 13:40:16: "irrekeresAtot<36><STEAM_0:1:7214592><CT>" say "Come on stathyobtaino,"
L 11/24/2025 - 13:40:34: "stathyobtaino<37><STEAM_0:1:9523712><TERRORIST>" killed "irrekeresAtot<36><STEAM_0:1:7214592><CT>" with "ak47"
L 11/24/2025 - 13:40:34: Team "TERRORIST" triggered "Terrorists_Win" (CT "2") (T "3")
L 11/24/2025 - 13:40:34: World triggered "Round_End"
L 11/24/2025 - 13:40:34: "stathyobtaino<37><STEAM_0:1:9523712><TERRORIST>" say "you bot irrekeresatot"
L 11/24/2025 - 13:40:37: "stathyobtaino<37><STEAM_0:1:9523712><TERRORIST>" triggered "Spawned_With_The_Bomb"
L 11/24/2025 - 13:40:37: World triggered "Round_Start"
L 11/24/2025 - 13:41:16: "stathyobtaino<37><STEAM_0:1:9523712><TERRORIST>" triggered "Planted_The_Bomb"
L 11/24/2025 - 13:41:16: "irrekeresAtot<36><STEAM_0:1:7214592><CT>" say "Come on stathyobtaino,"
L 11/24/2025 - 13:41:28: "irrekeresAtot<36><STEAM_0:1:7214592><CT>" killed "stathyobtaino<37><STEAM_0:1:9523712><TERRORIST>" with "famas"
L 11/24/2025 - 13:41:36: "irrekeresAtot<36><STEAM_0:1:7214592><CT>" triggered "Begin_Bomb_Defuse_With_Kit"
L 11/24/2025 - 13:41:41: "irrekeresAtot<36><STEAM_0:1:7214592><CT>" triggered "Defused_The_Bomb"
L 11/24/2025 - 13:41:41: Team "CT" triggered "Bomb_Defused" (CT "3") (T "3")
L 11/24/2025 - 13:41:41: World triggered "Round_End"
L 11/24/2025 - 13:41:44: "stathyobtaino<37><STEAM_0:1:9523712><TERRORIST>" triggered "Spawned_With_The_Bomb"
L 11/24/2025 - 13:41:44: World triggered "Round_Start"
L 11/24/2025 - 13:42:17: "stathyobtaino<37><STEAM_0:1:9523712><TERRORIST>" triggered "Planted_The_Bomb"
L 11/24/2025 - 13:42:18: "irrekeresAtot<36><STEAM_0:1:7214592><CT>" say "Come on stathyobtaino,"
L 11/24/2025 - 13:42:24: "irrekeresAtot<36><STEAM_0:1:7214592><CT>" killed "stathyobtaino<37><STEAM_0:1:9523712><TERRORIST>" with "famas"
L 11/24/2025 - 13:42:43: "irrekeresAtot<36><STEAM_0:1:7214592><CT>" triggered "Begin_Bomb_Defuse_With_Kit"
L 11/24/2025 - 13:42:48: "irrekeresAtot<36><STEAM_0:1:7214592><CT>" triggered "Defused_The_Bomb"
L 11/24/2025 - 13:42:48: Team "CT" triggered "Bomb_Defused" (CT "4") (T "3")
L 11/24/2025 - 13:42:48: World triggered "Round_End"
L 11/24/2025 - 13:42:51: "stathyobtaino<37><STEAM_0:1:9523712><TERRORIST>" triggered "Spawned_With_The_Bomb"
L 11/24/2025 - 13:42:51: World triggered "Round_Start"
L 11/24/2025 - 13:43:20: "stathyobtaino<37><STEAM_0:1:9523712><TERRORIST>" triggered "Planted_The_Bomb"
L 11/24/2025 - 13:43:20: "irrekeresAtot<36><STEAM_0:1:7214592><CT>" say "Come on stathyobtaino,"
L 11/24/2025 - 13:43:34: Kick: "stathyobtaino<37><STEAM_0:1:16><>" was kicked by "Console"
L 11/24/2025 - 13:43:34: "stathyobtaino<37><BOT><TERRORIST>" disconnected
L 11/24/2025 - 13:43:34: "alexfeel1976<38><STEAM_0:1:5059072><>" entered the game
L 11/24/2025 - 13:43:34: "alexfeel1976<38><STEAM_0:1:5059072><>" joined team "TERRORIST"
L 11/24/2025 - 13:43:34: World triggered "Game_Commencing"
L 11/24/2025 - 13:43:34: World triggered "Game_Commencing" (CT "4") (T "3")
L 11/24/2025 - 13:43:34: World triggered "Round_End"
L 11/24/2025 - 13:43:37: "alexfeel1976<38><STEAM_0:1:5059072><TERRORIST>" triggered "Spawned_With_The_Bomb"
L 11/24/2025 - 13:43:37: World triggered "Round_Start"
L 11/24/2025 - 13:44:04: "alexfeel1976<38><STEAM_0:1:5059072><TERRORIST>" triggered "Planted_The_Bomb"
L 11/24/2025 - 13:44:04: "irrekeresAtot<36><STEAM_0:1:7214592><CT>" say "Come on alexfeel1976,"
L 11/24/2025 - 13:44:17: "alexfeel1976<38><STEAM_0:1:5059072><TERRORIST>" killed "irrekeresAtot<36><STEAM_0:1:7214592><CT>" with "glock18"
L 11/24/2025 - 13:44:17: Team "TERRORIST" triggered "Terrorists_Win" (CT "0") (T "1")
L 11/24/2025 - 13:44:17: World triggered "Round_End"
L 11/24/2025 - 13:44:20: "alexfeel1976<38><STEAM_0:1:5059072><TERRORIST>" triggered "Spawned_With_The_Bomb"
L 11/24/2025 - 13:44:20: World triggered "Round_Start"
L 11/24/2025 - 13:44:30: Server cvar "amx_nextmap" = "de_dust2"
L 11/24/2025 - 13:44:30: Server cvar "mp_chattime" = "11.000000"
L 11/24/2025 - 13:44:40: Server cvar "mp_chattime" = "10.000000"
L 11/24/2025 - 13:44:40: "alexfeel1976<38><BOT><TERRORIST>" triggered "Dropped_The_Bomb"
L 11/24/2025 - 13:44:40: "alexfeel1976<38><BOT><TERRORIST>" disconnected
L 11/24/2025 - 13:44:40: "irrekeresAtot<36><BOT><CT>" disconnected
L 11/24/2025 - 13:44:40: World triggered "Round_Draw" (CT "0") (T "1")
L 11/24/2025 - 13:44:40: World triggered "Round_End"
L 11/24/2025 - 13:44:40: [META] ini: Begin re-reading plugins list: c:/~dl/sonstz/gameshit/cs 1.6 shit/_falconz-cs16-server/cstrike/addons/metamod/plugins.ini
L 11/24/2025 - 13:44:40: [META] ini: Read plugin config for: AMX Mod X
L 11/24/2025 - 13:44:40: [META] ini: Read plugin config for: Rechecker
L 11/24/2025 - 13:44:40: [META] ini: Read plugin config for: ReSemiclip
L 11/24/2025 - 13:44:40: [META] ini: Read plugin config for: HitBox Fix
L 11/24/2025 - 13:44:40: [META] ini: Read plugin config for: YaPB
L 11/24/2025 - 13:44:40: [META] ini: Finished reading plugins list: c:/~dl/sonstz/gameshit/cs 1.6 shit/_falconz-cs16-server/cstrike/addons/metamod/plugins.ini; Found 5 plugins
L 11/24/2025 - 13:44:40: [META] dll: Updating plugins...
L 11/24/2025 - 13:44:40: [META] dll: Finished updating 16 plugins; kept 5, loaded 0, unloaded 0, reloaded 0, delayed 0
L 11/24/2025 - 13:44:40: [META] dll: Rebuilding callbacks...
L 11/24/2025 - 13:44:40: [META] dll: Callbacks rebuilded.
L 11/24/2025 - 13:44:40: Log file closed
