L 11/24/2025 - 19:22:59: Log file started (file "logs\L1124057.log") (game "cstrike") (version "48/1.1.2.7/Stdio/4002")
L 11/24/2025 - 19:22:59: Loading map "aim_aspect"
L 11/24/2025 - 19:22:59: Server cvars start
L 11/24/2025 - 19:22:59: Server cvar "allow_spectators" = "1.0"
L 11/24/2025 - 19:22:59: Server cvar "amx_client_languages" = "1"
L 11/24/2025 - 19:22:59: Server cvar "amx_language" = "en"
L 11/24/2025 - 19:22:59: Server cvar "amx_nextmap" = "aim_aspect"
L 11/24/2025 - 19:22:59: Server cvar "amxmodx_version" = "1.9.0.5294"
L 11/24/2025 - 19:22:59: Server cvar "coop" = "0"
L 11/24/2025 - 19:22:59: Server cvar "deathmatch" = "1"
L 11/24/2025 - 19:22:59: Server cvar "decalfrequency" = "3"
L 11/24/2025 - 19:22:59: Server cvar "edgefriction" = "2"
L 11/24/2025 - 19:22:59: Server cvar "ff_damage_reduction_bullets" = "0.35"
L 11/24/2025 - 19:22:59: Server cvar "ff_damage_reduction_grenade" = "0.25"
L 11/24/2025 - 19:22:59: Server cvar "ff_damage_reduction_grenade_self" = "1.0"
L 11/24/2025 - 19:22:59: Server cvar "ff_damage_reduction_other" = "0.35"
L 11/24/2025 - 19:22:59: Server cvar "game_version" = "5.28.0.756-dev"
L 11/24/2025 - 19:22:59: Server cvar "hbf_debug" = "0"
L 11/24/2025 - 19:22:59: Server cvar "hbf_enabled" = "1"
L 11/24/2025 - 19:22:59: Server cvar "humans_join_team" = "any"
L 11/24/2025 - 19:22:59: Server cvar "jtp10181" = "gore,wa"
L 11/24/2025 - 19:22:59: Server cvar "mapm_admin_menu_delay" = "1"
L 11/24/2025 - 19:22:59: Server cvar "mapm_admin_menu_maplist" = "maps.ini"
L 11/24/2025 - 19:22:59: Server cvar "mapm_version" = "3.3.1"
L 11/24/2025 - 19:22:59: Server cvar "max_queries_sec" = "3.0"
L 11/24/2025 - 19:22:59: Server cvar "max_queries_sec_global" = "30"
L 11/24/2025 - 19:22:59: Server cvar "max_queries_window" = "60"
L 11/24/2025 - 19:22:59: Server cvar "metamod_version" = "1.3.0.149"
L 11/24/2025 - 19:22:59: Server cvar "mp_afk_bomb_drop_time" = "15"
L 11/24/2025 - 19:22:59: Server cvar "mp_ammo_respawn_time" = "20"
L 11/24/2025 - 19:22:59: Server cvar "mp_autokick" = "1"
L 11/24/2025 - 19:22:59: Server cvar "mp_autokick_timeout" = "-1"
L 11/24/2025 - 19:22:59: Server cvar "mp_autoteambalance" = "0"
L 11/24/2025 - 19:22:59: Server cvar "mp_buy_anywhere" = "0"
L 11/24/2025 - 19:22:59: Server cvar "mp_buytime" = "1.5"
L 11/24/2025 - 19:22:59: Server cvar "mp_c4timer" = "45"
L 11/24/2025 - 19:22:59: Server cvar "mp_chattime" = "10.000000"
L 11/24/2025 - 19:22:59: Server cvar "mp_consistency" = "1"
L 11/24/2025 - 19:22:59: Server cvar "mp_fadetoblack" = "0"
L 11/24/2025 - 19:22:59: Server cvar "mp_falldamage" = "1"
L 11/24/2025 - 19:22:59: Server cvar "mp_flashlight" = "0"
L 11/24/2025 - 19:22:59: Server cvar "mp_footsteps" = "1"
L 11/24/2025 - 19:22:59: Server cvar "mp_forcecamera" = "0"
L 11/24/2025 - 19:22:59: Server cvar "mp_forcechasecam" = "0"
L 11/24/2025 - 19:22:59: Server cvar "mp_forcerespawn" = "0"
L 11/24/2025 - 19:22:59: Server cvar "mp_fraglimit" = "0"
L 11/24/2025 - 19:22:59: Server cvar "mp_fragsleft" = "0"
L 11/24/2025 - 19:22:59: Server cvar "mp_freeforall" = "0"
L 11/24/2025 - 19:22:59: Server cvar "mp_freezetime" = "0.5"
L 11/24/2025 - 19:22:59: Server cvar "mp_friendlyfire" = "1"
L 11/24/2025 - 19:22:59: Server cvar "mp_give_player_c4" = "1"
L 11/24/2025 - 19:22:59: Server cvar "mp_hostage_hurtable" = "1"
L 11/24/2025 - 19:22:59: Server cvar "mp_hostagepenalty" = "13"
L 11/24/2025 - 19:22:59: Server cvar "mp_infinite_ammo" = "0"
L 11/24/2025 - 19:22:59: Server cvar "mp_infinite_grenades" = "0"
L 11/24/2025 - 19:22:59: Server cvar "mp_item_respawn_time" = "30"
L 11/24/2025 - 19:22:59: Server cvar "mp_item_staytime" = "300"
L 11/24/2025 - 19:22:59: Server cvar "mp_kickpercent" = "0.66"
L 11/24/2025 - 19:22:59: Server cvar "mp_limitteams" = "2"
L 11/24/2025 - 19:22:59: Server cvar "mp_logdetail" = "0"
L 11/24/2025 - 19:22:59: Server cvar "mp_logfile" = "1"
L 11/24/2025 - 19:22:59: Server cvar "mp_logmessages" = "1"
L 11/24/2025 - 19:22:59: Server cvar "mp_mapvoteratio" = "0.66"
L 11/24/2025 - 19:22:59: Server cvar "mp_maxmoney" = "32000"
L 11/24/2025 - 19:22:59: Server cvar "mp_maxrounds" = "0"
L 11/24/2025 - 19:22:59: Server cvar "mp_playerid" = "0"
L 11/24/2025 - 19:22:59: Server cvar "mp_radio_maxinround" = "60"
L 11/24/2025 - 19:22:59: Server cvar "mp_radio_timeout" = "0"
L 11/24/2025 - 19:22:59: Server cvar "mp_respawn_immunity_effects" = "1"
L 11/24/2025 - 19:22:59: Server cvar "mp_respawn_immunity_force_unset" = "1"
L 11/24/2025 - 19:22:59: Server cvar "mp_respawn_immunitytime" = "0"
L 11/24/2025 - 19:22:59: Server cvar "mp_round_infinite" = "0"
L 11/24/2025 - 19:22:59: Server cvar "mp_round_restart_delay" = "3"
L 11/24/2025 - 19:22:59: Server cvar "mp_roundover" = "0"
L 11/24/2025 - 19:22:59: Server cvar "mp_roundtime" = "2"
L 11/24/2025 - 19:22:59: Server cvar "mp_scoreboard_showdefkit" = "1"
L 11/24/2025 - 19:22:59: Server cvar "mp_scoreboard_showhealth" = "5"
L 11/24/2025 - 19:22:59: Server cvar "mp_scoreboard_showmoney" = "5"
L 11/24/2025 - 19:22:59: Server cvar "mp_show_scenarioicon" = "1"
L 11/24/2025 - 19:22:59: Server cvar "mp_startmoney" = "800"
L 11/24/2025 - 19:22:59: Server cvar "mp_timeleft" = "13:20"
L 11/24/2025 - 19:22:59: Server cvar "mp_timelimit" = "15"
L 11/24/2025 - 19:22:59: Server cvar "mp_tkpunish" = "0"
L 11/24/2025 - 19:22:59: Server cvar "mp_weapon_respawn_time" = "20"
L 11/24/2025 - 19:22:59: Server cvar "mp_weapons_allow_map_placed" = "1"
L 11/24/2025 - 19:22:59: Server cvar "mp_windifference" = "1"
L 11/24/2025 - 19:22:59: Server cvar "mp_winlimit" = "0"
L 11/24/2025 - 19:22:59: Server cvar "pausable" = "0"
L 11/24/2025 - 19:22:59: Server cvar "resemiclip_version" = "2.4.3"
L 11/24/2025 - 19:22:59: Server cvar "sv_accelerate" = "5"
L 11/24/2025 - 19:22:59: Server cvar "sv_aim" = "0"
L 11/24/2025 - 19:22:59: Server cvar "sv_airaccelerate" = "10"
L 11/24/2025 - 19:22:59: Server cvar "sv_allow_autoaim" = "1"
L 11/24/2025 - 19:22:59: Server cvar "sv_allowupload" = "1"
L 11/24/2025 - 19:22:59: Server cvar "sv_alltalk" = "1"
L 11/24/2025 - 19:22:59: Server cvar "sv_bounce" = "1"
L 11/24/2025 - 19:22:59: Server cvar "sv_cheats" = "0"
L 11/24/2025 - 19:22:59: Server cvar "sv_clienttrace" = "1"
L 11/24/2025 - 19:22:59: Server cvar "sv_contact" = ""
L 11/24/2025 - 19:22:59: Server cvar "sv_friction" = "4"
L 11/24/2025 - 19:22:59: Server cvar "sv_gravity" = "800"
L 11/24/2025 - 19:22:59: Server cvar "sv_logblocks" = "0"
L 11/24/2025 - 19:22:59: Server cvar "sv_maxrate" = "250000"
L 11/24/2025 - 19:22:59: Server cvar "sv_maxspeed" = "900"
L 11/24/2025 - 19:22:59: Server cvar "sv_minrate" = "25000"
L 11/24/2025 - 19:22:59: Server cvar "sv_password" = ""
L 11/24/2025 - 19:22:59: Server cvar "sv_proxies" = "1"
L 11/24/2025 - 19:22:59: Server cvar "sv_restart" = "0"
L 11/24/2025 - 19:22:59: Server cvar "sv_restartround" = "0"
L 11/24/2025 - 19:22:59: Server cvar "sv_stepsize" = "18"
L 11/24/2025 - 19:22:59: Server cvar "sv_stopspeed" = "75"
L 11/24/2025 - 19:22:59: Server cvar "sv_uploadmax" = "7.77"
L 11/24/2025 - 19:22:59: Server cvar "sv_version" = "1.1.2.7/Stdio,48,4002"
L 11/24/2025 - 19:22:59: Server cvar "sv_voiceenable" = "1"
L 11/24/2025 - 19:22:59: Server cvar "sv_wateraccelerate" = "10"
L 11/24/2025 - 19:22:59: Server cvar "sv_waterfriction" = "1"
L 11/24/2025 - 19:22:59: Server cvar "UAIO (Admin Menu)" = "1.50"
L 11/24/2025 - 19:22:59: Server cvar "weaponarena_version" = "2.0.4"
L 11/24/2025 - 19:22:59: Server cvar "yb_version" = "4.4.957"
L 11/24/2025 - 19:22:59: Server cvars end
L 11/24/2025 - 19:22:59: Server cvar "mp_timelimit" = "20"
L 11/24/2025 - 19:23:00: Server cvar "sv_maxspeed" = "320"
L 11/24/2025 - 19:23:00: Server cvar "mp_timelimit" = "15"
L 11/24/2025 - 19:23:00: Server cvar "sv_maxspeed" = "900"
L 11/24/2025 - 19:23:00: Server cvar "amx_nextmap" = "aim_assault_puff"
L 11/24/2025 - 19:23:00: Started map "aim_aspect" (CRC "-665737331")
L 11/24/2025 - 19:23:01: World triggered "Round_Start"
L 11/24/2025 - 19:23:02: ".Ｃʏʙᴇʀ’Ｆｏχ<77><STEAM_0:1:97036452><>" connected, address "84.159.156.244:27005"
L 11/24/2025 - 19:23:02: "s|<1LL3D<78><STEAM_0:1:23986766><>" connected, address "178.26.154.106:27005"
L 11/24/2025 - 19:23:03: "s|<1LL3D<78><STEAM_0:1:23986766><>" STEAM USERID validated
L 11/24/2025 - 19:23:03: ".Ｃʏʙᴇʀ’Ｆｏχ<77><STEAM_0:1:97036452><>" STEAM USERID validated
L 11/24/2025 - 19:23:05: "s|<1LL3D<78><STEAM_0:1:23986766><>" entered the game
L 11/24/2025 - 19:23:05: ".Ｃʏʙᴇʀ’Ｆｏχ<77><STEAM_0:1:97036452><>" entered the game
L 11/24/2025 - 19:23:08: "Smir44<79><STEAM_0:1:7227904><>" entered the game
L 11/24/2025 - 19:23:08: "Smir44<79><STEAM_0:1:7227904><>" joined team "CT"
L 11/24/2025 - 19:23:08: "Faake<80><STEAM_0:1:4899584><>" entered the game
L 11/24/2025 - 19:23:08: "Faake<80><STEAM_0:1:4899584><>" joined team "TERRORIST"
L 11/24/2025 - 19:23:08: World triggered "Game_Commencing"
L 11/24/2025 - 19:23:08: World triggered "Game_Commencing" (CT "0") (T "0")
L 11/24/2025 - 19:23:08: World triggered "Round_End"
L 11/24/2025 - 19:23:08: "Paolo Di Canio<81><STEAM_0:1:2515968><>" entered the game
L 11/24/2025 - 19:23:08: "Paolo Di Canio<81><STEAM_0:1:2515968><>" joined team "TERRORIST"
L 11/24/2025 - 19:23:09: "pitgtn<82><STEAM_0:1:903168><>" entered the game
L 11/24/2025 - 19:23:09: "pitgtn<82><STEAM_0:1:903168><>" joined team "CT"
L 11/24/2025 - 19:23:09: "cibercom<83><STEAM_0:1:7255808><>" entered the game
L 11/24/2025 - 19:23:09: "cibercom<83><STEAM_0:1:7255808><>" joined team "CT"
L 11/24/2025 - 19:23:10: "SPorT<84><STEAM_0:1:14930432><>" entered the game
L 11/24/2025 - 19:23:10: "SPorT<84><STEAM_0:1:14930432><>" joined team "TERRORIST"
L 11/24/2025 - 19:23:10: "SaoSin<85><STEAM_0:1:7847680><>" entered the game
L 11/24/2025 - 19:23:10: "SaoSin<85><STEAM_0:1:7847680><>" joined team "TERRORIST"
L 11/24/2025 - 19:23:10: "Alex Plastic<86><STEAM_0:1:274688><>" entered the game
L 11/24/2025 - 19:23:10: "Alex Plastic<86><STEAM_0:1:274688><>" joined team "CT"
L 11/24/2025 - 19:23:11: "Grishagrisha<87><STEAM_0:1:2288896><>" entered the game
L 11/24/2025 - 19:23:11: "Grishagrisha<87><STEAM_0:1:2288896><>" joined team "CT"
L 11/24/2025 - 19:23:11: World triggered "Round_Start"
L 11/24/2025 - 19:23:23: "SPorT<84><STEAM_0:1:14930432><TERRORIST>" killed "Grishagrisha<87><STEAM_0:1:2288896><CT>" with "ak47"
L 11/24/2025 - 19:23:25: "cibercom<83><STEAM_0:1:7255808><CT>" killed "SaoSin<85><STEAM_0:1:7847680><TERRORIST>" with "deagle"
L 11/24/2025 - 19:23:26: "Smir44<79><STEAM_0:1:7227904><CT>" killed "SPorT<84><STEAM_0:1:14930432><TERRORIST>" with "m4a1"
L 11/24/2025 - 19:23:26: "Smir44<79><STEAM_0:1:7227904><CT>" say "you bot SPorT"
L 11/24/2025 - 19:23:33: "SaoSin<85><STEAM_0:1:7847680><TERRORIST>" say "tere is bots in this server??" (dead)
L 11/24/2025 - 19:23:36: "SPorT<84><STEAM_0:1:14930432><TERRORIST>" say "Faake noob" (dead)
L 11/24/2025 - 19:23:36: "Smir44<79><STEAM_0:1:7227904><CT>" killed "Faake<80><STEAM_0:1:4899584><TERRORIST>" with "m4a1"
L 11/24/2025 - 19:23:54: "SaoSin<85><STEAM_0:1:7847680><TERRORIST>" say "xD" (dead)
L 11/24/2025 - 19:23:55: "s|<1LL3D<78><STEAM_0:1:23986766><>" joined team "TERRORIST"
L 11/24/2025 - 19:23:55: Kick: "Faake<80><STEAM_0:0:31><>" was kicked by "Console"
L 11/24/2025 - 19:23:55: "Faake<80><BOT><TERRORIST>" disconnected
L 11/24/2025 - 19:23:56: "Alex Plastic<86><STEAM_0:1:274688><CT>" killed "s|<1LL3D<78><STEAM_0:1:23986766><TERRORIST>" with "ak47"
L 11/24/2025 - 19:23:59: "Smir44<79><STEAM_0:1:7227904><CT>" committed suicide with "m4a1" (world)
L 11/24/2025 - 19:23:59: "Paolo Di Canio<81><STEAM_0:1:2515968><TERRORIST>" committed suicide with "deagle" (world)
L 11/24/2025 - 19:23:59: Team "CT" triggered "CTs_Win" (CT "1") (T "0")
L 11/24/2025 - 19:23:59: World triggered "Round_End"
L 11/24/2025 - 19:23:59: "pitgtn<82><STEAM_0:1:903168><CT>" committed suicide with "ak47" (world)
L 11/24/2025 - 19:23:59: "cibercom<83><STEAM_0:1:7255808><CT>" committed suicide with "ak47" (world)
L 11/24/2025 - 19:23:59: "Alex Plastic<86><STEAM_0:1:274688><CT>" committed suicide with "ak47" (world)
L 11/24/2025 - 19:24:02: World triggered "Round_Start"
L 11/24/2025 - 19:24:08: "Smir44<79><STEAM_0:1:7227904><CT>" killed "SPorT<84><STEAM_0:1:14930432><TERRORIST>" with "m4a1"
L 11/24/2025 - 19:24:08: "Smir44<79><STEAM_0:1:7227904><CT>" say "hahahaha"
L 11/24/2025 - 19:24:09: "s|<1LL3D<78><STEAM_0:1:23986766><TERRORIST>" killed "Alex Plastic<86><STEAM_0:1:274688><CT>" with "deagle"
L 11/24/2025 - 19:24:15: "Smir44<79><STEAM_0:1:7227904><CT>" killed "s|<1LL3D<78><STEAM_0:1:23986766><TERRORIST>" with "m4a1"
L 11/24/2025 - 19:24:15: "Smir44<79><STEAM_0:1:7227904><CT>" say "hahahaha"
L 11/24/2025 - 19:24:18: "Smir44<79><STEAM_0:1:7227904><CT>" committed suicide with "m4a1" (world)
L 11/24/2025 - 19:24:18: "Paolo Di Canio<81><STEAM_0:1:2515968><TERRORIST>" committed suicide with "ak47" (world)
L 11/24/2025 - 19:24:18: "pitgtn<82><STEAM_0:1:903168><CT>" committed suicide with "m4a1" (world)
L 11/24/2025 - 19:24:18: "cibercom<83><STEAM_0:1:7255808><CT>" committed suicide with "deagle" (world)
L 11/24/2025 - 19:24:18: "SaoSin<85><STEAM_0:1:7847680><TERRORIST>" committed suicide with "deagle" (world)
L 11/24/2025 - 19:24:18: Team "CT" triggered "CTs_Win" (CT "2") (T "0")
L 11/24/2025 - 19:24:18: World triggered "Round_End"
L 11/24/2025 - 19:24:18: "Grishagrisha<87><STEAM_0:1:2288896><CT>" committed suicide with "m4a1" (world)
L 11/24/2025 - 19:24:19: ".Ｃʏʙᴇʀ’Ｆｏχ<77><STEAM_0:1:97036452><>" joined team "CT"
L 11/24/2025 - 19:24:19: Kick: "Smir44<79><STEAM_0:1:30><>" was kicked by "Console"
L 11/24/2025 - 19:24:19: "Smir44<79><BOT><CT>" disconnected
L 11/24/2025 - 19:24:21: World triggered "Round_Start"
L 11/24/2025 - 19:24:27: ".Ｃʏʙᴇʀ’Ｆｏχ<77><STEAM_0:1:97036452><CT>" killed "SaoSin<85><STEAM_0:1:7847680><TERRORIST>" with "m4a1"
L 11/24/2025 - 19:24:27: "SPorT<84><STEAM_0:1:14930432><TERRORIST>" killed "Grishagrisha<87><STEAM_0:1:2288896><CT>" with "ak47"
L 11/24/2025 - 19:24:29: ".Ｃʏʙᴇʀ’Ｆｏχ<77><STEAM_0:1:97036452><CT>" killed "SPorT<84><STEAM_0:1:14930432><TERRORIST>" with "m4a1"
L 11/24/2025 - 19:24:32: "s|<1LL3D<78><STEAM_0:1:23986766><TERRORIST>" killed "cibercom<83><STEAM_0:1:7255808><CT>" with "ak47"
L 11/24/2025 - 19:24:34: "s|<1LL3D<78><STEAM_0:1:23986766><TERRORIST>" killed "Alex Plastic<86><STEAM_0:1:274688><CT>" with "ak47"
L 11/24/2025 - 19:24:44: ".Ｃʏʙᴇʀ’Ｆｏχ<77><STEAM_0:1:97036452><CT>" killed "Paolo Di Canio<81><STEAM_0:1:2515968><TERRORIST>" with "m4a1"
L 11/24/2025 - 19:24:46: ".Ｃʏʙᴇʀ’Ｆｏχ<77><STEAM_0:1:97036452><CT>" killed "s|<1LL3D<78><STEAM_0:1:23986766><TERRORIST>" with "m4a1"
L 11/24/2025 - 19:24:46: Team "CT" triggered "CTs_Win" (CT "3") (T "0")
L 11/24/2025 - 19:24:46: World triggered "Round_End"
L 11/24/2025 - 19:24:49: World triggered "Round_Start"
L 11/24/2025 - 19:24:53: ".Ｃʏʙᴇʀ’Ｆｏχ<77><STEAM_0:1:97036452><CT>" killed "SPorT<84><STEAM_0:1:14930432><TERRORIST>" with "m4a1"
L 11/24/2025 - 19:24:53: "s|<1LL3D<78><STEAM_0:1:23986766><TERRORIST>" killed ".Ｃʏʙᴇʀ’Ｆｏχ<77><STEAM_0:1:97036452><CT>" with "ak47"
L 11/24/2025 - 19:24:58: "Alex Plastic<86><STEAM_0:1:274688><CT>" killed "Paolo Di Canio<81><STEAM_0:1:2515968><TERRORIST>" with "deagle"
L 11/24/2025 - 19:24:58: "Alex Plastic<86><STEAM_0:1:274688><CT>" say "Paolo Di Canio, stupid"
L 11/24/2025 - 19:25:03: "Grishagrisha<87><STEAM_0:1:2288896><CT>" killed "SaoSin<85><STEAM_0:1:7847680><TERRORIST>" with "m4a1"
L 11/24/2025 - 19:25:04: "Alex Plastic<86><STEAM_0:1:274688><CT>" killed "s|<1LL3D<78><STEAM_0:1:23986766><TERRORIST>" with "m4a1"
L 11/24/2025 - 19:25:04: Team "CT" triggered "CTs_Win" (CT "4") (T "0")
L 11/24/2025 - 19:25:04: World triggered "Round_End"
L 11/24/2025 - 19:25:04: "Alex Plastic<86><STEAM_0:1:274688><CT>" say "you bot s|<1ll3d"
L 11/24/2025 - 19:25:07: World triggered "Round_Start"
L 11/24/2025 - 19:25:11: ".Ｃʏʙᴇʀ’Ｆｏχ<77><STEAM_0:1:97036452><CT>" killed "SaoSin<85><STEAM_0:1:7847680><TERRORIST>" with "m4a1"
L 11/24/2025 - 19:25:12: "SPorT<84><STEAM_0:1:14930432><TERRORIST>" killed "Alex Plastic<86><STEAM_0:1:274688><CT>" with "ak47"
L 11/24/2025 - 19:25:15: ".Ｃʏʙᴇʀ’Ｆｏχ<77><STEAM_0:1:97036452><CT>" killed "SPorT<84><STEAM_0:1:14930432><TERRORIST>" with "m4a1"
L 11/24/2025 - 19:25:17: "s|<1LL3D<78><STEAM_0:1:23986766><TERRORIST>" killed "cibercom<83><STEAM_0:1:7255808><CT>" with "deagle"
L 11/24/2025 - 19:25:17: ".Ｃʏʙᴇʀ’Ｆｏχ<77><STEAM_0:1:97036452><CT>" killed "s|<1LL3D<78><STEAM_0:1:23986766><TERRORIST>" with "m4a1"
L 11/24/2025 - 19:25:23: "SPorT<84><STEAM_0:1:14930432><TERRORIST>" say "01:44 vs Paolo Di Canio" (dead)
L 11/24/2025 - 19:25:29: ".Ｃʏʙᴇʀ’Ｆｏχ<77><STEAM_0:1:97036452><CT>" killed "Paolo Di Canio<81><STEAM_0:1:2515968><TERRORIST>" with "deagle"
L 11/24/2025 - 19:25:29: Team "CT" triggered "CTs_Win" (CT "5") (T "0")
L 11/24/2025 - 19:25:29: World triggered "Round_End"
L 11/24/2025 - 19:25:32: World triggered "Round_Start"
L 11/24/2025 - 19:25:36: ".Ｃʏʙᴇʀ’Ｆｏχ<77><STEAM_0:1:97036452><CT>" killed "Paolo Di Canio<81><STEAM_0:1:2515968><TERRORIST>" with "m4a1"
L 11/24/2025 - 19:25:38: "cibercom<83><STEAM_0:1:7255808><CT>" killed "SPorT<84><STEAM_0:1:14930432><TERRORIST>" with "m4a1"
L 11/24/2025 - 19:25:42: ".Ｃʏʙᴇʀ’Ｆｏχ<77><STEAM_0:1:97036452><CT>" killed "SaoSin<85><STEAM_0:1:7847680><TERRORIST>" with "m4a1"
L 11/24/2025 - 19:25:43: "s|<1LL3D<78><STEAM_0:1:23986766><TERRORIST>" killed "Alex Plastic<86><STEAM_0:1:274688><CT>" with "ak47"
L 11/24/2025 - 19:25:50: "s|<1LL3D<78><STEAM_0:1:23986766><TERRORIST>" killed ".Ｃʏʙᴇʀ’Ｆｏχ<77><STEAM_0:1:97036452><CT>" with "ak47"
L 11/24/2025 - 19:25:52: "s|<1LL3D<78><STEAM_0:1:23986766><TERRORIST>" killed "Grishagrisha<87><STEAM_0:1:2288896><CT>" with "ak47"
L 11/24/2025 - 19:25:55: "SaoSin<85><STEAM_0:1:7847680><TERRORIST>" say "01:38 left" (dead)
L 11/24/2025 - 19:25:57: "cibercom<83><STEAM_0:1:7255808><CT>" killed "s|<1LL3D<78><STEAM_0:1:23986766><TERRORIST>" with "m4a1"
L 11/24/2025 - 19:25:57: Team "CT" triggered "CTs_Win" (CT "6") (T "0")
L 11/24/2025 - 19:25:57: World triggered "Round_End"
L 11/24/2025 - 19:26:00: World triggered "Round_Start"
L 11/24/2025 - 19:26:06: "cibercom<83><STEAM_0:1:7255808><CT>" killed "SaoSin<85><STEAM_0:1:7847680><TERRORIST>" with "m4a1"
L 11/24/2025 - 19:26:07: ".Ｃʏʙᴇʀ’Ｆｏχ<77><STEAM_0:1:97036452><CT>" killed "s|<1LL3D<78><STEAM_0:1:23986766><TERRORIST>" with "deagle"
L 11/24/2025 - 19:26:10: "cibercom<83><STEAM_0:1:7255808><CT>" killed "SPorT<84><STEAM_0:1:14930432><TERRORIST>" with "m4a1"
L 11/24/2025 - 19:26:16: ".Ｃʏʙᴇʀ’Ｆｏχ<77><STEAM_0:1:97036452><CT>" killed "Paolo Di Canio<81><STEAM_0:1:2515968><TERRORIST>" with "ak47"
L 11/24/2025 - 19:26:16: Team "CT" triggered "CTs_Win" (CT "7") (T "0")
L 11/24/2025 - 19:26:16: World triggered "Round_End"
L 11/24/2025 - 19:26:19: World triggered "Round_Start"
L 11/24/2025 - 19:26:23: "cibercom<83><STEAM_0:1:7255808><CT>" killed "SaoSin<85><STEAM_0:1:7847680><TERRORIST>" with "m4a1"
L 11/24/2025 - 19:26:26: "pitgtn<82><STEAM_0:1:903168><CT>" killed "SPorT<84><STEAM_0:1:14930432><TERRORIST>" with "m4a1"
L 11/24/2025 - 19:26:26: "pitgtn<82><STEAM_0:1:903168><CT>" say "SPorT you bot"
L 11/24/2025 - 19:26:29: ".Ｃʏʙᴇʀ’Ｆｏχ<77><STEAM_0:1:97036452><CT>" killed "s|<1LL3D<78><STEAM_0:1:23986766><TERRORIST>" with "ak47"
L 11/24/2025 - 19:26:33: ".Ｃʏʙᴇʀ’Ｆｏχ<77><STEAM_0:1:97036452><CT>" killed "Paolo Di Canio<81><STEAM_0:1:2515968><TERRORIST>" with "m4a1"
L 11/24/2025 - 19:26:33: Team "CT" triggered "CTs_Win" (CT "8") (T "0")
L 11/24/2025 - 19:26:33: World triggered "Round_End"
L 11/24/2025 - 19:26:36: World triggered "Round_Start"
L 11/24/2025 - 19:26:38: ".Ｃʏʙᴇʀ’Ｆｏχ<77><STEAM_0:1:97036452><CT>" say "Mission continuum degenerated into epistemic noise, agency dissolved in stochastic entropy."
L 11/24/2025 - 19:26:41: "SaoSin<85><STEAM_0:1:7847680><TERRORIST>" killed "Grishagrisha<87><STEAM_0:1:2288896><CT>" with "deagle"
L 11/24/2025 - 19:26:43: Kick: "Grishagrisha<87><STEAM_0:1:34><>" was kicked by "Console"
L 11/24/2025 - 19:26:43: "Grishagrisha<87><BOT><CT>" disconnected
L 11/24/2025 - 19:26:43: Kick: "Paolo Di Canio<81><STEAM_0:1:31><>" was kicked by "Console"
L 11/24/2025 - 19:26:43: "Paolo Di Canio<81><BOT><TERRORIST>" disconnected
L 11/24/2025 - 19:26:44: "Grishagrisha<88><STEAM_0:1:2288896><>" entered the game
L 11/24/2025 - 19:26:44: "Grishagrisha<88><STEAM_0:1:2288896><>" joined team "TERRORIST"
L 11/24/2025 - 19:26:44: "Paolo Di Canio<89><STEAM_0:1:2515968><>" entered the game
L 11/24/2025 - 19:26:44: "Paolo Di Canio<89><STEAM_0:1:2515968><>" joined team "TERRORIST"
L 11/24/2025 - 19:26:44: "s|<1LL3D<78><STEAM_0:1:23986766><TERRORIST>" killed "Alex Plastic<86><STEAM_0:1:274688><CT>" with "ak47"
L 11/24/2025 - 19:26:44: "cibercom<83><STEAM_0:1:7255808><CT>" killed "SPorT<84><STEAM_0:1:14930432><TERRORIST>" with "m4a1"
L 11/24/2025 - 19:26:44: "Nosfer<90><STEAM_0:1:14016000><>" entered the game
L 11/24/2025 - 19:26:44: "Nosfer<90><STEAM_0:1:14016000><>" joined team "CT"
L 11/24/2025 - 19:26:45: Kick: "SPorT<84><STEAM_0:0:33><>" was kicked by "Console"
L 11/24/2025 - 19:26:45: "SPorT<84><BOT><TERRORIST>" disconnected
L 11/24/2025 - 19:26:45: "cibercom<83><STEAM_0:1:7255808><CT>" killed "SaoSin<85><STEAM_0:1:7847680><TERRORIST>" with "m4a1"
L 11/24/2025 - 19:26:45: Kick: "Alex Plastic<86><STEAM_0:0:34><>" was kicked by "Console"
L 11/24/2025 - 19:26:45: "Alex Plastic<86><BOT><CT>" disconnected
L 11/24/2025 - 19:26:46: Kick: "SaoSin<85><STEAM_0:1:33><>" was kicked by "Console"
L 11/24/2025 - 19:26:46: "SaoSin<85><BOT><TERRORIST>" disconnected
L 11/24/2025 - 19:26:46: Kick: "Nosfer<90><STEAM_0:0:36><>" was kicked by "Console"
L 11/24/2025 - 19:26:46: "Nosfer<90><BOT><CT>" disconnected
L 11/24/2025 - 19:26:46: Kick: "Grishagrisha<88><STEAM_0:0:35><>" was kicked by "Console"
L 11/24/2025 - 19:26:46: "Grishagrisha<88><BOT><TERRORIST>" disconnected
L 11/24/2025 - 19:26:47: Kick: "pitgtn<82><STEAM_0:0:32><>" was kicked by "Console"
L 11/24/2025 - 19:26:47: "pitgtn<82><BOT><CT>" disconnected
L 11/24/2025 - 19:26:47: Kick: "Paolo Di Canio<89><STEAM_0:1:35><>" was kicked by "Console"
L 11/24/2025 - 19:26:47: "Paolo Di Canio<89><BOT><TERRORIST>" disconnected
L 11/24/2025 - 19:26:48: Kick: "cibercom<83><STEAM_0:1:32><>" was kicked by "Console"
L 11/24/2025 - 19:26:48: "cibercom<83><BOT><CT>" disconnected
L 11/24/2025 - 19:26:48: "s|<1LL3D<78><STEAM_0:1:23986766><TERRORIST>" killed ".Ｃʏʙᴇʀ’Ｆｏχ<77><STEAM_0:1:97036452><CT>" with "ak47"
L 11/24/2025 - 19:26:48: Team "TERRORIST" triggered "Terrorists_Win" (CT "8") (T "1")
L 11/24/2025 - 19:26:48: World triggered "Round_End"
L 11/24/2025 - 19:26:51: World triggered "Round_Start"
L 11/24/2025 - 19:27:01: ".Ｃʏʙᴇʀ’Ｆｏχ<77><STEAM_0:1:97036452><CT>" killed "s|<1LL3D<78><STEAM_0:1:23986766><TERRORIST>" with "deagle"
L 11/24/2025 - 19:27:01: Team "CT" triggered "CTs_Win" (CT "9") (T "1")
L 11/24/2025 - 19:27:01: World triggered "Round_End"
L 11/24/2025 - 19:27:04: World triggered "Round_Start"
L 11/24/2025 - 19:27:21: "s|<1LL3D<78><STEAM_0:1:23986766><TERRORIST>" killed ".Ｃʏʙᴇʀ’Ｆｏχ<77><STEAM_0:1:97036452><CT>" with "deagle"
L 11/24/2025 - 19:27:21: Team "TERRORIST" triggered "Terrorists_Win" (CT "9") (T "2")
L 11/24/2025 - 19:27:21: World triggered "Round_End"
L 11/24/2025 - 19:27:24: World triggered "Round_Start"
L 11/24/2025 - 19:27:28: "s|<1LL3D<78><STEAM_0:1:23986766><TERRORIST>" killed ".Ｃʏʙᴇʀ’Ｆｏχ<77><STEAM_0:1:97036452><CT>" with "deagle"
L 11/24/2025 - 19:27:28: Team "TERRORIST" triggered "Terrorists_Win" (CT "9") (T "3")
L 11/24/2025 - 19:27:28: World triggered "Round_End"
L 11/24/2025 - 19:27:31: World triggered "Round_Start"
L 11/24/2025 - 19:27:42: "s|<1LL3D<78><STEAM_0:1:23986766><TERRORIST>" killed ".Ｃʏʙᴇʀ’Ｆｏχ<77><STEAM_0:1:97036452><CT>" with "deagle"
L 11/24/2025 - 19:27:42: Team "TERRORIST" triggered "Terrorists_Win" (CT "9") (T "4")
L 11/24/2025 - 19:27:42: World triggered "Round_End"
L 11/24/2025 - 19:27:45: World triggered "Round_Start"
L 11/24/2025 - 19:27:57: ".Ｃʏʙᴇʀ’Ｆｏχ<77><STEAM_0:1:97036452><CT>" killed "s|<1LL3D<78><STEAM_0:1:23986766><TERRORIST>" with "deagle"
L 11/24/2025 - 19:27:57: Team "CT" triggered "CTs_Win" (CT "10") (T "4")
L 11/24/2025 - 19:27:57: World triggered "Round_End"
L 11/24/2025 - 19:28:00: World triggered "Round_Start"
L 11/24/2025 - 19:28:11: "s|<1LL3D<78><STEAM_0:1:23986766><TERRORIST>" killed ".Ｃʏʙᴇʀ’Ｆｏχ<77><STEAM_0:1:97036452><CT>" with "deagle"
L 11/24/2025 - 19:28:11: Team "TERRORIST" triggered "Terrorists_Win" (CT "10") (T "5")
L 11/24/2025 - 19:28:11: World triggered "Round_End"
L 11/24/2025 - 19:28:14: World triggered "Round_Start"
L 11/24/2025 - 19:28:17: "s|<1LL3D<78><STEAM_0:1:23986766><TERRORIST>" killed ".Ｃʏʙᴇʀ’Ｆｏχ<77><STEAM_0:1:97036452><CT>" with "deagle"
L 11/24/2025 - 19:28:17: Team "TERRORIST" triggered "Terrorists_Win" (CT "10") (T "6")
L 11/24/2025 - 19:28:17: World triggered "Round_End"
L 11/24/2025 - 19:28:20: World triggered "Round_Start"
L 11/24/2025 - 19:28:34: "s|<1LL3D<78><STEAM_0:1:23986766><TERRORIST>" killed ".Ｃʏʙᴇʀ’Ｆｏχ<77><STEAM_0:1:97036452><CT>" with "deagle"
L 11/24/2025 - 19:28:34: Team "TERRORIST" triggered "Terrorists_Win" (CT "10") (T "7")
L 11/24/2025 - 19:28:34: World triggered "Round_End"
L 11/24/2025 - 19:28:37: World triggered "Round_Start"
L 11/24/2025 - 19:28:40: ".Ｃʏʙᴇʀ’Ｆｏχ<77><STEAM_0:1:97036452><CT>" killed "s|<1LL3D<78><STEAM_0:1:23986766><TERRORIST>" with "deagle"
L 11/24/2025 - 19:28:40: Team "CT" triggered "CTs_Win" (CT "11") (T "7")
L 11/24/2025 - 19:28:40: World triggered "Round_End"
L 11/24/2025 - 19:28:43: World triggered "Round_Start"
L 11/24/2025 - 19:28:46: "s|<1LL3D<78><STEAM_0:1:23986766><TERRORIST>" killed ".Ｃʏʙᴇʀ’Ｆｏχ<77><STEAM_0:1:97036452><CT>" with "deagle"
L 11/24/2025 - 19:28:46: Team "TERRORIST" triggered "Terrorists_Win" (CT "11") (T "8")
L 11/24/2025 - 19:28:46: World triggered "Round_End"
L 11/24/2025 - 19:28:49: World triggered "Round_Start"
L 11/24/2025 - 19:29:01: "s|<1LL3D<78><STEAM_0:1:23986766><TERRORIST>" killed ".Ｃʏʙᴇʀ’Ｆｏχ<77><STEAM_0:1:97036452><CT>" with "deagle"
L 11/24/2025 - 19:29:01: Team "TERRORIST" triggered "Terrorists_Win" (CT "11") (T "9")
L 11/24/2025 - 19:29:01: World triggered "Round_End"
L 11/24/2025 - 19:29:04: World triggered "Round_Start"
L 11/24/2025 - 19:29:14: ".Ｃʏʙᴇʀ’Ｆｏχ<77><STEAM_0:1:97036452><CT>" killed "s|<1LL3D<78><STEAM_0:1:23986766><TERRORIST>" with "deagle"
L 11/24/2025 - 19:29:14: Team "CT" triggered "CTs_Win" (CT "12") (T "9")
L 11/24/2025 - 19:29:14: World triggered "Round_End"
L 11/24/2025 - 19:29:17: World triggered "Round_Start"
L 11/24/2025 - 19:29:45: "s|<1LL3D<78><STEAM_0:1:23986766><TERRORIST>" killed ".Ｃʏʙᴇʀ’Ｆｏχ<77><STEAM_0:1:97036452><CT>" with "deagle"
L 11/24/2025 - 19:29:45: Team "TERRORIST" triggered "Terrorists_Win" (CT "12") (T "10")
L 11/24/2025 - 19:29:45: World triggered "Round_End"
L 11/24/2025 - 19:29:48: World triggered "Round_Start"
L 11/24/2025 - 19:30:17: "s|<1LL3D<78><STEAM_0:1:23986766><TERRORIST>" killed ".Ｃʏʙᴇʀ’Ｆｏχ<77><STEAM_0:1:97036452><CT>" with "awp"
L 11/24/2025 - 19:30:17: Team "TERRORIST" triggered "Terrorists_Win" (CT "12") (T "11")
L 11/24/2025 - 19:30:17: World triggered "Round_End"
L 11/24/2025 - 19:30:20: World triggered "Round_Start"
L 11/24/2025 - 19:30:22: "s|<1LL3D<78><STEAM_0:1:23986766><TERRORIST>" killed ".Ｃʏʙᴇʀ’Ｆｏχ<77><STEAM_0:1:97036452><CT>" with "awp"
L 11/24/2025 - 19:30:22: Team "TERRORIST" triggered "Terrorists_Win" (CT "12") (T "12")
L 11/24/2025 - 19:30:22: World triggered "Round_End"
L 11/24/2025 - 19:30:25: World triggered "Round_Start"
L 11/24/2025 - 19:30:42: "s|<1LL3D<78><STEAM_0:1:23986766><TERRORIST>" killed ".Ｃʏʙᴇʀ’Ｆｏχ<77><STEAM_0:1:97036452><CT>" with "deagle"
L 11/24/2025 - 19:30:42: Team "TERRORIST" triggered "Terrorists_Win" (CT "12") (T "13")
L 11/24/2025 - 19:30:42: World triggered "Round_End"
L 11/24/2025 - 19:30:43: ".Ｃʏʙᴇʀ’Ｆｏχ<77><STEAM_0:1:97036452><CT>" say "H e a d s h o T" (dead)
L 11/24/2025 - 19:30:45: World triggered "Round_Start"
L 11/24/2025 - 19:30:55: "s|<1LL3D<78><STEAM_0:1:23986766><TERRORIST>" killed ".Ｃʏʙᴇʀ’Ｆｏχ<77><STEAM_0:1:97036452><CT>" with "ak47"
L 11/24/2025 - 19:30:55: Team "TERRORIST" triggered "Terrorists_Win" (CT "12") (T "14")
L 11/24/2025 - 19:30:55: World triggered "Round_End"
L 11/24/2025 - 19:30:58: World triggered "Round_Start"
L 11/24/2025 - 19:31:12: "s|<1LL3D<78><STEAM_0:1:23986766><TERRORIST>" killed ".Ｃʏʙᴇʀ’Ｆｏχ<77><STEAM_0:1:97036452><CT>" with "ak47"
L 11/24/2025 - 19:31:12: Team "TERRORIST" triggered "Terrorists_Win" (CT "12") (T "15")
L 11/24/2025 - 19:31:12: World triggered "Round_End"
L 11/24/2025 - 19:31:15: World triggered "Round_Start"
L 11/24/2025 - 19:31:24: "s|<1LL3D<78><STEAM_0:1:23986766><TERRORIST>" killed ".Ｃʏʙᴇʀ’Ｆｏχ<77><STEAM_0:1:97036452><CT>" with "ak47"
L 11/24/2025 - 19:31:24: Team "TERRORIST" triggered "Terrorists_Win" (CT "12") (T "16")
L 11/24/2025 - 19:31:24: World triggered "Round_End"
L 11/24/2025 - 19:31:27: World triggered "Round_Start"
L 11/24/2025 - 19:31:35: "s|<1LL3D<78><STEAM_0:1:23986766><TERRORIST>" killed ".Ｃʏʙᴇʀ’Ｆｏχ<77><STEAM_0:1:97036452><CT>" with "ak47"
L 11/24/2025 - 19:31:35: Team "TERRORIST" triggered "Terrorists_Win" (CT "12") (T "17")
L 11/24/2025 - 19:31:35: World triggered "Round_End"
L 11/24/2025 - 19:31:38: World triggered "Round_Start"
L 11/24/2025 - 19:31:53: "s|<1LL3D<78><STEAM_0:1:23986766><TERRORIST>" killed ".Ｃʏʙᴇʀ’Ｆｏχ<77><STEAM_0:1:97036452><CT>" with "ak47"
L 11/24/2025 - 19:31:53: Team "TERRORIST" triggered "Terrorists_Win" (CT "12") (T "18")
L 11/24/2025 - 19:31:53: World triggered "Round_End"
L 11/24/2025 - 19:31:56: World triggered "Round_Start"
L 11/24/2025 - 19:31:59: "s|<1LL3D<78><STEAM_0:1:23986766><TERRORIST>" killed ".Ｃʏʙᴇʀ’Ｆｏχ<77><STEAM_0:1:97036452><CT>" with "ak47"
L 11/24/2025 - 19:31:59: Team "TERRORIST" triggered "Terrorists_Win" (CT "12") (T "19")
L 11/24/2025 - 19:31:59: World triggered "Round_End"
L 11/24/2025 - 19:32:02: World triggered "Round_Start"
L 11/24/2025 - 19:32:07: "s|<1LL3D<78><STEAM_0:1:23986766><TERRORIST>" killed ".Ｃʏʙᴇʀ’Ｆｏχ<77><STEAM_0:1:97036452><CT>" with "ak47"
L 11/24/2025 - 19:32:07: Team "TERRORIST" triggered "Terrorists_Win" (CT "12") (T "20")
L 11/24/2025 - 19:32:07: World triggered "Round_End"
L 11/24/2025 - 19:32:10: World triggered "Round_Start"
L 11/24/2025 - 19:32:13: "s|<1LL3D<78><STEAM_0:1:23986766><TERRORIST>" killed ".Ｃʏʙᴇʀ’Ｆｏχ<77><STEAM_0:1:97036452><CT>" with "ak47"
L 11/24/2025 - 19:32:13: Team "TERRORIST" triggered "Terrorists_Win" (CT "12") (T "21")
L 11/24/2025 - 19:32:13: World triggered "Round_End"
L 11/24/2025 - 19:32:16: World triggered "Round_Start"
L 11/24/2025 - 19:32:22: ".Ｃʏʙᴇʀ’Ｆｏχ<77><STEAM_0:1:97036452><CT>" killed "s|<1LL3D<78><STEAM_0:1:23986766><TERRORIST>" with "m4a1"
L 11/24/2025 - 19:32:22: Team "CT" triggered "CTs_Win" (CT "13") (T "21")
L 11/24/2025 - 19:32:22: World triggered "Round_End"
L 11/24/2025 - 19:32:25: World triggered "Round_Start"
L 11/24/2025 - 19:32:30: "s|<1LL3D<78><STEAM_0:1:23986766><TERRORIST>" killed ".Ｃʏʙᴇʀ’Ｆｏχ<77><STEAM_0:1:97036452><CT>" with "ak47"
L 11/24/2025 - 19:32:30: Team "TERRORIST" triggered "Terrorists_Win" (CT "13") (T "22")
L 11/24/2025 - 19:32:30: World triggered "Round_End"
L 11/24/2025 - 19:32:33: World triggered "Round_Start"
L 11/24/2025 - 19:32:53: ".Ｃʏʙᴇʀ’Ｆｏχ<77><STEAM_0:1:97036452><CT>" killed "s|<1LL3D<78><STEAM_0:1:23986766><TERRORIST>" with "m4a1"
L 11/24/2025 - 19:32:53: Team "CT" triggered "CTs_Win" (CT "14") (T "22")
L 11/24/2025 - 19:32:53: World triggered "Round_End"
L 11/24/2025 - 19:32:56: World triggered "Round_Start"
L 11/24/2025 - 19:33:00: ".Ｃʏʙᴇʀ’Ｆｏχ<77><STEAM_0:1:97036452><CT>" killed "s|<1LL3D<78><STEAM_0:1:23986766><TERRORIST>" with "m4a1"
L 11/24/2025 - 19:33:00: Team "CT" triggered "CTs_Win" (CT "15") (T "22")
L 11/24/2025 - 19:33:00: World triggered "Round_End"
L 11/24/2025 - 19:33:03: World triggered "Round_Start"
L 11/24/2025 - 19:33:09: "s|<1LL3D<78><STEAM_0:1:23986766><TERRORIST>" killed ".Ｃʏʙᴇʀ’Ｆｏχ<77><STEAM_0:1:97036452><CT>" with "ak47"
L 11/24/2025 - 19:33:09: Team "TERRORIST" triggered "Terrorists_Win" (CT "15") (T "23")
L 11/24/2025 - 19:33:09: World triggered "Round_End"
L 11/24/2025 - 19:33:12: World triggered "Round_Start"
L 11/24/2025 - 19:33:19: ".Ｃʏʙᴇʀ’Ｆｏχ<77><STEAM_0:1:97036452><CT>" killed "s|<1LL3D<78><STEAM_0:1:23986766><TERRORIST>" with "m4a1"
L 11/24/2025 - 19:33:19: Team "CT" triggered "CTs_Win" (CT "16") (T "23")
L 11/24/2025 - 19:33:19: World triggered "Round_End"
L 11/24/2025 - 19:33:22: World triggered "Round_Start"
L 11/24/2025 - 19:33:30: "s|<1LL3D<78><STEAM_0:1:23986766><TERRORIST>" killed ".Ｃʏʙᴇʀ’Ｆｏχ<77><STEAM_0:1:97036452><CT>" with "ak47"
L 11/24/2025 - 19:33:30: Team "TERRORIST" triggered "Terrorists_Win" (CT "16") (T "24")
L 11/24/2025 - 19:33:30: World triggered "Round_End"
L 11/24/2025 - 19:33:33: World triggered "Round_Start"
L 11/24/2025 - 19:33:37: "s|<1LL3D<78><STEAM_0:1:23986766><TERRORIST>" killed ".Ｃʏʙᴇʀ’Ｆｏχ<77><STEAM_0:1:97036452><CT>" with "ak47"
L 11/24/2025 - 19:33:37: Team "TERRORIST" triggered "Terrorists_Win" (CT "16") (T "25")
L 11/24/2025 - 19:33:37: World triggered "Round_End"
L 11/24/2025 - 19:33:40: World triggered "Round_Start"
L 11/24/2025 - 19:33:45: "s|<1LL3D<78><STEAM_0:1:23986766><TERRORIST>" killed ".Ｃʏʙᴇʀ’Ｆｏχ<77><STEAM_0:1:97036452><CT>" with "ak47"
L 11/24/2025 - 19:33:45: Team "TERRORIST" triggered "Terrorists_Win" (CT "16") (T "26")
L 11/24/2025 - 19:33:45: World triggered "Round_End"
L 11/24/2025 - 19:33:48: World triggered "Round_Start"
L 11/24/2025 - 19:34:02: "s|<1LL3D<78><STEAM_0:1:23986766><TERRORIST>" killed ".Ｃʏʙᴇʀ’Ｆｏχ<77><STEAM_0:1:97036452><CT>" with "ak47"
L 11/24/2025 - 19:34:02: Team "TERRORIST" triggered "Terrorists_Win" (CT "16") (T "27")
L 11/24/2025 - 19:34:02: World triggered "Round_End"
L 11/24/2025 - 19:34:05: World triggered "Round_Start"
L 11/24/2025 - 19:34:09: "s|<1LL3D<78><STEAM_0:1:23986766><TERRORIST>" killed ".Ｃʏʙᴇʀ’Ｆｏχ<77><STEAM_0:1:97036452><CT>" with "ak47"
L 11/24/2025 - 19:34:09: Team "TERRORIST" triggered "Terrorists_Win" (CT "16") (T "28")
L 11/24/2025 - 19:34:09: World triggered "Round_End"
L 11/24/2025 - 19:34:12: World triggered "Round_Start"
L 11/24/2025 - 19:34:20: ".Ｃʏʙᴇʀ’Ｆｏχ<77><STEAM_0:1:97036452><CT>" killed "s|<1LL3D<78><STEAM_0:1:23986766><TERRORIST>" with "m4a1"
L 11/24/2025 - 19:34:20: Team "CT" triggered "CTs_Win" (CT "17") (T "28")
L 11/24/2025 - 19:34:20: World triggered "Round_End"
L 11/24/2025 - 19:34:23: World triggered "Round_Start"
L 11/24/2025 - 19:34:34: "s|<1LL3D<78><STEAM_0:1:23986766><TERRORIST>" killed ".Ｃʏʙᴇʀ’Ｆｏχ<77><STEAM_0:1:97036452><CT>" with "ak47"
L 11/24/2025 - 19:34:34: Team "TERRORIST" triggered "Terrorists_Win" (CT "17") (T "29")
L 11/24/2025 - 19:34:34: World triggered "Round_End"
L 11/24/2025 - 19:34:37: World triggered "Round_Start"
L 11/24/2025 - 19:34:43: "s|<1LL3D<78><STEAM_0:1:23986766><TERRORIST>" killed ".Ｃʏʙᴇʀ’Ｆｏχ<77><STEAM_0:1:97036452><CT>" with "ak47"
L 11/24/2025 - 19:34:43: Team "TERRORIST" triggered "Terrorists_Win" (CT "17") (T "30")
L 11/24/2025 - 19:34:43: World triggered "Round_End"
L 11/24/2025 - 19:34:46: World triggered "Round_Start"
L 11/24/2025 - 19:34:49: "s|<1LL3D<78><STEAM_0:1:23986766><TERRORIST>" killed ".Ｃʏʙᴇʀ’Ｆｏχ<77><STEAM_0:1:97036452><CT>" with "ak47"
L 11/24/2025 - 19:34:49: Team "TERRORIST" triggered "Terrorists_Win" (CT "17") (T "31")
L 11/24/2025 - 19:34:49: World triggered "Round_End"
L 11/24/2025 - 19:34:52: World triggered "Round_Start"
L 11/24/2025 - 19:34:56: ".Ｃʏʙᴇʀ’Ｆｏχ<77><STEAM_0:1:97036452><CT>" killed "s|<1LL3D<78><STEAM_0:1:23986766><TERRORIST>" with "m4a1"
L 11/24/2025 - 19:34:56: Team "CT" triggered "CTs_Win" (CT "18") (T "31")
L 11/24/2025 - 19:34:56: World triggered "Round_End"
L 11/24/2025 - 19:34:59: World triggered "Round_Start"
L 11/24/2025 - 19:35:07: "s|<1LL3D<78><STEAM_0:1:23986766><TERRORIST>" killed ".Ｃʏʙᴇʀ’Ｆｏχ<77><STEAM_0:1:97036452><CT>" with "ak47"
L 11/24/2025 - 19:35:07: Team "TERRORIST" triggered "Terrorists_Win" (CT "18") (T "32")
L 11/24/2025 - 19:35:07: World triggered "Round_End"
L 11/24/2025 - 19:35:10: World triggered "Round_Start"
L 11/24/2025 - 19:35:14: "s|<1LL3D<78><STEAM_0:1:23986766><TERRORIST>" killed ".Ｃʏʙᴇʀ’Ｆｏχ<77><STEAM_0:1:97036452><CT>" with "ak47"
L 11/24/2025 - 19:35:14: Team "TERRORIST" triggered "Terrorists_Win" (CT "18") (T "33")
L 11/24/2025 - 19:35:14: World triggered "Round_End"
L 11/24/2025 - 19:35:17: World triggered "Round_Start"
L 11/24/2025 - 19:35:23: "s|<1LL3D<78><STEAM_0:1:23986766><TERRORIST>" killed ".Ｃʏʙᴇʀ’Ｆｏχ<77><STEAM_0:1:97036452><CT>" with "ak47"
L 11/24/2025 - 19:35:23: Team "TERRORIST" triggered "Terrorists_Win" (CT "18") (T "34")
L 11/24/2025 - 19:35:23: World triggered "Round_End"
L 11/24/2025 - 19:35:26: World triggered "Round_Start"
L 11/24/2025 - 19:35:32: "s|<1LL3D<78><STEAM_0:1:23986766><TERRORIST>" killed ".Ｃʏʙᴇʀ’Ｆｏχ<77><STEAM_0:1:97036452><CT>" with "ak47"
L 11/24/2025 - 19:35:32: Team "TERRORIST" triggered "Terrorists_Win" (CT "18") (T "35")
L 11/24/2025 - 19:35:32: World triggered "Round_End"
L 11/24/2025 - 19:35:35: World triggered "Round_Start"
L 11/24/2025 - 19:35:40: "s|<1LL3D<78><STEAM_0:1:23986766><TERRORIST>" killed ".Ｃʏʙᴇʀ’Ｆｏχ<77><STEAM_0:1:97036452><CT>" with "ak47"
L 11/24/2025 - 19:35:40: Team "TERRORIST" triggered "Terrorists_Win" (CT "18") (T "36")
L 11/24/2025 - 19:35:40: World triggered "Round_End"
L 11/24/2025 - 19:35:43: World triggered "Round_Start"
L 11/24/2025 - 19:35:49: ".Ｃʏʙᴇʀ’Ｆｏχ<77><STEAM_0:1:97036452><CT>" killed "s|<1LL3D<78><STEAM_0:1:23986766><TERRORIST>" with "m4a1"
L 11/24/2025 - 19:35:49: Team "CT" triggered "CTs_Win" (CT "19") (T "36")
L 11/24/2025 - 19:35:49: World triggered "Round_End"
L 11/24/2025 - 19:35:52: World triggered "Round_Start"
L 11/24/2025 - 19:36:00: "s|<1LL3D<78><STEAM_0:1:23986766><TERRORIST>" killed ".Ｃʏʙᴇʀ’Ｆｏχ<77><STEAM_0:1:97036452><CT>" with "ak47"
L 11/24/2025 - 19:36:00: Team "TERRORIST" triggered "Terrorists_Win" (CT "19") (T "37")
L 11/24/2025 - 19:36:00: World triggered "Round_End"
L 11/24/2025 - 19:36:03: World triggered "Round_Start"
L 11/24/2025 - 19:36:12: "s|<1LL3D<78><STEAM_0:1:23986766><TERRORIST>" killed ".Ｃʏʙᴇʀ’Ｆｏχ<77><STEAM_0:1:97036452><CT>" with "ak47"
L 11/24/2025 - 19:36:12: Team "TERRORIST" triggered "Terrorists_Win" (CT "19") (T "38")
L 11/24/2025 - 19:36:12: World triggered "Round_End"
L 11/24/2025 - 19:36:16: World triggered "Round_Start"
L 11/24/2025 - 19:36:20: "s|<1LL3D<78><STEAM_0:1:23986766><TERRORIST>" killed ".Ｃʏʙᴇʀ’Ｆｏχ<77><STEAM_0:1:97036452><CT>" with "ak47"
L 11/24/2025 - 19:36:20: Team "TERRORIST" triggered "Terrorists_Win" (CT "19") (T "39")
L 11/24/2025 - 19:36:20: World triggered "Round_End"
L 11/24/2025 - 19:36:23: World triggered "Round_Start"
L 11/24/2025 - 19:36:26: "s|<1LL3D<78><STEAM_0:1:23986766><TERRORIST>" killed ".Ｃʏʙᴇʀ’Ｆｏχ<77><STEAM_0:1:97036452><CT>" with "ak47"
L 11/24/2025 - 19:36:26: Team "TERRORIST" triggered "Terrorists_Win" (CT "19") (T "40")
L 11/24/2025 - 19:36:26: World triggered "Round_End"
L 11/24/2025 - 19:36:29: World triggered "Round_Start"
L 11/24/2025 - 19:36:37: "s|<1LL3D<78><STEAM_0:1:23986766><TERRORIST>" killed ".Ｃʏʙᴇʀ’Ｆｏχ<77><STEAM_0:1:97036452><CT>" with "ak47"
L 11/24/2025 - 19:36:37: Team "TERRORIST" triggered "Terrorists_Win" (CT "19") (T "41")
L 11/24/2025 - 19:36:37: World triggered "Round_End"
L 11/24/2025 - 19:36:39: ".Ｃʏʙᴇʀ’Ｆｏχ<77><STEAM_0:1:97036452><CT>" say "H e a d s h o T" (dead)
L 11/24/2025 - 19:36:40: World triggered "Round_Start"
L 11/24/2025 - 19:36:44: ".Ｃʏʙᴇʀ’Ｆｏχ<77><STEAM_0:1:97036452><CT>" killed "s|<1LL3D<78><STEAM_0:1:23986766><TERRORIST>" with "m4a1"
L 11/24/2025 - 19:36:44: Team "CT" triggered "CTs_Win" (CT "20") (T "41")
L 11/24/2025 - 19:36:44: World triggered "Round_End"
L 11/24/2025 - 19:36:47: World triggered "Round_Start"
L 11/24/2025 - 19:36:55: "s|<1LL3D<78><STEAM_0:1:23986766><TERRORIST>" killed ".Ｃʏʙᴇʀ’Ｆｏχ<77><STEAM_0:1:97036452><CT>" with "ak47"
L 11/24/2025 - 19:36:55: Team "TERRORIST" triggered "Terrorists_Win" (CT "20") (T "42")
L 11/24/2025 - 19:36:55: World triggered "Round_End"
L 11/24/2025 - 19:36:58: World triggered "Round_Start"
L 11/24/2025 - 19:37:03: ".Ｃʏʙᴇʀ’Ｆｏχ<77><STEAM_0:1:97036452><CT>" say "aim"
L 11/24/2025 - 19:37:07: "s|<1LL3D<78><STEAM_0:1:23986766><TERRORIST>" killed ".Ｃʏʙᴇʀ’Ｆｏχ<77><STEAM_0:1:97036452><CT>" with "ak47"
L 11/24/2025 - 19:37:07: Team "TERRORIST" triggered "Terrorists_Win" (CT "20") (T "43")
L 11/24/2025 - 19:37:07: World triggered "Round_End"
L 11/24/2025 - 19:37:09: "s|<1LL3D<78><STEAM_0:1:23986766><TERRORIST>" say "aim"
L 11/24/2025 - 19:37:10: World triggered "Round_Start"
L 11/24/2025 - 19:37:11: ".Ｃʏʙᴇʀ’Ｆｏχ<77><STEAM_0:1:97036452><CT>" say "thetime"
L 11/24/2025 - 19:37:12: "s|<1LL3D<78><STEAM_0:1:23986766><TERRORIST>" killed ".Ｃʏʙᴇʀ’Ｆｏχ<77><STEAM_0:1:97036452><CT>" with "ak47"
L 11/24/2025 - 19:37:12: Team "TERRORIST" triggered "Terrorists_Win" (CT "20") (T "44")
L 11/24/2025 - 19:37:12: World triggered "Round_End"
L 11/24/2025 - 19:37:12: ".Ｃʏʙᴇʀ’Ｆｏχ<77><STEAM_0:1:97036452><CT>" say "currentmap" (dead)
L 11/24/2025 - 19:37:15: World triggered "Round_Start"
L 11/24/2025 - 19:37:23: ".Ｃʏʙᴇʀ’Ｆｏχ<77><STEAM_0:1:97036452><CT>" killed "s|<1LL3D<78><STEAM_0:1:23986766><TERRORIST>" with "m4a1"
L 11/24/2025 - 19:37:23: Team "CT" triggered "CTs_Win" (CT "21") (T "44")
L 11/24/2025 - 19:37:23: World triggered "Round_End"
L 11/24/2025 - 19:37:25: Server cvar "amx_nextmap" = "aim_aztec"
L 11/24/2025 - 19:37:25: Server cvar "mp_chattime" = "11.000000"
L 11/24/2025 - 19:37:26: World triggered "Round_Start"
L 11/24/2025 - 19:37:35: Server cvar "mp_chattime" = "10.000000"
L 11/24/2025 - 19:37:35: "s|<1LL3D<78><STEAM_0:1:23986766><TERRORIST>" triggered "weaponstats" (weapon "awp") (shots "12") (hits "3") (kills "2") (headshots "0") (tks "0") (damage "274") (deaths "0")
L 11/24/2025 - 19:37:35: "s|<1LL3D<78><STEAM_0:1:23986766><TERRORIST>" triggered "weaponstats2" (weapon "awp") (head "0") (chest "0") (stomach "1") (leftarm "1") (rightarm "0") (leftleg "0") (rightleg "1")
L 11/24/2025 - 19:37:35: "s|<1LL3D<78><STEAM_0:1:23986766><TERRORIST>" triggered "weaponstats" (weapon "m4a1") (shots "30") (hits "1") (kills "0") (headshots "0") (tks "0") (damage "21") (deaths "0")
L 11/24/2025 - 19:37:35: "s|<1LL3D<78><STEAM_0:1:23986766><TERRORIST>" triggered "weaponstats2" (weapon "m4a1") (head "0") (chest "0") (stomach "0") (leftarm "0") (rightarm "0") (leftleg "1") (rightleg "0")
L 11/24/2025 - 19:37:35: "s|<1LL3D<78><STEAM_0:1:23986766><TERRORIST>" triggered "weaponstats" (weapon "deagle") (shots "159") (hits "40") (kills "10") (headshots "5") (tks "0") (damage "1463") (deaths "6")
L 11/24/2025 - 19:37:35: "s|<1LL3D<78><STEAM_0:1:23986766><TERRORIST>" triggered "weaponstats2" (weapon "deagle") (head "5") (chest "5") (stomach "3") (leftarm "10") (rightarm "9") (leftleg "4") (rightleg "4")
L 11/24/2025 - 19:37:35: "s|<1LL3D<78><STEAM_0:1:23986766><TERRORIST>" triggered "weaponstats" (weapon "ak47") (shots "582") (hits "108") (kills "34") (headshots "16") (tks "0") (damage "4928") (deaths "11")
L 11/24/2025 - 19:37:35: "s|<1LL3D<78><STEAM_0:1:23986766><TERRORIST>" triggered "weaponstats2" (weapon "ak47") (head "17") (chest "6") (stomach "17") (leftarm "38") (rightarm "17") (leftleg "6") (rightleg "7")
L 11/24/2025 - 19:37:35: "s|<1LL3D<78><STEAM_0:1:23986766><TERRORIST>" triggered "time" (time "14:29")
L 11/24/2025 - 19:37:35: "s|<1LL3D<78><STEAM_0:1:23986766><TERRORIST>" triggered "latency" (ping "33")
L 11/24/2025 - 19:37:35: ".Ｃʏʙᴇʀ’Ｆｏχ<77><STEAM_0:1:97036452><CT>" triggered "weaponstats" (weapon "grenade") (shots "1") (hits "0") (kills "0") (headshots "0") (tks "0") (damage "0") (deaths "0")
L 11/24/2025 - 19:37:35: ".Ｃʏʙᴇʀ’Ｆｏχ<77><STEAM_0:1:97036452><CT>" triggered "weaponstats2" (weapon "grenade") (head "0") (chest "0") (stomach "0") (leftarm "0") (rightarm "0") (leftleg "0") (rightleg "0")
L 11/24/2025 - 19:37:35: ".Ｃʏʙᴇʀ’Ｆｏχ<77><STEAM_0:1:97036452><CT>" triggered "weaponstats" (weapon "m4a1") (shots "473") (hits "93") (kills "11") (headshots "2") (tks "0") (damage "2090") (deaths "27")
L 11/24/2025 - 19:37:35: ".Ｃʏʙᴇʀ’Ｆｏχ<77><STEAM_0:1:97036452><CT>" triggered "weaponstats2" (weapon "m4a1") (head "4") (chest "18") (stomach "14") (leftarm "32") (rightarm "8") (leftleg "8") (rightleg "9")
L 11/24/2025 - 19:37:35: ".Ｃʏʙᴇʀ’Ｆｏχ<77><STEAM_0:1:97036452><CT>" triggered "weaponstats" (weapon "deagle") (shots "173") (hits "27") (kills "5") (headshots "4") (tks "0") (damage "931") (deaths "19")
L 11/24/2025 - 19:37:35: ".Ｃʏʙᴇʀ’Ｆｏχ<77><STEAM_0:1:97036452><CT>" triggered "weaponstats2" (weapon "deagle") (head "4") (chest "3") (stomach "3") (leftarm "7") (rightarm "2") (leftleg "2") (rightleg "6")
L 11/24/2025 - 19:37:35: ".Ｃʏʙᴇʀ’Ｆｏχ<77><STEAM_0:1:97036452><CT>" triggered "weaponstats" (weapon "ak47") (shots "22") (hits "3") (kills "1") (headshots "0") (tks "0") (damage "49") (deaths "0")
L 11/24/2025 - 19:37:35: ".Ｃʏʙᴇʀ’Ｆｏχ<77><STEAM_0:1:97036452><CT>" triggered "weaponstats2" (weapon "ak47") (head "0") (chest "0") (stomach "1") (leftarm "2") (rightarm "0") (leftleg "0") (rightleg "0")
L 11/24/2025 - 19:37:35: ".Ｃʏʙᴇʀ’Ｆｏχ<77><STEAM_0:1:97036452><CT>" triggered "time" (time "14:29")
L 11/24/2025 - 19:37:35: ".Ｃʏʙᴇʀ’Ｆｏχ<77><STEAM_0:1:97036452><CT>" triggered "latency" (ping "9")
L 11/24/2025 - 19:37:35: [META] ini: Begin re-reading plugins list: c:/~dl/sonstz/gameshit/cs 1.6 shit/_falconz-cs16-server/cstrike/addons/metamod/plugins.ini
L 11/24/2025 - 19:37:35: [META] ini: Read plugin config for: AMX Mod X
L 11/24/2025 - 19:37:35: [META] ini: Read plugin config for: Rechecker
L 11/24/2025 - 19:37:35: [META] ini: Read plugin config for: ReSemiclip
L 11/24/2025 - 19:37:35: [META] ini: Read plugin config for: HitBox Fix
L 11/24/2025 - 19:37:35: [META] ini: Read plugin config for: YaPB
L 11/24/2025 - 19:37:35: [META] ini: Finished reading plugins list: c:/~dl/sonstz/gameshit/cs 1.6 shit/_falconz-cs16-server/cstrike/addons/metamod/plugins.ini; Found 5 plugins
L 11/24/2025 - 19:37:35: [META] dll: Updating plugins...
L 11/24/2025 - 19:37:35: [META] dll: Finished updating 16 plugins; kept 5, loaded 0, unloaded 0, reloaded 0, delayed 0
L 11/24/2025 - 19:37:35: [META] dll: Rebuilding callbacks...
L 11/24/2025 - 19:37:35: [META] dll: Callbacks rebuilded.
L 11/24/2025 - 19:37:35: "s|<1LL3D<78><STEAM_0:1:23986766><TERRORIST>" disconnected
L 11/24/2025 - 19:37:35: ".Ｃʏʙᴇʀ’Ｆｏχ<77><STEAM_0:1:97036452><CT>" disconnected
L 11/24/2025 - 19:37:35: World triggered "Round_Draw" (CT "21") (T "44")
L 11/24/2025 - 19:37:35: World triggered "Round_End"
L 11/24/2025 - 19:37:35: Log file closed
