L 11/24/2025 - 17:58:25: Log file started (file "logs\L1124039.log") (game "cstrike") (version "48/1.1.2.7/Stdio/4002")
L 11/24/2025 - 17:58:25: Server cvar "sv_maxspeed" = "320"
L 11/24/2025 - 17:58:25: Server cvar "mp_timelimit" = "15"
L 11/24/2025 - 17:58:25: Server cvar "sv_maxspeed" = "900"
L 11/24/2025 - 17:58:25: Server cvar "amx_nextmap" = "de_dust2_2006"
L 11/24/2025 - 17:58:25: Started map "de_dust2" (CRC "1159425449")
L 11/24/2025 - 17:58:26: World triggered "Round_Start"
L 11/24/2025 - 17:58:29: "psix<7><STEAM_0:1:658176><>" entered the game
L 11/24/2025 - 17:58:29: "psix<7><STEAM_0:1:658176><>" joined team "CT"
L 11/24/2025 - 17:58:29: "Smoky<8><STEAM_0:1:12701184><>" entered the game
L 11/24/2025 - 17:58:29: "Smoky<8><STEAM_0:1:12701184><>" joined team "TERRORIST"
L 11/24/2025 - 17:58:29: World triggered "Game_Commencing"
L 11/24/2025 - 17:58:29: World triggered "Game_Commencing" (CT "0") (T "0")
L 11/24/2025 - 17:58:29: World triggered "Round_End"
L 11/24/2025 - 17:58:32: "Smoky<8><STEAM_0:1:12701184><TERRORIST>" triggered "Spawned_With_The_Bomb"
L 11/24/2025 - 17:58:32: World triggered "Round_Start"
L 11/24/2025 - 17:58:59: "Smoky<8><STEAM_0:1:12701184><TERRORIST>" triggered "Planted_The_Bomb"
L 11/24/2025 - 17:58:59: "psix<7><STEAM_0:1:658176><CT>" say "Come on Smoky,"
L 11/24/2025 - 17:59:34: "Smoky<8><STEAM_0:1:12701184><TERRORIST>" killed "psix<7><STEAM_0:1:658176><CT>" with "deagle"
L 11/24/2025 - 17:59:34: Team "TERRORIST" triggered "Terrorists_Win" (CT "0") (T "1")
L 11/24/2025 - 17:59:34: World triggered "Round_End"
L 11/24/2025 - 17:59:37: "Smoky<8><STEAM_0:1:12701184><TERRORIST>" triggered "Spawned_With_The_Bomb"
L 11/24/2025 - 17:59:37: World triggered "Round_Start"
L 11/24/2025 - 18:00:03: "Smoky<8><STEAM_0:1:12701184><TERRORIST>" triggered "Planted_The_Bomb"
L 11/24/2025 - 18:00:03: "psix<7><STEAM_0:1:658176><CT>" say "Come on Smoky,"
L 11/24/2025 - 18:00:19: "Smoky<8><STEAM_0:1:12701184><TERRORIST>" killed "psix<7><STEAM_0:1:658176><CT>" with "ak47"
L 11/24/2025 - 18:00:19: Team "TERRORIST" triggered "Terrorists_Win" (CT "0") (T "2")
L 11/24/2025 - 18:00:19: World triggered "Round_End"
L 11/24/2025 - 18:00:19: "Smoky<8><STEAM_0:1:12701184><TERRORIST>" say "hahahaha"
L 11/24/2025 - 18:00:20: "psix<7><STEAM_0:1:658176><CT>" say "Smoky noob" (dead)
L 11/24/2025 - 18:00:22: "Smoky<8><STEAM_0:1:12701184><TERRORIST>" triggered "Spawned_With_The_Bomb"
L 11/24/2025 - 18:00:22: World triggered "Round_Start"
L 11/24/2025 - 18:00:54: "Smoky<8><STEAM_0:1:12701184><TERRORIST>" triggered "Planted_The_Bomb"
L 11/24/2025 - 18:00:54: "psix<7><STEAM_0:1:658176><CT>" say "Come on Smoky,"
L 11/24/2025 - 18:01:38: "psix<7><STEAM_0:1:658176><CT>" killed "Smoky<8><STEAM_0:1:12701184><TERRORIST>" with "mp5navy"
L 11/24/2025 - 18:01:39: Team "TERRORIST" triggered "Target_Bombed" (CT "0") (T "3")
L 11/24/2025 - 18:01:39: World triggered "Round_End"
L 11/24/2025 - 18:01:42: "Smoky<8><STEAM_0:1:12701184><TERRORIST>" triggered "Spawned_With_The_Bomb"
L 11/24/2025 - 18:01:42: World triggered "Round_Start"
L 11/24/2025 - 18:02:20: "Smoky<8><STEAM_0:1:12701184><TERRORIST>" triggered "Planted_The_Bomb"
L 11/24/2025 - 18:02:20: "psix<7><STEAM_0:1:658176><CT>" say "Come on Smoky,"
L 11/24/2025 - 18:02:25: "Smoky<8><STEAM_0:1:12701184><TERRORIST>" killed "psix<7><STEAM_0:1:658176><CT>" with "ak47"
L 11/24/2025 - 18:02:25: Team "TERRORIST" triggered "Terrorists_Win" (CT "0") (T "4")
L 11/24/2025 - 18:02:25: World triggered "Round_End"
L 11/24/2025 - 18:02:28: "Smoky<8><STEAM_0:1:12701184><TERRORIST>" triggered "Spawned_With_The_Bomb"
L 11/24/2025 - 18:02:28: World triggered "Round_Start"
L 11/24/2025 - 18:02:56: "Smoky<8><STEAM_0:1:12701184><TERRORIST>" triggered "Planted_The_Bomb"
L 11/24/2025 - 18:02:56: "psix<7><STEAM_0:1:658176><CT>" say "Come on Smoky,"
L 11/24/2025 - 18:02:59: "Smoky<8><STEAM_0:1:12701184><TERRORIST>" killed "psix<7><STEAM_0:1:658176><CT>" with "ak47"
L 11/24/2025 - 18:02:59: Team "TERRORIST" triggered "Terrorists_Win" (CT "0") (T "5")
L 11/24/2025 - 18:02:59: World triggered "Round_End"
L 11/24/2025 - 18:03:02: "Smoky<8><STEAM_0:1:12701184><TERRORIST>" triggered "Spawned_With_The_Bomb"
L 11/24/2025 - 18:03:02: World triggered "Round_Start"
L 11/24/2025 - 18:03:21: "Smoky<8><STEAM_0:1:12701184><TERRORIST>" killed "psix<7><STEAM_0:1:658176><CT>" with "ak47"
L 11/24/2025 - 18:03:21: Team "TERRORIST" triggered "Terrorists_Win" (CT "0") (T "6")
L 11/24/2025 - 18:03:21: World triggered "Round_End"
L 11/24/2025 - 18:03:24: "Smoky<8><STEAM_0:1:12701184><TERRORIST>" triggered "Spawned_With_The_Bomb"
L 11/24/2025 - 18:03:24: World triggered "Round_Start"
L 11/24/2025 - 18:03:53: "Smoky<8><STEAM_0:1:12701184><TERRORIST>" killed "psix<7><STEAM_0:1:658176><CT>" with "ak47"
L 11/24/2025 - 18:03:53: Team "TERRORIST" triggered "Terrorists_Win" (CT "0") (T "7")
L 11/24/2025 - 18:03:53: World triggered "Round_End"
L 11/24/2025 - 18:03:56: "Smoky<8><STEAM_0:1:12701184><TERRORIST>" triggered "Spawned_With_The_Bomb"
L 11/24/2025 - 18:03:56: World triggered "Round_Start"
L 11/24/2025 - 18:04:32: "Smoky<8><STEAM_0:1:12701184><TERRORIST>" killed "psix<7><STEAM_0:1:658176><CT>" with "ak47"
L 11/24/2025 - 18:04:32: Team "TERRORIST" triggered "Terrorists_Win" (CT "0") (T "8")
L 11/24/2025 - 18:04:32: World triggered "Round_End"
L 11/24/2025 - 18:04:35: "Smoky<8><STEAM_0:1:12701184><TERRORIST>" triggered "Spawned_With_The_Bomb"
L 11/24/2025 - 18:04:35: World triggered "Round_Start"
L 11/24/2025 - 18:05:01: "Smoky<8><STEAM_0:1:12701184><TERRORIST>" triggered "Planted_The_Bomb"
L 11/24/2025 - 18:05:01: "psix<7><STEAM_0:1:658176><CT>" say "Come on Smoky,"
L 11/24/2025 - 18:05:15: "psix<7><STEAM_0:1:658176><CT>" triggered "Begin_Bomb_Defuse_Without_Kit"
L 11/24/2025 - 18:05:16: "Smoky<8><STEAM_0:1:12701184><TERRORIST>" killed "psix<7><STEAM_0:1:658176><CT>" with "ak47"
L 11/24/2025 - 18:05:16: Team "TERRORIST" triggered "Terrorists_Win" (CT "0") (T "9")
L 11/24/2025 - 18:05:16: World triggered "Round_End"
L 11/24/2025 - 18:05:19: "Smoky<8><STEAM_0:1:12701184><TERRORIST>" triggered "Spawned_With_The_Bomb"
L 11/24/2025 - 18:05:19: World triggered "Round_Start"
L 11/24/2025 - 18:05:51: "Smoky<8><STEAM_0:1:12701184><TERRORIST>" triggered "Planted_The_Bomb"
L 11/24/2025 - 18:05:51: "psix<7><STEAM_0:1:658176><CT>" say "Come on Smoky,"
L 11/24/2025 - 18:06:01: "Smoky<8><STEAM_0:1:12701184><TERRORIST>" killed "psix<7><STEAM_0:1:658176><CT>" with "ak47"
L 11/24/2025 - 18:06:01: Team "TERRORIST" triggered "Terrorists_Win" (CT "0") (T "10")
L 11/24/2025 - 18:06:01: World triggered "Round_End"
L 11/24/2025 - 18:06:04: "Smoky<8><STEAM_0:1:12701184><TERRORIST>" triggered "Spawned_With_The_Bomb"
L 11/24/2025 - 18:06:04: World triggered "Round_Start"
L 11/24/2025 - 18:06:42: "Smoky<8><STEAM_0:1:12701184><TERRORIST>" triggered "Planted_The_Bomb"
L 11/24/2025 - 18:06:42: "psix<7><STEAM_0:1:658176><CT>" say "Come on Smoky,"
L 11/24/2025 - 18:06:52: "Smoky<8><STEAM_0:1:12701184><TERRORIST>" killed "psix<7><STEAM_0:1:658176><CT>" with "ak47"
L 11/24/2025 - 18:06:52: Team "TERRORIST" triggered "Terrorists_Win" (CT "0") (T "11")
L 11/24/2025 - 18:06:52: World triggered "Round_End"
L 11/24/2025 - 18:06:52: "Smoky<8><STEAM_0:1:12701184><TERRORIST>" say "psix you bot"
L 11/24/2025 - 18:06:55: "Smoky<8><STEAM_0:1:12701184><TERRORIST>" triggered "Spawned_With_The_Bomb"
L 11/24/2025 - 18:06:55: World triggered "Round_Start"
L 11/24/2025 - 18:07:08: "psix<7><BOT><CT>" disconnected
L 11/24/2025 - 18:07:08: "Smoky<8><BOT><TERRORIST>" triggered "Dropped_The_Bomb"
L 11/24/2025 - 18:07:08: "Smoky<8><BOT><TERRORIST>" disconnected
L 11/24/2025 - 18:07:08: World triggered "Round_Draw" (CT "0") (T "11")
L 11/24/2025 - 18:07:08: World triggered "Round_End"
L 11/24/2025 - 18:07:08: [META] ini: Begin re-reading plugins list: c:/~dl/sonstz/gameshit/cs 1.6 shit/_falconz-cs16-server/cstrike/addons/metamod/plugins.ini
L 11/24/2025 - 18:07:08: [META] ini: Read plugin config for: AMX Mod X
L 11/24/2025 - 18:07:08: [META] ini: Read plugin config for: Rechecker
L 11/24/2025 - 18:07:08: [META] ini: Read plugin config for: ReSemiclip
L 11/24/2025 - 18:07:08: [META] ini: Read plugin config for: HitBox Fix
L 11/24/2025 - 18:07:08: [META] ini: Read plugin config for: YaPB
L 11/24/2025 - 18:07:08: [META] ini: Finished reading plugins list: c:/~dl/sonstz/gameshit/cs 1.6 shit/_falconz-cs16-server/cstrike/addons/metamod/plugins.ini; Found 5 plugins
L 11/24/2025 - 18:07:08: [META] dll: Updating plugins...
L 11/24/2025 - 18:07:08: [META] dll: Finished updating 16 plugins; kept 5, loaded 0, unloaded 0, reloaded 0, delayed 0
L 11/24/2025 - 18:07:08: [META] dll: Rebuilding callbacks...
L 11/24/2025 - 18:07:08: [META] dll: Callbacks rebuilded.
L 11/24/2025 - 18:07:08: Log file closed
