L 11/25/2025 - 22:21:28: Log file started (file "logs\L1125006.log") (game "cstrike") (version "48/1.1.2.7/Stdio/4002")
L 11/25/2025 - 22:21:28: Loading map "de_dust2"
L 11/25/2025 - 22:21:28: Server cvars start
L 11/25/2025 - 22:21:28: Server cvar "allow_spectators" = "1.0"
L 11/25/2025 - 22:21:28: Server cvar "amx_client_languages" = "1"
L 11/25/2025 - 22:21:28: Server cvar "amx_language" = "en"
L 11/25/2025 - 22:21:28: Server cvar "amx_nextmap" = "de_dust2"
L 11/25/2025 - 22:21:28: Server cvar "amxmodx_version" = "1.9.0.5294"
L 11/25/2025 - 22:21:28: Server cvar "coop" = "0"
L 11/25/2025 - 22:21:28: Server cvar "deathmatch" = "1"
L 11/25/2025 - 22:21:28: Server cvar "decalfrequency" = "3"
L 11/25/2025 - 22:21:28: Server cvar "edgefriction" = "2"
L 11/25/2025 - 22:21:28: Server cvar "ff_damage_reduction_bullets" = "0.35"
L 11/25/2025 - 22:21:28: Server cvar "ff_damage_reduction_grenade" = "0.25"
L 11/25/2025 - 22:21:28: Server cvar "ff_damage_reduction_grenade_self" = "1.0"
L 11/25/2025 - 22:21:28: Server cvar "ff_damage_reduction_other" = "0.35"
L 11/25/2025 - 22:21:28: Server cvar "game_version" = "5.28.0.756-dev"
L 11/25/2025 - 22:21:28: Server cvar "hbf_debug" = "0"
L 11/25/2025 - 22:21:28: Server cvar "hbf_enabled" = "1"
L 11/25/2025 - 22:21:28: Server cvar "humans_join_team" = "any"
L 11/25/2025 - 22:21:28: Server cvar "jtp10181" = "gore,wa"
L 11/25/2025 - 22:21:28: Server cvar "mapm_admin_menu_delay" = "1"
L 11/25/2025 - 22:21:28: Server cvar "mapm_admin_menu_maplist" = "maps.ini"
L 11/25/2025 - 22:21:28: Server cvar "mapm_version" = "3.3.1"
L 11/25/2025 - 22:21:28: Server cvar "max_queries_sec" = "3.0"
L 11/25/2025 - 22:21:28: Server cvar "max_queries_sec_global" = "30"
L 11/25/2025 - 22:21:28: Server cvar "max_queries_window" = "60"
L 11/25/2025 - 22:21:28: Server cvar "metamod_version" = "1.3.0.149"
L 11/25/2025 - 22:21:28: Server cvar "mp_afk_bomb_drop_time" = "15"
L 11/25/2025 - 22:21:28: Server cvar "mp_ammo_respawn_time" = "20"
L 11/25/2025 - 22:21:28: Server cvar "mp_autokick" = "1"
L 11/25/2025 - 22:21:28: Server cvar "mp_autokick_timeout" = "-1"
L 11/25/2025 - 22:21:28: Server cvar "mp_autoteambalance" = "0"
L 11/25/2025 - 22:21:28: Server cvar "mp_buy_anywhere" = "0"
L 11/25/2025 - 22:21:28: Server cvar "mp_buytime" = "1.5"
L 11/25/2025 - 22:21:28: Server cvar "mp_c4timer" = "45"
L 11/25/2025 - 22:21:28: Server cvar "mp_chattime" = "10.000000"
L 11/25/2025 - 22:21:28: Server cvar "mp_consistency" = "1"
L 11/25/2025 - 22:21:28: Server cvar "mp_fadetoblack" = "0"
L 11/25/2025 - 22:21:28: Server cvar "mp_falldamage" = "1"
L 11/25/2025 - 22:21:28: Server cvar "mp_flashlight" = "0"
L 11/25/2025 - 22:21:28: Server cvar "mp_footsteps" = "1"
L 11/25/2025 - 22:21:28: Server cvar "mp_forcecamera" = "0"
L 11/25/2025 - 22:21:28: Server cvar "mp_forcechasecam" = "0"
L 11/25/2025 - 22:21:28: Server cvar "mp_forcerespawn" = "0"
L 11/25/2025 - 22:21:28: Server cvar "mp_fraglimit" = "0"
L 11/25/2025 - 22:21:28: Server cvar "mp_fragsleft" = "0"
L 11/25/2025 - 22:21:28: Server cvar "mp_freeforall" = "0"
L 11/25/2025 - 22:21:28: Server cvar "mp_freezetime" = "0.5"
L 11/25/2025 - 22:21:28: Server cvar "mp_friendlyfire" = "1"
L 11/25/2025 - 22:21:28: Server cvar "mp_give_player_c4" = "1"
L 11/25/2025 - 22:21:28: Server cvar "mp_hostage_hurtable" = "1"
L 11/25/2025 - 22:21:28: Server cvar "mp_hostagepenalty" = "13"
L 11/25/2025 - 22:21:28: Server cvar "mp_infinite_ammo" = "0"
L 11/25/2025 - 22:21:28: Server cvar "mp_infinite_grenades" = "0"
L 11/25/2025 - 22:21:28: Server cvar "mp_item_respawn_time" = "30"
L 11/25/2025 - 22:21:28: Server cvar "mp_item_staytime" = "300"
L 11/25/2025 - 22:21:28: Server cvar "mp_kickpercent" = "0.66"
L 11/25/2025 - 22:21:28: Server cvar "mp_limitteams" = "2"
L 11/25/2025 - 22:21:28: Server cvar "mp_logdetail" = "0"
L 11/25/2025 - 22:21:28: Server cvar "mp_logfile" = "1"
L 11/25/2025 - 22:21:28: Server cvar "mp_logmessages" = "1"
L 11/25/2025 - 22:21:28: Server cvar "mp_mapvoteratio" = "0.66"
L 11/25/2025 - 22:21:28: Server cvar "mp_maxmoney" = "32000"
L 11/25/2025 - 22:21:28: Server cvar "mp_maxrounds" = "0"
L 11/25/2025 - 22:21:28: Server cvar "mp_playerid" = "0"
L 11/25/2025 - 22:21:28: Server cvar "mp_radio_maxinround" = "60"
L 11/25/2025 - 22:21:28: Server cvar "mp_radio_timeout" = "0"
L 11/25/2025 - 22:21:28: Server cvar "mp_respawn_immunity_effects" = "1"
L 11/25/2025 - 22:21:28: Server cvar "mp_respawn_immunity_force_unset" = "1"
L 11/25/2025 - 22:21:28: Server cvar "mp_respawn_immunitytime" = "0"
L 11/25/2025 - 22:21:28: Server cvar "mp_round_infinite" = "0"
L 11/25/2025 - 22:21:28: Server cvar "mp_round_restart_delay" = "3"
L 11/25/2025 - 22:21:28: Server cvar "mp_roundover" = "0"
L 11/25/2025 - 22:21:28: Server cvar "mp_roundtime" = "2"
L 11/25/2025 - 22:21:28: Server cvar "mp_scoreboard_showdefkit" = "1"
L 11/25/2025 - 22:21:28: Server cvar "mp_scoreboard_showhealth" = "5"
L 11/25/2025 - 22:21:28: Server cvar "mp_scoreboard_showmoney" = "5"
L 11/25/2025 - 22:21:28: Server cvar "mp_show_scenarioicon" = "1"
L 11/25/2025 - 22:21:28: Server cvar "mp_startmoney" = "800"
L 11/25/2025 - 22:21:28: Server cvar "mp_timeleft" = "12:19"
L 11/25/2025 - 22:21:28: Server cvar "mp_timelimit" = "15"
L 11/25/2025 - 22:21:28: Server cvar "mp_tkpunish" = "0"
L 11/25/2025 - 22:21:28: Server cvar "mp_weapon_respawn_time" = "20"
L 11/25/2025 - 22:21:28: Server cvar "mp_weapons_allow_map_placed" = "1"
L 11/25/2025 - 22:21:28: Server cvar "mp_windifference" = "1"
L 11/25/2025 - 22:21:28: Server cvar "mp_winlimit" = "0"
L 11/25/2025 - 22:21:28: Server cvar "pausable" = "0"
L 11/25/2025 - 22:21:28: Server cvar "resemiclip_version" = "2.4.3"
L 11/25/2025 - 22:21:28: Server cvar "sv_accelerate" = "5"
L 11/25/2025 - 22:21:28: Server cvar "sv_aim" = "0"
L 11/25/2025 - 22:21:28: Server cvar "sv_airaccelerate" = "10"
L 11/25/2025 - 22:21:28: Server cvar "sv_allow_autoaim" = "1"
L 11/25/2025 - 22:21:28: Server cvar "sv_allowupload" = "1"
L 11/25/2025 - 22:21:28: Server cvar "sv_alltalk" = "1"
L 11/25/2025 - 22:21:28: Server cvar "sv_bounce" = "1"
L 11/25/2025 - 22:21:28: Server cvar "sv_cheats" = "0"
L 11/25/2025 - 22:21:28: Server cvar "sv_clienttrace" = "1"
L 11/25/2025 - 22:21:28: Server cvar "sv_contact" = ""
L 11/25/2025 - 22:21:28: Server cvar "sv_friction" = "4"
L 11/25/2025 - 22:21:28: Server cvar "sv_gravity" = "800"
L 11/25/2025 - 22:21:28: Server cvar "sv_logblocks" = "0"
L 11/25/2025 - 22:21:28: Server cvar "sv_maxrate" = "250000"
L 11/25/2025 - 22:21:28: Server cvar "sv_maxspeed" = "900"
L 11/25/2025 - 22:21:28: Server cvar "sv_minrate" = "25000"
L 11/25/2025 - 22:21:28: Server cvar "sv_password" = ""
L 11/25/2025 - 22:21:28: Server cvar "sv_proxies" = "1"
L 11/25/2025 - 22:21:28: Server cvar "sv_restart" = "0"
L 11/25/2025 - 22:21:28: Server cvar "sv_restartround" = "0"
L 11/25/2025 - 22:21:28: Server cvar "sv_stepsize" = "18"
L 11/25/2025 - 22:21:28: Server cvar "sv_stopspeed" = "75"
L 11/25/2025 - 22:21:28: Server cvar "sv_uploadmax" = "7.77"
L 11/25/2025 - 22:21:28: Server cvar "sv_version" = "1.1.2.7/Stdio,48,4002"
L 11/25/2025 - 22:21:28: Server cvar "sv_voiceenable" = "1"
L 11/25/2025 - 22:21:28: Server cvar "sv_wateraccelerate" = "10"
L 11/25/2025 - 22:21:28: Server cvar "sv_waterfriction" = "1"
L 11/25/2025 - 22:21:28: Server cvar "UAIO (Admin Menu)" = "1.50"
L 11/25/2025 - 22:21:28: Server cvar "weaponarena_version" = "2.0.4"
L 11/25/2025 - 22:21:28: Server cvar "yb_version" = "4.4.957"
L 11/25/2025 - 22:21:28: Server cvars end
L 11/25/2025 - 22:21:28: Server cvar "mp_timelimit" = "20"
L 11/25/2025 - 22:21:28: Server cvar "sv_maxspeed" = "320"
L 11/25/2025 - 22:21:28: Server cvar "mp_timelimit" = "15"
L 11/25/2025 - 22:21:28: Server cvar "sv_maxspeed" = "900"
L 11/25/2025 - 22:21:28: Server cvar "amx_nextmap" = "de_dust2002"
L 11/25/2025 - 22:21:28: Started map "de_dust2" (CRC "1159425449")
L 11/25/2025 - 22:21:29: World triggered "Round_Start"
L 11/25/2025 - 22:21:32: "WonderWorker<9><STEAM_0:1:4121344><>" entered the game
L 11/25/2025 - 22:21:32: "WonderWorker<9><STEAM_0:1:4121344><>" joined team "CT"
L 11/25/2025 - 22:21:32: "47region<10><STEAM_0:1:1028608><>" entered the game
L 11/25/2025 - 22:21:32: "47region<10><STEAM_0:1:1028608><>" joined team "TERRORIST"
L 11/25/2025 - 22:21:32: World triggered "Game_Commencing"
L 11/25/2025 - 22:21:32: World triggered "Game_Commencing" (CT "0") (T "0")
L 11/25/2025 - 22:21:32: World triggered "Round_End"
L 11/25/2025 - 22:21:35: "47region<10><STEAM_0:1:1028608><TERRORIST>" triggered "Spawned_With_The_Bomb"
L 11/25/2025 - 22:21:35: World triggered "Round_Start"
L 11/25/2025 - 22:22:01: "47region<10><STEAM_0:1:1028608><TERRORIST>" triggered "Dropped_The_Bomb"
L 11/25/2025 - 22:22:01: "47region<10><STEAM_0:1:1028608><TERRORIST>" triggered "Got_The_Bomb"
L 11/25/2025 - 22:22:13: "47region<10><STEAM_0:1:1028608><TERRORIST>" triggered "Planted_The_Bomb"
L 11/25/2025 - 22:22:13: "WonderWorker<9><STEAM_0:1:4121344><CT>" say "Come on 47region,"
L 11/25/2025 - 22:22:34: "WonderWorker<9><STEAM_0:1:4121344><CT>" killed "47region<10><STEAM_0:1:1028608><TERRORIST>" with "usp"
L 11/25/2025 - 22:22:39: "WonderWorker<9><STEAM_0:1:4121344><CT>" triggered "Begin_Bomb_Defuse_With_Kit"
L 11/25/2025 - 22:22:44: "WonderWorker<9><STEAM_0:1:4121344><CT>" triggered "Defused_The_Bomb"
L 11/25/2025 - 22:22:44: Team "CT" triggered "Bomb_Defused" (CT "1") (T "0")
L 11/25/2025 - 22:22:44: World triggered "Round_End"
L 11/25/2025 - 22:22:47: "47region<10><STEAM_0:1:1028608><TERRORIST>" triggered "Spawned_With_The_Bomb"
L 11/25/2025 - 22:22:47: World triggered "Round_Start"
L 11/25/2025 - 22:23:31: "47region<10><STEAM_0:1:1028608><TERRORIST>" triggered "Planted_The_Bomb"
L 11/25/2025 - 22:23:31: "WonderWorker<9><STEAM_0:1:4121344><CT>" say "Come on 47region,"
L 11/25/2025 - 22:23:43: "47region<10><STEAM_0:1:1028608><TERRORIST>" killed "WonderWorker<9><STEAM_0:1:4121344><CT>" with "mp5navy"
L 11/25/2025 - 22:23:43: Team "TERRORIST" triggered "Terrorists_Win" (CT "1") (T "1")
L 11/25/2025 - 22:23:43: World triggered "Round_End"
L 11/25/2025 - 22:23:46: "47region<10><STEAM_0:1:1028608><TERRORIST>" triggered "Spawned_With_The_Bomb"
L 11/25/2025 - 22:23:46: World triggered "Round_Start"
L 11/25/2025 - 22:24:06: Kick: "47region<10><STEAM_0:1:4><>" was kicked by "Console"
L 11/25/2025 - 22:24:06: "47region<10><BOT><TERRORIST>" triggered "Dropped_The_Bomb"
L 11/25/2025 - 22:24:06: "47region<10><BOT><TERRORIST>" disconnected
L 11/25/2025 - 22:24:06: "AtoM<11><STEAM_0:1:10510848><>" entered the game
L 11/25/2025 - 22:24:06: "AtoM<11><STEAM_0:1:10510848><>" joined team "TERRORIST"
L 11/25/2025 - 22:24:06: World triggered "Game_Commencing"
L 11/25/2025 - 22:24:06: World triggered "Game_Commencing" (CT "1") (T "1")
L 11/25/2025 - 22:24:06: World triggered "Round_End"
L 11/25/2025 - 22:24:09: "AtoM<11><STEAM_0:1:10510848><TERRORIST>" triggered "Spawned_With_The_Bomb"
L 11/25/2025 - 22:24:09: World triggered "Round_Start"
L 11/25/2025 - 22:24:35: "AtoM<11><STEAM_0:1:10510848><TERRORIST>" killed "WonderWorker<9><STEAM_0:1:4121344><CT>" with "glock18"
L 11/25/2025 - 22:24:35: Team "TERRORIST" triggered "Terrorists_Win" (CT "0") (T "1")
L 11/25/2025 - 22:24:35: World triggered "Round_End"
L 11/25/2025 - 22:24:38: "AtoM<11><STEAM_0:1:10510848><TERRORIST>" triggered "Spawned_With_The_Bomb"
L 11/25/2025 - 22:24:38: World triggered "Round_Start"
L 11/25/2025 - 22:25:14: "AtoM<11><STEAM_0:1:10510848><TERRORIST>" killed "WonderWorker<9><STEAM_0:1:4121344><CT>" with "ak47"
L 11/25/2025 - 22:25:14: Team "TERRORIST" triggered "Terrorists_Win" (CT "0") (T "2")
L 11/25/2025 - 22:25:14: World triggered "Round_End"
L 11/25/2025 - 22:25:17: "AtoM<11><STEAM_0:1:10510848><TERRORIST>" triggered "Spawned_With_The_Bomb"
L 11/25/2025 - 22:25:17: World triggered "Round_Start"
L 11/25/2025 - 22:25:42: "AtoM<11><STEAM_0:1:10510848><TERRORIST>" triggered "Planted_The_Bomb"
L 11/25/2025 - 22:25:42: "WonderWorker<9><STEAM_0:1:4121344><CT>" say "Come on AtoM,"
L 11/25/2025 - 22:25:56: "AtoM<11><STEAM_0:1:10510848><TERRORIST>" killed "WonderWorker<9><STEAM_0:1:4121344><CT>" with "ak47"
L 11/25/2025 - 22:25:56: Team "TERRORIST" triggered "Terrorists_Win" (CT "0") (T "3")
L 11/25/2025 - 22:25:56: World triggered "Round_End"
L 11/25/2025 - 22:25:59: "AtoM<11><STEAM_0:1:10510848><TERRORIST>" triggered "Spawned_With_The_Bomb"
L 11/25/2025 - 22:25:59: World triggered "Round_Start"
L 11/25/2025 - 22:26:28: "AtoM<11><STEAM_0:1:10510848><TERRORIST>" killed "WonderWorker<9><STEAM_0:1:4121344><CT>" with "ak47"
L 11/25/2025 - 22:26:28: Team "TERRORIST" triggered "Terrorists_Win" (CT "0") (T "4")
L 11/25/2025 - 22:26:28: World triggered "Round_End"
L 11/25/2025 - 22:26:31: "AtoM<11><STEAM_0:1:10510848><TERRORIST>" triggered "Spawned_With_The_Bomb"
L 11/25/2025 - 22:26:31: World triggered "Round_Start"
L 11/25/2025 - 22:27:08: "AtoM<11><STEAM_0:1:10510848><TERRORIST>" triggered "Planted_The_Bomb"
L 11/25/2025 - 22:27:08: "WonderWorker<9><STEAM_0:1:4121344><CT>" say "Come on AtoM,"
L 11/25/2025 - 22:27:25: "AtoM<11><STEAM_0:1:10510848><TERRORIST>" killed "WonderWorker<9><STEAM_0:1:4121344><CT>" with "ak47"
L 11/25/2025 - 22:27:25: Team "TERRORIST" triggered "Terrorists_Win" (CT "0") (T "5")
L 11/25/2025 - 22:27:25: World triggered "Round_End"
L 11/25/2025 - 22:27:28: "AtoM<11><STEAM_0:1:10510848><TERRORIST>" triggered "Spawned_With_The_Bomb"
L 11/25/2025 - 22:27:28: World triggered "Round_Start"
L 11/25/2025 - 22:27:52: "WonderWorker<9><STEAM_0:1:4121344><CT>" killed "AtoM<11><STEAM_0:1:10510848><TERRORIST>" with "famas"
L 11/25/2025 - 22:27:52: Team "CT" triggered "CTs_Win" (CT "1") (T "5")
L 11/25/2025 - 22:27:52: World triggered "Round_End"
L 11/25/2025 - 22:27:55: "AtoM<11><STEAM_0:1:10510848><TERRORIST>" triggered "Spawned_With_The_Bomb"
L 11/25/2025 - 22:27:55: World triggered "Round_Start"
L 11/25/2025 - 22:28:17: "WonderWorker<9><STEAM_0:1:4121344><CT>" killed "AtoM<11><STEAM_0:1:10510848><TERRORIST>" with "famas"
L 11/25/2025 - 22:28:17: Team "CT" triggered "CTs_Win" (CT "2") (T "5")
L 11/25/2025 - 22:28:17: World triggered "Round_End"
L 11/25/2025 - 22:28:20: "AtoM<11><STEAM_0:1:10510848><TERRORIST>" triggered "Spawned_With_The_Bomb"
L 11/25/2025 - 22:28:20: World triggered "Round_Start"
L 11/25/2025 - 22:28:53: "AtoM<11><STEAM_0:1:10510848><TERRORIST>" triggered "Planted_The_Bomb"
L 11/25/2025 - 22:28:53: "WonderWorker<9><STEAM_0:1:4121344><CT>" say "Come on AtoM,"
L 11/25/2025 - 22:29:08: "Cʏвer'Fσχ<12><STEAM_0:1:97036452><>" connected, address "87.146.21.23:27005"
L 11/25/2025 - 22:29:09: "Cʏвer'Fσχ<12><STEAM_0:1:97036452><>" STEAM USERID validated
L 11/25/2025 - 22:29:11: "Cʏвer'Fσχ<12><STEAM_0:1:97036452><>" entered the game
L 11/25/2025 - 22:29:18: "AtoM<11><STEAM_0:1:10510848><TERRORIST>" killed "WonderWorker<9><STEAM_0:1:4121344><CT>" with "ak47"
L 11/25/2025 - 22:29:18: Team "TERRORIST" triggered "Terrorists_Win" (CT "2") (T "6")
L 11/25/2025 - 22:29:18: World triggered "Round_End"
L 11/25/2025 - 22:29:19: "WonderWorker<9><STEAM_0:1:4121344><CT>" say "01:01 vs AtoM" (dead)
L 11/25/2025 - 22:29:21: "AtoM<11><STEAM_0:1:10510848><TERRORIST>" triggered "Spawned_With_The_Bomb"
L 11/25/2025 - 22:29:21: World triggered "Round_Start"
L 11/25/2025 - 22:29:30: Kick: "WonderWorker<9><STEAM_0:0:4><>" was kicked by "Console"
L 11/25/2025 - 22:29:30: "WonderWorker<9><BOT><CT>" disconnected
L 11/25/2025 - 22:29:30: "Frants.Ionnikov<13><STEAM_0:1:6702848><>" entered the game
L 11/25/2025 - 22:29:30: "Frants.Ionnikov<13><STEAM_0:1:6702848><>" joined team "CT"
L 11/25/2025 - 22:29:30: World triggered "Game_Commencing"
L 11/25/2025 - 22:29:30: World triggered "Game_Commencing" (CT "2") (T "6")
L 11/25/2025 - 22:29:30: World triggered "Round_End"
L 11/25/2025 - 22:29:33: "AtoM<11><STEAM_0:1:10510848><TERRORIST>" triggered "Spawned_With_The_Bomb"
L 11/25/2025 - 22:29:33: World triggered "Round_Start"
L 11/25/2025 - 22:29:54: "Cʏвer'Fσχ<12><STEAM_0:1:97036452><>" joined team "TERRORIST"
L 11/25/2025 - 22:29:54: Kick: "AtoM<11><STEAM_0:0:5><>" was kicked by "Console"
L 11/25/2025 - 22:29:54: "AtoM<11><BOT><TERRORIST>" triggered "Dropped_The_Bomb"
L 11/25/2025 - 22:29:54: "AtoM<11><BOT><TERRORIST>" disconnected
L 11/25/2025 - 22:29:54: World triggered "Game_Commencing"
L 11/25/2025 - 22:29:54: World triggered "Game_Commencing" (CT "0") (T "0")
L 11/25/2025 - 22:29:54: World triggered "Round_End"
L 11/25/2025 - 22:29:56: "Cʏвer'Fσχ<12><STEAM_0:1:97036452><TERRORIST>" say "aim"
L 11/25/2025 - 22:29:57: "Cʏвer'Fσχ<12><STEAM_0:1:97036452><TERRORIST>" triggered "Spawned_With_The_Bomb"
L 11/25/2025 - 22:29:57: World triggered "Round_Start"
L 11/25/2025 - 22:30:11: Server cvar "amx_nextmap" = "aim_map"
L 11/25/2025 - 22:30:11: Server cvar "mp_chattime" = "11.000000"
L 11/25/2025 - 22:30:21: Server cvar "mp_chattime" = "10.000000"
L 11/25/2025 - 22:30:21: "Frants.Ionnikov<13><BOT><CT>" disconnected
L 11/25/2025 - 22:30:21: "Cʏвer'Fσχ<12><STEAM_0:1:97036452><TERRORIST>" triggered "time" (time "1:10")
L 11/25/2025 - 22:30:21: "Cʏвer'Fσχ<12><STEAM_0:1:97036452><TERRORIST>" triggered "latency" (ping "21")
L 11/25/2025 - 22:30:21: [META] ini: Begin re-reading plugins list: c:/~dl/sonstz/gameshit/cs 1.6 shit/_falconz-cs16-server/cstrike/addons/metamod/plugins.ini
L 11/25/2025 - 22:30:21: [META] ini: Read plugin config for: AMX Mod X
L 11/25/2025 - 22:30:21: [META] ini: Read plugin config for: Rechecker
L 11/25/2025 - 22:30:21: [META] ini: Read plugin config for: ReSemiclip
L 11/25/2025 - 22:30:21: [META] ini: Read plugin config for: HitBox Fix
L 11/25/2025 - 22:30:21: [META] ini: Read plugin config for: YaPB
L 11/25/2025 - 22:30:21: [META] ini: Finished reading plugins list: c:/~dl/sonstz/gameshit/cs 1.6 shit/_falconz-cs16-server/cstrike/addons/metamod/plugins.ini; Found 5 plugins
L 11/25/2025 - 22:30:21: [META] dll: Updating plugins...
L 11/25/2025 - 22:30:21: [META] dll: Finished updating 16 plugins; kept 5, loaded 0, unloaded 0, reloaded 0, delayed 0
L 11/25/2025 - 22:30:21: [META] dll: Rebuilding callbacks...
L 11/25/2025 - 22:30:21: [META] dll: Callbacks rebuilded.
L 11/25/2025 - 22:30:21: "Cʏвer'Fσχ<12><STEAM_0:1:97036452><TERRORIST>" triggered "Dropped_The_Bomb"
L 11/25/2025 - 22:30:21: "Cʏвer'Fσχ<12><STEAM_0:1:97036452><TERRORIST>" disconnected
L 11/25/2025 - 22:30:21: World triggered "Round_Draw" (CT "0") (T "0")
L 11/25/2025 - 22:30:21: World triggered "Round_End"
L 11/25/2025 - 22:30:21: Log file closed
