L 11/24/2025 - 13:44:40: Log file started (file "logs\L1124025.log") (game "cstrike") (version "48/1.1.2.7/Stdio/4002")
L 11/24/2025 - 13:44:40: Server cvar "sv_maxspeed" = "320"
L 11/24/2025 - 13:44:40: Server cvar "mp_timelimit" = "15"
L 11/24/2025 - 13:44:40: Server cvar "sv_maxspeed" = "900"
L 11/24/2025 - 13:44:40: Server cvar "amx_nextmap" = "de_dust2_2006"
L 11/24/2025 - 13:44:40: Started map "de_dust2" (CRC "1159425449")
L 11/24/2025 - 13:44:41: World triggered "Round_Start"
L 11/24/2025 - 13:44:44: "alexfeel1976<39><STEAM_0:1:5059072><>" entered the game
L 11/24/2025 - 13:44:44: "alexfeel1976<39><STEAM_0:1:5059072><>" joined team "CT"
L 11/24/2025 - 13:44:45: "irrekeresAtot<40><STEAM_0:1:7214592><>" entered the game
L 11/24/2025 - 13:44:45: "irrekeresAtot<40><STEAM_0:1:7214592><>" joined team "TERRORIST"
L 11/24/2025 - 13:44:45: World triggered "Game_Commencing"
L 11/24/2025 - 13:44:45: World triggered "Game_Commencing" (CT "0") (T "0")
L 11/24/2025 - 13:44:45: World triggered "Round_End"
L 11/24/2025 - 13:44:48: "irrekeresAtot<40><STEAM_0:1:7214592><TERRORIST>" triggered "Spawned_With_The_Bomb"
L 11/24/2025 - 13:44:48: World triggered "Round_Start"
L 11/24/2025 - 13:45:15: "irrekeresAtot<40><STEAM_0:1:7214592><TERRORIST>" triggered "Planted_The_Bomb"
L 11/24/2025 - 13:45:15: "alexfeel1976<39><STEAM_0:1:5059072><CT>" say "Come on irrekeresAtot,"
L 11/24/2025 - 13:45:40: "alexfeel1976<39><STEAM_0:1:5059072><CT>" killed "irrekeresAtot<40><STEAM_0:1:7214592><TERRORIST>" with "deagle"
L 11/24/2025 - 13:45:44: "alexfeel1976<39><STEAM_0:1:5059072><CT>" triggered "Begin_Bomb_Defuse_Without_Kit"
L 11/24/2025 - 13:45:54: "alexfeel1976<39><STEAM_0:1:5059072><CT>" triggered "Defused_The_Bomb"
L 11/24/2025 - 13:45:54: Team "CT" triggered "Bomb_Defused" (CT "1") (T "0")
L 11/24/2025 - 13:45:54: World triggered "Round_End"
L 11/24/2025 - 13:45:57: "irrekeresAtot<40><STEAM_0:1:7214592><TERRORIST>" triggered "Spawned_With_The_Bomb"
L 11/24/2025 - 13:45:57: World triggered "Round_Start"
L 11/24/2025 - 13:46:17: "irrekeresAtot<40><STEAM_0:1:7214592><TERRORIST>" killed "alexfeel1976<39><STEAM_0:1:5059072><CT>" with "mp5navy"
L 11/24/2025 - 13:46:17: Team "TERRORIST" triggered "Terrorists_Win" (CT "1") (T "1")
L 11/24/2025 - 13:46:17: World triggered "Round_End"
L 11/24/2025 - 13:46:20: "irrekeresAtot<40><STEAM_0:1:7214592><TERRORIST>" triggered "Spawned_With_The_Bomb"
L 11/24/2025 - 13:46:20: World triggered "Round_Start"
L 11/24/2025 - 13:46:52: "irrekeresAtot<40><STEAM_0:1:7214592><TERRORIST>" triggered "Planted_The_Bomb"
L 11/24/2025 - 13:47:06: "irrekeresAtot<40><STEAM_0:1:7214592><TERRORIST>" killed "alexfeel1976<39><STEAM_0:1:5059072><CT>" with "mp5navy"
L 11/24/2025 - 13:47:06: Team "TERRORIST" triggered "Terrorists_Win" (CT "1") (T "2")
L 11/24/2025 - 13:47:06: World triggered "Round_End"
L 11/24/2025 - 13:47:06: "irrekeresAtot<40><STEAM_0:1:7214592><TERRORIST>" say "aexfeel1976, stupidd"
L 11/24/2025 - 13:47:09: "irrekeresAtot<40><STEAM_0:1:7214592><TERRORIST>" triggered "Spawned_With_The_Bomb"
L 11/24/2025 - 13:47:09: World triggered "Round_Start"
L 11/24/2025 - 13:47:40: "irrekeresAtot<40><STEAM_0:1:7214592><TERRORIST>" triggered "Planted_The_Bomb"
L 11/24/2025 - 13:47:41: "alexfeel1976<39><STEAM_0:1:5059072><CT>" say "Come on rirekeresatot,"
L 11/24/2025 - 13:48:07: "alexfeel1976<39><STEAM_0:1:5059072><CT>" killed "irrekeresAtot<40><STEAM_0:1:7214592><TERRORIST>" with "mp5navy"
L 11/24/2025 - 13:48:08: "alexfeel1976<39><STEAM_0:1:5059072><CT>" triggered "Begin_Bomb_Defuse_With_Kit"
L 11/24/2025 - 13:48:13: "alexfeel1976<39><STEAM_0:1:5059072><CT>" triggered "Defused_The_Bomb"
L 11/24/2025 - 13:48:13: Team "CT" triggered "Bomb_Defused" (CT "2") (T "2")
L 11/24/2025 - 13:48:13: World triggered "Round_End"
L 11/24/2025 - 13:48:16: "irrekeresAtot<40><STEAM_0:1:7214592><TERRORIST>" triggered "Spawned_With_The_Bomb"
L 11/24/2025 - 13:48:16: World triggered "Round_Start"
L 11/24/2025 - 13:48:43: "irrekeresAtot<40><STEAM_0:1:7214592><TERRORIST>" triggered "Planted_The_Bomb"
L 11/24/2025 - 13:48:43: "alexfeel1976<39><STEAM_0:1:5059072><CT>" say "Come on irrekeresAtot,"
L 11/24/2025 - 13:49:06: "irrekeresAtot<40><STEAM_0:1:7214592><TERRORIST>" killed "alexfeel1976<39><STEAM_0:1:5059072><CT>" with "ak47"
L 11/24/2025 - 13:49:06: Team "TERRORIST" triggered "Terrorists_Win" (CT "2") (T "3")
L 11/24/2025 - 13:49:06: World triggered "Round_End"
L 11/24/2025 - 13:49:09: "irrekeresAtot<40><STEAM_0:1:7214592><TERRORIST>" triggered "Spawned_With_The_Bomb"
L 11/24/2025 - 13:49:09: World triggered "Round_Start"
L 11/24/2025 - 13:49:30: "alexfeel1976<39><STEAM_0:1:5059072><CT>" killed "irrekeresAtot<40><STEAM_0:1:7214592><TERRORIST>" with "m4a1"
L 11/24/2025 - 13:49:30: Team "CT" triggered "CTs_Win" (CT "3") (T "3")
L 11/24/2025 - 13:49:30: World triggered "Round_End"
L 11/24/2025 - 13:49:33: "irrekeresAtot<40><STEAM_0:1:7214592><TERRORIST>" triggered "Spawned_With_The_Bomb"
L 11/24/2025 - 13:49:33: World triggered "Round_Start"
L 11/24/2025 - 13:50:00: "irrekeresAtot<40><STEAM_0:1:7214592><TERRORIST>" triggered "Planted_The_Bomb"
L 11/24/2025 - 13:50:00: "alexfeel1976<39><STEAM_0:1:5059072><CT>" say "come on irrekeresatot,"
L 11/24/2025 - 13:50:29: "alexfeel1976<39><STEAM_0:1:5059072><CT>" killed "irrekeresAtot<40><STEAM_0:1:7214592><TERRORIST>" with "m4a1"
L 11/24/2025 - 13:50:29: "alexfeel1976<39><STEAM_0:1:5059072><CT>" say "you bot irrekeresAtot"
L 11/24/2025 - 13:50:37: "irrekeresAtot<40><STEAM_0:1:7214592><TERRORIST>" say "NICE" (dead)
L 11/24/2025 - 13:50:45: Team "TERRORIST" triggered "Target_Bombed" (CT "3") (T "4")
L 11/24/2025 - 13:50:45: World triggered "Round_End"
L 11/24/2025 - 13:50:48: "irrekeresAtot<40><STEAM_0:1:7214592><TERRORIST>" triggered "Spawned_With_The_Bomb"
L 11/24/2025 - 13:50:48: World triggered "Round_Start"
L 11/24/2025 - 13:51:16: "irrekeresAtot<40><STEAM_0:1:7214592><TERRORIST>" triggered "Planted_The_Bomb"
L 11/24/2025 - 13:51:16: "alexfeel1976<39><STEAM_0:1:5059072><CT>" say "Come on irrekeresAtot,"
L 11/24/2025 - 13:51:23: "irrekeresAtot<40><STEAM_0:1:7214592><TERRORIST>" killed "alexfeel1976<39><STEAM_0:1:5059072><CT>" with "mp5navy"
L 11/24/2025 - 13:51:23: Team "TERRORIST" triggered "Terrorists_Win" (CT "3") (T "5")
L 11/24/2025 - 13:51:23: World triggered "Round_End"
L 11/24/2025 - 13:51:26: "irrekeresAtot<40><STEAM_0:1:7214592><TERRORIST>" triggered "Spawned_With_The_Bomb"
L 11/24/2025 - 13:51:26: World triggered "Round_Start"
L 11/24/2025 - 13:51:30: Kick: "alexfeel1976<39><STEAM_0:1:17><>" was kicked by "Console"
L 11/24/2025 - 13:51:30: "alexfeel1976<39><BOT><CT>" disconnected
L 11/24/2025 - 13:51:30: "Butterfly<41><STEAM_0:1:4888320><>" entered the game
L 11/24/2025 - 13:51:30: "Butterfly<41><STEAM_0:1:4888320><>" joined team "CT"
L 11/24/2025 - 13:51:30: World triggered "Game_Commencing"
L 11/24/2025 - 13:51:30: World triggered "Game_Commencing" (CT "3") (T "5")
L 11/24/2025 - 13:51:30: World triggered "Round_End"
L 11/24/2025 - 13:51:33: "irrekeresAtot<40><STEAM_0:1:7214592><TERRORIST>" triggered "Spawned_With_The_Bomb"
L 11/24/2025 - 13:51:33: World triggered "Round_Start"
L 11/24/2025 - 13:52:00: "Butterfly<41><STEAM_0:1:4888320><CT>" killed "irrekeresAtot<40><STEAM_0:1:7214592><TERRORIST>" with "usp"
L 11/24/2025 - 13:52:00: Team "CT" triggered "CTs_Win" (CT "1") (T "0")
L 11/24/2025 - 13:52:00: World triggered "Round_End"
L 11/24/2025 - 13:52:03: "irrekeresAtot<40><STEAM_0:1:7214592><TERRORIST>" triggered "Spawned_With_The_Bomb"
L 11/24/2025 - 13:52:03: World triggered "Round_Start"
L 11/24/2025 - 13:52:34: "irrekeresAtot<40><STEAM_0:1:7214592><TERRORIST>" triggered "Planted_The_Bomb"
L 11/24/2025 - 13:52:34: "Butterfly<41><STEAM_0:1:4888320><CT>" say "Come on irrekeresAtot,"
L 11/24/2025 - 13:52:54: "Butterfly<41><STEAM_0:1:4888320><CT>" killed "irrekeresAtot<40><STEAM_0:1:7214592><TERRORIST>" with "famas"
L 11/24/2025 - 13:52:56: "irrekeresAtot<40><STEAM_0:1:7214592><TERRORIST>" say "Butterfly ggogogogooo!!" (dead)
L 11/24/2025 - 13:52:58: "Butterfly<41><STEAM_0:1:4888320><CT>" triggered "Begin_Bomb_Defuse_With_Kit"
L 11/24/2025 - 13:53:03: "Butterfly<41><STEAM_0:1:4888320><CT>" triggered "Defused_The_Bomb"
L 11/24/2025 - 13:53:03: Team "CT" triggered "Bomb_Defused" (CT "2") (T "0")
L 11/24/2025 - 13:53:03: World triggered "Round_End"
L 11/24/2025 - 13:53:06: "irrekeresAtot<40><STEAM_0:1:7214592><TERRORIST>" triggered "Spawned_With_The_Bomb"
L 11/24/2025 - 13:53:06: World triggered "Round_Start"
L 11/24/2025 - 13:53:47: "irrekeresAtot<40><STEAM_0:1:7214592><TERRORIST>" triggered "Planted_The_Bomb"
L 11/24/2025 - 13:53:47: "Butterfly<41><STEAM_0:1:4888320><CT>" say "Come on irrekeresAtot,"
L 11/24/2025 - 13:53:57: "Butterfly<41><STEAM_0:1:4888320><CT>" killed "irrekeresAtot<40><STEAM_0:1:7214592><TERRORIST>" with "famas"
L 11/24/2025 - 13:53:57: "Butterfly<41><STEAM_0:1:4888320><CT>" say "irrekeresAtot you bot"
L 11/24/2025 - 13:54:01: "Butterfly<41><STEAM_0:1:4888320><CT>" triggered "Begin_Bomb_Defuse_With_Kit"
L 11/24/2025 - 13:54:06: "Butterfly<41><STEAM_0:1:4888320><CT>" triggered "Defused_The_Bomb"
L 11/24/2025 - 13:54:06: Team "CT" triggered "Bomb_Defused" (CT "3") (T "0")
L 11/24/2025 - 13:54:06: World triggered "Round_End"
L 11/24/2025 - 13:54:09: "irrekeresAtot<40><STEAM_0:1:7214592><TERRORIST>" triggered "Spawned_With_The_Bomb"
L 11/24/2025 - 13:54:09: World triggered "Round_Start"
L 11/24/2025 - 13:54:45: "irrekeresAtot<40><STEAM_0:1:7214592><TERRORIST>" triggered "Planted_The_Bomb"
L 11/24/2025 - 13:54:45: "Butterfly<41><STEAM_0:1:4888320><CT>" say "Come on irrekeresAtot,"
L 11/24/2025 - 13:55:02: "irrekeresAtot<40><STEAM_0:1:7214592><TERRORIST>" killed "Butterfly<41><STEAM_0:1:4888320><CT>" with "ak47"
L 11/24/2025 - 13:55:02: Team "TERRORIST" triggered "Terrorists_Win" (CT "3") (T "1")
L 11/24/2025 - 13:55:02: World triggered "Round_End"
L 11/24/2025 - 13:55:02: "Butterfly<41><STEAM_0:1:4888320><CT>" say "i hate de_dust2" (dead)
L 11/24/2025 - 13:55:05: "irrekeresAtot<40><STEAM_0:1:7214592><TERRORIST>" triggered "Spawned_With_The_Bomb"
L 11/24/2025 - 13:55:05: World triggered "Round_Start"
L 11/24/2025 - 13:55:40: "irrekeresAtot<40><STEAM_0:1:7214592><TERRORIST>" triggered "Planted_The_Bomb"
L 11/24/2025 - 13:55:40: "Butterfly<41><STEAM_0:1:4888320><CT>" say "Come on irrekeresatot,"
L 11/24/2025 - 13:55:46: "irrekeresAtot<40><STEAM_0:1:7214592><TERRORIST>" killed "Butterfly<41><STEAM_0:1:4888320><CT>" with "ak47"
L 11/24/2025 - 13:55:46: Team "TERRORIST" triggered "Terrorists_Win" (CT "3") (T "2")
L 11/24/2025 - 13:55:46: World triggered "Round_End"
L 11/24/2025 - 13:55:49: "irrekeresAtot<40><STEAM_0:1:7214592><TERRORIST>" triggered "Spawned_With_The_Bomb"
L 11/24/2025 - 13:55:49: World triggered "Round_Start"
L 11/24/2025 - 13:56:10: "irrekeresAtot<40><STEAM_0:1:7214592><TERRORIST>" killed "Butterfly<41><STEAM_0:1:4888320><CT>" with "ak47"
L 11/24/2025 - 13:56:10: Team "TERRORIST" triggered "Terrorists_Win" (CT "3") (T "3")
L 11/24/2025 - 13:56:10: World triggered "Round_End"
L 11/24/2025 - 13:56:13: "irrekeresAtot<40><STEAM_0:1:7214592><TERRORIST>" triggered "Spawned_With_The_Bomb"
L 11/24/2025 - 13:56:13: World triggered "Round_Start"
L 11/24/2025 - 13:56:36: "Butterfly<41><STEAM_0:1:4888320><CT>" killed "irrekeresAtot<40><STEAM_0:1:7214592><TERRORIST>" with "mp5navy"
L 11/24/2025 - 13:56:36: Team "CT" triggered "CTs_Win" (CT "4") (T "3")
L 11/24/2025 - 13:56:36: World triggered "Round_End"
L 11/24/2025 - 13:56:39: "irrekeresAtot<40><STEAM_0:1:7214592><TERRORIST>" triggered "Spawned_With_The_Bomb"
L 11/24/2025 - 13:56:39: World triggered "Round_Start"
L 11/24/2025 - 13:57:08: "irrekeresAtot<40><STEAM_0:1:7214592><TERRORIST>" triggered "Planted_The_Bomb"
L 11/24/2025 - 13:57:08: "Butterfly<41><STEAM_0:1:4888320><CT>" say "Come on irrekeresatot,"
L 11/24/2025 - 13:57:26: "Butterfly<41><STEAM_0:1:4888320><CT>" triggered "Begin_Bomb_Defuse_With_Kit"
L 11/24/2025 - 13:57:31: "Butterfly<41><STEAM_0:1:4888320><CT>" triggered "Defused_The_Bomb"
L 11/24/2025 - 13:57:31: Team "CT" triggered "Bomb_Defused" (CT "5") (T "3")
L 11/24/2025 - 13:57:31: World triggered "Round_End"
L 11/24/2025 - 13:57:34: "irrekeresAtot<40><STEAM_0:1:7214592><TERRORIST>" triggered "Spawned_With_The_Bomb"
L 11/24/2025 - 13:57:34: World triggered "Round_Start"
L 11/24/2025 - 13:58:06: "irrekeresAtot<40><STEAM_0:1:7214592><TERRORIST>" triggered "Planted_The_Bomb"
L 11/24/2025 - 13:58:06: "Butterfly<41><STEAM_0:1:4888320><CT>" say "Come on irrekeresAtot,"
L 11/24/2025 - 13:58:15: Kick: "irrekeresAtot<40><STEAM_0:0:18><>" was kicked by "Console"
L 11/24/2025 - 13:58:15: "irrekeresAtot<40><BOT><TERRORIST>" disconnected
L 11/24/2025 - 13:58:15: "TigerFoxyT<42><STEAM_0:1:15161344><>" entered the game
L 11/24/2025 - 13:58:15: "TigerFoxyT<42><STEAM_0:1:15161344><>" joined team "TERRORIST"
L 11/24/2025 - 13:58:15: World triggered "Game_Commencing"
L 11/24/2025 - 13:58:15: World triggered "Game_Commencing" (CT "5") (T "3")
L 11/24/2025 - 13:58:15: World triggered "Round_End"
L 11/24/2025 - 13:58:18: "TigerFoxyT<42><STEAM_0:1:15161344><TERRORIST>" triggered "Spawned_With_The_Bomb"
L 11/24/2025 - 13:58:18: World triggered "Round_Start"
L 11/24/2025 - 13:58:49: "TigerFoxyT<42><STEAM_0:1:15161344><TERRORIST>" triggered "Planted_The_Bomb"
L 11/24/2025 - 13:58:49: "Butterfly<41><STEAM_0:1:4888320><CT>" say "Come on TigerFoxyT,"
L 11/24/2025 - 13:59:08: "TigerFoxyT<42><STEAM_0:1:15161344><TERRORIST>" killed "Butterfly<41><STEAM_0:1:4888320><CT>" with "glock18"
L 11/24/2025 - 13:59:08: Team "TERRORIST" triggered "Terrorists_Win" (CT "0") (T "1")
L 11/24/2025 - 13:59:08: World triggered "Round_End"
L 11/24/2025 - 13:59:11: "TigerFoxyT<42><STEAM_0:1:15161344><TERRORIST>" triggered "Spawned_With_The_Bomb"
L 11/24/2025 - 13:59:11: World triggered "Round_Start"
L 11/24/2025 - 13:59:30: Server cvar "amx_nextmap" = "de_dust2"
L 11/24/2025 - 13:59:30: Server cvar "mp_chattime" = "11.000000"
L 11/24/2025 - 13:59:40: Server cvar "mp_chattime" = "10.000000"
L 11/24/2025 - 13:59:40: "Butterfly<41><BOT><CT>" disconnected
L 11/24/2025 - 13:59:40: "TigerFoxyT<42><BOT><TERRORIST>" triggered "Dropped_The_Bomb"
L 11/24/2025 - 13:59:40: "TigerFoxyT<42><BOT><TERRORIST>" disconnected
L 11/24/2025 - 13:59:40: World triggered "Round_Draw" (CT "0") (T "1")
L 11/24/2025 - 13:59:40: World triggered "Round_End"
L 11/24/2025 - 13:59:40: [META] ini: Begin re-reading plugins list: c:/~dl/sonstz/gameshit/cs 1.6 shit/_falconz-cs16-server/cstrike/addons/metamod/plugins.ini
L 11/24/2025 - 13:59:40: [META] ini: Read plugin config for: AMX Mod X
L 11/24/2025 - 13:59:40: [META] ini: Read plugin config for: Rechecker
L 11/24/2025 - 13:59:40: [META] ini: Read plugin config for: ReSemiclip
L 11/24/2025 - 13:59:40: [META] ini: Read plugin config for: HitBox Fix
L 11/24/2025 - 13:59:40: [META] ini: Read plugin config for: YaPB
L 11/24/2025 - 13:59:40: [META] ini: Finished reading plugins list: c:/~dl/sonstz/gameshit/cs 1.6 shit/_falconz-cs16-server/cstrike/addons/metamod/plugins.ini; Found 5 plugins
L 11/24/2025 - 13:59:40: [META] dll: Updating plugins...
L 11/24/2025 - 13:59:40: [META] dll: Finished updating 16 plugins; kept 5, loaded 0, unloaded 0, reloaded 0, delayed 0
L 11/24/2025 - 13:59:40: [META] dll: Rebuilding callbacks...
L 11/24/2025 - 13:59:40: [META] dll: Callbacks rebuilded.
L 11/24/2025 - 13:59:40: Log file closed
